{"index": {}}
{"log_name": "Microsoft-Windows-Sysmon/Operational", "@timestamp": 1513179854189, "Technique": ["Clipboard Data"], "thread_id": 3416, "source_name": "Microsoft-Windows-Sysmon", "event_id": 3, "beat": {"hostname": "WIN-U1E6SADQQ7G", "name": "WIN-U1E6SADQQ7G", "version": "5.6.3"}, "version": 5, "type": "wineventlog", "event_data": {"ProcessId": "1884", "Protocol": "udp", "DestinationIp": "fe80:0:0:0:182d:344c:1da2:b99b", "Initiated": "false", "Image": "C:\\Program Files (x86)\\Google\\Chrome\\Application\\chrome.exe", "User": "WIN-U1E6SADQQ7G\\Administrator", "DestinationPort": "5353", "ProcessGuid": "{704248D8-35D4-59F9-0000-0010004D1C00}", "SourcePort": "5353", "SourceIsIpv6": "true", "DestinationIsIpv6": "true", "SourceIp": "ff02:0:0:0:0:0:0:fb"}, "Tactics": ["Collection"], "provider_guid": "{5770385F-C22A-43E0-BF4C-06F5698FFBD9}", "host": "WIN-U1E6SADQQ7G", "process_id": 520, "record_number": "3766", "user": {"domain": "NT AUTHORITY", "identifier": "S-1-5-18", "type": "User", "name": "SYSTEM"}, "computer_name": "WIN-U1E6SADQQ7G", "task": "Network connection detected (rule: NetworkConnect)", "level": "Information", "opcode": "Info", "@version": "1"}
{"index": {}}
{"log_name": "Microsoft-Windows-Sysmon/Operational", "@timestamp": 1513183306800, "Technique": ["Exfiltration"], "thread_id": 3416, "source_name": "Microsoft-Windows-Sysmon", "event_id": 3, "beat": {"hostname": "WIN-U1E6SADQQ7G", "name": "WIN-U1E6SADQQ7G", "version": "5.6.3"}, "version": 5, "type": "wineventlog", "event_data": {"ProcessId": "908", "DestinationPortName": "llmnr", "Protocol": "udp", "Initiated": "true", "DestinationIp": "e000:fc:6174:735c:7061:636b:6574:6265", "Image": "C:\\Windows\\System32\\svchost.exe", "User": "NT AUTHORITY\\NETWORK SERVICE", "DestinationPort": "5355", "ProcessGuid": "{704248D8-BA3A-59F8-0000-001033340100}", "SourcePort": "56572", "SourceIsIpv6": "true", "DestinationIsIpv6": "true", "SourceIp": "c0a8:1cd:0:0:e8b1:495e:1e0:ffff"}, "Tactics": ["Exfiltration"], "provider_guid": "{5770385F-C22A-43E0-BF4C-06F5698FFBD9}", "host": "WIN-U1E6SADQQ7G", "process_id": 520, "record_number": "3565", "user": {"domain": "NT AUTHORITY", "identifier": "S-1-5-18", "type": "User", "name": "SYSTEM"}, "computer_name": "WIN-U1E6SADQQ7G", "task": "Network connection detected (rule: NetworkConnect)", "level": "Information", "opcode": "Info", "@version": "1"}
{"index": {}}
{"log_name": "Microsoft-Windows-Sysmon/Operational", "@timestamp": 1513186548716, "Technique": ["Clipboard Data"], "thread_id": 3416, "source_name": "Microsoft-Windows-Sysmon", "event_id": 3, "beat": {"hostname": "WIN-U1E6SADQQ7G", "name": "WIN-U1E6SADQQ7G", "version": "5.6.3"}, "version": 5, "type": "wineventlog", "event_data": {"ProcessId": "1884", "Protocol": "udp", "DestinationIp": "192.168.1.151", "Initiated": "false", "Image": "C:\\Program Files (x86)\\Google\\Chrome\\Application\\chrome.exe", "DestinationHostname": "Libys-MBP.fios-router.home", "User": "WIN-U1E6SADQQ7G\\Administrator", "DestinationPort": "5353", "ProcessGuid": "{704248D8-35D4-59F9-0000-0010004D1C00}", "SourcePort": "5353", "SourceIsIpv6": "false", "DestinationIsIpv6": "false", "SourceIp": "224.0.0.251"}, "Tactics": ["Collection"], "provider_guid": "{5770385F-C22A-43E0-BF4C-06F5698FFBD9}", "host": "WIN-U1E6SADQQ7G", "process_id": 520, "record_number": "3577", "user": {"domain": "NT AUTHORITY", "identifier": "S-1-5-18", "type": "User", "name": "SYSTEM"}, "computer_name": "WIN-U1E6SADQQ7G", "task": "Network connection detected (rule: NetworkConnect)", "level": "Information", "opcode": "Info", "@version": "1"}
{"index": {}}
{"log_name": "Microsoft-Windows-Sysmon/Operational", "@timestamp": 1513188996274, "Technique": ["Data Compressed"], "thread_id": 3416, "source_name": "Microsoft-Windows-Sysmon", "event_id": 3, "beat": {"hostname": "WIN-U1E6SADQQ7G", "name": "WIN-U1E6SADQQ7G", "version": "5.6.3"}, "version": 5, "type": "wineventlog", "event_data": {"ProcessId": "3596", "Protocol": "tcp", "DestinationIp": "192.168.1.198", "Initiated": "true", "Image": "C:\\Users\\Administrator\\Downloads\\winlogbeat-5.6.3-windows-x86_64\\winlogbeat-5.6.3-windows-x86_64\\winlogbeat.exe", "DestinationHostname": "ubuntu.fios-router.home", "User": "NT AUTHORITY\\SYSTEM", "DestinationPort": "5044", "ProcessGuid": "{704248D8-5020-59F9-0000-0010F0C94D00}", "SourcePort": "50700", "SourceIsIpv6": "false", "DestinationIsIpv6": "false", "SourceIp": "192.168.1.205", "SourceHostname": "WIN-U1E6SADQQ7G.fios-router.home"}, "Tactics": ["Exfiltration"], "provider_guid": "{5770385F-C22A-43E0-BF4C-06F5698FFBD9}", "host": "WIN-U1E6SADQQ7G", "process_id": 520, "record_number": "3604", "user": {"domain": "NT AUTHORITY", "identifier": "S-1-5-18", "type": "User", "name": "SYSTEM"}, "computer_name": "WIN-U1E6SADQQ7G", "task": "Network connection detected (rule: NetworkConnect)", "level": "Information", "opcode": "Info", "@version": "1"}
{"index": {}}
{"log_name": "Microsoft-Windows-Sysmon/Operational", "@timestamp": 1513194872774, "Technique": ["Data Compressed"], "thread_id": 3416, "source_name": "Microsoft-Windows-Sysmon", "event_id": 3, "beat": {"hostname": "WIN-U1E6SADQQ7G", "name": "WIN-U1E6SADQQ7G", "version": "5.6.3"}, "version": 5, "type": "wineventlog", "event_data": {"ProcessId": "4", "DestinationPortName": "netbios-ns", "Protocol": "udp", "Initiated": "true", "DestinationIp": "192.168.1.255", "SourcePortName": "netbios-ns", "Image": "System", "User": "NT AUTHORITY\\SYSTEM", "DestinationPort": "137", "ProcessGuid": "{704248D8-BA36-59F8-0000-0010EB030000}", "SourcePort": "137", "SourceIsIpv6": "false", "DestinationIsIpv6": "false", "SourceIp": "192.168.1.205", "SourceHostname": "WIN-U1E6SADQQ7G.fios-router.home"}, "Tactics": ["Exfiltration"], "provider_guid": "{5770385F-C22A-43E0-BF4C-06F5698FFBD9}", "host": "WIN-U1E6SADQQ7G", "process_id": 520, "record_number": "3633", "user": {"domain": "NT AUTHORITY", "identifier": "S-1-5-18", "type": "User", "name": "SYSTEM"}, "computer_name": "WIN-U1E6SADQQ7G", "task": "Network connection detected (rule: NetworkConnect)", "level": "Information", "opcode": "Info", "@version": "1"}
{"index": {}}
{"log_name": "Microsoft-Windows-Sysmon/Operational", "@timestamp": 1513195641054, "Technique": ["Data Encrypted"], "thread_id": 3416, "source_name": "Microsoft-Windows-Sysmon", "event_id": 3, "beat": {"hostname": "WIN-U1E6SADQQ7G", "name": "WIN-U1E6SADQQ7G", "version": "5.6.3"}, "version": 5, "type": "wineventlog", "event_data": {"ProcessId": "756", "DestinationPortName": "dhcpv6-server", "Protocol": "udp", "Initiated": "true", "DestinationIp": "ff02:0:0:0:0:0:1:2", "SourcePortName": "dhcpv6-client", "Image": "C:\\Windows\\System32\\svchost.exe", "User": "NT AUTHORITY\\LOCAL SERVICE", "DestinationPort": "547", "ProcessGuid": "{704248D8-BA3A-59F8-0000-0010FC160100}", "SourcePort": "546", "SourceIsIpv6": "true", "DestinationIsIpv6": "true", "SourceIp": "fe80:0:0:0:380f:2bcb:3f57:fe32"}, "Tactics": ["Exfiltration"], "provider_guid": "{5770385F-C22A-43E0-BF4C-06F5698FFBD9}", "host": "WIN-U1E6SADQQ7G", "process_id": 520, "record_number": "3594", "user": {"domain": "NT AUTHORITY", "identifier": "S-1-5-18", "type": "User", "name": "SYSTEM"}, "computer_name": "WIN-U1E6SADQQ7G", "task": "Network connection detected (rule: NetworkConnect)", "level": "Information", "opcode": "Info", "@version": "1"}
{"index": {}}
{"log_name": "Microsoft-Windows-Sysmon/Operational", "@timestamp": 1513201605800, "Technique": ["Uncommonly Used Port"], "thread_id": 3196, "source_name": "Microsoft-Windows-Sysmon", "event_id": 5, "beat": {"hostname": "WIN-U1E6SADQQ7G", "name": "WIN-U1E6SADQQ7G", "version": "5.6.3"}, "version": 3, "type": "wineventlog", "event_data": {"ProcessId": "3812", "Image": "C:\\Windows\\System32\\wbem\\WmiPrvSE.exe", "ProcessGuid": "{704248D8-DE4D-5A29-0000-00101FDAF900}"}, "Tactics": ["Command and Control"], "provider_guid": "{5770385F-C22A-43E0-BF4C-06F5698FFBD9}", "host": "WIN-U1E6SADQQ7G", "process_id": 520, "record_number": "3609", "user": {"domain": "NT AUTHORITY", "identifier": "S-1-5-18", "type": "User", "name": "SYSTEM"}, "computer_name": "WIN-U1E6SADQQ7G", "task": "Process terminated (rule: ProcessTerminate)", "level": "Information", "opcode": "Info", "@version": "1"}
{"index": {}}
{"log_name": "Microsoft-Windows-Sysmon/Operational", "@timestamp": 1513205141290, "Technique": ["Scheduled Transfer"], "thread_id": 3416, "source_name": "Microsoft-Windows-Sysmon", "event_id": 3, "beat": {"hostname": "WIN-U1E6SADQQ7G", "name": "WIN-U1E6SADQQ7G", "version": "5.6.3"}, "version": 5, "type": "wineventlog", "event_data": {"ProcessId": "3596", "Protocol": "tcp", "DestinationIp": "192.168.1.198", "Initiated": "true", "Image": "C:\\Users\\Administrator\\Downloads\\winlogbeat-5.6.3-windows-x86_64\\winlogbeat-5.6.3-windows-x86_64\\winlogbeat.exe", "DestinationHostname": "ubuntu.fios-router.home", "User": "NT AUTHORITY\\SYSTEM", "DestinationPort": "5044", "ProcessGuid": "{704248D8-5020-59F9-0000-0010F0C94D00}", "SourcePort": "50732", "SourceIsIpv6": "false", "DestinationIsIpv6": "false", "SourceIp": "192.168.1.205", "SourceHostname": "WIN-U1E6SADQQ7G.fios-router.home"}, "Tactics": ["Exfiltration"], "provider_guid": "{5770385F-C22A-43E0-BF4C-06F5698FFBD9}", "host": "WIN-U1E6SADQQ7G", "process_id": 520, "record_number": "3663", "user": {"domain": "NT AUTHORITY", "identifier": "S-1-5-18", "type": "User", "name": "SYSTEM"}, "computer_name": "WIN-U1E6SADQQ7G", "task": "Network connection detected (rule: NetworkConnect)", "level": "Information", "opcode": "Info", "@version": "1"}
{"index": {}}
{"log_name": "Microsoft-Windows-Sysmon/Operational", "@timestamp": 1513207953956, "Technique": ["Command-Line Interface"], "thread_id": 3416, "source_name": "Microsoft-Windows-Sysmon", "event_id": 3, "beat": {"hostname": "WIN-U1E6SADQQ7G", "name": "WIN-U1E6SADQQ7G", "version": "5.6.3"}, "version": 5, "type": "wineventlog", "event_data": {"ProcessId": "3596", "Protocol": "tcp", "DestinationIp": "192.168.1.198", "Initiated": "true", "Image": "C:\\Users\\Administrator\\Downloads\\winlogbeat-5.6.3-windows-x86_64\\winlogbeat-5.6.3-windows-x86_64\\winlogbeat.exe", "DestinationHostname": "ubuntu.fios-router.home", "User": "NT AUTHORITY\\SYSTEM", "DestinationPort": "5044", "ProcessGuid": "{704248D8-5020-59F9-0000-0010F0C94D00}", "SourcePort": "50746", "SourceIsIpv6": "false", "DestinationIsIpv6": "false", "SourceIp": "192.168.1.205", "SourceHostname": "WIN-U1E6SADQQ7G.fios-router.home"}, "Tactics": ["Command and Control"], "provider_guid": "{5770385F-C22A-43E0-BF4C-06F5698FFBD9}", "host": "WIN-U1E6SADQQ7G", "process_id": 520, "record_number": "3691", "user": {"domain": "NT AUTHORITY", "identifier": "S-1-5-18", "type": "User", "name": "SYSTEM"}, "computer_name": "WIN-U1E6SADQQ7G", "task": "Network connection detected (rule: NetworkConnect)", "level": "Information", "opcode": "Info", "@version": "1"}
{"index": {}}
{"log_name": "Microsoft-Windows-Sysmon/Operational", "@timestamp": 1513211959329, "Technique": ["Command-Line Interface"], "thread_id": 3416, "source_name": "Microsoft-Windows-Sysmon", "event_id": 3, "beat": {"hostname": "WIN-U1E6SADQQ7G", "name": "WIN-U1E6SADQQ7G", "version": "5.6.3"}, "version": 5, "type": "wineventlog", "event_data": {"ProcessId": "1884", "Protocol": "udp", "DestinationIp": "fe80:0:0:0:8bd:15a7:5c92:c29", "Initiated": "false", "Image": "C:\\Program Files (x86)\\Google\\Chrome\\Application\\chrome.exe", "User": "WIN-U1E6SADQQ7G\\Administrator", "DestinationPort": "5353", "ProcessGuid": "{704248D8-35D4-59F9-0000-0010004D1C00}", "SourcePort": "5353", "SourceIsIpv6": "true", "DestinationIsIpv6": "true", "SourceIp": "ff02:0:0:0:0:0:0:fb"}, "Tactics": ["Command and Control"], "provider_guid": "{5770385F-C22A-43E0-BF4C-06F5698FFBD9}", "host": "WIN-U1E6SADQQ7G", "process_id": 520, "record_number": "3732", "user": {"domain": "NT AUTHORITY", "identifier": "S-1-5-18", "type": "User", "name": "SYSTEM"}, "computer_name": "WIN-U1E6SADQQ7G", "task": "Network connection detected (rule: NetworkConnect)", "level": "Information", "opcode": "Info", "@version": "1"}
{"index": {}}
{"log_name": "Microsoft-Windows-Sysmon/Operational", "@timestamp": 1513216278290, "Technique": ["Data Compressed"], "thread_id": 3416, "source_name": "Microsoft-Windows-Sysmon", "event_id": 3, "beat": {"hostname": "WIN-U1E6SADQQ7G", "name": "WIN-U1E6SADQQ7G", "version": "5.6.3"}, "version": 5, "type": "wineventlog", "event_data": {"ProcessId": "792", "DestinationPortName": "teredo", "Protocol": "udp", "Initiated": "true", "DestinationIp": "92.242.140.21", "Image": "C:\\Windows\\System32\\svchost.exe", "DestinationHostname": "unallocated.barefruit.co.uk", "User": "NT AUTHORITY\\SYSTEM", "DestinationPort": "3544", "ProcessGuid": "{704248D8-BA3A-59F8-0000-00105F1A0100}", "SourcePort": "52167", "SourceIsIpv6": "false", "DestinationIsIpv6": "false", "SourceIp": "192.168.1.205", "SourceHostname": "WIN-U1E6SADQQ7G.fios-router.home"}, "Tactics": ["Exfiltration"], "provider_guid": "{5770385F-C22A-43E0-BF4C-06F5698FFBD9}", "host": "WIN-U1E6SADQQ7G", "process_id": 520, "record_number": "3738", "user": {"domain": "NT AUTHORITY", "identifier": "S-1-5-18", "type": "User", "name": "SYSTEM"}, "computer_name": "WIN-U1E6SADQQ7G", "task": "Network connection detected (rule: NetworkConnect)", "level": "Information", "opcode": "Info", "@version": "1"}
{"index": {}}
{"log_name": "Microsoft-Windows-Sysmon/Operational", "@timestamp": 1513220084625, "Technique": ["Web Service"], "thread_id": 3416, "source_name": "Microsoft-Windows-Sysmon", "event_id": 3, "beat": {"hostname": "WIN-U1E6SADQQ7G", "name": "WIN-U1E6SADQQ7G", "version": "5.6.3"}, "version": 5, "type": "wineventlog", "event_data": {"ProcessId": "4", "DestinationPortName": "netbios-dgm", "Protocol": "udp", "Initiated": "true", "DestinationIp": "192.168.1.255", "SourcePortName": "netbios-dgm", "Image": "System", "User": "NT AUTHORITY\\SYSTEM", "DestinationPort": "138", "ProcessGuid": "{704248D8-BA36-59F8-0000-0010EB030000}", "SourcePort": "138", "SourceIsIpv6": "false", "DestinationIsIpv6": "false", "SourceIp": "192.168.1.205", "SourceHostname": "WIN-U1E6SADQQ7G.fios-router.home"}, "Tactics": ["Command and Control"], "provider_guid": "{5770385F-C22A-43E0-BF4C-06F5698FFBD9}", "host": "WIN-U1E6SADQQ7G", "process_id": 520, "record_number": "3787", "user": {"domain": "NT AUTHORITY", "identifier": "S-1-5-18", "type": "User", "name": "SYSTEM"}, "computer_name": "WIN-U1E6SADQQ7G", "task": "Network connection detected (rule: NetworkConnect)", "level": "Information", "opcode": "Info", "@version": "1"}
{"index": {}}
{"log_name": "Microsoft-Windows-Sysmon/Operational", "@timestamp": 1513033153352, "Technique": ["Binary Padding"], "thread_id": 3416, "source_name": "Microsoft-Windows-Sysmon", "event_id": 3, "beat": {"UtcTime": "WIN-U1E6SADQQ8H", "hostname": "WIN-U1E6SADQQ8H", "name": "WIN-U1E6SADQQ8H", "version": "5.6.3"}, "version": 5, "type": "wineventlog", "event_data": {"ProcessId": "908", "DestinationPortName": "domain", "Protocol": "udp", "Initiated": "true", "DestinationIp": "c0a8:101:7252:d301:8e9:ab34:7252:d301", "Image": "C:\\Windows\\System32\\svchost.exe", "User": "NT AUTHORITY\\NETWORK SERVICE", "DestinationPort": "53", "ProcessGuid": "{704248D8-BA3A-59F8-0000-001033340100}", "SourcePort": "53555", "SourceIsIpv6": "true", "DestinationIsIpv6": "true", "SourceIp": "c0a8:1cd:0:0:e8b1:495e:1e0:ffff"}, "Tactics": ["Defense Evasion"], "provider_guid": "{5770385F-C22A-43E0-BF4C-06F5698FFBD9}", "host": "WIN-U1E6SADQQ8H", "process_id": 520, "record_number": "3566", "user": {"domain": "NT AUTHORITY", "identifier": "S-1-5-18", "type": "User", "name": "SYSTEM"}, "computer_name": "WIN-U1E6SADQQ8H", "task": "Network connection detected (rule: NetworkConnect)", "level": "Information", "opcode": "Info", "@version": "1"}
{"index": {}}
{"log_name": "Microsoft-Windows-Sysmon/Operational", "@timestamp": 1513042897532, "Technique": ["Path Interception"], "thread_id": 3416, "source_name": "Microsoft-Windows-Sysmon", "event_id": 3, "beat": {"UtcTime": "WIN-U1E6SADQQ8H", "hostname": "WIN-U1E6SADQQ8H", "name": "WIN-U1E6SADQQ8H", "version": "5.6.3"}, "version": 5, "type": "wineventlog", "event_data": {"ProcessId": "3596", "Protocol": "tcp", "DestinationIp": "192.168.1.198", "Initiated": "true", "Image": "C:\\Users\\Administrator\\Downloads\\winlogbeat-5.6.3-windows-x86_64\\winlogbeat-5.6.3-windows-x86_64\\winlogbeat.exe", "DestinationHostname": "ubuntu.fios-router.home", "User": "NT AUTHORITY\\SYSTEM", "DestinationPort": "5044", "ProcessGuid": "{704248D8-5020-59F9-0000-0010F0C94D00}", "SourcePort": "50728", "SourceIsIpv6": "false", "DestinationIsIpv6": "false", "SourceIp": "192.168.1.205", "SourceHostname": "WIN-U1E6SADQQ7G.fios-router.home"}, "Tactics": ["Privilege Escalation"], "provider_guid": "{5770385F-C22A-43E0-BF4C-06F5698FFBD9}", "host": "WIN-U1E6SADQQ8H", "process_id": 520, "record_number": "3656", "user": {"domain": "NT AUTHORITY", "identifier": "S-1-5-18", "type": "User", "name": "SYSTEM"}, "computer_name": "WIN-U1E6SADQQ8H", "task": "Network connection detected (rule: NetworkConnect)", "level": "Information", "opcode": "Info", "@version": "1"}
{"index": {}}
{"log_name": "Microsoft-Windows-Sysmon/Operational", "@timestamp": 1513047519309, "Technique": ["Binary Padding"], "thread_id": 3416, "source_name": "Microsoft-Windows-Sysmon", "event_id": 3, "beat": {"UtcTime": "WIN-U1E6SADQQ8H", "hostname": "WIN-U1E6SADQQ8H", "name": "WIN-U1E6SADQQ8H", "version": "5.6.3"}, "version": 5, "type": "wineventlog", "event_data": {"ProcessId": "4", "DestinationPortName": "netbios-dgm", "Protocol": "udp", "Initiated": "true", "DestinationIp": "192.168.1.255", "SourcePortName": "netbios-dgm", "Image": "System", "User": "NT AUTHORITY\\SYSTEM", "DestinationPort": "138", "ProcessGuid": "{704248D8-BA36-59F8-0000-0010EB030000}", "SourcePort": "138", "SourceIsIpv6": "false", "DestinationIsIpv6": "false", "SourceIp": "192.168.1.205", "SourceHostname": "WIN-U1E6SADQQ7G.fios-router.home"}, "Tactics": ["Defense Evasion"], "provider_guid": "{5770385F-C22A-43E0-BF4C-06F5698FFBD9}", "host": "WIN-U1E6SADQQ8H", "process_id": 520, "record_number": "3534", "user": {"domain": "NT AUTHORITY", "identifier": "S-1-5-18", "type": "User", "name": "SYSTEM"}, "computer_name": "WIN-U1E6SADQQ8H", "task": "Network connection detected (rule: NetworkConnect)", "level": "Information", "opcode": "Info", "@version": "1"}
{"index": {}}
{"log_name": "Microsoft-Windows-Sysmon/Operational", "@timestamp": 1513054871800, "Technique": ["Clipboard Data"], "thread_id": 3416, "source_name": "Microsoft-Windows-Sysmon", "event_id": 3, "beat": {"UtcTime": "WIN-U1E6SADQQ8H", "hostname": "WIN-U1E6SADQQ8H", "name": "WIN-U1E6SADQQ8H", "version": "5.6.3"}, "version": 5, "type": "wineventlog", "event_data": {"ProcessId": "1884", "Protocol": "udp", "DestinationIp": "192.168.1.151", "Initiated": "false", "Image": "C:\\Program Files (x86)\\Google\\Chrome\\Application\\chrome.exe", "DestinationHostname": "Libys-MBP.fios-router.home", "User": "WIN-U1E6SADQQ7G\\Administrator", "DestinationPort": "5353", "ProcessGuid": "{704248D8-35D4-59F9-0000-0010004D1C00}", "SourcePort": "5353", "SourceIsIpv6": "false", "DestinationIsIpv6": "false", "SourceIp": "224.0.0.251"}, "Tactics": ["Collection"], "provider_guid": "{5770385F-C22A-43E0-BF4C-06F5698FFBD9}", "host": "WIN-U1E6SADQQ8H", "process_id": 520, "record_number": "3577", "user": {"domain": "NT AUTHORITY", "identifier": "S-1-5-18", "type": "User", "name": "SYSTEM"}, "computer_name": "WIN-U1E6SADQQ8H", "task": "Network connection detected (rule: NetworkConnect)", "level": "Information", "opcode": "Info", "@version": "1"}
{"index": {}}
{"log_name": "Microsoft-Windows-Sysmon/Operational", "@timestamp": 1513064949755, "Technique": ["Local Port Monitor"], "thread_id": 3416, "source_name": "Microsoft-Windows-Sysmon", "event_id": 3, "beat": {"UtcTime": "WIN-U1E6SADQQ8H", "hostname": "WIN-U1E6SADQQ8H", "name": "WIN-U1E6SADQQ8H", "version": "5.6.3"}, "version": 5, "type": "wineventlog", "event_data": {"ProcessId": "908", "DestinationPortName": "llmnr", "Protocol": "udp", "Initiated": "true", "DestinationIp": "e000:fc:6174:735c:7061:636b:6574:6265", "Image": "C:\\Windows\\System32\\svchost.exe", "User": "NT AUTHORITY\\NETWORK SERVICE", "DestinationPort": "5355", "ProcessGuid": "{704248D8-BA3A-59F8-0000-001033340100}", "SourcePort": "65524", "SourceIsIpv6": "true", "DestinationIsIpv6": "true", "SourceIp": "c0a8:1cd:0:0:e8b1:495e:1e0:ffff"}, "Tactics": ["Privilege Escalation"], "provider_guid": "{5770385F-C22A-43E0-BF4C-06F5698FFBD9}", "host": "WIN-U1E6SADQQ8H", "process_id": 520, "record_number": "3753", "user": {"domain": "NT AUTHORITY", "identifier": "S-1-5-18", "type": "User", "name": "SYSTEM"}, "computer_name": "WIN-U1E6SADQQ8H", "task": "Network connection detected (rule: NetworkConnect)", "level": "Information", "opcode": "Info", "@version": "1"}
{"index": {}}
{"log_name": "Microsoft-Windows-Sysmon/Operational", "@timestamp": 1513072445533, "Technique": ["Command-Line Interface"], "thread_id": 3416, "source_name": "Microsoft-Windows-Sysmon", "event_id": 3, "beat": {"UtcTime": "WIN-U1E6SADQQ8H", "hostname": "WIN-U1E6SADQQ8H", "name": "WIN-U1E6SADQQ8H", "version": "5.6.3"}, "version": 5, "type": "wineventlog", "event_data": {"ProcessId": "3596", "Protocol": "tcp", "DestinationIp": "192.168.1.198", "Initiated": "true", "Image": "C:\\Users\\Administrator\\Downloads\\winlogbeat-5.6.3-windows-x86_64\\winlogbeat-5.6.3-windows-x86_64\\winlogbeat.exe", "DestinationHostname": "ubuntu.fios-router.home", "User": "NT AUTHORITY\\SYSTEM", "DestinationPort": "5044", "ProcessGuid": "{704248D8-5020-59F9-0000-0010F0C94D00}", "SourcePort": "50746", "SourceIsIpv6": "false", "DestinationIsIpv6": "false", "SourceIp": "192.168.1.205", "SourceHostname": "WIN-U1E6SADQQ7G.fios-router.home"}, "Tactics": ["Command and Control"], "provider_guid": "{5770385F-C22A-43E0-BF4C-06F5698FFBD9}", "host": "WIN-U1E6SADQQ8H", "process_id": 520, "record_number": "3691", "user": {"domain": "NT AUTHORITY", "identifier": "S-1-5-18", "type": "User", "name": "SYSTEM"}, "computer_name": "WIN-U1E6SADQQ8H", "task": "Network connection detected (rule: NetworkConnect)", "level": "Information", "opcode": "Info", "@version": "1"}
{"index": {}}
{"log_name": "Microsoft-Windows-Sysmon/Operational", "@timestamp": 1513076441011, "Technique": ["Data Staged"], "thread_id": 3416, "source_name": "Microsoft-Windows-Sysmon", "event_id": 3, "beat": {"UtcTime": "WIN-U1E6SADQQ8H", "hostname": "WIN-U1E6SADQQ8H", "name": "WIN-U1E6SADQQ8H", "version": "5.6.3"}, "version": 5, "type": "wineventlog", "event_data": {"ProcessId": "1884", "Protocol": "udp", "DestinationIp": "192.168.1.151", "Initiated": "false", "Image": "C:\\Program Files (x86)\\Google\\Chrome\\Application\\chrome.exe", "DestinationHostname": "Libys-MBP.fios-router.home", "User": "WIN-U1E6SADQQ7G\\Administrator", "DestinationPort": "5353", "ProcessGuid": "{704248D8-35D4-59F9-0000-0010004D1C00}", "SourcePort": "5353", "SourceIsIpv6": "false", "DestinationIsIpv6": "false", "SourceIp": "224.0.0.251"}, "Tactics": ["Collection"], "provider_guid": "{5770385F-C22A-43E0-BF4C-06F5698FFBD9}", "host": "WIN-U1E6SADQQ8H", "process_id": 520, "record_number": "3776", "user": {"domain": "NT AUTHORITY", "identifier": "S-1-5-18", "type": "User", "name": "SYSTEM"}, "computer_name": "WIN-U1E6SADQQ8H", "task": "Network connection detected (rule: NetworkConnect)", "level": "Information", "opcode": "Info", "@version": "1"}
{"index": {}}
{"log_name": "Microsoft-Windows-Sysmon/Operational", "@timestamp": 1513086188443, "Technique": ["Local Port Monitor"], "thread_id": 3416, "source_name": "Microsoft-Windows-Sysmon", "event_id": 3, "beat": {"UtcTime": "WIN-U1E6SADQQ8H", "hostname": "WIN-U1E6SADQQ8H", "name": "WIN-U1E6SADQQ8H", "version": "5.6.3"}, "version": 5, "type": "wineventlog", "event_data": {"ProcessId": "4", "DestinationPortName": "netbios-ns", "Protocol": "udp", "Initiated": "false", "DestinationIp": "192.168.1.205", "SourcePortName": "netbios-ns", "Image": "System", "DestinationHostname": "WIN-U1E6SADQQ7G.fios-router.home", "User": "NT AUTHORITY\\SYSTEM", "DestinationPort": "137", "ProcessGuid": "{704248D8-BA36-59F8-0000-0010EB030000}", "SourcePort": "137", "SourceIsIpv6": "false", "DestinationIsIpv6": "false", "SourceIp": "192.168.1.255"}, "Tactics": ["Persistence"], "provider_guid": "{5770385F-C22A-43E0-BF4C-06F5698FFBD9}", "host": "WIN-U1E6SADQQ8H", "process_id": 520, "record_number": "3599", "user": {"domain": "NT AUTHORITY", "identifier": "S-1-5-18", "type": "User", "name": "SYSTEM"}, "computer_name": "WIN-U1E6SADQQ8H", "task": "Network connection detected (rule: NetworkConnect)", "level": "Information", "opcode": "Info", "@version": "1"}
{"index": {}}
{"log_name": "Microsoft-Windows-Sysmon/Operational", "@timestamp": 1513036025122, "Technique": ["Binary Padding"], "thread_id": 3416, "source_name": "Microsoft-Windows-Sysmon", "event_id": 3, "beat": {"UtcTime": "WIN-U1E6SADQQ1Z", "hostname": "WIN-U1E6SADQQ1Z", "name": "WIN-U1E6SADQQ1Z", "version": "5.6.3"}, "version": 5, "type": "wineventlog", "event_data": {"ProcessId": "4", "DestinationPortName": "netbios-dgm", "Protocol": "udp", "Initiated": "true", "DestinationIp": "192.168.1.255", "SourcePortName": "netbios-dgm", "Image": "System", "User": "NT AUTHORITY\\SYSTEM", "DestinationPort": "138", "ProcessGuid": "{704248D8-BA36-59F8-0000-0010EB030000}", "SourcePort": "138", "SourceIsIpv6": "false", "DestinationIsIpv6": "false", "SourceIp": "192.168.1.205", "SourceHostname": "WIN-U1E6SADQQ7G.fios-router.home"}, "Tactics": ["Defense Evasion"], "provider_guid": "{5770385F-C22A-43E0-BF4C-06F5698FFBD9}", "host": "WIN-U1E6SADQQ1Z", "process_id": 520, "record_number": "3534", "user": {"domain": "NT AUTHORITY", "identifier": "S-1-5-18", "type": "User", "name": "SYSTEM"}, "computer_name": "WIN-U1E6SADQQ1Z", "task": "Network connection detected (rule: NetworkConnect)", "level": "Information", "opcode": "Info", "@version": "1"}
{"index": {}}
{"log_name": "Microsoft-Windows-Sysmon/Operational", "@timestamp": 1513045564029, "Technique": ["Query Registry"], "thread_id": 3416, "source_name": "Microsoft-Windows-Sysmon", "event_id": 3, "beat": {"UtcTime": "WIN-U1E6SADQQ1Z", "hostname": "WIN-U1E6SADQQ1Z", "name": "WIN-U1E6SADQQ1Z", "version": "5.6.3"}, "version": 5, "type": "wineventlog", "event_data": {"ProcessId": "4", "DestinationPortName": "netbios-dgm", "Protocol": "udp", "Initiated": "false", "DestinationIp": "192.168.1.205", "SourcePortName": "netbios-dgm", "Image": "System", "DestinationHostname": "WIN-U1E6SADQQ7G.fios-router.home", "User": "NT AUTHORITY\\SYSTEM", "DestinationPort": "138", "ProcessGuid": "{704248D8-BA36-59F8-0000-0010EB030000}", "SourcePort": "138", "SourceIsIpv6": "false", "DestinationIsIpv6": "false", "SourceIp": "192.168.1.255"}, "Tactics": ["Discovery"], "provider_guid": "{5770385F-C22A-43E0-BF4C-06F5698FFBD9}", "host": "WIN-U1E6SADQQ1Z", "process_id": 520, "record_number": "3535", "user": {"domain": "NT AUTHORITY", "identifier": "S-1-5-18", "type": "User", "name": "SYSTEM"}, "computer_name": "WIN-U1E6SADQQ1Z", "task": "Network connection detected (rule: NetworkConnect)", "level": "Information", "opcode": "Info", "@version": "1"}
{"index": {}}
{"log_name": "Microsoft-Windows-Sysmon/Operational", "@timestamp": 1513054804459, "Technique": ["Binary Padding"], "thread_id": 3416, "source_name": "Microsoft-Windows-Sysmon", "event_id": 3, "beat": {"UtcTime": "WIN-U1E6SADQQ1Z", "hostname": "WIN-U1E6SADQQ1Z", "name": "WIN-U1E6SADQQ1Z", "version": "5.6.3"}, "version": 5, "type": "wineventlog", "event_data": {"ProcessId": "908", "DestinationPortName": "domain", "Protocol": "udp", "Initiated": "false", "DestinationIp": "192.168.1.1", "Image": "C:\\Windows\\System32\\svchost.exe", "User": "NT AUTHORITY\\NETWORK SERVICE", "DestinationPort": "53", "ProcessGuid": "{704248D8-BA3A-59F8-0000-001033340100}", "SourcePort": "53555", "SourceIsIpv6": "false", "DestinationIsIpv6": "false", "SourceIp": "192.168.1.205", "SourceHostname": "WIN-U1E6SADQQ7G.fios-router.home"}, "Tactics": ["Defense Evasion"], "provider_guid": "{5770385F-C22A-43E0-BF4C-06F5698FFBD9}", "host": "WIN-U1E6SADQQ1Z", "process_id": 520, "record_number": "3567", "user": {"domain": "NT AUTHORITY", "identifier": "S-1-5-18", "type": "User", "name": "SYSTEM"}, "computer_name": "WIN-U1E6SADQQ1Z", "task": "Network connection detected (rule: NetworkConnect)", "level": "Information", "opcode": "Info", "@version": "1"}
{"index": {}}
{"log_name": "Microsoft-Windows-Sysmon/Operational", "@timestamp": 1513065482032, "Technique": ["Shortcut Modification"], "thread_id": 3196, "source_name": "Microsoft-Windows-Sysmon", "event_id": 1, "beat": {"UtcTime": "WIN-U1E6SADQQ1Z", "hostname": "WIN-U1E6SADQQ1Z", "name": "WIN-U1E6SADQQ1Z", "version": "5.6.3"}, "version": 5, "type": "wineventlog", "event_data": {"ProcessId": "4628", "LogonGuid": "{704248D8-BA39-59F8-0000-0020E7030000}", "ParentImage": "C:\\Windows\\System32\\taskeng.exe", "LogonId": "0x3e7", "ParentProcessId": "152", "CurrentDirectory": "C:\\Windows\\system32\\", "Image": "C:\\Program Files (x86)\\Google\\Update\\GoogleUpdate.exe", "IntegrityLevel": "System", "ParentProcessGuid": "{704248D8-E4A6-5A29-0000-0010B31DFE00}", "ParentCommandLine": "taskeng.exe {9CC63969-0562-4501-9472-32FA8AE10A2B} S-1-5-18:NT AUTHORITY\\System:Service:", "TerminalSessionId": "0", "User": "NT AUTHORITY\\SYSTEM", "ProcessGuid": "{704248D8-E4A6-5A29-0000-0010F41EFE00}", "Hashes": "SHA1=290093ED555F56B0896AEBD1E2D498B0E554D697", "CommandLine": "\"C:\\Program Files (x86)\\Google\\Update\\GoogleUpdate.exe\" /ua /installsource scheduler"}, "Tactics": ["Persistence"], "provider_guid": "{5770385F-C22A-43E0-BF4C-06F5698FFBD9}", "host": "WIN-U1E6SADQQ1Z", "process_id": 520, "record_number": "3669", "user": {"domain": "NT AUTHORITY", "identifier": "S-1-5-18", "type": "User", "name": "SYSTEM"}, "computer_name": "WIN-U1E6SADQQ1Z", "task": "Process Create (rule: ProcessCreate)", "level": "Information", "opcode": "Info", "@version": "1"}
{"index": {}}
{"log_name": "Microsoft-Windows-Sysmon/Operational", "@timestamp": 1513076573083, "Technique": ["Uncommonly Used Port"], "thread_id": 3196, "source_name": "Microsoft-Windows-Sysmon", "event_id": 5, "beat": {"UtcTime": "WIN-U1E6SADQQ1Z", "hostname": "WIN-U1E6SADQQ1Z", "name": "WIN-U1E6SADQQ1Z", "version": "5.6.3"}, "version": 3, "type": "wineventlog", "event_data": {"ProcessId": "3812", "Image": "C:\\Windows\\System32\\wbem\\WmiPrvSE.exe", "ProcessGuid": "{704248D8-DE4D-5A29-0000-00101FDAF900}"}, "Tactics": ["Command and Control"], "provider_guid": "{5770385F-C22A-43E0-BF4C-06F5698FFBD9}", "host": "WIN-U1E6SADQQ1Z", "process_id": 520, "record_number": "3609", "user": {"domain": "NT AUTHORITY", "identifier": "S-1-5-18", "type": "User", "name": "SYSTEM"}, "computer_name": "WIN-U1E6SADQQ1Z", "task": "Process terminated (rule: ProcessTerminate)", "level": "Information", "opcode": "Info", "@version": "1"}
