{"index": {}}
{"log_name": "Microsoft-Windows-Sysmon/Operational", "@timestamp": 1513034197897, "Technique": ["Cron Job"], "thread_id": 3416, "source_name": "Microsoft-Windows-Sysmon", "event_id": 3, "beat": {"hostname": "WIN-U1E6SADQQ7G", "name": "WIN-U1E6SADQQ7G", "version": "5.6.3"}, "version": 5, "type": "wineventlog", "event_data": {"ProcessId": "3596", "Protocol": "tcp", "DestinationIp": "192.168.1.198", "Initiated": "true", "Image": "C:\\Users\\Administrator\\Downloads\\winlogbeat-5.6.3-windows-x86_64\\winlogbeat-5.6.3-windows-x86_64\\winlogbeat.exe", "DestinationHostname": "ubuntu.fios-router.home", "User": "NT AUTHORITY\\SYSTEM", "DestinationPort": "5044", "ProcessGuid": "{704248D8-5020-59F9-0000-0010F0C94D00}", "SourcePort": "50684", "SourceIsIpv6": "false", "DestinationIsIpv6": "false", "SourceIp": "192.168.1.205", "SourceHostname": "WIN-U1E6SADQQ7G.fios-router.home"}, "Tactics": ["Persistence"], "provider_guid": "{5770385F-C22A-43E0-BF4C-06F5698FFBD9}", "host": "WIN-U1E6SADQQ7G", "process_id": 520, "record_number": "3575", "user": {"domain": "NT AUTHORITY", "identifier": "S-1-5-18", "type": "User", "name": "SYSTEM"}, "computer_name": "WIN-U1E6SADQQ7G", "task": "Network connection detected (rule: NetworkConnect)", "level": "Information", "opcode": "Info", "@version": "1"}
{"index": {}}
{"log_name": "Microsoft-Windows-Sysmon/Operational", "@timestamp": 1513039669545, "Technique": ["Local Port Monitor"], "thread_id": 3416, "source_name": "Microsoft-Windows-Sysmon", "event_id": 3, "beat": {"hostname": "WIN-U1E6SADQQ7G", "name": "WIN-U1E6SADQQ7G", "version": "5.6.3"}, "version": 5, "type": "wineventlog", "event_data": {"ProcessId": "4", "DestinationPortName": "netbios-ns", "Protocol": "udp", "Initiated": "false", "DestinationIp": "192.168.1.205", "SourcePortName": "netbios-ns", "Image": "System", "DestinationHostname": "WIN-U1E6SADQQ7G.fios-router.home", "User": "NT AUTHORITY\\SYSTEM", "DestinationPort": "137", "ProcessGuid": "{704248D8-BA36-59F8-0000-0010EB030000}", "SourcePort": "137", "SourceIsIpv6": "false", "DestinationIsIpv6": "false", "SourceIp": "192.168.1.255"}, "Tactics": ["Persistence"], "provider_guid": "{5770385F-C22A-43E0-BF4C-06F5698FFBD9}", "host": "WIN-U1E6SADQQ7G", "process_id": 520, "record_number": "3599", "user": {"domain": "NT AUTHORITY", "identifier": "S-1-5-18", "type": "User", "name": "SYSTEM"}, "computer_name": "WIN-U1E6SADQQ7G", "task": "Network connection detected (rule: NetworkConnect)", "level": "Information", "opcode": "Info", "@version": "1"}
{"index": {}}
{"log_name": "Microsoft-Windows-Sysmon/Operational", "@timestamp": 1513040767281, "Technique": ["Shortcut Modification"], "thread_id": 3196, "source_name": "Microsoft-Windows-Sysmon", "event_id": 1, "beat": {"hostname": "WIN-U1E6SADQQ7G", "name": "WIN-U1E6SADQQ7G", "version": "5.6.3"}, "version": 5, "type": "wineventlog", "event_data": {"ProcessId": "4628", "LogonGuid": "{704248D8-BA39-59F8-0000-0020E7030000}", "ParentImage": "C:\\Windows\\System32\\taskeng.exe", "LogonId": "0x3e7", "ParentProcessId": "152", "CurrentDirectory": "C:\\Windows\\system32\\", "Image": "C:\\Program Files (x86)\\Google\\Update\\GoogleUpdate.exe", "IntegrityLevel": "System", "ParentProcessGuid": "{704248D8-E4A6-5A29-0000-0010B31DFE00}", "ParentCommandLine": "taskeng.exe {9CC63969-0562-4501-9472-32FA8AE10A2B} S-1-5-18:NT AUTHORITY\\System:Service:", "TerminalSessionId": "0", "User": "NT AUTHORITY\\SYSTEM", "ProcessGuid": "{704248D8-E4A6-5A29-0000-0010F41EFE00}", "Hashes": "SHA1=290093ED555F56B0896AEBD1E2D498B0E554D697", "CommandLine": "\"C:\\Program Files (x86)\\Google\\Update\\GoogleUpdate.exe\" /ua /installsource scheduler"}, "Tactics": ["Persistence"], "provider_guid": "{5770385F-C22A-43E0-BF4C-06F5698FFBD9}", "host": "WIN-U1E6SADQQ7G", "process_id": 520, "record_number": "3669", "user": {"domain": "NT AUTHORITY", "identifier": "S-1-5-18", "type": "User", "name": "SYSTEM"}, "computer_name": "WIN-U1E6SADQQ7G", "task": "Process Create (rule: ProcessCreate)", "level": "Information", "opcode": "Info", "@version": "1"}
{"index": {}}
{"log_name": "Microsoft-Windows-Sysmon/Operational", "@timestamp": 1513044054219, "Technique": ["Path Interception"], "thread_id": 3416, "source_name": "Microsoft-Windows-Sysmon", "event_id": 3, "beat": {"hostname": "WIN-U1E6SADQQ7G", "name": "WIN-U1E6SADQQ7G", "version": "5.6.3"}, "version": 5, "type": "wineventlog", "event_data": {"ProcessId": "3596", "Protocol": "tcp", "DestinationIp": "192.168.1.198", "Initiated": "true", "Image": "C:\\Users\\Administrator\\Downloads\\winlogbeat-5.6.3-windows-x86_64\\winlogbeat-5.6.3-windows-x86_64\\winlogbeat.exe", "DestinationHostname": "ubuntu.fios-router.home", "User": "NT AUTHORITY\\SYSTEM", "DestinationPort": "5044", "ProcessGuid": "{704248D8-5020-59F9-0000-0010F0C94D00}", "SourcePort": "50728", "SourceIsIpv6": "false", "DestinationIsIpv6": "false", "SourceIp": "192.168.1.205", "SourceHostname": "WIN-U1E6SADQQ7G.fios-router.home"}, "Tactics": ["Privilege Escalation"], "provider_guid": "{5770385F-C22A-43E0-BF4C-06F5698FFBD9}", "host": "WIN-U1E6SADQQ7G", "process_id": 520, "record_number": "3656", "user": {"domain": "NT AUTHORITY", "identifier": "S-1-5-18", "type": "User", "name": "SYSTEM"}, "computer_name": "WIN-U1E6SADQQ7G", "task": "Network connection detected (rule: NetworkConnect)", "level": "Information", "opcode": "Info", "@version": "1"}
{"index": {}}
{"log_name": "Microsoft-Windows-Sysmon/Operational", "@timestamp": 1513047532424, "Technique": ["Startup Items"], "thread_id": 3416, "source_name": "Microsoft-Windows-Sysmon", "event_id": 3, "beat": {"hostname": "WIN-U1E6SADQQ7G", "name": "WIN-U1E6SADQQ7G", "version": "5.6.3"}, "version": 5, "type": "wineventlog", "event_data": {"ProcessId": "1884", "DestinationPortName": "ssdp", "Protocol": "udp", "Initiated": "true", "DestinationIp": "239.255.255.250", "Image": "C:\\Program Files (x86)\\Google\\Chrome\\Application\\chrome.exe", "User": "WIN-U1E6SADQQ7G\\Administrator", "DestinationPort": "1900", "ProcessGuid": "{704248D8-35D4-59F9-0000-0010004D1C00}", "SourcePort": "54904", "SourceIsIpv6": "false", "DestinationIsIpv6": "false", "SourceIp": "192.168.1.205", "SourceHostname": "WIN-U1E6SADQQ7G.fios-router.home"}, "Tactics": ["Persistence"], "provider_guid": "{5770385F-C22A-43E0-BF4C-06F5698FFBD9}", "host": "WIN-U1E6SADQQ7G", "process_id": 520, "record_number": "3693", "user": {"domain": "NT AUTHORITY", "identifier": "S-1-5-18", "type": "User", "name": "SYSTEM"}, "computer_name": "WIN-U1E6SADQQ7G", "task": "Network connection detected (rule: NetworkConnect)", "level": "Information", "opcode": "Info", "@version": "1"}
{"index": {}}
{"log_name": "Microsoft-Windows-Sysmon/Operational", "@timestamp": 1513052567506, "Technique": ["Startup Items"], "thread_id": 3416, "source_name": "Microsoft-Windows-Sysmon", "event_id": 3, "beat": {"hostname": "WIN-U1E6SADQQ7G", "name": "WIN-U1E6SADQQ7G", "version": "5.6.3"}, "version": 5, "type": "wineventlog", "event_data": {"ProcessId": "1884", "Protocol": "udp", "DestinationIp": "192.168.1.151", "Initiated": "false", "Image": "C:\\Program Files (x86)\\Google\\Chrome\\Application\\chrome.exe", "DestinationHostname": "Libys-MBP.fios-router.home", "User": "WIN-U1E6SADQQ7G\\Administrator", "DestinationPort": "5353", "ProcessGuid": "{704248D8-35D4-59F9-0000-0010004D1C00}", "SourcePort": "5353", "SourceIsIpv6": "false", "DestinationIsIpv6": "false", "SourceIp": "224.0.0.251"}, "Tactics": ["Persistence"], "provider_guid": "{5770385F-C22A-43E0-BF4C-06F5698FFBD9}", "host": "WIN-U1E6SADQQ7G", "process_id": 520, "record_number": "3695", "user": {"domain": "NT AUTHORITY", "identifier": "S-1-5-18", "type": "User", "name": "SYSTEM"}, "computer_name": "WIN-U1E6SADQQ7G", "task": "Network connection detected (rule: NetworkConnect)", "level": "Information", "opcode": "Info", "@version": "1"}
{"index": {}}
{"log_name": "Microsoft-Windows-Sysmon/Operational", "@timestamp": 1513055519404, "Technique": ["Path Interception"], "thread_id": 3416, "source_name": "Microsoft-Windows-Sysmon", "event_id": 3, "beat": {"hostname": "WIN-U1E6SADQQ7G", "name": "WIN-U1E6SADQQ7G", "version": "5.6.3"}, "version": 5, "type": "wineventlog", "event_data": {"ProcessId": "1884", "Protocol": "udp", "DestinationIp": "192.168.1.151", "Initiated": "false", "Image": "C:\\Program Files (x86)\\Google\\Chrome\\Application\\chrome.exe", "DestinationHostname": "Libys-MBP.fios-router.home", "User": "WIN-U1E6SADQQ7G\\Administrator", "DestinationPort": "5353", "ProcessGuid": "{704248D8-35D4-59F9-0000-0010004D1C00}", "SourcePort": "5353", "SourceIsIpv6": "false", "DestinationIsIpv6": "false", "SourceIp": "224.0.0.251"}, "Tactics": ["Privilege Escalation"], "provider_guid": "{5770385F-C22A-43E0-BF4C-06F5698FFBD9}", "host": "WIN-U1E6SADQQ7G", "process_id": 520, "record_number": "3695", "user": {"domain": "NT AUTHORITY", "identifier": "S-1-5-18", "type": "User", "name": "SYSTEM"}, "computer_name": "WIN-U1E6SADQQ7G", "task": "Network connection detected (rule: NetworkConnect)", "level": "Information", "opcode": "Info", "@version": "1"}
{"index": {}}
{"log_name": "Microsoft-Windows-Sysmon/Operational", "@timestamp": 1513060279934, "Technique": ["Local Port Monitor"], "thread_id": 3416, "source_name": "Microsoft-Windows-Sysmon", "event_id": 3, "beat": {"hostname": "WIN-U1E6SADQQ7G", "name": "WIN-U1E6SADQQ7G", "version": "5.6.3"}, "version": 5, "type": "wineventlog", "event_data": {"ProcessId": "908", "DestinationPortName": "llmnr", "Protocol": "udp", "Initiated": "true", "DestinationIp": "e000:fc:6174:735c:7061:636b:6574:6265", "Image": "C:\\Windows\\System32\\svchost.exe", "User": "NT AUTHORITY\\NETWORK SERVICE", "DestinationPort": "5355", "ProcessGuid": "{704248D8-BA3A-59F8-0000-001033340100}", "SourcePort": "65524", "SourceIsIpv6": "true", "DestinationIsIpv6": "true", "SourceIp": "c0a8:1cd:0:0:e8b1:495e:1e0:ffff"}, "Tactics": ["Privilege Escalation"], "provider_guid": "{5770385F-C22A-43E0-BF4C-06F5698FFBD9}", "host": "WIN-U1E6SADQQ7G", "process_id": 520, "record_number": "3753", "user": {"domain": "NT AUTHORITY", "identifier": "S-1-5-18", "type": "User", "name": "SYSTEM"}, "computer_name": "WIN-U1E6SADQQ7G", "task": "Network connection detected (rule: NetworkConnect)", "level": "Information", "opcode": "Info", "@version": "1"}
{"index": {}}
{"log_name": "Microsoft-Windows-Sysmon/Operational", "@timestamp": 1513064569671, "Technique": ["DLL Injection"], "thread_id": 3416, "source_name": "Microsoft-Windows-Sysmon", "event_id": 3, "beat": {"hostname": "WIN-U1E6SADQQ7G", "name": "WIN-U1E6SADQQ7G", "version": "5.6.3"}, "version": 5, "type": "wineventlog", "event_data": {"ProcessId": "4", "DestinationPortName": "netbios-dgm", "Protocol": "udp", "Initiated": "false", "DestinationIp": "192.168.1.154", "SourcePortName": "netbios-dgm", "Image": "System", "DestinationHostname": "Ronys-MBP.fios-router.home", "User": "NT AUTHORITY\\SYSTEM", "DestinationPort": "138", "ProcessGuid": "{704248D8-BA36-59F8-0000-0010EB030000}", "SourcePort": "138", "SourceIsIpv6": "false", "DestinationIsIpv6": "false", "SourceIp": "192.168.1.255"}, "Tactics": ["Privilege Escalation"], "provider_guid": "{5770385F-C22A-43E0-BF4C-06F5698FFBD9}", "host": "WIN-U1E6SADQQ7G", "process_id": 520, "record_number": "3793", "user": {"domain": "NT AUTHORITY", "identifier": "S-1-5-18", "type": "User", "name": "SYSTEM"}, "computer_name": "WIN-U1E6SADQQ7G", "task": "Network connection detected (rule: NetworkConnect)", "level": "Information", "opcode": "Info", "@version": "1"}
{"index": {}}
{"log_name": "Microsoft-Windows-Sysmon/Operational", "@timestamp": 1513066767065, "Technique": ["AppInit DLLs"], "thread_id": 3196, "source_name": "Microsoft-Windows-Sysmon", "event_id": 5, "beat": {"hostname": "WIN-U1E6SADQQ7G", "name": "WIN-U1E6SADQQ7G", "version": "5.6.3"}, "version": 3, "type": "wineventlog", "event_data": {"ProcessId": "4680", "Image": "C:\\Windows\\System32\\wbem\\WmiPrvSE.exe", "ProcessGuid": "{704248D8-EA04-5A29-0000-001007170201}"}, "Tactics": ["Privilege Escalation"], "provider_guid": "{5770385F-C22A-43E0-BF4C-06F5698FFBD9}", "host": "WIN-U1E6SADQQ7G", "process_id": 520, "record_number": "3736", "user": {"domain": "NT AUTHORITY", "identifier": "S-1-5-18", "type": "User", "name": "SYSTEM"}, "computer_name": "WIN-U1E6SADQQ7G", "task": "Process terminated (rule: ProcessTerminate)", "level": "Information", "opcode": "Info", "@version": "1"}
{"index": {}}
{"log_name": "Microsoft-Windows-Sysmon/Operational", "@timestamp": 1513072385685, "Technique": ["Binary Padding"], "thread_id": 3416, "source_name": "Microsoft-Windows-Sysmon", "event_id": 3, "beat": {"hostname": "WIN-U1E6SADQQ7G", "name": "WIN-U1E6SADQQ7G", "version": "5.6.3"}, "version": 5, "type": "wineventlog", "event_data": {"ProcessId": "4", "DestinationPortName": "netbios-dgm", "Protocol": "udp", "Initiated": "true", "DestinationIp": "192.168.1.255", "SourcePortName": "netbios-dgm", "Image": "System", "User": "NT AUTHORITY\\SYSTEM", "DestinationPort": "138", "ProcessGuid": "{704248D8-BA36-59F8-0000-0010EB030000}", "SourcePort": "138", "SourceIsIpv6": "false", "DestinationIsIpv6": "false", "SourceIp": "192.168.1.205", "SourceHostname": "WIN-U1E6SADQQ7G.fios-router.home"}, "Tactics": ["Defense Evasion"], "provider_guid": "{5770385F-C22A-43E0-BF4C-06F5698FFBD9}", "host": "WIN-U1E6SADQQ7G", "process_id": 520, "record_number": "3534", "user": {"domain": "NT AUTHORITY", "identifier": "S-1-5-18", "type": "User", "name": "SYSTEM"}, "computer_name": "WIN-U1E6SADQQ7G", "task": "Network connection detected (rule: NetworkConnect)", "level": "Information", "opcode": "Info", "@version": "1"}
{"index": {}}
{"log_name": "Microsoft-Windows-Sysmon/Operational", "@timestamp": 1513074280194, "Technique": ["Binary Padding"], "thread_id": 3416, "source_name": "Microsoft-Windows-Sysmon", "event_id": 3, "beat": {"hostname": "WIN-U1E6SADQQ7G", "name": "WIN-U1E6SADQQ7G", "version": "5.6.3"}, "version": 5, "type": "wineventlog", "event_data": {"ProcessId": "4", "DestinationPortName": "netbios-dgm", "Protocol": "udp", "Initiated": "true", "DestinationIp": "192.168.1.255", "SourcePortName": "netbios-dgm", "Image": "System", "User": "NT AUTHORITY\\SYSTEM", "DestinationPort": "138", "ProcessGuid": "{704248D8-BA36-59F8-0000-0010EB030000}", "SourcePort": "138", "SourceIsIpv6": "false", "DestinationIsIpv6": "false", "SourceIp": "192.168.1.205", "SourceHostname": "WIN-U1E6SADQQ7G.fios-router.home"}, "Tactics": ["Defense Evasion"], "provider_guid": "{5770385F-C22A-43E0-BF4C-06F5698FFBD9}", "host": "WIN-U1E6SADQQ7G", "process_id": 520, "record_number": "3534", "user": {"domain": "NT AUTHORITY", "identifier": "S-1-5-18", "type": "User", "name": "SYSTEM"}, "computer_name": "WIN-U1E6SADQQ7G", "task": "Network connection detected (rule: NetworkConnect)", "level": "Information", "opcode": "Info", "@version": "1"}
{"index": {}}
{"log_name": "Microsoft-Windows-Sysmon/Operational", "@timestamp": 1513079618799, "Technique": ["Binary Padding"], "thread_id": 3416, "source_name": "Microsoft-Windows-Sysmon", "event_id": 3, "beat": {"hostname": "WIN-U1E6SADQQ7G", "name": "WIN-U1E6SADQQ7G", "version": "5.6.3"}, "version": 5, "type": "wineventlog", "event_data": {"ProcessId": "908", "DestinationPortName": "domain", "Protocol": "udp", "Initiated": "true", "DestinationIp": "c0a8:101:7252:d301:8e9:ab34:7252:d301", "Image": "C:\\Windows\\System32\\svchost.exe", "User": "NT AUTHORITY\\NETWORK SERVICE", "DestinationPort": "53", "ProcessGuid": "{704248D8-BA3A-59F8-0000-001033340100}", "SourcePort": "53555", "SourceIsIpv6": "true", "DestinationIsIpv6": "true", "SourceIp": "c0a8:1cd:0:0:e8b1:495e:1e0:ffff"}, "Tactics": ["Defense Evasion"], "provider_guid": "{5770385F-C22A-43E0-BF4C-06F5698FFBD9}", "host": "WIN-U1E6SADQQ7G", "process_id": 520, "record_number": "3566", "user": {"domain": "NT AUTHORITY", "identifier": "S-1-5-18", "type": "User", "name": "SYSTEM"}, "computer_name": "WIN-U1E6SADQQ7G", "task": "Network connection detected (rule: NetworkConnect)", "level": "Information", "opcode": "Info", "@version": "1"}
{"index": {}}
{"log_name": "Microsoft-Windows-Sysmon/Operational", "@timestamp": 1513082679966, "Technique": ["Binary Padding"], "thread_id": 3416, "source_name": "Microsoft-Windows-Sysmon", "event_id": 3, "beat": {"hostname": "WIN-U1E6SADQQ7G", "name": "WIN-U1E6SADQQ7G", "version": "5.6.3"}, "version": 5, "type": "wineventlog", "event_data": {"ProcessId": "908", "DestinationPortName": "domain", "Protocol": "udp", "Initiated": "false", "DestinationIp": "192.168.1.1", "Image": "C:\\Windows\\System32\\svchost.exe", "User": "NT AUTHORITY\\NETWORK SERVICE", "DestinationPort": "53", "ProcessGuid": "{704248D8-BA3A-59F8-0000-001033340100}", "SourcePort": "53555", "SourceIsIpv6": "false", "DestinationIsIpv6": "false", "SourceIp": "192.168.1.205", "SourceHostname": "WIN-U1E6SADQQ7G.fios-router.home"}, "Tactics": ["Defense Evasion"], "provider_guid": "{5770385F-C22A-43E0-BF4C-06F5698FFBD9}", "host": "WIN-U1E6SADQQ7G", "process_id": 520, "record_number": "3567", "user": {"domain": "NT AUTHORITY", "identifier": "S-1-5-18", "type": "User", "name": "SYSTEM"}, "computer_name": "WIN-U1E6SADQQ7G", "task": "Network connection detected (rule: NetworkConnect)", "level": "Information", "opcode": "Info", "@version": "1"}
{"index": {}}
{"log_name": "Microsoft-Windows-Sysmon/Operational", "@timestamp": 1513084107331, "Technique": ["Binary Padding"], "thread_id": 3416, "source_name": "Microsoft-Windows-Sysmon", "event_id": 3, "beat": {"hostname": "WIN-U1E6SADQQ7G", "name": "WIN-U1E6SADQQ7G", "version": "5.6.3"}, "version": 5, "type": "wineventlog", "event_data": {"ProcessId": "908", "DestinationPortName": "llmnr", "Protocol": "udp", "Initiated": "true", "DestinationIp": "ff02:0:0:0:0:0:1:3", "Image": "C:\\Windows\\System32\\svchost.exe", "User": "NT AUTHORITY\\NETWORK SERVICE", "DestinationPort": "5355", "ProcessGuid": "{704248D8-BA3A-59F8-0000-001033340100}", "SourcePort": "50913", "SourceIsIpv6": "true", "DestinationIsIpv6": "true", "SourceIp": "fe80:0:0:0:74b4:adaf:2506:42b1", "SourceHostname": "WIN-U1E6SADQQ7G.fios-router.home"}, "Tactics": ["Defense Evasion"], "provider_guid": "{5770385F-C22A-43E0-BF4C-06F5698FFBD9}", "host": "WIN-U1E6SADQQ7G", "process_id": 520, "record_number": "3525", "user": {"domain": "NT AUTHORITY", "identifier": "S-1-5-18", "type": "User", "name": "SYSTEM"}, "computer_name": "WIN-U1E6SADQQ7G", "task": "Network connection detected (rule: NetworkConnect)", "level": "Information", "opcode": "Info", "@version": "1"}
{"index": {}}
{"log_name": "Microsoft-Windows-Sysmon/Operational", "@timestamp": 1513088724642, "Technique": ["Input Prompt"], "thread_id": 3416, "source_name": "Microsoft-Windows-Sysmon", "event_id": 3, "beat": {"hostname": "WIN-U1E6SADQQ7G", "name": "WIN-U1E6SADQQ7G", "version": "5.6.3"}, "version": 5, "type": "wineventlog", "event_data": {"ProcessId": "1884", "Protocol": "udp", "DestinationIp": "192.168.1.154", "Initiated": "false", "Image": "C:\\Program Files (x86)\\Google\\Chrome\\Application\\chrome.exe", "DestinationHostname": "Ronys-MBP.fios-router.home", "User": "WIN-U1E6SADQQ7G\\Administrator", "DestinationPort": "5353", "ProcessGuid": "{704248D8-35D4-59F9-0000-0010004D1C00}", "SourcePort": "5353", "SourceIsIpv6": "false", "DestinationIsIpv6": "false", "SourceIp": "224.0.0.251"}, "Tactics": ["Credential Access"], "provider_guid": "{5770385F-C22A-43E0-BF4C-06F5698FFBD9}", "host": "WIN-U1E6SADQQ7G", "process_id": 520, "record_number": "3555", "user": {"domain": "NT AUTHORITY", "identifier": "S-1-5-18", "type": "User", "name": "SYSTEM"}, "computer_name": "WIN-U1E6SADQQ7G", "task": "Network connection detected (rule: NetworkConnect)", "level": "Information", "opcode": "Info", "@version": "1"}
{"index": {}}
{"log_name": "Microsoft-Windows-Sysmon/Operational", "@timestamp": 1513093275078, "Technique": ["Clear Command History"], "thread_id": 3416, "source_name": "Microsoft-Windows-Sysmon", "event_id": 3, "beat": {"hostname": "WIN-U1E6SADQQ7G", "name": "WIN-U1E6SADQQ7G", "version": "5.6.3"}, "version": 5, "type": "wineventlog", "event_data": {"ProcessId": "756", "DestinationPortName": "dhcpv6-server", "Protocol": "udp", "Initiated": "true", "DestinationIp": "ff02:0:0:0:0:0:1:2", "SourcePortName": "dhcpv6-client", "Image": "C:\\Windows\\System32\\svchost.exe", "User": "NT AUTHORITY\\LOCAL SERVICE", "DestinationPort": "547", "ProcessGuid": "{704248D8-BA3A-59F8-0000-0010FC160100}", "SourcePort": "546", "SourceIsIpv6": "true", "DestinationIsIpv6": "true", "SourceIp": "fe80:0:0:0:3475:2233:3f57:fe32"}, "Tactics": ["Defense Evasion"], "provider_guid": "{5770385F-C22A-43E0-BF4C-06F5698FFBD9}", "host": "WIN-U1E6SADQQ7G", "process_id": 520, "record_number": "3587", "user": {"domain": "NT AUTHORITY", "identifier": "S-1-5-18", "type": "User", "name": "SYSTEM"}, "computer_name": "WIN-U1E6SADQQ7G", "task": "Network connection detected (rule: NetworkConnect)", "level": "Information", "opcode": "Info", "@version": "1"}
{"index": {}}
{"log_name": "Microsoft-Windows-Sysmon/Operational", "@timestamp": 1513096163741, "Technique": ["Input Prompt"], "thread_id": 3416, "source_name": "Microsoft-Windows-Sysmon", "event_id": 3, "beat": {"hostname": "WIN-U1E6SADQQ7G", "name": "WIN-U1E6SADQQ7G", "version": "5.6.3"}, "version": 5, "type": "wineventlog", "event_data": {"ProcessId": "908", "DestinationPortName": "domain", "Protocol": "udp", "Initiated": "false", "DestinationIp": "192.168.1.1", "Image": "C:\\Windows\\System32\\svchost.exe", "User": "NT AUTHORITY\\NETWORK SERVICE", "DestinationPort": "53", "ProcessGuid": "{704248D8-BA3A-59F8-0000-001033340100}", "SourcePort": "58635", "SourceIsIpv6": "false", "DestinationIsIpv6": "false", "SourceIp": "192.168.1.205", "SourceHostname": "WIN-U1E6SADQQ7G.fios-router.home"}, "Tactics": ["Credential Access"], "provider_guid": "{5770385F-C22A-43E0-BF4C-06F5698FFBD9}", "host": "WIN-U1E6SADQQ7G", "process_id": 520, "record_number": "3642", "user": {"domain": "NT AUTHORITY", "identifier": "S-1-5-18", "type": "User", "name": "SYSTEM"}, "computer_name": "WIN-U1E6SADQQ7G", "task": "Network connection detected (rule: NetworkConnect)", "level": "Information", "opcode": "Info", "@version": "1"}
{"index": {}}
{"log_name": "Microsoft-Windows-Sysmon/Operational", "@timestamp": 1513099383766, "Technique": ["File and Directory Discovery"], "thread_id": 3416, "source_name": "Microsoft-Windows-Sysmon", "event_id": 3, "beat": {"hostname": "WIN-U1E6SADQQ7G", "name": "WIN-U1E6SADQQ7G", "version": "5.6.3"}, "version": 5, "type": "wineventlog", "event_data": {"ProcessId": "1884", "Protocol": "udp", "DestinationIp": "fe80:0:0:0:fe:4466:3069:5588", "Initiated": "false", "Image": "C:\\Program Files (x86)\\Google\\Chrome\\Application\\chrome.exe", "User": "WIN-U1E6SADQQ7G\\Administrator", "DestinationPort": "5353", "ProcessGuid": "{704248D8-35D4-59F9-0000-0010004D1C00}", "SourcePort": "5353", "SourceIsIpv6": "true", "DestinationIsIpv6": "true", "SourceIp": "ff02:0:0:0:0:0:0:fb"}, "Tactics": ["Discovery"], "provider_guid": "{5770385F-C22A-43E0-BF4C-06F5698FFBD9}", "host": "WIN-U1E6SADQQ7G", "process_id": 520, "record_number": "3631", "user": {"domain": "NT AUTHORITY", "identifier": "S-1-5-18", "type": "User", "name": "SYSTEM"}, "computer_name": "WIN-U1E6SADQQ7G", "task": "Network connection detected (rule: NetworkConnect)", "level": "Information", "opcode": "Info", "@version": "1"}
{"index": {}}
{"log_name": "Microsoft-Windows-Sysmon/Operational", "@timestamp": 1513103568834, "Technique": ["Create Account"], "thread_id": 3416, "source_name": "Microsoft-Windows-Sysmon", "event_id": 3, "beat": {"hostname": "WIN-U1E6SADQQ7G", "name": "WIN-U1E6SADQQ7G", "version": "5.6.3"}, "version": 5, "type": "wineventlog", "event_data": {"ProcessId": "1884", "DestinationPortName": "ssdp", "Protocol": "udp", "Initiated": "true", "DestinationIp": "239.255.255.250", "Image": "C:\\Program Files (x86)\\Google\\Chrome\\Application\\chrome.exe", "User": "WIN-U1E6SADQQ7G\\Administrator", "DestinationPort": "1900", "ProcessGuid": "{704248D8-35D4-59F9-0000-0010004D1C00}", "SourcePort": "59582", "SourceIsIpv6": "false", "DestinationIsIpv6": "false", "SourceIp": "192.168.1.205", "SourceHostname": "WIN-U1E6SADQQ7G.fios-router.home"}, "Tactics": ["Credential Access"], "provider_guid": "{5770385F-C22A-43E0-BF4C-06F5698FFBD9}", "host": "WIN-U1E6SADQQ7G", "process_id": 520, "record_number": "3645", "user": {"domain": "NT AUTHORITY", "identifier": "S-1-5-18", "type": "User", "name": "SYSTEM"}, "computer_name": "WIN-U1E6SADQQ7G", "task": "Network connection detected (rule: NetworkConnect)", "level": "Information", "opcode": "Info", "@version": "1"}
{"index": {}}
{"log_name": "Microsoft-Windows-Sysmon/Operational", "@timestamp": 1513107775008, "Technique": ["Create Account"], "thread_id": 3416, "source_name": "Microsoft-Windows-Sysmon", "event_id": 3, "beat": {"hostname": "WIN-U1E6SADQQ7G", "name": "WIN-U1E6SADQQ7G", "version": "5.6.3"}, "version": 5, "type": "wineventlog", "event_data": {"ProcessId": "3596", "Protocol": "tcp", "DestinationIp": "192.168.1.198", "Initiated": "true", "Image": "C:\\Users\\Administrator\\Downloads\\winlogbeat-5.6.3-windows-x86_64\\winlogbeat-5.6.3-windows-x86_64\\winlogbeat.exe", "DestinationHostname": "ubuntu.fios-router.home", "User": "NT AUTHORITY\\SYSTEM", "DestinationPort": "5044", "ProcessGuid": "{704248D8-5020-59F9-0000-0010F0C94D00}", "SourcePort": "50764", "SourceIsIpv6": "false", "DestinationIsIpv6": "false", "SourceIp": "192.168.1.205", "SourceHostname": "WIN-U1E6SADQQ7G.fios-router.home"}, "Tactics": ["Credential Access"], "provider_guid": "{5770385F-C22A-43E0-BF4C-06F5698FFBD9}", "host": "WIN-U1E6SADQQ7G", "process_id": 520, "record_number": "3723", "user": {"domain": "NT AUTHORITY", "identifier": "S-1-5-18", "type": "User", "name": "SYSTEM"}, "computer_name": "WIN-U1E6SADQQ7G", "task": "Network connection detected (rule: NetworkConnect)", "level": "Information", "opcode": "Info", "@version": "1"}
{"index": {}}
{"log_name": "Microsoft-Windows-Sysmon/Operational", "@timestamp": 1513111716372, "Technique": ["Query Registry"], "thread_id": 3416, "source_name": "Microsoft-Windows-Sysmon", "event_id": 3, "beat": {"hostname": "WIN-U1E6SADQQ7G", "name": "WIN-U1E6SADQQ7G", "version": "5.6.3"}, "version": 5, "type": "wineventlog", "event_data": {"ProcessId": "4", "DestinationPortName": "netbios-dgm", "Protocol": "udp", "Initiated": "true", "DestinationIp": "192.168.1.255", "SourcePortName": "netbios-dgm", "Image": "System", "User": "NT AUTHORITY\\SYSTEM", "DestinationPort": "138", "ProcessGuid": "{704248D8-BA36-59F8-0000-0010EB030000}", "SourcePort": "138", "SourceIsIpv6": "false", "DestinationIsIpv6": "false", "SourceIp": "192.168.1.205", "SourceHostname": "WIN-U1E6SADQQ7G.fios-router.home"}, "Tactics": ["Discovery"], "provider_guid": "{5770385F-C22A-43E0-BF4C-06F5698FFBD9}", "host": "WIN-U1E6SADQQ7G", "process_id": 520, "record_number": "3710", "user": {"domain": "NT AUTHORITY", "identifier": "S-1-5-18", "type": "User", "name": "SYSTEM"}, "computer_name": "WIN-U1E6SADQQ7G", "task": "Network connection detected (rule: NetworkConnect)", "level": "Information", "opcode": "Info", "@version": "1"}
{"index": {}}
{"log_name": "Microsoft-Windows-Sysmon/Operational", "@timestamp": 1513114716817, "Technique": ["Query Registry"], "thread_id": 3416, "source_name": "Microsoft-Windows-Sysmon", "event_id": 3, "beat": {"hostname": "WIN-U1E6SADQQ7G", "name": "WIN-U1E6SADQQ7G", "version": "5.6.3"}, "version": 5, "type": "wineventlog", "event_data": {"ProcessId": "4", "DestinationPortName": "netbios-dgm", "Protocol": "udp", "Initiated": "false", "DestinationIp": "192.168.1.205", "SourcePortName": "netbios-dgm", "Image": "System", "DestinationHostname": "WIN-U1E6SADQQ7G.fios-router.home", "User": "NT AUTHORITY\\SYSTEM", "DestinationPort": "138", "ProcessGuid": "{704248D8-BA36-59F8-0000-0010EB030000}", "SourcePort": "138", "SourceIsIpv6": "false", "DestinationIsIpv6": "false", "SourceIp": "192.168.1.255"}, "Tactics": ["Discovery"], "provider_guid": "{5770385F-C22A-43E0-BF4C-06F5698FFBD9}", "host": "WIN-U1E6SADQQ7G", "process_id": 520, "record_number": "3535", "user": {"domain": "NT AUTHORITY", "identifier": "S-1-5-18", "type": "User", "name": "SYSTEM"}, "computer_name": "WIN-U1E6SADQQ7G", "task": "Network connection detected (rule: NetworkConnect)", "level": "Information", "opcode": "Info", "@version": "1"}
{"index": {}}
{"log_name": "Microsoft-Windows-Sysmon/Operational", "@timestamp": 1513118280344, "Technique": ["File and Directory Discovery"], "thread_id": 3416, "source_name": "Microsoft-Windows-Sysmon", "event_id": 3, "beat": {"hostname": "WIN-U1E6SADQQ7G", "name": "WIN-U1E6SADQQ7G", "version": "5.6.3"}, "version": 5, "type": "wineventlog", "event_data": {"ProcessId": "792", "DestinationPortName": "teredo", "Protocol": "udp", "Initiated": "true", "DestinationIp": "92.242.140.21", "Image": "C:\\Windows\\System32\\svchost.exe", "DestinationHostname": "unallocated.barefruit.co.uk", "User": "NT AUTHORITY\\SYSTEM", "DestinationPort": "3544", "ProcessGuid": "{704248D8-BA3A-59F8-0000-00105F1A0100}", "SourcePort": "57105", "SourceIsIpv6": "false", "DestinationIsIpv6": "false", "SourceIp": "192.168.1.205", "SourceHostname": "WIN-U1E6SADQQ7G.fios-router.home"}, "Tactics": ["Discovery"], "provider_guid": "{5770385F-C22A-43E0-BF4C-06F5698FFBD9}", "host": "WIN-U1E6SADQQ7G", "process_id": 520, "record_number": "3538", "user": {"domain": "NT AUTHORITY", "identifier": "S-1-5-18", "type": "User", "name": "SYSTEM"}, "computer_name": "WIN-U1E6SADQQ7G", "task": "Network connection detected (rule: NetworkConnect)", "level": "Information", "opcode": "Info", "@version": "1"}
{"index": {}}
{"log_name": "Microsoft-Windows-Sysmon/Operational", "@timestamp": 1513122058584, "Technique": ["Network Service Scanning"], "thread_id": 3416, "source_name": "Microsoft-Windows-Sysmon", "event_id": 3, "beat": {"hostname": "WIN-U1E6SADQQ7G", "name": "WIN-U1E6SADQQ7G", "version": "5.6.3"}, "version": 5, "type": "wineventlog", "event_data": {"ProcessId": "4", "DestinationPortName": "netbios-ns", "Protocol": "udp", "Initiated": "false", "DestinationIp": "192.168.1.154", "SourcePortName": "netbios-ns", "Image": "System", "DestinationHostname": "Ronys-MBP.fios-router.home", "User": "NT AUTHORITY\\SYSTEM", "DestinationPort": "137", "ProcessGuid": "{704248D8-BA36-59F8-0000-0010EB030000}", "SourcePort": "137", "SourceIsIpv6": "false", "DestinationIsIpv6": "false", "SourceIp": "192.168.1.255"}, "Tactics": ["Discovery"], "provider_guid": "{5770385F-C22A-43E0-BF4C-06F5698FFBD9}", "host": "WIN-U1E6SADQQ7G", "process_id": 520, "record_number": "3582", "user": {"domain": "NT AUTHORITY", "identifier": "S-1-5-18", "type": "User", "name": "SYSTEM"}, "computer_name": "WIN-U1E6SADQQ7G", "task": "Network connection detected (rule: NetworkConnect)", "level": "Information", "opcode": "Info", "@version": "1"}
{"index": {}}
{"log_name": "Microsoft-Windows-Sysmon/Operational", "@timestamp": 1513124956943, "Technique": ["Process Discovery"], "thread_id": 3196, "source_name": "Microsoft-Windows-Sysmon", "event_id": 5, "beat": {"hostname": "WIN-U1E6SADQQ7G", "name": "WIN-U1E6SADQQ7G", "version": "5.6.3"}, "version": 3, "type": "wineventlog", "event_data": {"ProcessId": "3464", "Image": "C:\\Program Files (x86)\\Google\\Update\\GoogleUpdate.exe", "ProcessGuid": "{704248D8-D697-5A29-0000-00107448F400}"}, "Tactics": ["Discovery"], "provider_guid": "{5770385F-C22A-43E0-BF4C-06F5698FFBD9}", "host": "WIN-U1E6SADQQ7G", "process_id": 520, "record_number": "3532", "user": {"domain": "NT AUTHORITY", "identifier": "S-1-5-18", "type": "User", "name": "SYSTEM"}, "computer_name": "WIN-U1E6SADQQ7G", "task": "Process terminated (rule: ProcessTerminate)", "level": "Information", "opcode": "Info", "@version": "1"}
{"index": {}}
{"log_name": "Microsoft-Windows-Sysmon/Operational", "@timestamp": 1513127630465, "Technique": ["Remote Services"], "thread_id": 3416, "source_name": "Microsoft-Windows-Sysmon", "event_id": 3, "beat": {"hostname": "WIN-U1E6SADQQ7G", "name": "WIN-U1E6SADQQ7G", "version": "5.6.3"}, "version": 5, "type": "wineventlog", "event_data": {"ProcessId": "4", "DestinationPortName": "netbios-ns", "Protocol": "udp", "Initiated": "true", "DestinationIp": "192.168.1.255", "SourcePortName": "netbios-ns", "Image": "System", "User": "NT AUTHORITY\\SYSTEM", "DestinationPort": "137", "ProcessGuid": "{704248D8-BA36-59F8-0000-0010EB030000}", "SourcePort": "137", "SourceIsIpv6": "false", "DestinationIsIpv6": "false", "SourceIp": "192.168.1.205", "SourceHostname": "WIN-U1E6SADQQ7G.fios-router.home"}, "Tactics": ["Lateral Movement"], "provider_guid": "{5770385F-C22A-43E0-BF4C-06F5698FFBD9}", "host": "WIN-U1E6SADQQ7G", "process_id": 520, "record_number": "3677", "user": {"domain": "NT AUTHORITY", "identifier": "S-1-5-18", "type": "User", "name": "SYSTEM"}, "computer_name": "WIN-U1E6SADQQ7G", "task": "Network connection detected (rule: NetworkConnect)", "level": "Information", "opcode": "Info", "@version": "1"}
{"index": {}}
{"log_name": "Microsoft-Windows-Sysmon/Operational", "@timestamp": 1513130915170, "Technique": ["Remote Services"], "thread_id": 3416, "source_name": "Microsoft-Windows-Sysmon", "event_id": 3, "beat": {"hostname": "WIN-U1E6SADQQ7G", "name": "WIN-U1E6SADQQ7G", "version": "5.6.3"}, "version": 5, "type": "wineventlog", "event_data": {"ProcessId": "1884", "Protocol": "udp", "DestinationIp": "192.168.1.151", "Initiated": "false", "Image": "C:\\Program Files (x86)\\Google\\Chrome\\Application\\chrome.exe", "DestinationHostname": "Libys-MBP.fios-router.home", "User": "WIN-U1E6SADQQ7G\\Administrator", "DestinationPort": "5353", "ProcessGuid": "{704248D8-35D4-59F9-0000-0010004D1C00}", "SourcePort": "5353", "SourceIsIpv6": "false", "DestinationIsIpv6": "false", "SourceIp": "224.0.0.251"}, "Tactics": ["Lateral Movement"], "provider_guid": "{5770385F-C22A-43E0-BF4C-06F5698FFBD9}", "host": "WIN-U1E6SADQQ7G", "process_id": 520, "record_number": "3650", "user": {"domain": "NT AUTHORITY", "identifier": "S-1-5-18", "type": "User", "name": "SYSTEM"}, "computer_name": "WIN-U1E6SADQQ7G", "task": "Network connection detected (rule: NetworkConnect)", "level": "Information", "opcode": "Info", "@version": "1"}
{"index": {}}
{"log_name": "Microsoft-Windows-Sysmon/Operational", "@timestamp": 1513134922003, "Technique": ["Remote Services"], "thread_id": 3416, "source_name": "Microsoft-Windows-Sysmon", "event_id": 3, "beat": {"hostname": "WIN-U1E6SADQQ7G", "name": "WIN-U1E6SADQQ7G", "version": "5.6.3"}, "version": 5, "type": "wineventlog", "event_data": {"ProcessId": "1884", "Protocol": "udp", "DestinationIp": "192.168.1.155", "Initiated": "false", "Image": "C:\\Program Files (x86)\\Google\\Chrome\\Application\\chrome.exe", "DestinationHostname": "iPhone.fios-router.home", "User": "WIN-U1E6SADQQ7G\\Administrator", "DestinationPort": "5353", "ProcessGuid": "{704248D8-35D4-59F9-0000-0010004D1C00}", "SourcePort": "5353", "SourceIsIpv6": "false", "DestinationIsIpv6": "false", "SourceIp": "224.0.0.251"}, "Tactics": ["Lateral Movement"], "provider_guid": "{5770385F-C22A-43E0-BF4C-06F5698FFBD9}", "host": "WIN-U1E6SADQQ7G", "process_id": 520, "record_number": "3675", "user": {"domain": "NT AUTHORITY", "identifier": "S-1-5-18", "type": "User", "name": "SYSTEM"}, "computer_name": "WIN-U1E6SADQQ7G", "task": "Network connection detected (rule: NetworkConnect)", "level": "Information", "opcode": "Info", "@version": "1"}
{"index": {}}
{"log_name": "Microsoft-Windows-Sysmon/Operational", "@timestamp": 1513138338432, "Technique": ["Remote Services"], "thread_id": 3416, "source_name": "Microsoft-Windows-Sysmon", "event_id": 3, "beat": {"hostname": "WIN-U1E6SADQQ7G", "name": "WIN-U1E6SADQQ7G", "version": "5.6.3"}, "version": 5, "type": "wineventlog", "event_data": {"ProcessId": "3596", "Protocol": "tcp", "DestinationIp": "192.168.1.198", "Initiated": "true", "Image": "C:\\Users\\Administrator\\Downloads\\winlogbeat-5.6.3-windows-x86_64\\winlogbeat-5.6.3-windows-x86_64\\winlogbeat.exe", "DestinationHostname": "ubuntu.fios-router.home", "User": "NT AUTHORITY\\SYSTEM", "DestinationPort": "5044", "ProcessGuid": "{704248D8-5020-59F9-0000-0010F0C94D00}", "SourcePort": "50749", "SourceIsIpv6": "false", "DestinationIsIpv6": "false", "SourceIp": "192.168.1.205", "SourceHostname": "WIN-U1E6SADQQ7G.fios-router.home"}, "Tactics": ["Lateral Movement"], "provider_guid": "{5770385F-C22A-43E0-BF4C-06F5698FFBD9}", "host": "WIN-U1E6SADQQ7G", "process_id": 520, "record_number": "3697", "user": {"domain": "NT AUTHORITY", "identifier": "S-1-5-18", "type": "User", "name": "SYSTEM"}, "computer_name": "WIN-U1E6SADQQ7G", "task": "Network connection detected (rule: NetworkConnect)", "level": "Information", "opcode": "Info", "@version": "1"}
{"index": {}}
{"log_name": "Microsoft-Windows-Sysmon/Operational", "@timestamp": 1513141008457, "Technique": ["Remote Services"], "thread_id": 3416, "source_name": "Microsoft-Windows-Sysmon", "event_id": 3, "beat": {"hostname": "WIN-U1E6SADQQ7G", "name": "WIN-U1E6SADQQ7G", "version": "5.6.3"}, "version": 5, "type": "wineventlog", "event_data": {"ProcessId": "4", "DestinationPortName": "netbios-ns", "Protocol": "udp", "Initiated": "false", "DestinationIp": "192.168.1.205", "SourcePortName": "netbios-ns", "Image": "System", "DestinationHostname": "WIN-U1E6SADQQ7G.fios-router.home", "User": "NT AUTHORITY\\SYSTEM", "DestinationPort": "137", "ProcessGuid": "{704248D8-BA36-59F8-0000-0010EB030000}", "SourcePort": "137", "SourceIsIpv6": "false", "DestinationIsIpv6": "false", "SourceIp": "192.168.1.255"}, "Tactics": ["Lateral Movement"], "provider_guid": "{5770385F-C22A-43E0-BF4C-06F5698FFBD9}", "host": "WIN-U1E6SADQQ7G", "process_id": 520, "record_number": "3717", "user": {"domain": "NT AUTHORITY", "identifier": "S-1-5-18", "type": "User", "name": "SYSTEM"}, "computer_name": "WIN-U1E6SADQQ7G", "task": "Network connection detected (rule: NetworkConnect)", "level": "Information", "opcode": "Info", "@version": "1"}
{"index": {}}
{"log_name": "Microsoft-Windows-Sysmon/Operational", "@timestamp": 1513146991550, "Technique": ["Rundll32"], "thread_id": 3416, "source_name": "Microsoft-Windows-Sysmon", "event_id": 3, "beat": {"hostname": "WIN-U1E6SADQQ7G", "name": "WIN-U1E6SADQQ7G", "version": "5.6.3"}, "version": 5, "type": "wineventlog", "event_data": {"ProcessId": "908", "DestinationPortName": "domain", "Protocol": "udp", "Initiated": "true", "DestinationIp": "c0a8:101:7252:d301:8e9:ab34:7252:d301", "Image": "C:\\Windows\\System32\\svchost.exe", "User": "NT AUTHORITY\\NETWORK SERVICE", "DestinationPort": "53", "ProcessGuid": "{704248D8-BA3A-59F8-0000-001033340100}", "SourcePort": "64152", "SourceIsIpv6": "true", "DestinationIsIpv6": "true", "SourceIp": "c0a8:1cd:0:0:e8b1:495e:1e0:ffff"}, "Tactics": ["Execution"], "provider_guid": "{5770385F-C22A-43E0-BF4C-06F5698FFBD9}", "host": "WIN-U1E6SADQQ7G", "process_id": 520, "record_number": "3726", "user": {"domain": "NT AUTHORITY", "identifier": "S-1-5-18", "type": "User", "name": "SYSTEM"}, "computer_name": "WIN-U1E6SADQQ7G", "task": "Network connection detected (rule: NetworkConnect)", "level": "Information", "opcode": "Info", "@version": "1"}
{"index": {}}
{"log_name": "Microsoft-Windows-Sysmon/Operational", "@timestamp": 1513151340132, "Technique": ["Remote File Copy"], "thread_id": 3416, "source_name": "Microsoft-Windows-Sysmon", "event_id": 3, "beat": {"hostname": "WIN-U1E6SADQQ7G", "name": "WIN-U1E6SADQQ7G", "version": "5.6.3"}, "version": 5, "type": "wineventlog", "event_data": {"ProcessId": "4", "DestinationPortName": "netbios-ns", "Protocol": "udp", "Initiated": "false", "DestinationIp": "192.168.1.154", "SourcePortName": "netbios-ns", "Image": "System", "DestinationHostname": "Ronys-MBP.fios-router.home", "User": "NT AUTHORITY\\SYSTEM", "DestinationPort": "137", "ProcessGuid": "{704248D8-BA36-59F8-0000-0010EB030000}", "SourcePort": "137", "SourceIsIpv6": "false", "DestinationIsIpv6": "false", "SourceIp": "192.168.1.255"}, "Tactics": ["Lateral Movement"], "provider_guid": "{5770385F-C22A-43E0-BF4C-06F5698FFBD9}", "host": "WIN-U1E6SADQQ7G", "process_id": 520, "record_number": "3740", "user": {"domain": "NT AUTHORITY", "identifier": "S-1-5-18", "type": "User", "name": "SYSTEM"}, "computer_name": "WIN-U1E6SADQQ7G", "task": "Network connection detected (rule: NetworkConnect)", "level": "Information", "opcode": "Info", "@version": "1"}
{"index": {}}
{"log_name": "Microsoft-Windows-Sysmon/Operational", "@timestamp": 1513154108812, "Technique": ["Pass the Hash"], "thread_id": 3196, "source_name": "Microsoft-Windows-Sysmon", "event_id": 2, "beat": {"hostname": "WIN-U1E6SADQQ7G", "name": "WIN-U1E6SADQQ7G", "version": "5.6.3"}, "version": 4, "type": "wineventlog", "event_data": {"ProcessId": "1884", "Image": "C:\\Program Files (x86)\\Google\\Chrome\\Application\\chrome.exe", "CreationUtcTime": "2017-06-14 16:26:39.756", "PreviousCreationUtcTime": "2017-12-08 00:29:28.511", "ProcessGuid": "{704248D8-35D4-59F9-0000-0010004D1C00}", "TargetFilename": "C:\\Users\\Administrator\\AppData\\Local\\Google\\Chrome\\User Data\\0fdfbf7d-3404-4ed5-adb7-e533e242cb6e.tmp"}, "Tactics": ["Lateral Movement"], "provider_guid": "{5770385F-C22A-43E0-BF4C-06F5698FFBD9}", "host": "WIN-U1E6SADQQ7G", "process_id": 520, "record_number": "3592", "user": {"domain": "NT AUTHORITY", "identifier": "S-1-5-18", "type": "User", "name": "SYSTEM"}, "computer_name": "WIN-U1E6SADQQ7G", "task": "File creation time changed (rule: FileCreateTime)", "level": "Information", "opcode": "Info", "@version": "1"}
{"index": {}}
{"log_name": "Microsoft-Windows-Sysmon/Operational", "@timestamp": 1513155821444, "Technique": ["Rundll32"], "thread_id": 3416, "source_name": "Microsoft-Windows-Sysmon", "event_id": 3, "beat": {"hostname": "WIN-U1E6SADQQ7G", "name": "WIN-U1E6SADQQ7G", "version": "5.6.3"}, "version": 5, "type": "wineventlog", "event_data": {"ProcessId": "3596", "Protocol": "tcp", "DestinationIp": "192.168.1.198", "Initiated": "true", "Image": "C:\\Users\\Administrator\\Downloads\\winlogbeat-5.6.3-windows-x86_64\\winlogbeat-5.6.3-windows-x86_64\\winlogbeat.exe", "DestinationHostname": "ubuntu.fios-router.home", "User": "NT AUTHORITY\\SYSTEM", "DestinationPort": "5044", "ProcessGuid": "{704248D8-5020-59F9-0000-0010F0C94D00}", "SourcePort": "50737", "SourceIsIpv6": "false", "DestinationIsIpv6": "false", "SourceIp": "192.168.1.205", "SourceHostname": "WIN-U1E6SADQQ7G.fios-router.home"}, "Tactics": ["Execution"], "provider_guid": "{5770385F-C22A-43E0-BF4C-06F5698FFBD9}", "host": "WIN-U1E6SADQQ7G", "process_id": 520, "record_number": "3670", "user": {"domain": "NT AUTHORITY", "identifier": "S-1-5-18", "type": "User", "name": "SYSTEM"}, "computer_name": "WIN-U1E6SADQQ7G", "task": "Network connection detected (rule: NetworkConnect)", "level": "Information", "opcode": "Info", "@version": "1"}
{"index": {}}
{"log_name": "Microsoft-Windows-Sysmon/Operational", "@timestamp": 1513161013516, "Technique": ["Rundll32"], "thread_id": 3416, "source_name": "Microsoft-Windows-Sysmon", "event_id": 3, "beat": {"hostname": "WIN-U1E6SADQQ7G", "name": "WIN-U1E6SADQQ7G", "version": "5.6.3"}, "version": 5, "type": "wineventlog", "event_data": {"ProcessId": "756", "DestinationPortName": "dhcpv6-server", "Protocol": "udp", "Initiated": "true", "DestinationIp": "ff02:0:0:0:0:0:1:2", "SourcePortName": "dhcpv6-client", "Image": "C:\\Windows\\System32\\svchost.exe", "User": "NT AUTHORITY\\LOCAL SERVICE", "DestinationPort": "547", "ProcessGuid": "{704248D8-BA3A-59F8-0000-0010FC160100}", "SourcePort": "546", "SourceIsIpv6": "true", "DestinationIsIpv6": "true", "SourceIp": "fe80:0:0:0:803:376b:3f57:fe32"}, "Tactics": ["Execution"], "provider_guid": "{5770385F-C22A-43E0-BF4C-06F5698FFBD9}", "host": "WIN-U1E6SADQQ7G", "process_id": 520, "record_number": "3699", "user": {"domain": "NT AUTHORITY", "identifier": "S-1-5-18", "type": "User", "name": "SYSTEM"}, "computer_name": "WIN-U1E6SADQQ7G", "task": "Network connection detected (rule: NetworkConnect)", "level": "Information", "opcode": "Info", "@version": "1"}
{"index": {}}
{"log_name": "Microsoft-Windows-Sysmon/Operational", "@timestamp": 1513165368839, "Technique": ["Screen Capture"], "thread_id": 3196, "source_name": "Microsoft-Windows-Sysmon", "event_id": 1, "beat": {"hostname": "WIN-U1E6SADQQ7G", "name": "WIN-U1E6SADQQ7G", "version": "5.6.3"}, "version": 5, "type": "wineventlog", "event_data": {"ProcessId": "4520", "LogonGuid": "{704248D8-BA39-59F8-0000-0020E7030000}", "ParentImage": "C:\\Windows\\System32\\svchost.exe", "LogonId": "0x3e7", "ParentProcessId": "792", "CurrentDirectory": "C:\\Windows\\system32\\", "Image": "C:\\Windows\\System32\\taskeng.exe", "IntegrityLevel": "System", "ParentProcessGuid": "{704248D8-BA3A-59F8-0000-00105F1A0100}", "ParentCommandLine": "C:\\Windows\\system32\\svchost.exe -k netsvcs", "TerminalSessionId": "0", "User": "NT AUTHORITY\\SYSTEM", "ProcessGuid": "{704248D8-F2B7-5A29-0000-0010BABB0501}", "Hashes": "SHA1=6F6959BB113BACAF9D8336BA73F555D97A140085", "CommandLine": "taskeng.exe {C7EAC1D4-3281-48ED-97DB-C060454C5483} S-1-5-18:NT AUTHORITY\\System:Service:"}, "Tactics": ["Collection"], "provider_guid": "{5770385F-C22A-43E0-BF4C-06F5698FFBD9}", "host": "WIN-U1E6SADQQ7G", "process_id": 520, "record_number": "3800", "user": {"domain": "NT AUTHORITY", "identifier": "S-1-5-18", "type": "User", "name": "SYSTEM"}, "computer_name": "WIN-U1E6SADQQ7G", "task": "Process Create (rule: ProcessCreate)", "level": "Information", "opcode": "Info", "@version": "1"}
{"index": {}}
{"log_name": "Microsoft-Windows-Sysmon/Operational", "@timestamp": 1513166796359, "Technique": ["PowerShell"], "thread_id": 3416, "source_name": "Microsoft-Windows-Sysmon", "event_id": 3, "beat": {"hostname": "WIN-U1E6SADQQ7G", "name": "WIN-U1E6SADQQ7G", "version": "5.6.3"}, "version": 5, "type": "wineventlog", "event_data": {"ProcessId": "908", "DestinationPortName": "llmnr", "Protocol": "udp", "Initiated": "true", "DestinationIp": "ff02:0:0:0:0:0:1:3", "Image": "C:\\Windows\\System32\\svchost.exe", "User": "NT AUTHORITY\\NETWORK SERVICE", "DestinationPort": "5355", "ProcessGuid": "{704248D8-BA3A-59F8-0000-001033340100}", "SourcePort": "65524", "SourceIsIpv6": "true", "DestinationIsIpv6": "true", "SourceIp": "fe80:0:0:0:74b4:adaf:2506:42b1", "SourceHostname": "WIN-U1E6SADQQ7G.fios-router.home"}, "Tactics": ["Execution"], "provider_guid": "{5770385F-C22A-43E0-BF4C-06F5698FFBD9}", "host": "WIN-U1E6SADQQ7G", "process_id": 520, "record_number": "3752", "user": {"domain": "NT AUTHORITY", "identifier": "S-1-5-18", "type": "User", "name": "SYSTEM"}, "computer_name": "WIN-U1E6SADQQ7G", "task": "Network connection detected (rule: NetworkConnect)", "level": "Information", "opcode": "Info", "@version": "1"}
{"index": {}}
{"log_name": "Microsoft-Windows-Sysmon/Operational", "@timestamp": 1513172135540, "Technique": ["Input Capture"], "thread_id": 3416, "source_name": "Microsoft-Windows-Sysmon", "event_id": 3, "beat": {"hostname": "WIN-U1E6SADQQ7G", "name": "WIN-U1E6SADQQ7G", "version": "5.6.3"}, "version": 5, "type": "wineventlog", "event_data": {"ProcessId": "1884", "Protocol": "udp", "DestinationIp": "fe80:0:0:0:182d:344c:1da2:b99b", "Initiated": "false", "Image": "C:\\Program Files (x86)\\Google\\Chrome\\Application\\chrome.exe", "User": "WIN-U1E6SADQQ7G\\Administrator", "DestinationPort": "5353", "ProcessGuid": "{704248D8-35D4-59F9-0000-0010004D1C00}", "SourcePort": "5353", "SourceIsIpv6": "true", "DestinationIsIpv6": "true", "SourceIp": "ff02:0:0:0:0:0:0:fb"}, "Tactics": ["Collection"], "provider_guid": "{5770385F-C22A-43E0-BF4C-06F5698FFBD9}", "host": "WIN-U1E6SADQQ7G", "process_id": 520, "record_number": "3775", "user": {"domain": "NT AUTHORITY", "identifier": "S-1-5-18", "type": "User", "name": "SYSTEM"}, "computer_name": "WIN-U1E6SADQQ7G", "task": "Network connection detected (rule: NetworkConnect)", "level": "Information", "opcode": "Info", "@version": "1"}
{"index": {}}
{"log_name": "Microsoft-Windows-Sysmon/Operational", "@timestamp": 1513174766243, "Technique": ["Data Staged"], "thread_id": 3416, "source_name": "Microsoft-Windows-Sysmon", "event_id": 3, "beat": {"hostname": "WIN-U1E6SADQQ7G", "name": "WIN-U1E6SADQQ7G", "version": "5.6.3"}, "version": 5, "type": "wineventlog", "event_data": {"ProcessId": "1884", "Protocol": "udp", "DestinationIp": "192.168.1.151", "Initiated": "false", "Image": "C:\\Program Files (x86)\\Google\\Chrome\\Application\\chrome.exe", "DestinationHostname": "Libys-MBP.fios-router.home", "User": "WIN-U1E6SADQQ7G\\Administrator", "DestinationPort": "5353", "ProcessGuid": "{704248D8-35D4-59F9-0000-0010004D1C00}", "SourcePort": "5353", "SourceIsIpv6": "false", "DestinationIsIpv6": "false", "SourceIp": "224.0.0.251"}, "Tactics": ["Collection"], "provider_guid": "{5770385F-C22A-43E0-BF4C-06F5698FFBD9}", "host": "WIN-U1E6SADQQ7G", "process_id": 520, "record_number": "3776", "user": {"domain": "NT AUTHORITY", "identifier": "S-1-5-18", "type": "User", "name": "SYSTEM"}, "computer_name": "WIN-U1E6SADQQ7G", "task": "Network connection detected (rule: NetworkConnect)", "level": "Information", "opcode": "Info", "@version": "1"}
