      {
        "_index" : "test",
        "_type" : "wineventlog",
        "_id" : "AWBHnJ9W2lDISLgezq4A",
        "_score" : 1.0,
        "_source" : {
          "@timestamp" : 1512536491827,
          "@version" : "1",
          "beat" : {
            "hostname" : "WIN-U1E6SADQQ7G",
            "name" : "WIN-U1E6SADQQ7G",
            "version" : "5.6.3"
          },
          "computer_name" : "WIN-U1E6SADQQ7G",
          "event_data" : {
            "CreationUtcTime" : "2017-06-14 16:26:39.756",
            "Image" : "C:\\Program Files (x86)\\Google\\Chrome\\Application\\chrome.exe",
            "PreviousCreationUtcTime" : "2017-12-06 05:01:31.824",
            "ProcessGuid" : "{704248D8-35D4-59F9-0000-0010004D1C00}",
            "ProcessId" : "1884",
            "TargetFilename" : "C:\\Users\\Administrator\\AppData\\Local\\Google\\Chrome\\User Data\\6665f060-9504-4a76-8e44-5e715188f7dc.tmp",
            "UtcTime" : "2017-12-06 05:01:31.826"
          },
          "event_id" : 2,
          "host" : "WIN-U1E6SADQQ7G",
          "level" : "Information",
          "log_name" : "Microsoft-Windows-Sysmon/Operational",
          "message" : "File creation time changed:\nUtcTime: 2017-12-06 05:01:31.826\nProcessGuid: {704248D8-35D4-59F9-0000-0010004D1C00}\nProcessId: 1884\nImage: C:\\Program Files (x86)\\Google\\Chrome\\Application\\chrome.exe\nTargetFilename: C:\\Users\\Administrator\\AppData\\Local\\Google\\Chrome\\User Data\\6665f060-9504-4a76-8e44-5e715188f7dc.tmp\nCreationUtcTime: 2017-06-14 16:26:39.756\nPreviousCreationUtcTime: 2017-12-06 05:01:31.824",
          "opcode" : "Info",
          "process_id" : 520,
          "provider_guid" : "{5770385F-C22A-43E0-BF4C-06F5698FFBD9}",
          "record_number" : "1945",
          "source_name" : "Microsoft-Windows-Sysmon",
          "task" : "File creation time changed (rule: FileCreateTime)",
          "thread_id" : 3196,
          "type" : "wineventlog",
          "user" : {
            "domain" : "NT AUTHORITY",
            "identifier" : "S-1-5-18",
            "name" : "SYSTEM",
            "type" : "User"
          },
          "version" : 4
        }
      },
      {
        "_index" : "test",
        "_type" : "wineventlog",
        "_id" : "AWBHnJ9W2lDISLgezq4E",
        "_score" : 1.0,
        "_source" : {
          "@timestamp" : 1512562715095,
          "@version" : "1",
          "beat" : {
            "hostname" : "WIN-U1E6SADQQ7G",
            "name" : "WIN-U1E6SADQQ7G",
            "version" : "5.6.3"
          },
          "computer_name" : "WIN-U1E6SADQQ7G",
          "event_data" : {
            "CommandLine" : "\"C:\\Windows\\Microsoft.NET\\Framework\\v4.0.30319\\NGenTask.exe\" /RuntimeWide /StopEvent:840",
            "CurrentDirectory" : "C:\\Windows\\system32\\",
            "Hashes" : "SHA1=158C27C6378A6C8842AB96938681F983FDCAEA33",
            "Image" : "C:\\Windows\\Microsoft.NET\\Framework\\v4.0.30319\\ngentask.exe",
            "IntegrityLevel" : "System",
            "LogonGuid" : "{704248D8-BA39-59F8-0000-0020E7030000}",
            "LogonId" : "0x3e7",
            "ParentCommandLine" : "taskhost.exe SYSTEM",
            "ParentImage" : "C:\\Windows\\System32\\taskhost.exe",
            "ParentProcessGuid" : "{704248D8-E01A-5A27-0000-0010B662A300}",
            "ParentProcessId" : "4320",
            "ProcessGuid" : "{704248D8-E01B-5A27-0000-0010E879A300}",
            "ProcessId" : "3408",
            "TerminalSessionId" : "0",
            "User" : "NT AUTHORITY\\SYSTEM",
            "UtcTime" : "2017-12-06 12:18:35.095"
          },
          "event_id" : 1,
          "host" : "WIN-U1E6SADQQ7G",
          "level" : "Information",
          "log_name" : "Microsoft-Windows-Sysmon/Operational",
          "message" : "Process Create:\nUtcTime: 2017-12-06 12:18:35.095\nProcessGuid: {704248D8-E01B-5A27-0000-0010E879A300}\nProcessId: 3408\nImage: C:\\Windows\\Microsoft.NET\\Framework\\v4.0.30319\\ngentask.exe\nCommandLine: \"C:\\Windows\\Microsoft.NET\\Framework\\v4.0.30319\\NGenTask.exe\" /RuntimeWide /StopEvent:840\nCurrentDirectory: C:\\Windows\\system32\\\nUser: NT AUTHORITY\\SYSTEM\nLogonGuid: {704248D8-BA39-59F8-0000-0020E7030000}\nLogonId: 0x3E7\nTerminalSessionId: 0\nIntegrityLevel: System\nHashes: SHA1=158C27C6378A6C8842AB96938681F983FDCAEA33\nParentProcessGuid: {704248D8-E01A-5A27-0000-0010B662A300}\nParentProcessId: 4320\nParentImage: C:\\Windows\\System32\\taskhost.exe\nParentCommandLine: taskhost.exe SYSTEM",
          "opcode" : "Info",
          "process_id" : 520,
          "provider_guid" : "{5770385F-C22A-43E0-BF4C-06F5698FFBD9}",
          "record_number" : "2059",
          "source_name" : "Microsoft-Windows-Sysmon",
          "task" : "Process Create (rule: ProcessCreate)",
          "thread_id" : 3196,
          "type" : "wineventlog",
          "user" : {
            "domain" : "NT AUTHORITY",
            "identifier" : "S-1-5-18",
            "name" : "SYSTEM",
            "type" : "User"
          },
          "version" : 5
        }
      },
      {
        "_index" : "test",
        "_type" : "wineventlog",
        "_id" : "AWBHnJ9W2lDISLgezq4H",
        "_score" : 1.0,
        "_source" : {
          "@timestamp" : 1512556204759,
          "@version" : "1",
          "beat" : {
            "hostname" : "WIN-U1E6SADQQ7G",
            "name" : "WIN-U1E6SADQQ7G",
            "version" : "5.6.3"
          },
          "computer_name" : "WIN-U1E6SADQQ7G",
          "event_data" : {
            "Image" : "C:\\Windows\\System32\\taskhostex.exe",
            "ProcessGuid" : "{704248D8-C6AC-5A27-0000-00102030A300}",
            "ProcessId" : "3804",
            "UtcTime" : "2017-12-06 10:30:04.759"
          },
          "event_id" : 5,
          "host" : "WIN-U1E6SADQQ7G",
          "level" : "Information",
          "log_name" : "Microsoft-Windows-Sysmon/Operational",
          "message" : "Process terminated:\nUtcTime: 2017-12-06 10:30:04.759\nProcessGuid: {704248D8-C6AC-5A27-0000-00102030A300}\nProcessId: 3804\nImage: C:\\Windows\\System32\\taskhostex.exe",
          "opcode" : "Info",
          "process_id" : 520,
          "provider_guid" : "{5770385F-C22A-43E0-BF4C-06F5698FFBD9}",
          "record_number" : "2028",
          "source_name" : "Microsoft-Windows-Sysmon",
          "task" : "Process terminated (rule: ProcessTerminate)",
          "thread_id" : 3196,
          "type" : "wineventlog",
          "user" : {
            "domain" : "NT AUTHORITY",
            "identifier" : "S-1-5-18",
            "name" : "SYSTEM",
            "type" : "User"
          },
          "version" : 3
        }
      },
      {
        "_index" : "test",
        "_type" : "wineventlog",
        "_id" : "AWBHnJ9W2lDISLgezq4N",
        "_score" : 1.0,
        "_source" : {
          "@timestamp" : 1512583351019,
          "@version" : "1",
          "beat" : {
            "hostname" : "WIN-U1E6SADQQ7G",
            "name" : "WIN-U1E6SADQQ7G",
            "version" : "5.6.3"
          },
          "computer_name" : "WIN-U1E6SADQQ7G",
          "event_data" : {
            "CommandLine" : "\"C:\\Program Files (x86)\\Google\\Update\\GoogleUpdate.exe\" /ua /installsource scheduler",
            "CurrentDirectory" : "C:\\Windows\\system32\\",
            "Hashes" : "SHA1=290093ED555F56B0896AEBD1E2D498B0E554D697",
            "Image" : "C:\\Program Files (x86)\\Google\\Update\\GoogleUpdate.exe",
            "IntegrityLevel" : "System",
            "LogonGuid" : "{704248D8-BA39-59F8-0000-0020E7030000}",
            "LogonId" : "0x3e7",
            "ParentCommandLine" : "taskeng.exe {B8497BD3-3710-4332-8FB6-C27929531870} S-1-5-18:NT AUTHORITY\\System:Service:",
            "ParentImage" : "C:\\Windows\\System32\\taskeng.exe",
            "ParentProcessGuid" : "{704248D8-30B7-5A28-0000-00102692A800}",
            "ParentProcessId" : "1284",
            "ProcessGuid" : "{704248D8-30B7-5A28-0000-00106893A800}",
            "ProcessId" : "2648",
            "TerminalSessionId" : "0",
            "User" : "NT AUTHORITY\\SYSTEM",
            "UtcTime" : "2017-12-06 18:02:31.018"
          },
          "event_id" : 1,
          "host" : "WIN-U1E6SADQQ7G",
          "level" : "Information",
          "log_name" : "Microsoft-Windows-Sysmon/Operational",
          "message" : "Process Create:\nUtcTime: 2017-12-06 18:02:31.018\nProcessGuid: {704248D8-30B7-5A28-0000-00106893A800}\nProcessId: 2648\nImage: C:\\Program Files (x86)\\Google\\Update\\GoogleUpdate.exe\nCommandLine: \"C:\\Program Files (x86)\\Google\\Update\\GoogleUpdate.exe\" /ua /installsource scheduler\nCurrentDirectory: C:\\Windows\\system32\\\nUser: NT AUTHORITY\\SYSTEM\nLogonGuid: {704248D8-BA39-59F8-0000-0020E7030000}\nLogonId: 0x3E7\nTerminalSessionId: 0\nIntegrityLevel: System\nHashes: SHA1=290093ED555F56B0896AEBD1E2D498B0E554D697\nParentProcessGuid: {704248D8-30B7-5A28-0000-00102692A800}\nParentProcessId: 1284\nParentImage: C:\\Windows\\System32\\taskeng.exe\nParentCommandLine: taskeng.exe {B8497BD3-3710-4332-8FB6-C27929531870} S-1-5-18:NT AUTHORITY\\System:Service:",
          "opcode" : "Info",
          "process_id" : 520,
          "provider_guid" : "{5770385F-C22A-43E0-BF4C-06F5698FFBD9}",
          "record_number" : "2231",
          "source_name" : "Microsoft-Windows-Sysmon",
          "task" : "Process Create (rule: ProcessCreate)",
          "thread_id" : 3196,
          "type" : "wineventlog",
          "user" : {
            "domain" : "NT AUTHORITY",
            "identifier" : "S-1-5-18",
            "name" : "SYSTEM",
            "type" : "User"
          },
          "version" : 5
        }
      },
      {
        "_index" : "test",
        "_type" : "wineventlog",
        "_id" : "AWBHnJ9W2lDISLgezq4P",
        "_score" : 1.0,
        "_source" : {
          "@timestamp" : 1512603467171,
          "@version" : "1",
          "beat" : {
            "hostname" : "WIN-U1E6SADQQ7G",
            "name" : "WIN-U1E6SADQQ7G",
            "version" : "5.6.3"
          },
          "computer_name" : "WIN-U1E6SADQQ7G",
          "event_data" : {
            "Image" : "C:\\Windows\\System32\\taskeng.exe",
            "ProcessGuid" : "{704248D8-30B7-5A28-0000-00102692A800}",
            "ProcessId" : "1284",
            "UtcTime" : "2017-12-06 23:37:47.171"
          },
          "event_id" : 5,
          "host" : "WIN-U1E6SADQQ7G",
          "level" : "Information",
          "log_name" : "Microsoft-Windows-Sysmon/Operational",
          "message" : "Process terminated:\nUtcTime: 2017-12-06 23:37:47.171\nProcessGuid: {704248D8-30B7-5A28-0000-00102692A800}\nProcessId: 1284\nImage: C:\\Windows\\System32\\taskeng.exe",
          "opcode" : "Info",
          "process_id" : 520,
          "provider_guid" : "{5770385F-C22A-43E0-BF4C-06F5698FFBD9}",
          "record_number" : "2288",
          "source_name" : "Microsoft-Windows-Sysmon",
          "task" : "Process terminated (rule: ProcessTerminate)",
          "thread_id" : 3196,
          "type" : "wineventlog",
          "user" : {
            "domain" : "NT AUTHORITY",
            "identifier" : "S-1-5-18",
            "name" : "SYSTEM",
            "type" : "User"
          },
          "version" : 3
        }
      },
      {
        "_index" : "test",
        "_type" : "wineventlog",
        "_id" : "AWBHnJ-22lDISLgezq4V",
        "_score" : 1.0,
        "_source" : {
          "@timestamp" : 1512694768466,
          "@version" : "1",
          "beat" : {
            "hostname" : "WIN-U1E6SADQQ7G",
            "name" : "WIN-U1E6SADQQ7G",
            "version" : "5.6.3"
          },
          "computer_name" : "WIN-U1E6SADQQ7G",
          "event_data" : {
            "CreationUtcTime" : "2017-06-14 16:26:39.756",
            "Image" : "C:\\Program Files (x86)\\Google\\Chrome\\Application\\chrome.exe",
            "PreviousCreationUtcTime" : "2017-12-08 00:59:28.463",
            "ProcessGuid" : "{704248D8-35D4-59F9-0000-0010004D1C00}",
            "ProcessId" : "1884",
            "TargetFilename" : "C:\\Users\\Administrator\\AppData\\Local\\Google\\Chrome\\User Data\\a6c1720d-bdde-442d-bee0-4e92fa359e7f.tmp",
            "UtcTime" : "2017-12-08 00:59:28.465"
          },
          "event_id" : 2,
          "host" : "WIN-U1E6SADQQ7G",
          "level" : "Information",
          "log_name" : "Microsoft-Windows-Sysmon/Operational",
          "message" : "File creation time changed:\nUtcTime: 2017-12-08 00:59:28.465\nProcessGuid: {704248D8-35D4-59F9-0000-0010004D1C00}\nProcessId: 1884\nImage: C:\\Program Files (x86)\\Google\\Chrome\\Application\\chrome.exe\nTargetFilename: C:\\Users\\Administrator\\AppData\\Local\\Google\\Chrome\\User Data\\a6c1720d-bdde-442d-bee0-4e92fa359e7f.tmp\nCreationUtcTime: 2017-06-14 16:26:39.756\nPreviousCreationUtcTime: 2017-12-08 00:59:28.463",
          "opcode" : "Info",
          "process_id" : 520,
          "provider_guid" : "{5770385F-C22A-43E0-BF4C-06F5698FFBD9}",
          "record_number" : "3665",
          "source_name" : "Microsoft-Windows-Sysmon",
          "task" : "File creation time changed (rule: FileCreateTime)",
          "thread_id" : 3196,
          "type" : "wineventlog",
          "user" : {
            "domain" : "NT AUTHORITY",
            "identifier" : "S-1-5-18",
            "name" : "SYSTEM",
            "type" : "User"
          },
          "version" : 4
        }
      },
      {
        "_index" : "test",
        "_type" : "wineventlog",
        "_id" : "AWBHnJ-22lDISLgezq4W",
        "_score" : 1.0,
        "_source" : {
          "@timestamp" : 1512694585479,
          "@version" : "1",
          "beat" : {
            "hostname" : "WIN-U1E6SADQQ7G",
            "name" : "WIN-U1E6SADQQ7G",
            "version" : "5.6.3"
          },
          "computer_name" : "WIN-U1E6SADQQ7G",
          "event_data" : {
            "Image" : "C:\\Windows\\System32\\wbem\\WmiPrvSE.exe",
            "ProcessGuid" : "{704248D8-E2FC-5A29-0000-001057F2FC00}",
            "ProcessId" : "3832",
            "UtcTime" : "2017-12-08 00:56:25.479"
          },
          "event_id" : 5,
          "host" : "WIN-U1E6SADQQ7G",
          "level" : "Information",
          "log_name" : "Microsoft-Windows-Sysmon/Operational",
          "message" : "Process terminated:\nUtcTime: 2017-12-08 00:56:25.479\nProcessGuid: {704248D8-E2FC-5A29-0000-001057F2FC00}\nProcessId: 3832\nImage: C:\\Windows\\System32\\wbem\\WmiPrvSE.exe",
          "opcode" : "Info",
          "process_id" : 520,
          "provider_guid" : "{5770385F-C22A-43E0-BF4C-06F5698FFBD9}",
          "record_number" : "3655",
          "source_name" : "Microsoft-Windows-Sysmon",
          "task" : "Process terminated (rule: ProcessTerminate)",
          "thread_id" : 3196,
          "type" : "wineventlog",
          "user" : {
            "domain" : "NT AUTHORITY",
            "identifier" : "S-1-5-18",
            "name" : "SYSTEM",
            "type" : "User"
          },
          "version" : 3
        }
      },
      {
        "_index" : "test",
        "_type" : "wineventlog",
        "_id" : "AWBHnJ-22lDISLgezq4f",
        "_score" : 1.0,
        "_source" : {
          "@timestamp" : 1512705782967,
          "@version" : "1",
          "beat" : {
            "hostname" : "WIN-U1E6SADQQ7G",
            "name" : "WIN-U1E6SADQQ7G",
            "version" : "5.6.3"
          },
          "computer_name" : "WIN-U1E6SADQQ7G",
          "event_data" : {
            "CommandLine" : "\"C:\\Program Files (x86)\\Google\\Update\\GoogleUpdate.exe\" /ua /installsource scheduler",
            "CurrentDirectory" : "C:\\Windows\\system32\\",
            "Hashes" : "SHA1=290093ED555F56B0896AEBD1E2D498B0E554D697",
            "Image" : "C:\\Program Files (x86)\\Google\\Update\\GoogleUpdate.exe",
            "IntegrityLevel" : "System",
            "LogonGuid" : "{704248D8-BA39-59F8-0000-0020E7030000}",
            "LogonId" : "0x3e7",
            "ParentCommandLine" : "taskeng.exe {A51CDB86-37FD-4146-820A-AC7F1A68EAE6} S-1-5-18:NT AUTHORITY\\System:Service:",
            "ParentImage" : "C:\\Windows\\System32\\taskeng.exe",
            "ParentProcessGuid" : "{704248D8-0ED6-5A2A-0000-001041FF0701}",
            "ParentProcessId" : "4804",
            "ProcessGuid" : "{704248D8-0EF6-5A2A-0000-00109A130801}",
            "ProcessId" : "4776",
            "TerminalSessionId" : "0",
            "User" : "NT AUTHORITY\\SYSTEM",
            "UtcTime" : "2017-12-08 04:03:02.966"
          },
          "event_id" : 1,
          "host" : "WIN-U1E6SADQQ7G",
          "level" : "Information",
          "log_name" : "Microsoft-Windows-Sysmon/Operational",
          "message" : "Process Create:\nUtcTime: 2017-12-08 04:03:02.966\nProcessGuid: {704248D8-0EF6-5A2A-0000-00109A130801}\nProcessId: 4776\nImage: C:\\Program Files (x86)\\Google\\Update\\GoogleUpdate.exe\nCommandLine: \"C:\\Program Files (x86)\\Google\\Update\\GoogleUpdate.exe\" /ua /installsource scheduler\nCurrentDirectory: C:\\Windows\\system32\\\nUser: NT AUTHORITY\\SYSTEM\nLogonGuid: {704248D8-BA39-59F8-0000-0020E7030000}\nLogonId: 0x3E7\nTerminalSessionId: 0\nIntegrityLevel: System\nHashes: SHA1=290093ED555F56B0896AEBD1E2D498B0E554D697\nParentProcessGuid: {704248D8-0ED6-5A2A-0000-001041FF0701}\nParentProcessId: 4804\nParentImage: C:\\Windows\\System32\\taskeng.exe\nParentCommandLine: taskeng.exe {A51CDB86-37FD-4146-820A-AC7F1A68EAE6} S-1-5-18:NT AUTHORITY\\System:Service:",
          "opcode" : "Info",
          "process_id" : 520,
          "provider_guid" : "{5770385F-C22A-43E0-BF4C-06F5698FFBD9}",
          "record_number" : "3873",
          "source_name" : "Microsoft-Windows-Sysmon",
          "task" : "Process Create (rule: ProcessCreate)",
          "thread_id" : 3196,
          "type" : "wineventlog",
          "user" : {
            "domain" : "NT AUTHORITY",
            "identifier" : "S-1-5-18",
            "name" : "SYSTEM",
            "type" : "User"
          },
          "version" : 5
        }
      },
      {
        "_index" : "test",
        "_type" : "wineventlog",
        "_id" : "AWBHnJ-22lDISLgezq4h",
        "_score" : 1.0,
        "_source" : {
          "@timestamp" : 1512710244424,
          "@version" : "1",
          "beat" : {
            "hostname" : "WIN-U1E6SADQQ7G",
            "name" : "WIN-U1E6SADQQ7G",
            "version" : "5.6.3"
          },
          "computer_name" : "WIN-U1E6SADQQ7G",
          "event_data" : {
            "CommandLine" : "C:\\Windows\\system32\\wbem\\wmiprvse.exe -Embedding",
            "CurrentDirectory" : "C:\\Windows\\system32\\",
            "Hashes" : "SHA1=1AA3FDA50123DD14A055B4D6601BEEDEAD69FE11",
            "Image" : "C:\\Windows\\System32\\wbem\\WmiPrvSE.exe",
            "IntegrityLevel" : "System",
            "LogonGuid" : "{704248D8-BA39-59F8-0000-0020E7030000}",
            "LogonId" : "0x3e7",
            "ParentCommandLine" : "C:\\Windows\\system32\\svchost.exe -k DcomLaunch",
            "ParentImage" : "C:\\Windows\\System32\\svchost.exe",
            "ParentProcessGuid" : "{704248D8-BA39-59F8-0000-00103BBA0000}",
            "ParentProcessId" : "544",
            "ProcessGuid" : "{704248D8-2064-5A2A-0000-00101C4C1801}",
            "ProcessId" : "4672",
            "TerminalSessionId" : "0",
            "User" : "NT AUTHORITY\\SYSTEM",
            "UtcTime" : "2017-12-08 05:17:24.423"
          },
          "event_id" : 1,
          "host" : "WIN-U1E6SADQQ7G",
          "level" : "Information",
          "log_name" : "Microsoft-Windows-Sysmon/Operational",
          "message" : "Process Create:\nUtcTime: 2017-12-08 05:17:24.423\nProcessGuid: {704248D8-2064-5A2A-0000-00101C4C1801}\nProcessId: 4672\nImage: C:\\Windows\\System32\\wbem\\WmiPrvSE.exe\nCommandLine: C:\\Windows\\system32\\wbem\\wmiprvse.exe -Embedding\nCurrentDirectory: C:\\Windows\\system32\\\nUser: NT AUTHORITY\\SYSTEM\nLogonGuid: {704248D8-BA39-59F8-0000-0020E7030000}\nLogonId: 0x3E7\nTerminalSessionId: 0\nIntegrityLevel: System\nHashes: SHA1=1AA3FDA50123DD14A055B4D6601BEEDEAD69FE11\nParentProcessGuid: {704248D8-BA39-59F8-0000-00103BBA0000}\nParentProcessId: 544\nParentImage: C:\\Windows\\System32\\svchost.exe\nParentCommandLine: C:\\Windows\\system32\\svchost.exe -k DcomLaunch",
          "opcode" : "Info",
          "process_id" : 520,
          "provider_guid" : "{5770385F-C22A-43E0-BF4C-06F5698FFBD9}",
          "record_number" : "4078",
          "source_name" : "Microsoft-Windows-Sysmon",
          "task" : "Process Create (rule: ProcessCreate)",
          "thread_id" : 3196,
          "type" : "wineventlog",
          "user" : {
            "domain" : "NT AUTHORITY",
            "identifier" : "S-1-5-18",
            "name" : "SYSTEM",
            "type" : "User"
          },
          "version" : 5
        }
      },
      {
        "_index" : "test",
        "_type" : "wineventlog",
        "_id" : "AWBHnJ-22lDISLgezq4o",
        "_score" : 1.0,
        "_source" : {
          "@timestamp" : 1512712950917,
          "@version" : "1",
          "beat" : {
            "hostname" : "WIN-U1E6SADQQ7G",
            "name" : "WIN-U1E6SADQQ7G",
            "version" : "5.6.3"
          },
          "computer_name" : "WIN-U1E6SADQQ7G",
          "event_data" : {
            "CommandLine" : "taskeng.exe {44B12F82-C98B-42E4-9BFD-A5EE5103C3E9} S-1-5-18:NT AUTHORITY\\System:Service:",
            "CurrentDirectory" : "C:\\Windows\\system32\\",
            "Hashes" : "SHA1=6F6959BB113BACAF9D8336BA73F555D97A140085",
            "Image" : "C:\\Windows\\System32\\taskeng.exe",
            "IntegrityLevel" : "System",
            "LogonGuid" : "{704248D8-BA39-59F8-0000-0020E7030000}",
            "LogonId" : "0x3e7",
            "ParentCommandLine" : "C:\\Windows\\system32\\svchost.exe -k netsvcs",
            "ParentImage" : "C:\\Windows\\System32\\svchost.exe",
            "ParentProcessGuid" : "{704248D8-BA3A-59F8-0000-00105F1A0100}",
            "ParentProcessId" : "792",
            "ProcessGuid" : "{704248D8-2AF6-5A2A-0000-001039871F01}",
            "ProcessId" : "3164",
            "TerminalSessionId" : "0",
            "User" : "NT AUTHORITY\\SYSTEM",
            "UtcTime" : "2017-12-08 06:02:30.916"
          },
          "event_id" : 1,
          "host" : "WIN-U1E6SADQQ7G",
          "level" : "Information",
          "log_name" : "Microsoft-Windows-Sysmon/Operational",
          "message" : "Process Create:\nUtcTime: 2017-12-08 06:02:30.916\nProcessGuid: {704248D8-2AF6-5A2A-0000-001039871F01}\nProcessId: 3164\nImage: C:\\Windows\\System32\\taskeng.exe\nCommandLine: taskeng.exe {44B12F82-C98B-42E4-9BFD-A5EE5103C3E9} S-1-5-18:NT AUTHORITY\\System:Service:\nCurrentDirectory: C:\\Windows\\system32\\\nUser: NT AUTHORITY\\SYSTEM\nLogonGuid: {704248D8-BA39-59F8-0000-0020E7030000}\nLogonId: 0x3E7\nTerminalSessionId: 0\nIntegrityLevel: System\nHashes: SHA1=6F6959BB113BACAF9D8336BA73F555D97A140085\nParentProcessGuid: {704248D8-BA3A-59F8-0000-00105F1A0100}\nParentProcessId: 792\nParentImage: C:\\Windows\\System32\\svchost.exe\nParentCommandLine: C:\\Windows\\system32\\svchost.exe -k netsvcs",
          "opcode" : "Info",
          "process_id" : 520,
          "provider_guid" : "{5770385F-C22A-43E0-BF4C-06F5698FFBD9}",
          "record_number" : "4188",
          "source_name" : "Microsoft-Windows-Sysmon",
          "task" : "Process Create (rule: ProcessCreate)",
          "thread_id" : 3196,
          "type" : "wineventlog",
          "user" : {
            "domain" : "NT AUTHORITY",
            "identifier" : "S-1-5-18",
            "name" : "SYSTEM",
            "type" : "User"
          },
          "version" : 5
        }
      },
      {
        "_index" : "test",
        "_type" : "wineventlog",
        "_id" : "AWBHnJ-22lDISLgezq4t",
        "_score" : 1.0,
        "_source" : {
          "@timestamp" : 1512714443991,
          "@version" : "1",
          "beat" : {
            "hostname" : "WIN-U1E6SADQQ7G",
            "name" : "WIN-U1E6SADQQ7G",
            "version" : "5.6.3"
          },
          "computer_name" : "WIN-U1E6SADQQ7G",
          "event_data" : {
            "CommandLine" : "C:\\Windows\\system32\\wbem\\wmiprvse.exe -Embedding",
            "CurrentDirectory" : "C:\\Windows\\system32\\",
            "Hashes" : "SHA1=1AA3FDA50123DD14A055B4D6601BEEDEAD69FE11",
            "Image" : "C:\\Windows\\System32\\wbem\\WmiPrvSE.exe",
            "IntegrityLevel" : "System",
            "LogonGuid" : "{704248D8-BA39-59F8-0000-0020E7030000}",
            "LogonId" : "0x3e7",
            "ParentCommandLine" : "C:\\Windows\\system32\\svchost.exe -k DcomLaunch",
            "ParentImage" : "C:\\Windows\\System32\\svchost.exe",
            "ParentProcessGuid" : "{704248D8-BA39-59F8-0000-00103BBA0000}",
            "ParentProcessId" : "544",
            "ProcessGuid" : "{704248D8-30CB-5A2A-0000-001045A62301}",
            "ProcessId" : "3812",
            "TerminalSessionId" : "0",
            "User" : "NT AUTHORITY\\SYSTEM",
            "UtcTime" : "2017-12-08 06:27:23.991"
          },
          "event_id" : 1,
          "host" : "WIN-U1E6SADQQ7G",
          "level" : "Information",
          "log_name" : "Microsoft-Windows-Sysmon/Operational",
          "message" : "Process Create:\nUtcTime: 2017-12-08 06:27:23.991\nProcessGuid: {704248D8-30CB-5A2A-0000-001045A62301}\nProcessId: 3812\nImage: C:\\Windows\\System32\\wbem\\WmiPrvSE.exe\nCommandLine: C:\\Windows\\system32\\wbem\\wmiprvse.exe -Embedding\nCurrentDirectory: C:\\Windows\\system32\\\nUser: NT AUTHORITY\\SYSTEM\nLogonGuid: {704248D8-BA39-59F8-0000-0020E7030000}\nLogonId: 0x3E7\nTerminalSessionId: 0\nIntegrityLevel: System\nHashes: SHA1=1AA3FDA50123DD14A055B4D6601BEEDEAD69FE11\nParentProcessGuid: {704248D8-BA39-59F8-0000-00103BBA0000}\nParentProcessId: 544\nParentImage: C:\\Windows\\System32\\svchost.exe\nParentCommandLine: C:\\Windows\\system32\\svchost.exe -k DcomLaunch",
          "opcode" : "Info",
          "process_id" : 520,
          "provider_guid" : "{5770385F-C22A-43E0-BF4C-06F5698FFBD9}",
          "record_number" : "4251",
          "source_name" : "Microsoft-Windows-Sysmon",
          "task" : "Process Create (rule: ProcessCreate)",
          "thread_id" : 3196,
          "type" : "wineventlog",
          "user" : {
            "domain" : "NT AUTHORITY",
            "identifier" : "S-1-5-18",
            "name" : "SYSTEM",
            "type" : "User"
          },
          "version" : 5
        }
      },
      {
        "_index" : "test",
        "_type" : "wineventlog",
        "_id" : "AWBHnJ-22lDISLgezq4v",
        "_score" : 1.0,
        "_source" : {
          "@timestamp" : 1512713398815,
          "@version" : "1",
          "beat" : {
            "hostname" : "WIN-U1E6SADQQ7G",
            "name" : "WIN-U1E6SADQQ7G",
            "version" : "5.6.3"
          },
          "computer_name" : "WIN-U1E6SADQQ7G",
          "event_data" : {
            "Image" : "C:\\Windows\\System32\\reg.exe",
            "ProcessGuid" : "{704248D8-2CB6-5A2A-0000-0010FDCE2001}",
            "ProcessId" : "3228",
            "UtcTime" : "2017-12-08 06:09:58.815"
          },
          "event_id" : 5,
          "host" : "WIN-U1E6SADQQ7G",
          "level" : "Information",
          "log_name" : "Microsoft-Windows-Sysmon/Operational",
          "message" : "Process terminated:\nUtcTime: 2017-12-08 06:09:58.815\nProcessGuid: {704248D8-2CB6-5A2A-0000-0010FDCE2001}\nProcessId: 3228\nImage: C:\\Windows\\System32\\reg.exe",
          "opcode" : "Info",
          "process_id" : 520,
          "provider_guid" : "{5770385F-C22A-43E0-BF4C-06F5698FFBD9}",
          "record_number" : "4216",
          "source_name" : "Microsoft-Windows-Sysmon",
          "task" : "Process terminated (rule: ProcessTerminate)",
          "thread_id" : 3196,
          "type" : "wineventlog",
          "user" : {
            "domain" : "NT AUTHORITY",
            "identifier" : "S-1-5-18",
            "name" : "SYSTEM",
            "type" : "User"
          },
          "version" : 3
        }
      },
      {
        "_index" : "test",
        "_type" : "wineventlog",
        "_id" : "AWBHnJ-22lDISLgezq43",
        "_score" : 1.0,
        "_source" : {
          "@timestamp" : 1512717540900,
          "@version" : "1",
          "beat" : {
            "hostname" : "WIN-U1E6SADQQ7G",
            "name" : "WIN-U1E6SADQQ7G",
            "version" : "5.6.3"
          },
          "computer_name" : "WIN-U1E6SADQQ7G",
          "event_data" : {
            "Image" : "C:\\Windows\\System32\\wbem\\WmiPrvSE.exe",
            "ProcessGuid" : "{704248D8-3C83-5A2A-0000-00105F942B01}",
            "ProcessId" : "3952",
            "UtcTime" : "2017-12-08 07:19:00.900"
          },
          "event_id" : 5,
          "host" : "WIN-U1E6SADQQ7G",
          "level" : "Information",
          "log_name" : "Microsoft-Windows-Sysmon/Operational",
          "message" : "Process terminated:\nUtcTime: 2017-12-08 07:19:00.900\nProcessGuid: {704248D8-3C83-5A2A-0000-00105F942B01}\nProcessId: 3952\nImage: C:\\Windows\\System32\\wbem\\WmiPrvSE.exe",
          "opcode" : "Info",
          "process_id" : 520,
          "provider_guid" : "{5770385F-C22A-43E0-BF4C-06F5698FFBD9}",
          "record_number" : "4369",
          "source_name" : "Microsoft-Windows-Sysmon",
          "task" : "Process terminated (rule: ProcessTerminate)",
          "thread_id" : 3196,
          "type" : "wineventlog",
          "user" : {
            "domain" : "NT AUTHORITY",
            "identifier" : "S-1-5-18",
            "name" : "SYSTEM",
            "type" : "User"
          },
          "version" : 3
        }
      },
      {
        "_index" : "test",
        "_type" : "wineventlog",
        "_id" : "AWBHnJ-22lDISLgezq44",
        "_score" : 1.0,
        "_source" : {
          "@timestamp" : 1512718735162,
          "@version" : "1",
          "beat" : {
            "hostname" : "WIN-U1E6SADQQ7G",
            "name" : "WIN-U1E6SADQQ7G",
            "version" : "5.6.3"
          },
          "computer_name" : "WIN-U1E6SADQQ7G",
          "event_data" : {
            "Image" : "C:\\Windows\\System32\\wbem\\WmiPrvSE.exe",
            "ProcessGuid" : "{704248D8-4134-5A2A-0000-001050CA2E01}",
            "ProcessId" : "3020",
            "UtcTime" : "2017-12-08 07:38:55.162"
          },
          "event_id" : 5,
          "host" : "WIN-U1E6SADQQ7G",
          "level" : "Information",
          "log_name" : "Microsoft-Windows-Sysmon/Operational",
          "message" : "Process terminated:\nUtcTime: 2017-12-08 07:38:55.162\nProcessGuid: {704248D8-4134-5A2A-0000-001050CA2E01}\nProcessId: 3020\nImage: C:\\Windows\\System32\\wbem\\WmiPrvSE.exe",
          "opcode" : "Info",
          "process_id" : 520,
          "provider_guid" : "{5770385F-C22A-43E0-BF4C-06F5698FFBD9}",
          "record_number" : "4414",
          "source_name" : "Microsoft-Windows-Sysmon",
          "task" : "Process terminated (rule: ProcessTerminate)",
          "thread_id" : 3196,
          "type" : "wineventlog",
          "user" : {
            "domain" : "NT AUTHORITY",
            "identifier" : "S-1-5-18",
            "name" : "SYSTEM",
            "type" : "User"
          },
          "version" : 3
        }
      },
      {
        "_index" : "test",
        "_type" : "wineventlog",
        "_id" : "AWBHnJ-22lDISLgezq47",
        "_score" : 1.0,
        "_source" : {
          "@timestamp" : 1512720377732,
          "@version" : "1",
          "beat" : {
            "hostname" : "WIN-U1E6SADQQ7G",
            "name" : "WIN-U1E6SADQQ7G",
            "version" : "5.6.3"
          },
          "computer_name" : "WIN-U1E6SADQQ7G",
          "event_data" : {
            "CreationUtcTime" : "2017-06-14 16:26:45.023",
            "Image" : "C:\\Program Files (x86)\\Google\\Chrome\\Application\\chrome.exe",
            "PreviousCreationUtcTime" : "2017-12-08 08:06:17.730",
            "ProcessGuid" : "{704248D8-35D4-59F9-0000-0010004D1C00}",
            "ProcessId" : "1884",
            "TargetFilename" : "C:\\Users\\Administrator\\AppData\\Local\\Google\\Chrome\\User Data\\Default\\9c780cc2-0f40-4a77-93d2-825d77bb8f5d.tmp",
            "UtcTime" : "2017-12-08 08:06:17.731"
          },
          "event_id" : 2,
          "host" : "WIN-U1E6SADQQ7G",
          "level" : "Information",
          "log_name" : "Microsoft-Windows-Sysmon/Operational",
          "message" : "File creation time changed:\nUtcTime: 2017-12-08 08:06:17.731\nProcessGuid: {704248D8-35D4-59F9-0000-0010004D1C00}\nProcessId: 1884\nImage: C:\\Program Files (x86)\\Google\\Chrome\\Application\\chrome.exe\nTargetFilename: C:\\Users\\Administrator\\AppData\\Local\\Google\\Chrome\\User Data\\Default\\9c780cc2-0f40-4a77-93d2-825d77bb8f5d.tmp\nCreationUtcTime: 2017-06-14 16:26:45.023\nPreviousCreationUtcTime: 2017-12-08 08:06:17.730",
          "opcode" : "Info",
          "process_id" : 520,
          "provider_guid" : "{5770385F-C22A-43E0-BF4C-06F5698FFBD9}",
          "record_number" : "4525",
          "source_name" : "Microsoft-Windows-Sysmon",
          "task" : "File creation time changed (rule: FileCreateTime)",
          "thread_id" : 3196,
          "type" : "wineventlog",
          "user" : {
            "domain" : "NT AUTHORITY",
            "identifier" : "S-1-5-18",
            "name" : "SYSTEM",
            "type" : "User"
          },
          "version" : 4
        }
      },
      {
        "_index" : "test",
        "_type" : "wineventlog",
        "_id" : "AWBHnJ-22lDISLgezq5G",
        "_score" : 1.0,
        "_source" : {
          "@timestamp" : 1512720871394,
          "@version" : "1",
          "beat" : {
            "hostname" : "WIN-U1E6SADQQ7G",
            "name" : "WIN-U1E6SADQQ7G",
            "version" : "5.6.3"
          },
          "computer_name" : "WIN-U1E6SADQQ7G",
          "event_data" : {
            "CommandLine" : "C:\\Windows\\winsxs\\amd64_microsoft-windows-servicingstack_31bf3856ad364e35_6.3.9600.17246_none_fa4ae8e99b1f603c\\TiWorker.exe -Embedding",
            "CurrentDirectory" : "C:\\Windows\\system32\\",
            "Hashes" : "SHA1=C1020A14847CCE5A404E226561CB503F5EEC48DB",
            "Image" : "C:\\Windows\\WinSxS\\amd64_microsoft-windows-servicingstack_31bf3856ad364e35_6.3.9600.17246_none_fa4ae8e99b1f603c\\TiWorker.exe",
            "IntegrityLevel" : "System",
            "LogonGuid" : "{704248D8-BA39-59F8-0000-0020E7030000}",
            "LogonId" : "0x3e7",
            "ParentCommandLine" : "C:\\Windows\\system32\\svchost.exe -k DcomLaunch",
            "ParentImage" : "C:\\Windows\\System32\\svchost.exe",
            "ParentProcessGuid" : "{704248D8-BA39-59F8-0000-00103BBA0000}",
            "ParentProcessId" : "544",
            "ProcessGuid" : "{704248D8-49E7-5A2A-0000-0010015F3C01}",
            "ProcessId" : "4388",
            "TerminalSessionId" : "0",
            "User" : "NT AUTHORITY\\SYSTEM",
            "UtcTime" : "2017-12-08 08:14:31.389"
          },
          "event_id" : 1,
          "host" : "WIN-U1E6SADQQ7G",
          "level" : "Information",
          "log_name" : "Microsoft-Windows-Sysmon/Operational",
          "message" : "Process Create:\nUtcTime: 2017-12-08 08:14:31.389\nProcessGuid: {704248D8-49E7-5A2A-0000-0010015F3C01}\nProcessId: 4388\nImage: C:\\Windows\\WinSxS\\amd64_microsoft-windows-servicingstack_31bf3856ad364e35_6.3.9600.17246_none_fa4ae8e99b1f603c\\TiWorker.exe\nCommandLine: C:\\Windows\\winsxs\\amd64_microsoft-windows-servicingstack_31bf3856ad364e35_6.3.9600.17246_none_fa4ae8e99b1f603c\\TiWorker.exe -Embedding\nCurrentDirectory: C:\\Windows\\system32\\\nUser: NT AUTHORITY\\SYSTEM\nLogonGuid: {704248D8-BA39-59F8-0000-0020E7030000}\nLogonId: 0x3E7\nTerminalSessionId: 0\nIntegrityLevel: System\nHashes: SHA1=C1020A14847CCE5A404E226561CB503F5EEC48DB\nParentProcessGuid: {704248D8-BA39-59F8-0000-00103BBA0000}\nParentProcessId: 544\nParentImage: C:\\Windows\\System32\\svchost.exe\nParentCommandLine: C:\\Windows\\system32\\svchost.exe -k DcomLaunch",
          "opcode" : "Info",
          "process_id" : 520,
          "provider_guid" : "{5770385F-C22A-43E0-BF4C-06F5698FFBD9}",
          "record_number" : "4737",
          "source_name" : "Microsoft-Windows-Sysmon",
          "task" : "Process Create (rule: ProcessCreate)",
          "thread_id" : 3196,
          "type" : "wineventlog",
          "user" : {
            "domain" : "NT AUTHORITY",
            "identifier" : "S-1-5-18",
            "name" : "SYSTEM",
            "type" : "User"
          },
          "version" : 5
        }
      },
      {
        "_index" : "test",
        "_type" : "wineventlog",
        "_id" : "AWBHnJ-22lDISLgezq5J",
        "_score" : 1.0,
        "_source" : {
          "@timestamp" : 1512720866478,
          "@version" : "1",
          "beat" : {
            "hostname" : "WIN-U1E6SADQQ7G",
            "name" : "WIN-U1E6SADQQ7G",
            "version" : "5.6.3"
          },
          "computer_name" : "WIN-U1E6SADQQ7G",
          "event_data" : {
            "CreationUtcTime" : "2017-06-14 16:21:10.195",
            "Image" : "C:\\Windows\\system32\\ServerManager.exe",
            "PreviousCreationUtcTime" : "2017-12-08 08:14:26.430",
            "ProcessGuid" : "{704248D8-BA97-59F8-0000-0010710D0500}",
            "ProcessId" : "3032",
            "TargetFilename" : "C:\\Users\\Administrator\\AppData\\Local\\Microsoft_Corporation\\ServerManager.exe_StrongName_m3xk0k0ucj0oj3ai2hibnhnv4xobnimj\\6.3.0.0\\igdzo2mq.newcfg",
            "UtcTime" : "2017-12-08 08:14:26.433"
          },
          "event_id" : 2,
          "host" : "WIN-U1E6SADQQ7G",
          "level" : "Information",
          "log_name" : "Microsoft-Windows-Sysmon/Operational",
          "message" : "File creation time changed:\nUtcTime: 2017-12-08 08:14:26.433\nProcessGuid: {704248D8-BA97-59F8-0000-0010710D0500}\nProcessId: 3032\nImage: C:\\Windows\\system32\\ServerManager.exe\nTargetFilename: C:\\Users\\Administrator\\AppData\\Local\\Microsoft_Corporation\\ServerManager.exe_StrongName_m3xk0k0ucj0oj3ai2hibnhnv4xobnimj\\6.3.0.0\\igdzo2mq.newcfg\nCreationUtcTime: 2017-06-14 16:21:10.195\nPreviousCreationUtcTime: 2017-12-08 08:14:26.430",
          "opcode" : "Info",
          "process_id" : 520,
          "provider_guid" : "{5770385F-C22A-43E0-BF4C-06F5698FFBD9}",
          "record_number" : "4710",
          "source_name" : "Microsoft-Windows-Sysmon",
          "task" : "File creation time changed (rule: FileCreateTime)",
          "thread_id" : 3196,
          "type" : "wineventlog",
          "user" : {
            "domain" : "NT AUTHORITY",
            "identifier" : "S-1-5-18",
            "name" : "SYSTEM",
            "type" : "User"
          },
          "version" : 4
        }
      },
      {
        "_index" : "test",
        "_type" : "wineventlog",
        "_id" : "AWBHnJ-22lDISLgezq5S",
        "_score" : 1.0,
        "_source" : {
          "@timestamp" : 1512725561451,
          "@version" : "1",
          "beat" : {
            "hostname" : "WIN-U1E6SADQQ7G",
            "name" : "WIN-U1E6SADQQ7G",
            "version" : "5.6.3"
          },
          "computer_name" : "WIN-U1E6SADQQ7G",
          "event_data" : {
            "Image" : "C:\\Users\\ADMINI~1\\AppData\\Local\\Temp\\1\\Sysmon.exe",
            "ProcessGuid" : "{704248D8-5C39-5A2A-0000-0010F4D93600}",
            "ProcessId" : "776",
            "UtcTime" : "2017-12-08 09:32:41.451"
          },
          "event_id" : 5,
          "host" : "WIN-U1E6SADQQ7G",
          "level" : "Information",
          "log_name" : "Microsoft-Windows-Sysmon/Operational",
          "message" : "Process terminated:\nUtcTime: 2017-12-08 09:32:41.451\nProcessGuid: {704248D8-5C39-5A2A-0000-0010F4D93600}\nProcessId: 776\nImage: C:\\Users\\ADMINI~1\\AppData\\Local\\Temp\\1\\Sysmon.exe",
          "opcode" : "Info",
          "process_id" : 92,
          "provider_guid" : "{5770385F-C22A-43E0-BF4C-06F5698FFBD9}",
          "record_number" : "5004",
          "source_name" : "Microsoft-Windows-Sysmon",
          "task" : "Process terminated (rule: ProcessTerminate)",
          "thread_id" : 388,
          "type" : "wineventlog",
          "user" : {
            "domain" : "NT AUTHORITY",
            "identifier" : "S-1-5-18",
            "name" : "SYSTEM",
            "type" : "User"
          },
          "version" : 3
        }
      },
      {
        "_index" : "test",
        "_type" : "wineventlog",
        "_id" : "AWBHnJ-22lDISLgezq5X",
        "_score" : 1.0,
        "_source" : {
          "@timestamp" : 1512727534334,
          "@version" : "1",
          "beat" : {
            "hostname" : "WIN-U1E6SADQQ7G",
            "name" : "WIN-U1E6SADQQ7G",
            "version" : "5.6.3"
          },
          "computer_name" : "WIN-U1E6SADQQ7G",
          "event_data" : {
            "CreationUtcTime" : "2017-12-08 08:41:00.837",
            "Image" : "C:\\Program Files (x86)\\Google\\Chrome\\Application\\chrome.exe",
            "PreviousCreationUtcTime" : "2017-12-08 10:05:34.333",
            "ProcessGuid" : "{704248D8-5014-5A2A-0000-001017712000}",
            "ProcessId" : "2524",
            "TargetFilename" : "C:\\Users\\Administrator\\AppData\\Local\\Google\\Chrome\\User Data\\Default\\Service Worker\\CacheStorage\\28da9c56fde4021055a681112c092453f74d8dd8\\c21a933f-6084-4373-b126-0a6ad1a20282\\index-dir\\temp-index",
            "UtcTime" : "2017-12-08 10:05:34.333"
          },
          "event_id" : 2,
          "host" : "WIN-U1E6SADQQ7G",
          "level" : "Information",
          "log_name" : "Microsoft-Windows-Sysmon/Operational",
          "message" : "File creation time changed:\nUtcTime: 2017-12-08 10:05:34.333\nProcessGuid: {704248D8-5014-5A2A-0000-001017712000}\nProcessId: 2524\nImage: C:\\Program Files (x86)\\Google\\Chrome\\Application\\chrome.exe\nTargetFilename: C:\\Users\\Administrator\\AppData\\Local\\Google\\Chrome\\User Data\\Default\\Service Worker\\CacheStorage\\28da9c56fde4021055a681112c092453f74d8dd8\\c21a933f-6084-4373-b126-0a6ad1a20282\\index-dir\\temp-index\nCreationUtcTime: 2017-12-08 08:41:00.837\nPreviousCreationUtcTime: 2017-12-08 10:05:34.333",
          "opcode" : "Info",
          "process_id" : 1984,
          "provider_guid" : "{5770385F-C22A-43E0-BF4C-06F5698FFBD9}",
          "record_number" : "5129",
          "source_name" : "Microsoft-Windows-Sysmon",
          "task" : "File creation time changed (rule: FileCreateTime)",
          "thread_id" : 2576,
          "type" : "wineventlog",
          "user" : {
            "domain" : "NT AUTHORITY",
            "identifier" : "S-1-5-18",
            "name" : "SYSTEM",
            "type" : "User"
          },
          "version" : 4
        }
      },
      {
        "_index" : "test",
        "_type" : "wineventlog",
        "_id" : "AWBHnJ-22lDISLgezq5c",
        "_score" : 1.0,
        "_source" : {
          "@timestamp" : 1512727589047,
          "@version" : "1",
          "beat" : {
            "hostname" : "WIN-U1E6SADQQ7G",
            "name" : "WIN-U1E6SADQQ7G",
            "version" : "5.6.3"
          },
          "computer_name" : "WIN-U1E6SADQQ7G",
          "event_data" : {
            "CommandLine" : "\"C:\\Program Files\\WinRAR\\uninstall.exe\" /setup",
            "CurrentDirectory" : "C:\\Program Files\\WinRAR\\",
            "Hashes" : "SHA1=C1A7101016F5D7433280D25CD2AF3587F0CFA37D",
            "Image" : "C:\\Program Files\\WinRAR\\Uninstall.exe",
            "IntegrityLevel" : "High",
            "LogonGuid" : "{704248D8-4D8D-5A2A-0000-00202D861900}",
            "LogonId" : "0x19862d",
            "ParentCommandLine" : "\"C:\\Users\\Administrator\\Downloads\\winrar-x64-550.exe\" ",
            "ParentImage" : "C:\\Users\\Administrator\\Downloads\\winrar-x64-550.exe",
            "ParentProcessGuid" : "{704248D8-6422-5A2A-0000-00105CFE4500}",
            "ParentProcessId" : "3128",
            "ProcessGuid" : "{704248D8-6425-5A2A-0000-0010B60B4600}",
            "ProcessId" : "3192",
            "TerminalSessionId" : "1",
            "User" : "WIN-U1E6SADQQ7G\\Administrator",
            "UtcTime" : "2017-12-08 10:06:29.032"
          },
          "event_id" : 1,
          "host" : "WIN-U1E6SADQQ7G",
          "level" : "Information",
          "log_name" : "Microsoft-Windows-Sysmon/Operational",
          "message" : "Process Create:\nUtcTime: 2017-12-08 10:06:29.032\nProcessGuid: {704248D8-6425-5A2A-0000-0010B60B4600}\nProcessId: 3192\nImage: C:\\Program Files\\WinRAR\\Uninstall.exe\nCommandLine: \"C:\\Program Files\\WinRAR\\uninstall.exe\" /setup\nCurrentDirectory: C:\\Program Files\\WinRAR\\\nUser: WIN-U1E6SADQQ7G\\Administrator\nLogonGuid: {704248D8-4D8D-5A2A-0000-00202D861900}\nLogonId: 0x19862D\nTerminalSessionId: 1\nIntegrityLevel: High\nHashes: SHA1=C1A7101016F5D7433280D25CD2AF3587F0CFA37D\nParentProcessGuid: {704248D8-6422-5A2A-0000-00105CFE4500}\nParentProcessId: 3128\nParentImage: C:\\Users\\Administrator\\Downloads\\winrar-x64-550.exe\nParentCommandLine: \"C:\\Users\\Administrator\\Downloads\\winrar-x64-550.exe\" ",
          "opcode" : "Info",
          "process_id" : 1984,
          "provider_guid" : "{5770385F-C22A-43E0-BF4C-06F5698FFBD9}",
          "record_number" : "5196",
          "source_name" : "Microsoft-Windows-Sysmon",
          "task" : "Process Create (rule: ProcessCreate)",
          "thread_id" : 2576,
          "type" : "wineventlog",
          "user" : {
            "domain" : "NT AUTHORITY",
            "identifier" : "S-1-5-18",
            "name" : "SYSTEM",
            "type" : "User"
          },
          "version" : 5
        }
      },
      {
        "_index" : "test",
        "_type" : "wineventlog",
        "_id" : "AWBHnJ-22lDISLgezq5l",
        "_score" : 1.0,
        "_source" : {
          "@timestamp" : 1512727854533,
          "@version" : "1",
          "beat" : {
            "hostname" : "WIN-U1E6SADQQ7G",
            "name" : "WIN-U1E6SADQQ7G",
            "version" : "5.6.3"
          },
          "computer_name" : "WIN-U1E6SADQQ7G",
          "event_data" : {
            "CreationUtcTime" : "2017-06-14 16:26:44.319",
            "Image" : "C:\\Program Files (x86)\\Google\\Chrome\\Application\\chrome.exe",
            "PreviousCreationUtcTime" : "2017-12-08 10:10:54.529",
            "ProcessGuid" : "{704248D8-5014-5A2A-0000-001017712000}",
            "ProcessId" : "2524",
            "TargetFilename" : "C:\\Users\\Administrator\\AppData\\Local\\Google\\Chrome\\User Data\\Default\\Service Worker\\ScriptCache\\index-dir\\temp-index",
            "UtcTime" : "2017-12-08 10:10:54.531"
          },
          "event_id" : 2,
          "host" : "WIN-U1E6SADQQ7G",
          "level" : "Information",
          "log_name" : "Microsoft-Windows-Sysmon/Operational",
          "message" : "File creation time changed:\nUtcTime: 2017-12-08 10:10:54.531\nProcessGuid: {704248D8-5014-5A2A-0000-001017712000}\nProcessId: 2524\nImage: C:\\Program Files (x86)\\Google\\Chrome\\Application\\chrome.exe\nTargetFilename: C:\\Users\\Administrator\\AppData\\Local\\Google\\Chrome\\User Data\\Default\\Service Worker\\ScriptCache\\index-dir\\temp-index\nCreationUtcTime: 2017-06-14 16:26:44.319\nPreviousCreationUtcTime: 2017-12-08 10:10:54.529",
          "opcode" : "Info",
          "process_id" : 1984,
          "provider_guid" : "{5770385F-C22A-43E0-BF4C-06F5698FFBD9}",
          "record_number" : "5293",
          "source_name" : "Microsoft-Windows-Sysmon",
          "task" : "File creation time changed (rule: FileCreateTime)",
          "thread_id" : 2576,
          "type" : "wineventlog",
          "user" : {
            "domain" : "NT AUTHORITY",
            "identifier" : "S-1-5-18",
            "name" : "SYSTEM",
            "type" : "User"
          },
          "version" : 4
        }
      },
