      {
        "_index" : "test",
        "_type" : "wineventlog",
        "_id" : "AWBHnKQk2lDISLgezq9l",
        "_score" : 1.0,
        "_source" : {
          "@timestamp" : 1512971316946,
          "@version" : "1",
          "beat" : {
            "hostname" : "WIN-U1E6SADQQ7G",
            "name" : "WIN-U1E6SADQQ7G",
            "version" : "5.6.3"
          },
          "computer_name" : "WIN-U1E6SADQQ7G",
          "event_data" : {
            "CommandLine" : "C:\\Windows\\system32\\wbem\\wmiprvse.exe -Embedding",
            "CurrentDirectory" : "C:\\Windows\\system32\\",
            "Hashes" : "SHA1=856754572503074DCD78E5C827734C58DE3CE0D9",
            "Image" : "C:\\Windows\\System32\\wbem\\WmiPrvSE.exe",
            "IntegrityLevel" : "System",
            "LogonGuid" : "{704248D8-6D75-5A2A-0000-0020E7030000}",
            "LogonId" : "0x3e7",
            "ParentCommandLine" : "C:\\Windows\\system32\\svchost.exe -k DcomLaunch",
            "ParentImage" : "C:\\Windows\\System32\\svchost.exe",
            "ParentProcessGuid" : "{704248D8-6D75-5A2A-0000-0010BCB80000}",
            "ParentProcessId" : "532",
            "ProcessGuid" : "{704248D8-1C34-5A2E-0000-00107A88EC00}",
            "ProcessId" : "1348",
            "TerminalSessionId" : "0",
            "User" : "NT AUTHORITY\\SYSTEM",
            "UtcTime" : "2017-12-11 05:48:36.944"
          },
          "event_id" : 1,
          "host" : "WIN-U1E6SADQQ7G",
          "level" : "Information",
          "log_name" : "Microsoft-Windows-Sysmon/Operational",
          "message" : "Process Create:\nUtcTime: 2017-12-11 05:48:36.944\nProcessGuid: {704248D8-1C34-5A2E-0000-00107A88EC00}\nProcessId: 1348\nImage: C:\\Windows\\System32\\wbem\\WmiPrvSE.exe\nCommandLine: C:\\Windows\\system32\\wbem\\wmiprvse.exe -Embedding\nCurrentDirectory: C:\\Windows\\system32\\\nUser: NT AUTHORITY\\SYSTEM\nLogonGuid: {704248D8-6D75-5A2A-0000-0020E7030000}\nLogonId: 0x3E7\nTerminalSessionId: 0\nIntegrityLevel: System\nHashes: SHA1=856754572503074DCD78E5C827734C58DE3CE0D9\nParentProcessGuid: {704248D8-6D75-5A2A-0000-0010BCB80000}\nParentProcessId: 532\nParentImage: C:\\Windows\\System32\\svchost.exe\nParentCommandLine: C:\\Windows\\system32\\svchost.exe -k DcomLaunch",
          "opcode" : "Info",
          "process_id" : 1328,
          "provider_guid" : "{5770385F-C22A-43E0-BF4C-06F5698FFBD9}",
          "record_number" : "8517",
          "source_name" : "Microsoft-Windows-Sysmon",
          "task" : "Process Create (rule: ProcessCreate)",
          "thread_id" : 1960,
          "type" : "wineventlog",
          "user" : {
            "domain" : "NT AUTHORITY",
            "identifier" : "S-1-5-18",
            "name" : "SYSTEM",
            "type" : "User"
          },
          "version" : 5
        }
      },
      {
        "_index" : "test",
        "_type" : "wineventlog",
        "_id" : "AWBHnKQk2lDISLgezq9n",
        "_score" : 1.0,
        "_source" : {
          "@timestamp" : 1512971404761,
          "@version" : "1",
          "beat" : {
            "hostname" : "WIN-U1E6SADQQ7G",
            "name" : "WIN-U1E6SADQQ7G",
            "version" : "5.6.3"
          },
          "computer_name" : "WIN-U1E6SADQQ7G",
          "event_data" : {
            "Image" : "C:\\Windows\\System32\\wbem\\WmiPrvSE.exe",
            "ProcessGuid" : "{704248D8-1C34-5A2E-0000-00107A88EC00}",
            "ProcessId" : "1348",
            "UtcTime" : "2017-12-11 05:50:04.761"
          },
          "event_id" : 5,
          "host" : "WIN-U1E6SADQQ7G",
          "level" : "Information",
          "log_name" : "Microsoft-Windows-Sysmon/Operational",
          "message" : "Process terminated:\nUtcTime: 2017-12-11 05:50:04.761\nProcessGuid: {704248D8-1C34-5A2E-0000-00107A88EC00}\nProcessId: 1348\nImage: C:\\Windows\\System32\\wbem\\WmiPrvSE.exe",
          "opcode" : "Info",
          "process_id" : 1328,
          "provider_guid" : "{5770385F-C22A-43E0-BF4C-06F5698FFBD9}",
          "record_number" : "8518",
          "source_name" : "Microsoft-Windows-Sysmon",
          "task" : "Process terminated (rule: ProcessTerminate)",
          "thread_id" : 1960,
          "type" : "wineventlog",
          "user" : {
            "domain" : "NT AUTHORITY",
            "identifier" : "S-1-5-18",
            "name" : "SYSTEM",
            "type" : "User"
          },
          "version" : 3
        }
      },
      {
        "_index" : "test",
        "_type" : "wineventlog",
        "_id" : "AWBHnKQk2lDISLgezq9o",
        "_score" : 1.0,
        "_source" : {
          "@timestamp" : 1512973234134,
          "@version" : "1",
          "beat" : {
            "hostname" : "WIN-U1E6SADQQ7G",
            "name" : "WIN-U1E6SADQQ7G",
            "version" : "5.6.3"
          },
          "computer_name" : "WIN-U1E6SADQQ7G",
          "event_data" : {
            "Image" : "C:\\Windows\\System32\\wbem\\WmiPrvSE.exe",
            "ProcessGuid" : "{704248D8-233C-5A2E-0000-0010228EF100}",
            "ProcessId" : "1604",
            "UtcTime" : "2017-12-11 06:20:34.134"
          },
          "event_id" : 5,
          "host" : "WIN-U1E6SADQQ7G",
          "level" : "Information",
          "log_name" : "Microsoft-Windows-Sysmon/Operational",
          "message" : "Process terminated:\nUtcTime: 2017-12-11 06:20:34.134\nProcessGuid: {704248D8-233C-5A2E-0000-0010228EF100}\nProcessId: 1604\nImage: C:\\Windows\\System32\\wbem\\WmiPrvSE.exe",
          "opcode" : "Info",
          "process_id" : 1328,
          "provider_guid" : "{5770385F-C22A-43E0-BF4C-06F5698FFBD9}",
          "record_number" : "8576",
          "source_name" : "Microsoft-Windows-Sysmon",
          "task" : "Process terminated (rule: ProcessTerminate)",
          "thread_id" : 1960,
          "type" : "wineventlog",
          "user" : {
            "domain" : "NT AUTHORITY",
            "identifier" : "S-1-5-18",
            "name" : "SYSTEM",
            "type" : "User"
          },
          "version" : 3
        }
      },
      {
        "_index" : "test",
        "_type" : "wineventlog",
        "_id" : "AWBHnKQk2lDISLgezq9r",
        "_score" : 1.0,
        "_source" : {
          "@timestamp" : 1512976716307,
          "@version" : "1",
          "beat" : {
            "hostname" : "WIN-U1E6SADQQ7G",
            "name" : "WIN-U1E6SADQQ7G",
            "version" : "5.6.3"
          },
          "computer_name" : "WIN-U1E6SADQQ7G",
          "event_data" : {
            "CommandLine" : "C:\\Windows\\system32\\wbem\\wmiprvse.exe -Embedding",
            "CurrentDirectory" : "C:\\Windows\\system32\\",
            "Hashes" : "SHA1=856754572503074DCD78E5C827734C58DE3CE0D9",
            "Image" : "C:\\Windows\\System32\\wbem\\WmiPrvSE.exe",
            "IntegrityLevel" : "System",
            "LogonGuid" : "{704248D8-6D75-5A2A-0000-0020E7030000}",
            "LogonId" : "0x3e7",
            "ParentCommandLine" : "C:\\Windows\\system32\\svchost.exe -k DcomLaunch",
            "ParentImage" : "C:\\Windows\\System32\\svchost.exe",
            "ParentProcessGuid" : "{704248D8-6D75-5A2A-0000-0010BCB80000}",
            "ParentProcessId" : "532",
            "ProcessGuid" : "{704248D8-314C-5A2E-0000-00107E68FB00}",
            "ProcessId" : "2736",
            "TerminalSessionId" : "0",
            "User" : "NT AUTHORITY\\SYSTEM",
            "UtcTime" : "2017-12-11 07:18:36.306"
          },
          "event_id" : 1,
          "host" : "WIN-U1E6SADQQ7G",
          "level" : "Information",
          "log_name" : "Microsoft-Windows-Sysmon/Operational",
          "message" : "Process Create:\nUtcTime: 2017-12-11 07:18:36.306\nProcessGuid: {704248D8-314C-5A2E-0000-00107E68FB00}\nProcessId: 2736\nImage: C:\\Windows\\System32\\wbem\\WmiPrvSE.exe\nCommandLine: C:\\Windows\\system32\\wbem\\wmiprvse.exe -Embedding\nCurrentDirectory: C:\\Windows\\system32\\\nUser: NT AUTHORITY\\SYSTEM\nLogonGuid: {704248D8-6D75-5A2A-0000-0020E7030000}\nLogonId: 0x3E7\nTerminalSessionId: 0\nIntegrityLevel: System\nHashes: SHA1=856754572503074DCD78E5C827734C58DE3CE0D9\nParentProcessGuid: {704248D8-6D75-5A2A-0000-0010BCB80000}\nParentProcessId: 532\nParentImage: C:\\Windows\\System32\\svchost.exe\nParentCommandLine: C:\\Windows\\system32\\svchost.exe -k DcomLaunch",
          "opcode" : "Info",
          "process_id" : 1328,
          "provider_guid" : "{5770385F-C22A-43E0-BF4C-06F5698FFBD9}",
          "record_number" : "8669",
          "source_name" : "Microsoft-Windows-Sysmon",
          "task" : "Process Create (rule: ProcessCreate)",
          "thread_id" : 1960,
          "type" : "wineventlog",
          "user" : {
            "domain" : "NT AUTHORITY",
            "identifier" : "S-1-5-18",
            "name" : "SYSTEM",
            "type" : "User"
          },
          "version" : 5
        }
      },
      {
        "_index" : "test",
        "_type" : "wineventlog",
        "_id" : "AWBHnKQk2lDISLgezq9w",
        "_score" : 1.0,
        "_source" : {
          "@timestamp" : 1512979204619,
          "@version" : "1",
          "beat" : {
            "hostname" : "WIN-U1E6SADQQ7G",
            "name" : "WIN-U1E6SADQQ7G",
            "version" : "5.6.3"
          },
          "computer_name" : "WIN-U1E6SADQQ7G",
          "event_data" : {
            "Image" : "C:\\Windows\\System32\\wbem\\WmiPrvSE.exe",
            "ProcessGuid" : "{704248D8-3AAC-5A2E-0000-001032060201}",
            "ProcessId" : "4072",
            "UtcTime" : "2017-12-11 08:00:04.619"
          },
          "event_id" : 5,
          "host" : "WIN-U1E6SADQQ7G",
          "level" : "Information",
          "log_name" : "Microsoft-Windows-Sysmon/Operational",
          "message" : "Process terminated:\nUtcTime: 2017-12-11 08:00:04.619\nProcessGuid: {704248D8-3AAC-5A2E-0000-001032060201}\nProcessId: 4072\nImage: C:\\Windows\\System32\\wbem\\WmiPrvSE.exe",
          "opcode" : "Info",
          "process_id" : 1328,
          "provider_guid" : "{5770385F-C22A-43E0-BF4C-06F5698FFBD9}",
          "record_number" : "8736",
          "source_name" : "Microsoft-Windows-Sysmon",
          "task" : "Process terminated (rule: ProcessTerminate)",
          "thread_id" : 1960,
          "type" : "wineventlog",
          "user" : {
            "domain" : "NT AUTHORITY",
            "identifier" : "S-1-5-18",
            "name" : "SYSTEM",
            "type" : "User"
          },
          "version" : 3
        }
      },
      {
        "_index" : "test",
        "_type" : "wineventlog",
        "_id" : "AWBHnKQk2lDISLgezq91",
        "_score" : 1.0,
        "_source" : {
          "@timestamp" : 1512982716161,
          "@version" : "1",
          "beat" : {
            "hostname" : "WIN-U1E6SADQQ7G",
            "name" : "WIN-U1E6SADQQ7G",
            "version" : "5.6.3"
          },
          "computer_name" : "WIN-U1E6SADQQ7G",
          "event_data" : {
            "CommandLine" : "C:\\Windows\\system32\\wbem\\wmiprvse.exe -Embedding",
            "CurrentDirectory" : "C:\\Windows\\system32\\",
            "Hashes" : "SHA1=856754572503074DCD78E5C827734C58DE3CE0D9",
            "Image" : "C:\\Windows\\System32\\wbem\\WmiPrvSE.exe",
            "IntegrityLevel" : "System",
            "LogonGuid" : "{704248D8-6D75-5A2A-0000-0020E7030000}",
            "LogonId" : "0x3e7",
            "ParentCommandLine" : "C:\\Windows\\system32\\svchost.exe -k DcomLaunch",
            "ParentImage" : "C:\\Windows\\System32\\svchost.exe",
            "ParentProcessGuid" : "{704248D8-6D75-5A2A-0000-0010BCB80000}",
            "ParentProcessId" : "532",
            "ProcessGuid" : "{704248D8-48BC-5A2E-0000-001058390C01}",
            "ProcessId" : "4048",
            "TerminalSessionId" : "0",
            "User" : "NT AUTHORITY\\SYSTEM",
            "UtcTime" : "2017-12-11 08:58:36.161"
          },
          "event_id" : 1,
          "host" : "WIN-U1E6SADQQ7G",
          "level" : "Information",
          "log_name" : "Microsoft-Windows-Sysmon/Operational",
          "message" : "Process Create:\nUtcTime: 2017-12-11 08:58:36.161\nProcessGuid: {704248D8-48BC-5A2E-0000-001058390C01}\nProcessId: 4048\nImage: C:\\Windows\\System32\\wbem\\WmiPrvSE.exe\nCommandLine: C:\\Windows\\system32\\wbem\\wmiprvse.exe -Embedding\nCurrentDirectory: C:\\Windows\\system32\\\nUser: NT AUTHORITY\\SYSTEM\nLogonGuid: {704248D8-6D75-5A2A-0000-0020E7030000}\nLogonId: 0x3E7\nTerminalSessionId: 0\nIntegrityLevel: System\nHashes: SHA1=856754572503074DCD78E5C827734C58DE3CE0D9\nParentProcessGuid: {704248D8-6D75-5A2A-0000-0010BCB80000}\nParentProcessId: 532\nParentImage: C:\\Windows\\System32\\svchost.exe\nParentCommandLine: C:\\Windows\\system32\\svchost.exe -k DcomLaunch",
          "opcode" : "Info",
          "process_id" : 1328,
          "provider_guid" : "{5770385F-C22A-43E0-BF4C-06F5698FFBD9}",
          "record_number" : "8847",
          "source_name" : "Microsoft-Windows-Sysmon",
          "task" : "Process Create (rule: ProcessCreate)",
          "thread_id" : 1960,
          "type" : "wineventlog",
          "user" : {
            "domain" : "NT AUTHORITY",
            "identifier" : "S-1-5-18",
            "name" : "SYSTEM",
            "type" : "User"
          },
          "version" : 5
        }
      },
      {
        "_index" : "test",
        "_type" : "wineventlog",
        "_id" : "AWBHnKQk2lDISLgezq95",
        "_score" : 1.0,
        "_source" : {
          "@timestamp" : 1512985716063,
          "@version" : "1",
          "beat" : {
            "hostname" : "WIN-U1E6SADQQ7G",
            "name" : "WIN-U1E6SADQQ7G",
            "version" : "5.6.3"
          },
          "computer_name" : "WIN-U1E6SADQQ7G",
          "event_data" : {
            "CommandLine" : "C:\\Windows\\system32\\wbem\\wmiprvse.exe -Embedding",
            "CurrentDirectory" : "C:\\Windows\\system32\\",
            "Hashes" : "SHA1=856754572503074DCD78E5C827734C58DE3CE0D9",
            "Image" : "C:\\Windows\\System32\\wbem\\WmiPrvSE.exe",
            "IntegrityLevel" : "System",
            "LogonGuid" : "{704248D8-6D75-5A2A-0000-0020E7030000}",
            "LogonId" : "0x3e7",
            "ParentCommandLine" : "C:\\Windows\\system32\\svchost.exe -k DcomLaunch",
            "ParentImage" : "C:\\Windows\\System32\\svchost.exe",
            "ParentProcessGuid" : "{704248D8-6D75-5A2A-0000-0010BCB80000}",
            "ParentProcessId" : "532",
            "ProcessGuid" : "{704248D8-5474-5A2E-0000-0010569F1401}",
            "ProcessId" : "2992",
            "TerminalSessionId" : "0",
            "User" : "NT AUTHORITY\\SYSTEM",
            "UtcTime" : "2017-12-11 09:48:36.062"
          },
          "event_id" : 1,
          "host" : "WIN-U1E6SADQQ7G",
          "level" : "Information",
          "log_name" : "Microsoft-Windows-Sysmon/Operational",
          "message" : "Process Create:\nUtcTime: 2017-12-11 09:48:36.062\nProcessGuid: {704248D8-5474-5A2E-0000-0010569F1401}\nProcessId: 2992\nImage: C:\\Windows\\System32\\wbem\\WmiPrvSE.exe\nCommandLine: C:\\Windows\\system32\\wbem\\wmiprvse.exe -Embedding\nCurrentDirectory: C:\\Windows\\system32\\\nUser: NT AUTHORITY\\SYSTEM\nLogonGuid: {704248D8-6D75-5A2A-0000-0020E7030000}\nLogonId: 0x3E7\nTerminalSessionId: 0\nIntegrityLevel: System\nHashes: SHA1=856754572503074DCD78E5C827734C58DE3CE0D9\nParentProcessGuid: {704248D8-6D75-5A2A-0000-0010BCB80000}\nParentProcessId: 532\nParentImage: C:\\Windows\\System32\\svchost.exe\nParentCommandLine: C:\\Windows\\system32\\svchost.exe -k DcomLaunch",
          "opcode" : "Info",
          "process_id" : 1328,
          "provider_guid" : "{5770385F-C22A-43E0-BF4C-06F5698FFBD9}",
          "record_number" : "8939",
          "source_name" : "Microsoft-Windows-Sysmon",
          "task" : "Process Create (rule: ProcessCreate)",
          "thread_id" : 1960,
          "type" : "wineventlog",
          "user" : {
            "domain" : "NT AUTHORITY",
            "identifier" : "S-1-5-18",
            "name" : "SYSTEM",
            "type" : "User"
          },
          "version" : 5
        }
      },
      {
        "_index" : "test",
        "_type" : "wineventlog",
        "_id" : "AWBHnKQk2lDISLgezq-B",
        "_score" : 1.0,
        "_source" : {
          "@timestamp" : 1513006373707,
          "@version" : "1",
          "beat" : {
            "hostname" : "WIN-U1E6SADQQ7G",
            "name" : "WIN-U1E6SADQQ7G",
            "version" : "5.6.3"
          },
          "computer_name" : "WIN-U1E6SADQQ7G",
          "event_data" : {
            "Image" : "C:\\Program Files (x86)\\Google\\Update\\GoogleUpdate.exe",
            "ProcessGuid" : "{704248D8-A513-5A2E-0000-0010A96F1801}",
            "ProcessId" : "3712",
            "UtcTime" : "2017-12-11 15:32:53.707"
          },
          "event_id" : 5,
          "host" : "WIN-U1E6SADQQ7G",
          "level" : "Information",
          "log_name" : "Microsoft-Windows-Sysmon/Operational",
          "message" : "Process terminated:\nUtcTime: 2017-12-11 15:32:53.707\nProcessGuid: {704248D8-A513-5A2E-0000-0010A96F1801}\nProcessId: 3712\nImage: C:\\Program Files (x86)\\Google\\Update\\GoogleUpdate.exe",
          "opcode" : "Info",
          "process_id" : 1328,
          "provider_guid" : "{5770385F-C22A-43E0-BF4C-06F5698FFBD9}",
          "record_number" : "9043",
          "source_name" : "Microsoft-Windows-Sysmon",
          "task" : "Process terminated (rule: ProcessTerminate)",
          "thread_id" : 1960,
          "type" : "wineventlog",
          "user" : {
            "domain" : "NT AUTHORITY",
            "identifier" : "S-1-5-18",
            "name" : "SYSTEM",
            "type" : "User"
          },
          "version" : 3
        }
      },
      {
        "_index" : "test",
        "_type" : "wineventlog",
        "_id" : "AWBHnKQk2lDISLgezq-K",
        "_score" : 1.0,
        "_source" : {
          "@timestamp" : 1513017259486,
          "@version" : "1",
          "beat" : {
            "hostname" : "WIN-U1E6SADQQ7G",
            "name" : "WIN-U1E6SADQQ7G",
            "version" : "5.6.3"
          },
          "computer_name" : "WIN-U1E6SADQQ7G",
          "event_data" : {
            "Image" : "C:\\Windows\\System32\\wbem\\WmiPrvSE.exe",
            "ProcessGuid" : "{704248D8-CF39-5A2E-0000-0010CE142801}",
            "ProcessId" : "3496",
            "UtcTime" : "2017-12-11 18:34:19.485"
          },
          "event_id" : 5,
          "host" : "WIN-U1E6SADQQ7G",
          "level" : "Information",
          "log_name" : "Microsoft-Windows-Sysmon/Operational",
          "message" : "Process terminated:\nUtcTime: 2017-12-11 18:34:19.485\nProcessGuid: {704248D8-CF39-5A2E-0000-0010CE142801}\nProcessId: 3496\nImage: C:\\Windows\\System32\\wbem\\WmiPrvSE.exe",
          "opcode" : "Info",
          "process_id" : 1328,
          "provider_guid" : "{5770385F-C22A-43E0-BF4C-06F5698FFBD9}",
          "record_number" : "9251",
          "source_name" : "Microsoft-Windows-Sysmon",
          "task" : "Process terminated (rule: ProcessTerminate)",
          "thread_id" : 1960,
          "type" : "wineventlog",
          "user" : {
            "domain" : "NT AUTHORITY",
            "identifier" : "S-1-5-18",
            "name" : "SYSTEM",
            "type" : "User"
          },
          "version" : 3
        }
      },
      {
        "_index" : "test",
        "_type" : "wineventlog",
        "_id" : "AWBHnKQk2lDISLgezq-O",
        "_score" : 1.0,
        "_source" : {
          "@timestamp" : 1513022024217,
          "@version" : "1",
          "beat" : {
            "hostname" : "WIN-U1E6SADQQ7G",
            "name" : "WIN-U1E6SADQQ7G",
            "version" : "5.6.3"
          },
          "computer_name" : "WIN-U1E6SADQQ7G",
          "event_data" : {
            "Image" : "C:\\Windows\\System32\\wbem\\WmiPrvSE.exe",
            "ProcessGuid" : "{704248D8-E1F9-5A2E-0000-001063823401}",
            "ProcessId" : "3060",
            "UtcTime" : "2017-12-11 19:53:44.217"
          },
          "event_id" : 5,
          "host" : "WIN-U1E6SADQQ7G",
          "level" : "Information",
          "log_name" : "Microsoft-Windows-Sysmon/Operational",
          "message" : "Process terminated:\nUtcTime: 2017-12-11 19:53:44.217\nProcessGuid: {704248D8-E1F9-5A2E-0000-001063823401}\nProcessId: 3060\nImage: C:\\Windows\\System32\\wbem\\WmiPrvSE.exe",
          "opcode" : "Info",
          "process_id" : 1328,
          "provider_guid" : "{5770385F-C22A-43E0-BF4C-06F5698FFBD9}",
          "record_number" : "9388",
          "source_name" : "Microsoft-Windows-Sysmon",
          "task" : "Process terminated (rule: ProcessTerminate)",
          "thread_id" : 1960,
          "type" : "wineventlog",
          "user" : {
            "domain" : "NT AUTHORITY",
            "identifier" : "S-1-5-18",
            "name" : "SYSTEM",
            "type" : "User"
          },
          "version" : 3
        }
      },
      {
        "_index" : "test",
        "_type" : "wineventlog",
        "_id" : "AWBHnKQk2lDISLgezq-S",
        "_score" : 1.0,
        "_source" : {
          "@timestamp" : 1513026493417,
          "@version" : "1",
          "beat" : {
            "hostname" : "WIN-U1E6SADQQ7G",
            "name" : "WIN-U1E6SADQQ7G",
            "version" : "5.6.3"
          },
          "computer_name" : "WIN-U1E6SADQQ7G",
          "event_data" : {
            "Image" : "C:\\Windows\\System32\\taskeng.exe",
            "ProcessGuid" : "{704248D8-F267-5A2E-0000-0010B3B13F01}",
            "ProcessId" : "2252",
            "UtcTime" : "2017-12-11 21:08:13.417"
          },
          "event_id" : 5,
          "host" : "WIN-U1E6SADQQ7G",
          "level" : "Information",
          "log_name" : "Microsoft-Windows-Sysmon/Operational",
          "message" : "Process terminated:\nUtcTime: 2017-12-11 21:08:13.417\nProcessGuid: {704248D8-F267-5A2E-0000-0010B3B13F01}\nProcessId: 2252\nImage: C:\\Windows\\System32\\taskeng.exe",
          "opcode" : "Info",
          "process_id" : 1328,
          "provider_guid" : "{5770385F-C22A-43E0-BF4C-06F5698FFBD9}",
          "record_number" : "9524",
          "source_name" : "Microsoft-Windows-Sysmon",
          "task" : "Process terminated (rule: ProcessTerminate)",
          "thread_id" : 1960,
          "type" : "wineventlog",
          "user" : {
            "domain" : "NT AUTHORITY",
            "identifier" : "S-1-5-18",
            "name" : "SYSTEM",
            "type" : "User"
          },
          "version" : 3
        }
      },
      {
        "_index" : "test",
        "_type" : "wineventlog",
        "_id" : "AWBHnKR02lDISLgezq-d",
        "_score" : 1.0,
        "_source" : {
          "@timestamp" : 1512695993210,
          "@version" : "1",
          "beat" : {
            "hostname" : "WIN-U1E6SADQQ7G",
            "name" : "WIN-U1E6SADQQ7G",
            "version" : "5.6.3"
          },
          "computer_name" : "WIN-U1E6SADQQ7G",
          "event_data" : {
            "CreationUtcTime" : "2017-06-14 16:26:29.761",
            "Image" : "C:\\Program Files (x86)\\Google\\Chrome\\Application\\chrome.exe",
            "PreviousCreationUtcTime" : "2017-12-08 01:19:53.205",
            "ProcessGuid" : "{704248D8-35D4-59F9-0000-0010004D1C00}",
            "ProcessId" : "1884",
            "TargetFilename" : "C:\\Users\\Administrator\\AppData\\Local\\Google\\Chrome\\User Data\\Default\\30d0f742-8ac2-40c4-bbfa-5684934ba2fc.tmp",
            "UtcTime" : "2017-12-08 01:19:53.208"
          },
          "event_id" : 2,
          "host" : "WIN-U1E6SADQQ7G",
          "level" : "Information",
          "log_name" : "Microsoft-Windows-Sysmon/Operational",
          "message" : "File creation time changed:\nUtcTime: 2017-12-08 01:19:53.208\nProcessGuid: {704248D8-35D4-59F9-0000-0010004D1C00}\nProcessId: 1884\nImage: C:\\Program Files (x86)\\Google\\Chrome\\Application\\chrome.exe\nTargetFilename: C:\\Users\\Administrator\\AppData\\Local\\Google\\Chrome\\User Data\\Default\\30d0f742-8ac2-40c4-bbfa-5684934ba2fc.tmp\nCreationUtcTime: 2017-06-14 16:26:29.761\nPreviousCreationUtcTime: 2017-12-08 01:19:53.205",
          "opcode" : "Info",
          "process_id" : 520,
          "provider_guid" : "{5770385F-C22A-43E0-BF4C-06F5698FFBD9}",
          "record_number" : "3724",
          "source_name" : "Microsoft-Windows-Sysmon",
          "task" : "File creation time changed (rule: FileCreateTime)",
          "thread_id" : 3196,
          "type" : "wineventlog",
          "user" : {
            "domain" : "NT AUTHORITY",
            "identifier" : "S-1-5-18",
            "name" : "SYSTEM",
            "type" : "User"
          },
          "version" : 4
        }
      },
      {
        "_index" : "test",
        "_type" : "wineventlog",
        "_id" : "AWBHnKR02lDISLgezq-s",
        "_score" : 1.0,
        "_source" : {
          "@timestamp" : 1512707730450,
          "@version" : "1",
          "beat" : {
            "hostname" : "WIN-U1E6SADQQ7G",
            "name" : "WIN-U1E6SADQQ7G",
            "version" : "5.6.3"
          },
          "computer_name" : "WIN-U1E6SADQQ7G",
          "event_data" : {
            "Image" : "C:\\Windows\\System32\\cmd.exe",
            "ProcessGuid" : "{704248D8-1612-5A2A-0000-0010ACBA0D01}",
            "ProcessId" : "4324",
            "UtcTime" : "2017-12-08 04:35:30.444"
          },
          "event_id" : 5,
          "host" : "WIN-U1E6SADQQ7G",
          "level" : "Information",
          "log_name" : "Microsoft-Windows-Sysmon/Operational",
          "message" : "Process terminated:\nUtcTime: 2017-12-08 04:35:30.444\nProcessGuid: {704248D8-1612-5A2A-0000-0010ACBA0D01}\nProcessId: 4324\nImage: C:\\Windows\\System32\\cmd.exe",
          "opcode" : "Info",
          "process_id" : 520,
          "provider_guid" : "{5770385F-C22A-43E0-BF4C-06F5698FFBD9}",
          "record_number" : "3969",
          "source_name" : "Microsoft-Windows-Sysmon",
          "task" : "Process terminated (rule: ProcessTerminate)",
          "thread_id" : 3196,
          "type" : "wineventlog",
          "user" : {
            "domain" : "NT AUTHORITY",
            "identifier" : "S-1-5-18",
            "name" : "SYSTEM",
            "type" : "User"
          },
          "version" : 3
        }
      },
      {
        "_index" : "test",
        "_type" : "wineventlog",
        "_id" : "AWBHnKR02lDISLgezq-y",
        "_score" : 1.0,
        "_source" : {
          "@timestamp" : 1512709644309,
          "@version" : "1",
          "beat" : {
            "hostname" : "WIN-U1E6SADQQ7G",
            "name" : "WIN-U1E6SADQQ7G",
            "version" : "5.6.3"
          },
          "computer_name" : "WIN-U1E6SADQQ7G",
          "event_data" : {
            "CommandLine" : "C:\\Windows\\system32\\wbem\\wmiprvse.exe -Embedding",
            "CurrentDirectory" : "C:\\Windows\\system32\\",
            "Hashes" : "SHA1=1AA3FDA50123DD14A055B4D6601BEEDEAD69FE11",
            "Image" : "C:\\Windows\\System32\\wbem\\WmiPrvSE.exe",
            "IntegrityLevel" : "System",
            "LogonGuid" : "{704248D8-BA39-59F8-0000-0020E7030000}",
            "LogonId" : "0x3e7",
            "ParentCommandLine" : "C:\\Windows\\system32\\svchost.exe -k DcomLaunch",
            "ParentImage" : "C:\\Windows\\System32\\svchost.exe",
            "ParentProcessGuid" : "{704248D8-BA39-59F8-0000-00103BBA0000}",
            "ParentProcessId" : "544",
            "ProcessGuid" : "{704248D8-1E0C-5A2A-0000-00108C9E1601}",
            "ProcessId" : "4496",
            "TerminalSessionId" : "0",
            "User" : "NT AUTHORITY\\SYSTEM",
            "UtcTime" : "2017-12-08 05:07:24.307"
          },
          "event_id" : 1,
          "host" : "WIN-U1E6SADQQ7G",
          "level" : "Information",
          "log_name" : "Microsoft-Windows-Sysmon/Operational",
          "message" : "Process Create:\nUtcTime: 2017-12-08 05:07:24.307\nProcessGuid: {704248D8-1E0C-5A2A-0000-00108C9E1601}\nProcessId: 4496\nImage: C:\\Windows\\System32\\wbem\\WmiPrvSE.exe\nCommandLine: C:\\Windows\\system32\\wbem\\wmiprvse.exe -Embedding\nCurrentDirectory: C:\\Windows\\system32\\\nUser: NT AUTHORITY\\SYSTEM\nLogonGuid: {704248D8-BA39-59F8-0000-0020E7030000}\nLogonId: 0x3E7\nTerminalSessionId: 0\nIntegrityLevel: System\nHashes: SHA1=1AA3FDA50123DD14A055B4D6601BEEDEAD69FE11\nParentProcessGuid: {704248D8-BA39-59F8-0000-00103BBA0000}\nParentProcessId: 544\nParentImage: C:\\Windows\\System32\\svchost.exe\nParentCommandLine: C:\\Windows\\system32\\svchost.exe -k DcomLaunch",
          "opcode" : "Info",
          "process_id" : 520,
          "provider_guid" : "{5770385F-C22A-43E0-BF4C-06F5698FFBD9}",
          "record_number" : "4059",
          "source_name" : "Microsoft-Windows-Sysmon",
          "task" : "Process Create (rule: ProcessCreate)",
          "thread_id" : 3196,
          "type" : "wineventlog",
          "user" : {
            "domain" : "NT AUTHORITY",
            "identifier" : "S-1-5-18",
            "name" : "SYSTEM",
            "type" : "User"
          },
          "version" : 5
        }
      },
      {
        "_index" : "test",
        "_type" : "wineventlog",
        "_id" : "AWBHnKR02lDISLgezq-1",
        "_score" : 1.0,
        "_source" : {
          "@timestamp" : 1512712955356,
          "@version" : "1",
          "beat" : {
            "hostname" : "WIN-U1E6SADQQ7G",
            "name" : "WIN-U1E6SADQQ7G",
            "version" : "5.6.3"
          },
          "computer_name" : "WIN-U1E6SADQQ7G",
          "event_data" : {
            "CommandLine" : "\"C:\\Program Files (x86)\\Google\\Update\\GoogleUpdate.exe\" /svc",
            "CurrentDirectory" : "C:\\Windows\\system32\\",
            "Hashes" : "SHA1=290093ED555F56B0896AEBD1E2D498B0E554D697",
            "Image" : "C:\\Program Files (x86)\\Google\\Update\\GoogleUpdate.exe",
            "IntegrityLevel" : "System",
            "LogonGuid" : "{704248D8-BA39-59F8-0000-0020E7030000}",
            "LogonId" : "0x3e7",
            "ParentCommandLine" : "C:\\Windows\\system32\\services.exe",
            "ParentImage" : "C:\\Windows\\System32\\services.exe",
            "ParentProcessGuid" : "{704248D8-BA39-59F8-0000-001012A90000}",
            "ParentProcessId" : "480",
            "ProcessGuid" : "{704248D8-2AFB-5A2A-0000-0010308C1F01}",
            "ProcessId" : "3628",
            "TerminalSessionId" : "0",
            "User" : "NT AUTHORITY\\SYSTEM",
            "UtcTime" : "2017-12-08 06:02:35.354"
          },
          "event_id" : 1,
          "host" : "WIN-U1E6SADQQ7G",
          "level" : "Information",
          "log_name" : "Microsoft-Windows-Sysmon/Operational",
          "message" : "Process Create:\nUtcTime: 2017-12-08 06:02:35.354\nProcessGuid: {704248D8-2AFB-5A2A-0000-0010308C1F01}\nProcessId: 3628\nImage: C:\\Program Files (x86)\\Google\\Update\\GoogleUpdate.exe\nCommandLine: \"C:\\Program Files (x86)\\Google\\Update\\GoogleUpdate.exe\" /svc\nCurrentDirectory: C:\\Windows\\system32\\\nUser: NT AUTHORITY\\SYSTEM\nLogonGuid: {704248D8-BA39-59F8-0000-0020E7030000}\nLogonId: 0x3E7\nTerminalSessionId: 0\nIntegrityLevel: System\nHashes: SHA1=290093ED555F56B0896AEBD1E2D498B0E554D697\nParentProcessGuid: {704248D8-BA39-59F8-0000-001012A90000}\nParentProcessId: 480\nParentImage: C:\\Windows\\System32\\services.exe\nParentCommandLine: C:\\Windows\\system32\\services.exe",
          "opcode" : "Info",
          "process_id" : 520,
          "provider_guid" : "{5770385F-C22A-43E0-BF4C-06F5698FFBD9}",
          "record_number" : "4190",
          "source_name" : "Microsoft-Windows-Sysmon",
          "task" : "Process Create (rule: ProcessCreate)",
          "thread_id" : 3196,
          "type" : "wineventlog",
          "user" : {
            "domain" : "NT AUTHORITY",
            "identifier" : "S-1-5-18",
            "name" : "SYSTEM",
            "type" : "User"
          },
          "version" : 5
        }
      },
      {
        "_index" : "test",
        "_type" : "wineventlog",
        "_id" : "AWBHnKR02lDISLgezq-3",
        "_score" : 1.0,
        "_source" : {
          "@timestamp" : 1512713289817,
          "@version" : "1",
          "beat" : {
            "hostname" : "WIN-U1E6SADQQ7G",
            "name" : "WIN-U1E6SADQQ7G",
            "version" : "5.6.3"
          },
          "computer_name" : "WIN-U1E6SADQQ7G",
          "event_data" : {
            "CommandLine" : "reg.exe",
            "CurrentDirectory" : "C:\\Users\\Administrator\\",
            "Hashes" : "SHA1=0873F40DE395DE017495ED5C7E693AFB55E9F867",
            "Image" : "C:\\Windows\\System32\\reg.exe",
            "IntegrityLevel" : "High",
            "LogonGuid" : "{704248D8-BA95-59F8-0000-0020BF9C0400}",
            "LogonId" : "0x49cbf",
            "ParentCommandLine" : "cmd",
            "ParentImage" : "C:\\Windows\\System32\\cmd.exe",
            "ParentProcessGuid" : "{704248D8-2C43-5A2A-0000-00103C8B2001}",
            "ParentProcessId" : "3628",
            "ProcessGuid" : "{704248D8-2C49-5A2A-0000-0010AF8C2001}",
            "ProcessId" : "4276",
            "TerminalSessionId" : "1",
            "User" : "WIN-U1E6SADQQ7G\\Administrator",
            "UtcTime" : "2017-12-08 06:08:09.797"
          },
          "event_id" : 1,
          "host" : "WIN-U1E6SADQQ7G",
          "level" : "Information",
          "log_name" : "Microsoft-Windows-Sysmon/Operational",
          "message" : "Process Create:\nUtcTime: 2017-12-08 06:08:09.797\nProcessGuid: {704248D8-2C49-5A2A-0000-0010AF8C2001}\nProcessId: 4276\nImage: C:\\Windows\\System32\\reg.exe\nCommandLine: reg.exe\nCurrentDirectory: C:\\Users\\Administrator\\\nUser: WIN-U1E6SADQQ7G\\Administrator\nLogonGuid: {704248D8-BA95-59F8-0000-0020BF9C0400}\nLogonId: 0x49CBF\nTerminalSessionId: 1\nIntegrityLevel: High\nHashes: SHA1=0873F40DE395DE017495ED5C7E693AFB55E9F867\nParentProcessGuid: {704248D8-2C43-5A2A-0000-00103C8B2001}\nParentProcessId: 3628\nParentImage: C:\\Windows\\System32\\cmd.exe\nParentCommandLine: cmd",
          "opcode" : "Info",
          "process_id" : 520,
          "provider_guid" : "{5770385F-C22A-43E0-BF4C-06F5698FFBD9}",
          "record_number" : "4202",
          "source_name" : "Microsoft-Windows-Sysmon",
          "task" : "Process Create (rule: ProcessCreate)",
          "thread_id" : 3196,
          "type" : "wineventlog",
          "user" : {
            "domain" : "NT AUTHORITY",
            "identifier" : "S-1-5-18",
            "name" : "SYSTEM",
            "type" : "User"
          },
          "version" : 5
        }
      },
      {
        "_index" : "test",
        "_type" : "wineventlog",
        "_id" : "AWBHnKR02lDISLgezq_E",
        "_score" : 1.0,
        "_source" : {
          "@timestamp" : 1512720150961,
          "@version" : "1",
          "beat" : {
            "hostname" : "WIN-U1E6SADQQ7G",
            "name" : "WIN-U1E6SADQQ7G",
            "version" : "5.6.3"
          },
          "computer_name" : "WIN-U1E6SADQQ7G",
          "event_data" : {
            "Image" : "C:\\Program Files (x86)\\Google\\Update\\GoogleUpdate.exe",
            "ProcessGuid" : "{704248D8-4716-5A2A-0000-00102EE93201}",
            "ProcessId" : "4332",
            "UtcTime" : "2017-12-08 08:02:30.961"
          },
          "event_id" : 5,
          "host" : "WIN-U1E6SADQQ7G",
          "level" : "Information",
          "log_name" : "Microsoft-Windows-Sysmon/Operational",
          "message" : "Process terminated:\nUtcTime: 2017-12-08 08:02:30.961\nProcessGuid: {704248D8-4716-5A2A-0000-00102EE93201}\nProcessId: 4332\nImage: C:\\Program Files (x86)\\Google\\Update\\GoogleUpdate.exe",
          "opcode" : "Info",
          "process_id" : 520,
          "provider_guid" : "{5770385F-C22A-43E0-BF4C-06F5698FFBD9}",
          "record_number" : "4469",
          "source_name" : "Microsoft-Windows-Sysmon",
          "task" : "Process terminated (rule: ProcessTerminate)",
          "thread_id" : 3196,
          "type" : "wineventlog",
          "user" : {
            "domain" : "NT AUTHORITY",
            "identifier" : "S-1-5-18",
            "name" : "SYSTEM",
            "type" : "User"
          },
          "version" : 3
        }
      },
      {
        "_index" : "test",
        "_type" : "wineventlog",
        "_id" : "AWBHnKR02lDISLgezq_N",
        "_score" : 1.0,
        "_source" : {
          "@timestamp" : 1512720591333,
          "@version" : "1",
          "beat" : {
            "hostname" : "WIN-U1E6SADQQ7G",
            "name" : "WIN-U1E6SADQQ7G",
            "version" : "5.6.3"
          },
          "computer_name" : "WIN-U1E6SADQQ7G",
          "event_data" : {
            "CommandLine" : "C:\\Windows\\system32\\vssvc.exe",
            "CurrentDirectory" : "C:\\Windows\\system32\\",
            "Hashes" : "SHA1=E16A6BA5B862BB81A66059622B601B6980FC2FF6",
            "Image" : "C:\\Windows\\System32\\VSSVC.exe",
            "IntegrityLevel" : "System",
            "LogonGuid" : "{704248D8-BA39-59F8-0000-0020E7030000}",
            "LogonId" : "0x3e7",
            "ParentCommandLine" : "C:\\Windows\\system32\\services.exe",
            "ParentImage" : "C:\\Windows\\System32\\services.exe",
            "ParentProcessGuid" : "{704248D8-BA39-59F8-0000-001012A90000}",
            "ParentProcessId" : "480",
            "ProcessGuid" : "{704248D8-48CF-5A2A-0000-0010D8DE3A01}",
            "ProcessId" : "4940",
            "TerminalSessionId" : "0",
            "User" : "NT AUTHORITY\\SYSTEM",
            "UtcTime" : "2017-12-08 08:09:51.313"
          },
          "event_id" : 1,
          "host" : "WIN-U1E6SADQQ7G",
          "level" : "Information",
          "log_name" : "Microsoft-Windows-Sysmon/Operational",
          "message" : "Process Create:\nUtcTime: 2017-12-08 08:09:51.313\nProcessGuid: {704248D8-48CF-5A2A-0000-0010D8DE3A01}\nProcessId: 4940\nImage: C:\\Windows\\System32\\VSSVC.exe\nCommandLine: C:\\Windows\\system32\\vssvc.exe\nCurrentDirectory: C:\\Windows\\system32\\\nUser: NT AUTHORITY\\SYSTEM\nLogonGuid: {704248D8-BA39-59F8-0000-0020E7030000}\nLogonId: 0x3E7\nTerminalSessionId: 0\nIntegrityLevel: System\nHashes: SHA1=E16A6BA5B862BB81A66059622B601B6980FC2FF6\nParentProcessGuid: {704248D8-BA39-59F8-0000-001012A90000}\nParentProcessId: 480\nParentImage: C:\\Windows\\System32\\services.exe\nParentCommandLine: C:\\Windows\\system32\\services.exe",
          "opcode" : "Info",
          "process_id" : 520,
          "provider_guid" : "{5770385F-C22A-43E0-BF4C-06F5698FFBD9}",
          "record_number" : "4691",
          "source_name" : "Microsoft-Windows-Sysmon",
          "task" : "Process Create (rule: ProcessCreate)",
          "thread_id" : 3196,
          "type" : "wineventlog",
          "user" : {
            "domain" : "NT AUTHORITY",
            "identifier" : "S-1-5-18",
            "name" : "SYSTEM",
            "type" : "User"
          },
          "version" : 5
        }
      },
      {
        "_index" : "test",
        "_type" : "wineventlog",
        "_id" : "AWBHnKR02lDISLgezq_R",
        "_score" : 1.0,
        "_source" : {
          "@timestamp" : 1512720868421,
          "@version" : "1",
          "beat" : {
            "hostname" : "WIN-U1E6SADQQ7G",
            "name" : "WIN-U1E6SADQQ7G",
            "version" : "5.6.3"
          },
          "computer_name" : "WIN-U1E6SADQQ7G",
          "event_data" : {
            "Image" : "C:\\Program Files (x86)\\Google\\Chrome\\Application\\chrome.exe",
            "ProcessGuid" : "{704248D8-35FC-59F9-0000-0010598B1C00}",
            "ProcessId" : "2512",
            "UtcTime" : "2017-12-08 08:14:28.421"
          },
          "event_id" : 5,
          "host" : "WIN-U1E6SADQQ7G",
          "level" : "Information",
          "log_name" : "Microsoft-Windows-Sysmon/Operational",
          "message" : "Process terminated:\nUtcTime: 2017-12-08 08:14:28.421\nProcessGuid: {704248D8-35FC-59F9-0000-0010598B1C00}\nProcessId: 2512\nImage: C:\\Program Files (x86)\\Google\\Chrome\\Application\\chrome.exe",
          "opcode" : "Info",
          "process_id" : 520,
          "provider_guid" : "{5770385F-C22A-43E0-BF4C-06F5698FFBD9}",
          "record_number" : "4726",
          "source_name" : "Microsoft-Windows-Sysmon",
          "task" : "Process terminated (rule: ProcessTerminate)",
          "thread_id" : 3196,
          "type" : "wineventlog",
          "user" : {
            "domain" : "NT AUTHORITY",
            "identifier" : "S-1-5-18",
            "name" : "SYSTEM",
            "type" : "User"
          },
          "version" : 3
        }
      },
      {
        "_index" : "test",
        "_type" : "wineventlog",
        "_id" : "AWBHnKR02lDISLgezq_b",
        "_score" : 1.0,
        "_source" : {
          "@timestamp" : 1512726017152,
          "@version" : "1",
          "beat" : {
            "hostname" : "WIN-U1E6SADQQ7G",
            "name" : "WIN-U1E6SADQQ7G",
            "version" : "5.6.3"
          },
          "computer_name" : "WIN-U1E6SADQQ7G",
          "event_data" : {
            "CommandLine" : "C:\\Windows\\system32\\wbem\\wmiprvse.exe -Embedding",
            "CurrentDirectory" : "C:\\Windows\\system32\\",
            "Hashes" : "SHA1=856754572503074DCD78E5C827734C58DE3CE0D9",
            "Image" : "C:\\Windows\\System32\\wbem\\WmiPrvSE.exe",
            "IntegrityLevel" : "System",
            "LogonGuid" : "{704248D8-4A14-5A2A-0000-0020E7030000}",
            "LogonId" : "0x3e7",
            "ParentCommandLine" : "C:\\Windows\\system32\\svchost.exe -k DcomLaunch",
            "ParentImage" : "C:\\Windows\\System32\\svchost.exe",
            "ParentProcessGuid" : "{704248D8-4A15-5A2A-0000-001080BA0000}",
            "ParentProcessId" : "536",
            "ProcessGuid" : "{704248D8-5E01-5A2A-0000-00106F813C00}",
            "ProcessId" : "1880",
            "TerminalSessionId" : "0",
            "User" : "NT AUTHORITY\\SYSTEM",
            "UtcTime" : "2017-12-08 09:40:17.148"
          },
          "event_id" : 1,
          "host" : "WIN-U1E6SADQQ7G",
          "level" : "Information",
          "log_name" : "Microsoft-Windows-Sysmon/Operational",
          "message" : "Process Create:\nUtcTime: 2017-12-08 09:40:17.148\nProcessGuid: {704248D8-5E01-5A2A-0000-00106F813C00}\nProcessId: 1880\nImage: C:\\Windows\\System32\\wbem\\WmiPrvSE.exe\nCommandLine: C:\\Windows\\system32\\wbem\\wmiprvse.exe -Embedding\nCurrentDirectory: C:\\Windows\\system32\\\nUser: NT AUTHORITY\\SYSTEM\nLogonGuid: {704248D8-4A14-5A2A-0000-0020E7030000}\nLogonId: 0x3E7\nTerminalSessionId: 0\nIntegrityLevel: System\nHashes: SHA1=856754572503074DCD78E5C827734C58DE3CE0D9\nParentProcessGuid: {704248D8-4A15-5A2A-0000-001080BA0000}\nParentProcessId: 536\nParentImage: C:\\Windows\\System32\\svchost.exe\nParentCommandLine: C:\\Windows\\system32\\svchost.exe -k DcomLaunch",
          "opcode" : "Info",
          "process_id" : 1984,
          "provider_guid" : "{5770385F-C22A-43E0-BF4C-06F5698FFBD9}",
          "record_number" : "5057",
          "source_name" : "Microsoft-Windows-Sysmon",
          "task" : "Process Create (rule: ProcessCreate)",
          "thread_id" : 2576,
          "type" : "wineventlog",
          "user" : {
            "domain" : "NT AUTHORITY",
            "identifier" : "S-1-5-18",
            "name" : "SYSTEM",
            "type" : "User"
          },
          "version" : 5
        }
      },
      {
        "_index" : "test",
        "_type" : "wineventlog",
        "_id" : "AWBHnKR02lDISLgezq_g",
        "_score" : 1.0,
        "_source" : {
          "@timestamp" : 1512727558046,
          "@version" : "1",
          "beat" : {
            "hostname" : "WIN-U1E6SADQQ7G",
            "name" : "WIN-U1E6SADQQ7G",
            "version" : "5.6.3"
          },
          "computer_name" : "WIN-U1E6SADQQ7G",
          "event_data" : {
            "CreationUtcTime" : "2017-06-14 16:26:44.319",
            "Image" : "C:\\Program Files (x86)\\Google\\Chrome\\Application\\chrome.exe",
            "PreviousCreationUtcTime" : "2017-12-08 10:05:58.043",
            "ProcessGuid" : "{704248D8-5014-5A2A-0000-001017712000}",
            "ProcessId" : "2524",
            "TargetFilename" : "C:\\Users\\Administrator\\AppData\\Local\\Google\\Chrome\\User Data\\Default\\Service Worker\\ScriptCache\\index-dir\\temp-index",
            "UtcTime" : "2017-12-08 10:05:58.044"
          },
          "event_id" : 2,
          "host" : "WIN-U1E6SADQQ7G",
          "level" : "Information",
          "log_name" : "Microsoft-Windows-Sysmon/Operational",
          "message" : "File creation time changed:\nUtcTime: 2017-12-08 10:05:58.044\nProcessGuid: {704248D8-5014-5A2A-0000-001017712000}\nProcessId: 2524\nImage: C:\\Program Files (x86)\\Google\\Chrome\\Application\\chrome.exe\nTargetFilename: C:\\Users\\Administrator\\AppData\\Local\\Google\\Chrome\\User Data\\Default\\Service Worker\\ScriptCache\\index-dir\\temp-index\nCreationUtcTime: 2017-06-14 16:26:44.319\nPreviousCreationUtcTime: 2017-12-08 10:05:58.043",
          "opcode" : "Info",
          "process_id" : 1984,
          "provider_guid" : "{5770385F-C22A-43E0-BF4C-06F5698FFBD9}",
          "record_number" : "5162",
          "source_name" : "Microsoft-Windows-Sysmon",
          "task" : "File creation time changed (rule: FileCreateTime)",
          "thread_id" : 2576,
          "type" : "wineventlog",
          "user" : {
            "domain" : "NT AUTHORITY",
            "identifier" : "S-1-5-18",
            "name" : "SYSTEM",
            "type" : "User"
          },
          "version" : 4
        }
      },
      {
        "_index" : "test",
        "_type" : "wineventlog",
        "_id" : "AWBHnKR02lDISLgezq_m",
        "_score" : 1.0,
        "_source" : {
          "@timestamp" : 1512727589213,
          "@version" : "1",
          "beat" : {
            "hostname" : "WIN-U1E6SADQQ7G",
            "name" : "WIN-U1E6SADQQ7G",
            "version" : "5.6.3"
          },
          "computer_name" : "WIN-U1E6SADQQ7G",
          "event_data" : {
            "Image" : "C:\\Users\\Administrator\\Downloads\\winrar-x64-550.exe",
            "ProcessGuid" : "{704248D8-6422-5A2A-0000-00105CFE4500}",
            "ProcessId" : "3128",
            "UtcTime" : "2017-12-08 10:06:29.213"
          },
          "event_id" : 5,
          "host" : "WIN-U1E6SADQQ7G",
          "level" : "Information",
          "log_name" : "Microsoft-Windows-Sysmon/Operational",
          "message" : "Process terminated:\nUtcTime: 2017-12-08 10:06:29.213\nProcessGuid: {704248D8-6422-5A2A-0000-00105CFE4500}\nProcessId: 3128\nImage: C:\\Users\\Administrator\\Downloads\\winrar-x64-550.exe",
          "opcode" : "Info",
          "process_id" : 1984,
          "provider_guid" : "{5770385F-C22A-43E0-BF4C-06F5698FFBD9}",
          "record_number" : "5197",
          "source_name" : "Microsoft-Windows-Sysmon",
          "task" : "Process terminated (rule: ProcessTerminate)",
          "thread_id" : 2576,
          "type" : "wineventlog",
          "user" : {
            "domain" : "NT AUTHORITY",
            "identifier" : "S-1-5-18",
            "name" : "SYSTEM",
            "type" : "User"
          },
          "version" : 3
        }
      },
      {
        "_index" : "test",
        "_type" : "wineventlog",
        "_id" : "AWBHnKR02lDISLgezq_s",
        "_score" : 1.0,
        "_source" : {
          "@timestamp" : 1512727850634,
          "@version" : "1",
          "beat" : {
            "hostname" : "WIN-U1E6SADQQ7G",
            "name" : "WIN-U1E6SADQQ7G",
            "version" : "5.6.3"
          },
          "computer_name" : "WIN-U1E6SADQQ7G",
          "event_data" : {
            "CreationUtcTime" : "2017-06-14 16:26:29.761",
            "Image" : "C:\\Program Files (x86)\\Google\\Chrome\\Application\\chrome.exe",
            "PreviousCreationUtcTime" : "2017-12-08 10:10:50.631",
            "ProcessGuid" : "{704248D8-5014-5A2A-0000-001017712000}",
            "ProcessId" : "2524",
            "TargetFilename" : "C:\\Users\\Administrator\\AppData\\Local\\Google\\Chrome\\User Data\\Default\\99af5c53-0b25-47b2-bacd-ea4e0ed807c5.tmp",
            "UtcTime" : "2017-12-08 10:10:50.633"
          },
          "event_id" : 2,
          "host" : "WIN-U1E6SADQQ7G",
          "level" : "Information",
          "log_name" : "Microsoft-Windows-Sysmon/Operational",
          "message" : "File creation time changed:\nUtcTime: 2017-12-08 10:10:50.633\nProcessGuid: {704248D8-5014-5A2A-0000-001017712000}\nProcessId: 2524\nImage: C:\\Program Files (x86)\\Google\\Chrome\\Application\\chrome.exe\nTargetFilename: C:\\Users\\Administrator\\AppData\\Local\\Google\\Chrome\\User Data\\Default\\99af5c53-0b25-47b2-bacd-ea4e0ed807c5.tmp\nCreationUtcTime: 2017-06-14 16:26:29.761\nPreviousCreationUtcTime: 2017-12-08 10:10:50.631",
          "opcode" : "Info",
          "process_id" : 1984,
          "provider_guid" : "{5770385F-C22A-43E0-BF4C-06F5698FFBD9}",
          "record_number" : "5288",
          "source_name" : "Microsoft-Windows-Sysmon",
          "task" : "File creation time changed (rule: FileCreateTime)",
          "thread_id" : 2576,
          "type" : "wineventlog",
          "user" : {
            "domain" : "NT AUTHORITY",
            "identifier" : "S-1-5-18",
            "name" : "SYSTEM",
            "type" : "User"
          },
          "version" : 4
        }
      },
