[
      {
        "_index" : "analytics",
        "_type" : "wineventlog",
        "_id" : "AWBGviqy2lDISLgezpD3",
        "_score" : 1.0,
        "_source" : {
          "@timestamp" : 1512692553547,
          "@version" : "1",
          "beat" : {
            "hostname" : "WIN-U1E6SADQQ7G",
            "name" : "WIN-U1E6SADQQ7G",
            "version" : "5.6.3"
          },
          "computer_name" : "WIN-U1E6SADQQ7G",
          "event_data" : {
            "DestinationHostname" : "ubuntu.fios-router.home",
            "DestinationIp" : "192.168.1.198",
            "DestinationIsIpv6" : "false",
            "DestinationPort" : "5044",
            "Image" : "C:\\Users\\Administrator\\Downloads\\winlogbeat-5.6.3-windows-x86_64\\winlogbeat-5.6.3-windows-x86_64\\winlogbeat.exe",
            "Initiated" : "true",
            "ProcessGuid" : "{704248D8-5020-59F9-0000-0010F0C94D00}",
            "ProcessId" : "3596",
            "Protocol" : "tcp",
            "SourceHostname" : "WIN-U1E6SADQQ7G.fios-router.home",
            "SourceIp" : "192.168.1.205",
            "SourceIsIpv6" : "false",
            "SourcePort" : "50684",
            "User" : "NT AUTHORITY\\SYSTEM",
            "UtcTime" : "2017-11-01 17:11:05.074"
          },
          "event_id" : 3,
          "host" : "WIN-U1E6SADQQ7G",
          "level" : "Information",
          "log_name" : "Microsoft-Windows-Sysmon/Operational",
          "message" : "Network connection detected:\nUtcTime: 2017-11-01 17:11:05.074\nProcessGuid: {704248D8-5020-59F9-0000-0010F0C94D00}\nProcessId: 3596\nImage: C:\\Users\\Administrator\\Downloads\\winlogbeat-5.6.3-windows-x86_64\\winlogbeat-5.6.3-windows-x86_64\\winlogbeat.exe\nUser: NT AUTHORITY\\SYSTEM\nProtocol: tcp\nInitiated: true\nSourceIsIpv6: false\nSourceIp: 192.168.1.205\nSourceHostname: WIN-U1E6SADQQ7G.fios-router.home\nSourcePort: 50684\nSourcePortName: \nDestinationIsIpv6: false\nDestinationIp: 192.168.1.198\nDestinationHostname: ubuntu.fios-router.home\nDestinationPort: 5044\nDestinationPortName: ",
          "opcode" : "Info",
          "process_id" : 520,
          "provider_guid" : "{5770385F-C22A-43E0-BF4C-06F5698FFBD9}",
          "record_number" : "3575",
          "source_name" : "Microsoft-Windows-Sysmon",
          "task" : "Network connection detected (rule: NetworkConnect)",
          "thread_id" : 3416,
          "type" : "wineventlog",
          "user" : {
            "domain" : "NT AUTHORITY",
            "identifier" : "S-1-5-18",
            "name" : "SYSTEM",
            "type" : "User"
          },
          "version" : 5
        }
      },
      {
        "_index" : "analytics",
        "_type" : "wineventlog",
        "_id" : "AWBGviqy2lDISLgezpEA",
        "_score" : 1.0,
        "_source" : {
          "@timestamp" : 1512693178433,
          "@version" : "1",
          "beat" : {
            "hostname" : "WIN-U1E6SADQQ7G",
            "name" : "WIN-U1E6SADQQ7G",
            "version" : "5.6.3"
          },
          "computer_name" : "WIN-U1E6SADQQ7G",
          "event_data" : {
            "DestinationHostname" : "WIN-U1E6SADQQ7G.fios-router.home",
            "DestinationIp" : "192.168.1.205",
            "DestinationIsIpv6" : "false",
            "DestinationPort" : "137",
            "DestinationPortName" : "netbios-ns",
            "Image" : "System",
            "Initiated" : "false",
            "ProcessGuid" : "{704248D8-BA36-59F8-0000-0010EB030000}",
            "ProcessId" : "4",
            "Protocol" : "udp",
            "SourceIp" : "192.168.1.255",
            "SourceIsIpv6" : "false",
            "SourcePort" : "137",
            "SourcePortName" : "netbios-ns",
            "User" : "NT AUTHORITY\\SYSTEM",
            "UtcTime" : "2017-11-01 17:21:29.977"
          },
          "event_id" : 3,
          "host" : "WIN-U1E6SADQQ7G",
          "level" : "Information",
          "log_name" : "Microsoft-Windows-Sysmon/Operational",
          "message" : "Network connection detected:\nUtcTime: 2017-11-01 17:21:29.977\nProcessGuid: {704248D8-BA36-59F8-0000-0010EB030000}\nProcessId: 4\nImage: System\nUser: NT AUTHORITY\\SYSTEM\nProtocol: udp\nInitiated: false\nSourceIsIpv6: false\nSourceIp: 192.168.1.255\nSourceHostname: \nSourcePort: 137\nSourcePortName: netbios-ns\nDestinationIsIpv6: false\nDestinationIp: 192.168.1.205\nDestinationHostname: WIN-U1E6SADQQ7G.fios-router.home\nDestinationPort: 137\nDestinationPortName: netbios-ns",
          "opcode" : "Info",
          "process_id" : 520,
          "provider_guid" : "{5770385F-C22A-43E0-BF4C-06F5698FFBD9}",
          "record_number" : "3599",
          "source_name" : "Microsoft-Windows-Sysmon",
          "task" : "Network connection detected (rule: NetworkConnect)",
          "thread_id" : 3416,
          "type" : "wineventlog",
          "user" : {
            "domain" : "NT AUTHORITY",
            "identifier" : "S-1-5-18",
            "name" : "SYSTEM",
            "type" : "User"
          },
          "version" : 5
        }
      },
      {
        "_index" : "analytics",
        "_type" : "wineventlog",
        "_id" : "AWBGviqy2lDISLgezpEH",
        "_score" : 1.0,
        "_source" : {
          "@timestamp" : 1512694950928,
          "@version" : "1",
          "beat" : {
            "hostname" : "WIN-U1E6SADQQ7G",
            "name" : "WIN-U1E6SADQQ7G",
            "version" : "5.6.3"
          },
          "computer_name" : "WIN-U1E6SADQQ7G",
          "event_data" : {
            "CommandLine" : "\"C:\\Program Files (x86)\\Google\\Update\\GoogleUpdate.exe\" /ua /installsource scheduler",
            "CurrentDirectory" : "C:\\Windows\\system32\\",
            "Hashes" : "SHA1=290093ED555F56B0896AEBD1E2D498B0E554D697",
            "Image" : "C:\\Program Files (x86)\\Google\\Update\\GoogleUpdate.exe",
            "IntegrityLevel" : "System",
            "LogonGuid" : "{704248D8-BA39-59F8-0000-0020E7030000}",
            "LogonId" : "0x3e7",
            "ParentCommandLine" : "taskeng.exe {9CC63969-0562-4501-9472-32FA8AE10A2B} S-1-5-18:NT AUTHORITY\\System:Service:",
            "ParentImage" : "C:\\Windows\\System32\\taskeng.exe",
            "ParentProcessGuid" : "{704248D8-E4A6-5A29-0000-0010B31DFE00}",
            "ParentProcessId" : "152",
            "ProcessGuid" : "{704248D8-E4A6-5A29-0000-0010F41EFE00}",
            "ProcessId" : "4628",
            "TerminalSessionId" : "0",
            "User" : "NT AUTHORITY\\SYSTEM",
            "UtcTime" : "2017-12-08 01:02:30.928"
          },
          "event_id" : 1,
          "host" : "WIN-U1E6SADQQ7G",
          "level" : "Information",
          "log_name" : "Microsoft-Windows-Sysmon/Operational",
          "message" : "Process Create:\nUtcTime: 2017-12-08 01:02:30.928\nProcessGuid: {704248D8-E4A6-5A29-0000-0010F41EFE00}\nProcessId: 4628\nImage: C:\\Program Files (x86)\\Google\\Update\\GoogleUpdate.exe\nCommandLine: \"C:\\Program Files (x86)\\Google\\Update\\GoogleUpdate.exe\" /ua /installsource scheduler\nCurrentDirectory: C:\\Windows\\system32\\\nUser: NT AUTHORITY\\SYSTEM\nLogonGuid: {704248D8-BA39-59F8-0000-0020E7030000}\nLogonId: 0x3E7\nTerminalSessionId: 0\nIntegrityLevel: System\nHashes: SHA1=290093ED555F56B0896AEBD1E2D498B0E554D697\nParentProcessGuid: {704248D8-E4A6-5A29-0000-0010B31DFE00}\nParentProcessId: 152\nParentImage: C:\\Windows\\System32\\taskeng.exe\nParentCommandLine: taskeng.exe {9CC63969-0562-4501-9472-32FA8AE10A2B} S-1-5-18:NT AUTHORITY\\System:Service:",
          "opcode" : "Info",
          "process_id" : 520,
          "provider_guid" : "{5770385F-C22A-43E0-BF4C-06F5698FFBD9}",
          "record_number" : "3669",
          "source_name" : "Microsoft-Windows-Sysmon",
          "task" : "Process Create (rule: ProcessCreate)",
          "thread_id" : 3196,
          "type" : "wineventlog",
          "user" : {
            "domain" : "NT AUTHORITY",
            "identifier" : "S-1-5-18",
            "name" : "SYSTEM",
            "type" : "User"
          },
          "version" : 5
        }
      },
      {
        "_index" : "analytics",
        "_type" : "wineventlog",
        "_id" : "AWBGviqy2lDISLgezpEI",
        "_score" : 1.0,
        "_source" : {
          "@timestamp" : 1512694589240,
          "@version" : "1",
          "beat" : {
            "hostname" : "WIN-U1E6SADQQ7G",
            "name" : "WIN-U1E6SADQQ7G",
            "version" : "5.6.3"
          },
          "computer_name" : "WIN-U1E6SADQQ7G",
          "event_data" : {
            "DestinationHostname" : "ubuntu.fios-router.home",
            "DestinationIp" : "192.168.1.198",
            "DestinationIsIpv6" : "false",
            "DestinationPort" : "5044",
            "Image" : "C:\\Users\\Administrator\\Downloads\\winlogbeat-5.6.3-windows-x86_64\\winlogbeat-5.6.3-windows-x86_64\\winlogbeat.exe",
            "Initiated" : "true",
            "ProcessGuid" : "{704248D8-5020-59F9-0000-0010F0C94D00}",
            "ProcessId" : "3596",
            "Protocol" : "tcp",
            "SourceHostname" : "WIN-U1E6SADQQ7G.fios-router.home",
            "SourceIp" : "192.168.1.205",
            "SourceIsIpv6" : "false",
            "SourcePort" : "50728",
            "User" : "NT AUTHORITY\\SYSTEM",
            "UtcTime" : "2017-11-01 17:45:00.815"
          },
          "event_id" : 3,
          "host" : "WIN-U1E6SADQQ7G",
          "level" : "Information",
          "log_name" : "Microsoft-Windows-Sysmon/Operational",
          "message" : "Network connection detected:\nUtcTime: 2017-11-01 17:45:00.815\nProcessGuid: {704248D8-5020-59F9-0000-0010F0C94D00}\nProcessId: 3596\nImage: C:\\Users\\Administrator\\Downloads\\winlogbeat-5.6.3-windows-x86_64\\winlogbeat-5.6.3-windows-x86_64\\winlogbeat.exe\nUser: NT AUTHORITY\\SYSTEM\nProtocol: tcp\nInitiated: true\nSourceIsIpv6: false\nSourceIp: 192.168.1.205\nSourceHostname: WIN-U1E6SADQQ7G.fios-router.home\nSourcePort: 50728\nSourcePortName: \nDestinationIsIpv6: false\nDestinationIp: 192.168.1.198\nDestinationHostname: ubuntu.fios-router.home\nDestinationPort: 5044\nDestinationPortName: ",
          "opcode" : "Info",
          "process_id" : 520,
          "provider_guid" : "{5770385F-C22A-43E0-BF4C-06F5698FFBD9}",
          "record_number" : "3656",
          "source_name" : "Microsoft-Windows-Sysmon",
          "task" : "Network connection detected (rule: NetworkConnect)",
          "thread_id" : 3416,
          "type" : "wineventlog",
          "user" : {
            "domain" : "NT AUTHORITY",
            "identifier" : "S-1-5-18",
            "name" : "SYSTEM",
            "type" : "User"
          },
          "version" : 5
        }
      },
      {
        "_index" : "analytics",
        "_type" : "wineventlog",
        "_id" : "AWBGviqy2lDISLgezpES",
        "_score" : 1.0,
        "_source" : {
          "@timestamp" : 1512695235669,
          "@version" : "1",
          "beat" : {
            "hostname" : "WIN-U1E6SADQQ7G",
            "name" : "WIN-U1E6SADQQ7G",
            "version" : "5.6.3"
          },
          "computer_name" : "WIN-U1E6SADQQ7G",
          "event_data" : {
            "DestinationIp" : "239.255.255.250",
            "DestinationIsIpv6" : "false",
            "DestinationPort" : "1900",
            "DestinationPortName" : "ssdp",
            "Image" : "C:\\Program Files (x86)\\Google\\Chrome\\Application\\chrome.exe",
            "Initiated" : "true",
            "ProcessGuid" : "{704248D8-35D4-59F9-0000-0010004D1C00}",
            "ProcessId" : "1884",
            "Protocol" : "udp",
            "SourceHostname" : "WIN-U1E6SADQQ7G.fios-router.home",
            "SourceIp" : "192.168.1.205",
            "SourceIsIpv6" : "false",
            "SourcePort" : "54904",
            "User" : "WIN-U1E6SADQQ7G\\Administrator",
            "UtcTime" : "2017-11-01 17:55:47.200"
          },
          "event_id" : 3,
          "host" : "WIN-U1E6SADQQ7G",
          "level" : "Information",
          "log_name" : "Microsoft-Windows-Sysmon/Operational",
          "message" : "Network connection detected:\nUtcTime: 2017-11-01 17:55:47.200\nProcessGuid: {704248D8-35D4-59F9-0000-0010004D1C00}\nProcessId: 1884\nImage: C:\\Program Files (x86)\\Google\\Chrome\\Application\\chrome.exe\nUser: WIN-U1E6SADQQ7G\\Administrator\nProtocol: udp\nInitiated: true\nSourceIsIpv6: false\nSourceIp: 192.168.1.205\nSourceHostname: WIN-U1E6SADQQ7G.fios-router.home\nSourcePort: 54904\nSourcePortName: \nDestinationIsIpv6: false\nDestinationIp: 239.255.255.250\nDestinationHostname: \nDestinationPort: 1900\nDestinationPortName: ssdp",
          "opcode" : "Info",
          "process_id" : 520,
          "provider_guid" : "{5770385F-C22A-43E0-BF4C-06F5698FFBD9}",
          "record_number" : "3693",
          "source_name" : "Microsoft-Windows-Sysmon",
          "task" : "Network connection detected (rule: NetworkConnect)",
          "thread_id" : 3416,
          "type" : "wineventlog",
          "user" : {
            "domain" : "NT AUTHORITY",
            "identifier" : "S-1-5-18",
            "name" : "SYSTEM",
            "type" : "User"
          },
          "version" : 5
        }
      },
      {
        "_index" : "analytics",
        "_type" : "wineventlog",
        "_id" : "AWBGviqy2lDISLgezpEW",
        "_score" : 1.0,
        "_source" : {
          "@timestamp" : 1512695342409,
          "@version" : "1",
          "beat" : {
            "hostname" : "WIN-U1E6SADQQ7G",
            "name" : "WIN-U1E6SADQQ7G",
            "version" : "5.6.3"
          },
          "computer_name" : "WIN-U1E6SADQQ7G",
          "event_data" : {
            "DestinationHostname" : "Libys-MBP.fios-router.home",
            "DestinationIp" : "192.168.1.151",
            "DestinationIsIpv6" : "false",
            "DestinationPort" : "5353",
            "Image" : "C:\\Program Files (x86)\\Google\\Chrome\\Application\\chrome.exe",
            "Initiated" : "false",
            "ProcessGuid" : "{704248D8-35D4-59F9-0000-0010004D1C00}",
            "ProcessId" : "1884",
            "Protocol" : "udp",
            "SourceIp" : "224.0.0.251",
            "SourceIsIpv6" : "false",
            "SourcePort" : "5353",
            "User" : "WIN-U1E6SADQQ7G\\Administrator",
            "UtcTime" : "2017-11-01 17:57:34.050"
          },
          "event_id" : 3,
          "host" : "WIN-U1E6SADQQ7G",
          "level" : "Information",
          "log_name" : "Microsoft-Windows-Sysmon/Operational",
          "message" : "Network connection detected:\nUtcTime: 2017-11-01 17:57:34.050\nProcessGuid: {704248D8-35D4-59F9-0000-0010004D1C00}\nProcessId: 1884\nImage: C:\\Program Files (x86)\\Google\\Chrome\\Application\\chrome.exe\nUser: WIN-U1E6SADQQ7G\\Administrator\nProtocol: udp\nInitiated: false\nSourceIsIpv6: false\nSourceIp: 224.0.0.251\nSourceHostname: \nSourcePort: 5353\nSourcePortName: \nDestinationIsIpv6: false\nDestinationIp: 192.168.1.151\nDestinationHostname: Libys-MBP.fios-router.home\nDestinationPort: 5353\nDestinationPortName: ",
          "opcode" : "Info",
          "process_id" : 520,
          "provider_guid" : "{5770385F-C22A-43E0-BF4C-06F5698FFBD9}",
          "record_number" : "3695",
          "source_name" : "Microsoft-Windows-Sysmon",
          "task" : "Network connection detected (rule: NetworkConnect)",
          "thread_id" : 3416,
          "type" : "wineventlog",
          "user" : {
            "domain" : "NT AUTHORITY",
            "identifier" : "S-1-5-18",
            "name" : "SYSTEM",
            "type" : "User"
          },
          "version" : 5
        }
      },
      {
        "_index" : "analytics",
        "_type" : "wineventlog",
        "_id" : "AWBGviqy2lDISLgezpEW",
        "_score" : 1.0,
        "_source" : {
          "@timestamp" : 1512695342409,
          "@version" : "1",
          "beat" : {
            "hostname" : "WIN-U1E6SADQQ7G",
            "name" : "WIN-U1E6SADQQ7G",
            "version" : "5.6.3"
          },
          "computer_name" : "WIN-U1E6SADQQ7G",
          "event_data" : {
            "DestinationHostname" : "Libys-MBP.fios-router.home",
            "DestinationIp" : "192.168.1.151",
            "DestinationIsIpv6" : "false",
            "DestinationPort" : "5353",
            "Image" : "C:\\Program Files (x86)\\Google\\Chrome\\Application\\chrome.exe",
            "Initiated" : "false",
            "ProcessGuid" : "{704248D8-35D4-59F9-0000-0010004D1C00}",
            "ProcessId" : "1884",
            "Protocol" : "udp",
            "SourceIp" : "224.0.0.251",
            "SourceIsIpv6" : "false",
            "SourcePort" : "5353",
            "User" : "WIN-U1E6SADQQ7G\\Administrator",
            "UtcTime" : "2017-11-01 17:57:34.050"
          },
          "event_id" : 3,
          "host" : "WIN-U1E6SADQQ7G",
          "level" : "Information",
          "log_name" : "Microsoft-Windows-Sysmon/Operational",
          "message" : "Network connection detected:\nUtcTime: 2017-11-01 17:57:34.050\nProcessGuid: {704248D8-35D4-59F9-0000-0010004D1C00}\nProcessId: 1884\nImage: C:\\Program Files (x86)\\Google\\Chrome\\Application\\chrome.exe\nUser: WIN-U1E6SADQQ7G\\Administrator\nProtocol: udp\nInitiated: false\nSourceIsIpv6: false\nSourceIp: 224.0.0.251\nSourceHostname: \nSourcePort: 5353\nSourcePortName: \nDestinationIsIpv6: false\nDestinationIp: 192.168.1.151\nDestinationHostname: Libys-MBP.fios-router.home\nDestinationPort: 5353\nDestinationPortName: ",
          "opcode" : "Info",
          "process_id" : 520,
          "provider_guid" : "{5770385F-C22A-43E0-BF4C-06F5698FFBD9}",
          "record_number" : "3695",
          "source_name" : "Microsoft-Windows-Sysmon",
          "task" : "Network connection detected (rule: NetworkConnect)",
          "thread_id" : 3416,
          "type" : "wineventlog",
          "user" : {
            "domain" : "NT AUTHORITY",
            "identifier" : "S-1-5-18",
            "name" : "SYSTEM",
            "type" : "User"
          },
          "version" : 5
        }
      },
      {
        "_index" : "analytics",
        "_type" : "wineventlog",
        "_id" : "AWBGviqy2lDISLgezpEd",
        "_score" : 1.0,
        "_source" : {
          "@timestamp" : 1512696836224,
          "@version" : "1",
          "beat" : {
            "hostname" : "WIN-U1E6SADQQ7G",
            "name" : "WIN-U1E6SADQQ7G",
            "version" : "5.6.3"
          },
          "computer_name" : "WIN-U1E6SADQQ7G",
          "event_data" : {
            "DestinationIp" : "e000:fc:6174:735c:7061:636b:6574:6265",
            "DestinationIsIpv6" : "true",
            "DestinationPort" : "5355",
            "DestinationPortName" : "llmnr",
            "Image" : "C:\\Windows\\System32\\svchost.exe",
            "Initiated" : "true",
            "ProcessGuid" : "{704248D8-BA3A-59F8-0000-001033340100}",
            "ProcessId" : "908",
            "Protocol" : "udp",
            "SourceIp" : "c0a8:1cd:0:0:e8b1:495e:1e0:ffff",
            "SourceIsIpv6" : "true",
            "SourcePort" : "65524",
            "User" : "NT AUTHORITY\\NETWORK SERVICE",
            "UtcTime" : "2017-11-01 18:22:27.798"
          },
          "event_id" : 3,
          "host" : "WIN-U1E6SADQQ7G",
          "level" : "Information",
          "log_name" : "Microsoft-Windows-Sysmon/Operational",
          "message" : "Network connection detected:\nUtcTime: 2017-11-01 18:22:27.798\nProcessGuid: {704248D8-BA3A-59F8-0000-001033340100}\nProcessId: 908\nImage: C:\\Windows\\System32\\svchost.exe\nUser: NT AUTHORITY\\NETWORK SERVICE\nProtocol: udp\nInitiated: true\nSourceIsIpv6: true\nSourceIp: c0a8:1cd:0:0:e8b1:495e:1e0:ffff\nSourceHostname: \nSourcePort: 65524\nSourcePortName: \nDestinationIsIpv6: true\nDestinationIp: e000:fc:6174:735c:7061:636b:6574:6265\nDestinationHostname: \nDestinationPort: 5355\nDestinationPortName: llmnr",
          "opcode" : "Info",
          "process_id" : 520,
          "provider_guid" : "{5770385F-C22A-43E0-BF4C-06F5698FFBD9}",
          "record_number" : "3753",
          "source_name" : "Microsoft-Windows-Sysmon",
          "task" : "Network connection detected (rule: NetworkConnect)",
          "thread_id" : 3416,
          "type" : "wineventlog",
          "user" : {
            "domain" : "NT AUTHORITY",
            "identifier" : "S-1-5-18",
            "name" : "SYSTEM",
            "type" : "User"
          },
          "version" : 5
        }
      },
      {
        "_index" : "analytics",
        "_type" : "wineventlog",
        "_id" : "AWBGviqy2lDISLgezpEh",
        "_score" : 1.0,
        "_source" : {
          "@timestamp" : 1512698315370,
          "@version" : "1",
          "beat" : {
            "hostname" : "WIN-U1E6SADQQ7G",
            "name" : "WIN-U1E6SADQQ7G",
            "version" : "5.6.3"
          },
          "computer_name" : "WIN-U1E6SADQQ7G",
          "event_data" : {
            "DestinationHostname" : "Ronys-MBP.fios-router.home",
            "DestinationIp" : "192.168.1.154",
            "DestinationIsIpv6" : "false",
            "DestinationPort" : "138",
            "DestinationPortName" : "netbios-dgm",
            "Image" : "System",
            "Initiated" : "false",
            "ProcessGuid" : "{704248D8-BA36-59F8-0000-0010EB030000}",
            "ProcessId" : "4",
            "Protocol" : "udp",
            "SourceIp" : "192.168.1.255",
            "SourceIsIpv6" : "false",
            "SourcePort" : "138",
            "SourcePortName" : "netbios-dgm",
            "User" : "NT AUTHORITY\\SYSTEM",
            "UtcTime" : "2017-11-01 18:31:53.877"
          },
          "event_id" : 3,
          "host" : "WIN-U1E6SADQQ7G",
          "level" : "Information",
          "log_name" : "Microsoft-Windows-Sysmon/Operational",
          "message" : "Network connection detected:\nUtcTime: 2017-11-01 18:31:53.877\nProcessGuid: {704248D8-BA36-59F8-0000-0010EB030000}\nProcessId: 4\nImage: System\nUser: NT AUTHORITY\\SYSTEM\nProtocol: udp\nInitiated: false\nSourceIsIpv6: false\nSourceIp: 192.168.1.255\nSourceHostname: \nSourcePort: 138\nSourcePortName: netbios-dgm\nDestinationIsIpv6: false\nDestinationIp: 192.168.1.154\nDestinationHostname: Ronys-MBP.fios-router.home\nDestinationPort: 138\nDestinationPortName: netbios-dgm",
          "opcode" : "Info",
          "process_id" : 520,
          "provider_guid" : "{5770385F-C22A-43E0-BF4C-06F5698FFBD9}",
          "record_number" : "3793",
          "source_name" : "Microsoft-Windows-Sysmon",
          "task" : "Network connection detected (rule: NetworkConnect)",
          "thread_id" : 3416,
          "type" : "wineventlog",
          "user" : {
            "domain" : "NT AUTHORITY",
            "identifier" : "S-1-5-18",
            "name" : "SYSTEM",
            "type" : "User"
          },
          "version" : 5
        }
      },
      {
        "_index" : "analytics",
        "_type" : "wineventlog",
        "_id" : "AWBGviqy2lDISLgezpEj",
        "_score" : 1.0,
        "_source" : {
          "@timestamp" : 1512696413358,
          "@version" : "1",
          "beat" : {
            "hostname" : "WIN-U1E6SADQQ7G",
            "name" : "WIN-U1E6SADQQ7G",
            "version" : "5.6.3"
          },
          "computer_name" : "WIN-U1E6SADQQ7G",
          "event_data" : {
            "Image" : "C:\\Windows\\System32\\wbem\\WmiPrvSE.exe",
            "ProcessGuid" : "{704248D8-EA04-5A29-0000-001007170201}",
            "ProcessId" : "4680",
            "UtcTime" : "2017-12-08 01:26:53.358"
          },
          "event_id" : 5,
          "host" : "WIN-U1E6SADQQ7G",
          "level" : "Information",
          "log_name" : "Microsoft-Windows-Sysmon/Operational",
          "message" : "Process terminated:\nUtcTime: 2017-12-08 01:26:53.358\nProcessGuid: {704248D8-EA04-5A29-0000-001007170201}\nProcessId: 4680\nImage: C:\\Windows\\System32\\wbem\\WmiPrvSE.exe",
          "opcode" : "Info",
          "process_id" : 520,
          "provider_guid" : "{5770385F-C22A-43E0-BF4C-06F5698FFBD9}",
          "record_number" : "3736",
          "source_name" : "Microsoft-Windows-Sysmon",
          "task" : "Process terminated (rule: ProcessTerminate)",
          "thread_id" : 3196,
          "type" : "wineventlog",
          "user" : {
            "domain" : "NT AUTHORITY",
            "identifier" : "S-1-5-18",
            "name" : "SYSTEM",
            "type" : "User"
          },
          "version" : 3
        }
      },
      {
        "_index" : "analytics",
        "_type" : "wineventlog",
        "_id" : "AWBGviqy2lDISLgezpDy",
        "_score" : 1.0,
        "_source" : {
          "@timestamp" : 1512691516469,
          "@version" : "1",
          "beat" : {
            "hostname" : "WIN-U1E6SADQQ7G",
            "name" : "WIN-U1E6SADQQ7G",
            "version" : "5.6.3"
          },
          "computer_name" : "WIN-U1E6SADQQ7G",
          "event_data" : {
            "DestinationIp" : "192.168.1.255",
            "DestinationIsIpv6" : "false",
            "DestinationPort" : "138",
            "DestinationPortName" : "netbios-dgm",
            "Image" : "System",
            "Initiated" : "true",
            "ProcessGuid" : "{704248D8-BA36-59F8-0000-0010EB030000}",
            "ProcessId" : "4",
            "Protocol" : "udp",
            "SourceHostname" : "WIN-U1E6SADQQ7G.fios-router.home",
            "SourceIp" : "192.168.1.205",
            "SourceIsIpv6" : "false",
            "SourcePort" : "138",
            "SourcePortName" : "netbios-dgm",
            "User" : "NT AUTHORITY\\SYSTEM",
            "UtcTime" : "2017-11-01 16:53:47.927"
          },
          "event_id" : 3,
          "host" : "WIN-U1E6SADQQ7G",
          "level" : "Information",
          "log_name" : "Microsoft-Windows-Sysmon/Operational",
          "message" : "Network connection detected:\nUtcTime: 2017-11-01 16:53:47.927\nProcessGuid: {704248D8-BA36-59F8-0000-0010EB030000}\nProcessId: 4\nImage: System\nUser: NT AUTHORITY\\SYSTEM\nProtocol: udp\nInitiated: true\nSourceIsIpv6: false\nSourceIp: 192.168.1.205\nSourceHostname: WIN-U1E6SADQQ7G.fios-router.home\nSourcePort: 138\nSourcePortName: netbios-dgm\nDestinationIsIpv6: false\nDestinationIp: 192.168.1.255\nDestinationHostname: \nDestinationPort: 138\nDestinationPortName: netbios-dgm",
          "opcode" : "Info",
          "process_id" : 520,
          "provider_guid" : "{5770385F-C22A-43E0-BF4C-06F5698FFBD9}",
          "record_number" : "3534",
          "source_name" : "Microsoft-Windows-Sysmon",
          "task" : "Network connection detected (rule: NetworkConnect)",
          "thread_id" : 3416,
          "type" : "wineventlog",
          "user" : {
            "domain" : "NT AUTHORITY",
            "identifier" : "S-1-5-18",
            "name" : "SYSTEM",
            "type" : "User"
          },
          "version" : 5
        }
      },
      {
        "_index" : "analytics",
        "_type" : "wineventlog",
        "_id" : "AWBGviqy2lDISLgezpDy",
        "_score" : 1.0,
        "_source" : {
          "@timestamp" : 1512691516469,
          "@version" : "1",
          "beat" : {
            "hostname" : "WIN-U1E6SADQQ7G",
            "name" : "WIN-U1E6SADQQ7G",
            "version" : "5.6.3"
          },
          "computer_name" : "WIN-U1E6SADQQ7G",
          "event_data" : {
            "DestinationIp" : "192.168.1.255",
            "DestinationIsIpv6" : "false",
            "DestinationPort" : "138",
            "DestinationPortName" : "netbios-dgm",
            "Image" : "System",
            "Initiated" : "true",
            "ProcessGuid" : "{704248D8-BA36-59F8-0000-0010EB030000}",
            "ProcessId" : "4",
            "Protocol" : "udp",
            "SourceHostname" : "WIN-U1E6SADQQ7G.fios-router.home",
            "SourceIp" : "192.168.1.205",
            "SourceIsIpv6" : "false",
            "SourcePort" : "138",
            "SourcePortName" : "netbios-dgm",
            "User" : "NT AUTHORITY\\SYSTEM",
            "UtcTime" : "2017-11-01 16:53:47.927"
          },
          "event_id" : 3,
          "host" : "WIN-U1E6SADQQ7G",
          "level" : "Information",
          "log_name" : "Microsoft-Windows-Sysmon/Operational",
          "message" : "Network connection detected:\nUtcTime: 2017-11-01 16:53:47.927\nProcessGuid: {704248D8-BA36-59F8-0000-0010EB030000}\nProcessId: 4\nImage: System\nUser: NT AUTHORITY\\SYSTEM\nProtocol: udp\nInitiated: true\nSourceIsIpv6: false\nSourceIp: 192.168.1.205\nSourceHostname: WIN-U1E6SADQQ7G.fios-router.home\nSourcePort: 138\nSourcePortName: netbios-dgm\nDestinationIsIpv6: false\nDestinationIp: 192.168.1.255\nDestinationHostname: \nDestinationPort: 138\nDestinationPortName: netbios-dgm",
          "opcode" : "Info",
          "process_id" : 520,
          "provider_guid" : "{5770385F-C22A-43E0-BF4C-06F5698FFBD9}",
          "record_number" : "3534",
          "source_name" : "Microsoft-Windows-Sysmon",
          "task" : "Network connection detected (rule: NetworkConnect)",
          "thread_id" : 3416,
          "type" : "wineventlog",
          "user" : {
            "domain" : "NT AUTHORITY",
            "identifier" : "S-1-5-18",
            "name" : "SYSTEM",
            "type" : "User"
          },
          "version" : 5
        }
      },
      {
        "_index" : "analytics",
        "_type" : "wineventlog",
        "_id" : "AWBGviqy2lDISLgezpD0",
        "_score" : 1.0,
        "_source" : {
          "@timestamp" : 1512692249133,
          "@version" : "1",
          "beat" : {
            "hostname" : "WIN-U1E6SADQQ7G",
            "name" : "WIN-U1E6SADQQ7G",
            "version" : "5.6.3"
          },
          "computer_name" : "WIN-U1E6SADQQ7G",
          "event_data" : {
            "DestinationIp" : "c0a8:101:7252:d301:8e9:ab34:7252:d301",
            "DestinationIsIpv6" : "true",
            "DestinationPort" : "53",
            "DestinationPortName" : "domain",
            "Image" : "C:\\Windows\\System32\\svchost.exe",
            "Initiated" : "true",
            "ProcessGuid" : "{704248D8-BA3A-59F8-0000-001033340100}",
            "ProcessId" : "908",
            "Protocol" : "udp",
            "SourceIp" : "c0a8:1cd:0:0:e8b1:495e:1e0:ffff",
            "SourceIsIpv6" : "true",
            "SourcePort" : "53555",
            "User" : "NT AUTHORITY\\NETWORK SERVICE",
            "UtcTime" : "2017-11-01 17:06:00.677"
          },
          "event_id" : 3,
          "host" : "WIN-U1E6SADQQ7G",
          "level" : "Information",
          "log_name" : "Microsoft-Windows-Sysmon/Operational",
          "message" : "Network connection detected:\nUtcTime: 2017-11-01 17:06:00.677\nProcessGuid: {704248D8-BA3A-59F8-0000-001033340100}\nProcessId: 908\nImage: C:\\Windows\\System32\\svchost.exe\nUser: NT AUTHORITY\\NETWORK SERVICE\nProtocol: udp\nInitiated: true\nSourceIsIpv6: true\nSourceIp: c0a8:1cd:0:0:e8b1:495e:1e0:ffff\nSourceHostname: \nSourcePort: 53555\nSourcePortName: \nDestinationIsIpv6: true\nDestinationIp: c0a8:101:7252:d301:8e9:ab34:7252:d301\nDestinationHostname: \nDestinationPort: 53\nDestinationPortName: domain",
          "opcode" : "Info",
          "process_id" : 520,
          "provider_guid" : "{5770385F-C22A-43E0-BF4C-06F5698FFBD9}",
          "record_number" : "3566",
          "source_name" : "Microsoft-Windows-Sysmon",
          "task" : "Network connection detected (rule: NetworkConnect)",
          "thread_id" : 3416,
          "type" : "wineventlog",
          "user" : {
            "domain" : "NT AUTHORITY",
            "identifier" : "S-1-5-18",
            "name" : "SYSTEM",
            "type" : "User"
          },
          "version" : 5
        }
      },
      {
        "_index" : "analytics",
        "_type" : "wineventlog",
        "_id" : "AWBGviqy2lDISLgezpD1",
        "_score" : 1.0,
        "_source" : {
          "@timestamp" : 1512692249133,
          "@version" : "1",
          "beat" : {
            "hostname" : "WIN-U1E6SADQQ7G",
            "name" : "WIN-U1E6SADQQ7G",
            "version" : "5.6.3"
          },
          "computer_name" : "WIN-U1E6SADQQ7G",
          "event_data" : {
            "DestinationIp" : "192.168.1.1",
            "DestinationIsIpv6" : "false",
            "DestinationPort" : "53",
            "DestinationPortName" : "domain",
            "Image" : "C:\\Windows\\System32\\svchost.exe",
            "Initiated" : "false",
            "ProcessGuid" : "{704248D8-BA3A-59F8-0000-001033340100}",
            "ProcessId" : "908",
            "Protocol" : "udp",
            "SourceHostname" : "WIN-U1E6SADQQ7G.fios-router.home",
            "SourceIp" : "192.168.1.205",
            "SourceIsIpv6" : "false",
            "SourcePort" : "53555",
            "User" : "NT AUTHORITY\\NETWORK SERVICE",
            "UtcTime" : "2017-11-01 17:06:00.683"
          },
          "event_id" : 3,
          "host" : "WIN-U1E6SADQQ7G",
          "level" : "Information",
          "log_name" : "Microsoft-Windows-Sysmon/Operational",
          "message" : "Network connection detected:\nUtcTime: 2017-11-01 17:06:00.683\nProcessGuid: {704248D8-BA3A-59F8-0000-001033340100}\nProcessId: 908\nImage: C:\\Windows\\System32\\svchost.exe\nUser: NT AUTHORITY\\NETWORK SERVICE\nProtocol: udp\nInitiated: false\nSourceIsIpv6: false\nSourceIp: 192.168.1.205\nSourceHostname: WIN-U1E6SADQQ7G.fios-router.home\nSourcePort: 53555\nSourcePortName: \nDestinationIsIpv6: false\nDestinationIp: 192.168.1.1\nDestinationHostname: \nDestinationPort: 53\nDestinationPortName: domain",
          "opcode" : "Info",
          "process_id" : 520,
          "provider_guid" : "{5770385F-C22A-43E0-BF4C-06F5698FFBD9}",
          "record_number" : "3567",
          "source_name" : "Microsoft-Windows-Sysmon",
          "task" : "Network connection detected (rule: NetworkConnect)",
          "thread_id" : 3416,
          "type" : "wineventlog",
          "user" : {
            "domain" : "NT AUTHORITY",
            "identifier" : "S-1-5-18",
            "name" : "SYSTEM",
            "type" : "User"
          },
          "version" : 5
        }
      },
      {
        "_index" : "analytics",
        "_type" : "wineventlog",
        "_id" : "AWBGviqy2lDISLgezpD4",
        "_score" : 1.0,
        "_source" : {
          "@timestamp" : 1512691308777,
          "@version" : "1",
          "beat" : {
            "hostname" : "WIN-U1E6SADQQ7G",
            "name" : "WIN-U1E6SADQQ7G",
            "version" : "5.6.3"
          },
          "computer_name" : "WIN-U1E6SADQQ7G",
          "event_data" : {
            "DestinationIp" : "ff02:0:0:0:0:0:1:3",
            "DestinationIsIpv6" : "true",
            "DestinationPort" : "5355",
            "DestinationPortName" : "llmnr",
            "Image" : "C:\\Windows\\System32\\svchost.exe",
            "Initiated" : "true",
            "ProcessGuid" : "{704248D8-BA3A-59F8-0000-001033340100}",
            "ProcessId" : "908",
            "Protocol" : "udp",
            "SourceHostname" : "WIN-U1E6SADQQ7G.fios-router.home",
            "SourceIp" : "fe80:0:0:0:74b4:adaf:2506:42b1",
            "SourceIsIpv6" : "true",
            "SourcePort" : "50913",
            "User" : "NT AUTHORITY\\NETWORK SERVICE",
            "UtcTime" : "2017-11-01 16:50:20.395"
          },
          "event_id" : 3,
          "host" : "WIN-U1E6SADQQ7G",
          "level" : "Information",
          "log_name" : "Microsoft-Windows-Sysmon/Operational",
          "message" : "Network connection detected:\nUtcTime: 2017-11-01 16:50:20.395\nProcessGuid: {704248D8-BA3A-59F8-0000-001033340100}\nProcessId: 908\nImage: C:\\Windows\\System32\\svchost.exe\nUser: NT AUTHORITY\\NETWORK SERVICE\nProtocol: udp\nInitiated: true\nSourceIsIpv6: true\nSourceIp: fe80:0:0:0:74b4:adaf:2506:42b1\nSourceHostname: WIN-U1E6SADQQ7G.fios-router.home\nSourcePort: 50913\nSourcePortName: \nDestinationIsIpv6: true\nDestinationIp: ff02:0:0:0:0:0:1:3\nDestinationHostname: \nDestinationPort: 5355\nDestinationPortName: llmnr",
          "opcode" : "Info",
          "process_id" : 520,
          "provider_guid" : "{5770385F-C22A-43E0-BF4C-06F5698FFBD9}",
          "record_number" : "3525",
          "source_name" : "Microsoft-Windows-Sysmon",
          "task" : "Network connection detected (rule: NetworkConnect)",
          "thread_id" : 3416,
          "type" : "wineventlog",
          "user" : {
            "domain" : "NT AUTHORITY",
            "identifier" : "S-1-5-18",
            "name" : "SYSTEM",
            "type" : "User"
          },
          "version" : 5
        }
      },
      {
        "_index" : "analytics",
        "_type" : "wineventlog",
        "_id" : "AWBGviqy2lDISLgezpD8",
        "_score" : 1.0,
        "_source" : {
          "@timestamp" : 1512691935741,
          "@version" : "1",
          "beat" : {
            "hostname" : "WIN-U1E6SADQQ7G",
            "name" : "WIN-U1E6SADQQ7G",
            "version" : "5.6.3"
          },
          "computer_name" : "WIN-U1E6SADQQ7G",
          "event_data" : {
            "DestinationHostname" : "Ronys-MBP.fios-router.home",
            "DestinationIp" : "192.168.1.154",
            "DestinationIsIpv6" : "false",
            "DestinationPort" : "5353",
            "Image" : "C:\\Program Files (x86)\\Google\\Chrome\\Application\\chrome.exe",
            "Initiated" : "false",
            "ProcessGuid" : "{704248D8-35D4-59F9-0000-0010004D1C00}",
            "ProcessId" : "1884",
            "Protocol" : "udp",
            "SourceIp" : "224.0.0.251",
            "SourceIsIpv6" : "false",
            "SourcePort" : "5353",
            "User" : "WIN-U1E6SADQQ7G\\Administrator",
            "UtcTime" : "2017-11-01 17:00:47.138"
          },
          "event_id" : 3,
          "host" : "WIN-U1E6SADQQ7G",
          "level" : "Information",
          "log_name" : "Microsoft-Windows-Sysmon/Operational",
          "message" : "Network connection detected:\nUtcTime: 2017-11-01 17:00:47.138\nProcessGuid: {704248D8-35D4-59F9-0000-0010004D1C00}\nProcessId: 1884\nImage: C:\\Program Files (x86)\\Google\\Chrome\\Application\\chrome.exe\nUser: WIN-U1E6SADQQ7G\\Administrator\nProtocol: udp\nInitiated: false\nSourceIsIpv6: false\nSourceIp: 224.0.0.251\nSourceHostname: \nSourcePort: 5353\nSourcePortName: \nDestinationIsIpv6: false\nDestinationIp: 192.168.1.154\nDestinationHostname: Ronys-MBP.fios-router.home\nDestinationPort: 5353\nDestinationPortName: ",
          "opcode" : "Info",
          "process_id" : 520,
          "provider_guid" : "{5770385F-C22A-43E0-BF4C-06F5698FFBD9}",
          "record_number" : "3555",
          "source_name" : "Microsoft-Windows-Sysmon",
          "task" : "Network connection detected (rule: NetworkConnect)",
          "thread_id" : 3416,
          "type" : "wineventlog",
          "user" : {
            "domain" : "NT AUTHORITY",
            "identifier" : "S-1-5-18",
            "name" : "SYSTEM",
            "type" : "User"
          },
          "version" : 5
        }
      },
      {
        "_index" : "analytics",
        "_type" : "wineventlog",
        "_id" : "AWBGviqy2lDISLgezpEC",
        "_score" : 1.0,
        "_source" : {
          "@timestamp" : 1512692838596,
          "@version" : "1",
          "beat" : {
            "hostname" : "WIN-U1E6SADQQ7G",
            "name" : "WIN-U1E6SADQQ7G",
            "version" : "5.6.3"
          },
          "computer_name" : "WIN-U1E6SADQQ7G",
          "event_data" : {
            "DestinationIp" : "ff02:0:0:0:0:0:1:2",
            "DestinationIsIpv6" : "true",
            "DestinationPort" : "547",
            "DestinationPortName" : "dhcpv6-server",
            "Image" : "C:\\Windows\\System32\\svchost.exe",
            "Initiated" : "true",
            "ProcessGuid" : "{704248D8-BA3A-59F8-0000-0010FC160100}",
            "ProcessId" : "756",
            "Protocol" : "udp",
            "SourceIp" : "fe80:0:0:0:3475:2233:3f57:fe32",
            "SourceIsIpv6" : "true",
            "SourcePort" : "546",
            "SourcePortName" : "dhcpv6-client",
            "User" : "NT AUTHORITY\\LOCAL SERVICE",
            "UtcTime" : "2017-11-01 17:15:50.194"
          },
          "event_id" : 3,
          "host" : "WIN-U1E6SADQQ7G",
          "level" : "Information",
          "log_name" : "Microsoft-Windows-Sysmon/Operational",
          "message" : "Network connection detected:\nUtcTime: 2017-11-01 17:15:50.194\nProcessGuid: {704248D8-BA3A-59F8-0000-0010FC160100}\nProcessId: 756\nImage: C:\\Windows\\System32\\svchost.exe\nUser: NT AUTHORITY\\LOCAL SERVICE\nProtocol: udp\nInitiated: true\nSourceIsIpv6: true\nSourceIp: fe80:0:0:0:3475:2233:3f57:fe32\nSourceHostname: \nSourcePort: 546\nSourcePortName: dhcpv6-client\nDestinationIsIpv6: true\nDestinationIp: ff02:0:0:0:0:0:1:2\nDestinationHostname: \nDestinationPort: 547\nDestinationPortName: dhcpv6-server",
          "opcode" : "Info",
          "process_id" : 520,
          "provider_guid" : "{5770385F-C22A-43E0-BF4C-06F5698FFBD9}",
          "record_number" : "3587",
          "source_name" : "Microsoft-Windows-Sysmon",
          "task" : "Network connection detected (rule: NetworkConnect)",
          "thread_id" : 3416,
          "type" : "wineventlog",
          "user" : {
            "domain" : "NT AUTHORITY",
            "identifier" : "S-1-5-18",
            "name" : "SYSTEM",
            "type" : "User"
          },
          "version" : 5
        }
      },
      {
        "_index" : "analytics",
        "_type" : "wineventlog",
        "_id" : "AWBGviqy2lDISLgezpED",
        "_score" : 1.0,
        "_source" : {
          "@timestamp" : 1512694213749,
          "@version" : "1",
          "beat" : {
            "hostname" : "WIN-U1E6SADQQ7G",
            "name" : "WIN-U1E6SADQQ7G",
            "version" : "5.6.3"
          },
          "computer_name" : "WIN-U1E6SADQQ7G",
          "event_data" : {
            "DestinationIp" : "192.168.1.1",
            "DestinationIsIpv6" : "false",
            "DestinationPort" : "53",
            "DestinationPortName" : "domain",
            "Image" : "C:\\Windows\\System32\\svchost.exe",
            "Initiated" : "false",
            "ProcessGuid" : "{704248D8-BA3A-59F8-0000-001033340100}",
            "ProcessId" : "908",
            "Protocol" : "udp",
            "SourceHostname" : "WIN-U1E6SADQQ7G.fios-router.home",
            "SourceIp" : "192.168.1.205",
            "SourceIsIpv6" : "false",
            "SourcePort" : "58635",
            "User" : "NT AUTHORITY\\NETWORK SERVICE",
            "UtcTime" : "2017-11-01 17:38:45.223"
          },
          "event_id" : 3,
          "host" : "WIN-U1E6SADQQ7G",
          "level" : "Information",
          "log_name" : "Microsoft-Windows-Sysmon/Operational",
          "message" : "Network connection detected:\nUtcTime: 2017-11-01 17:38:45.223\nProcessGuid: {704248D8-BA3A-59F8-0000-001033340100}\nProcessId: 908\nImage: C:\\Windows\\System32\\svchost.exe\nUser: NT AUTHORITY\\NETWORK SERVICE\nProtocol: udp\nInitiated: false\nSourceIsIpv6: false\nSourceIp: 192.168.1.205\nSourceHostname: WIN-U1E6SADQQ7G.fios-router.home\nSourcePort: 58635\nSourcePortName: \nDestinationIsIpv6: false\nDestinationIp: 192.168.1.1\nDestinationHostname: \nDestinationPort: 53\nDestinationPortName: domain",
          "opcode" : "Info",
          "process_id" : 520,
          "provider_guid" : "{5770385F-C22A-43E0-BF4C-06F5698FFBD9}",
          "record_number" : "3642",
          "source_name" : "Microsoft-Windows-Sysmon",
          "task" : "Network connection detected (rule: NetworkConnect)",
          "thread_id" : 3416,
          "type" : "wineventlog",
          "user" : {
            "domain" : "NT AUTHORITY",
            "identifier" : "S-1-5-18",
            "name" : "SYSTEM",
            "type" : "User"
          },
          "version" : 5
        }
      },
      {
        "_index" : "analytics",
        "_type" : "wineventlog",
        "_id" : "AWBGviqy2lDISLgezpEE",
        "_score" : 1.0,
        "_source" : {
          "@timestamp" : 1512694053918,
          "@version" : "1",
          "beat" : {
            "hostname" : "WIN-U1E6SADQQ7G",
            "name" : "WIN-U1E6SADQQ7G",
            "version" : "5.6.3"
          },
          "computer_name" : "WIN-U1E6SADQQ7G",
          "event_data" : {
            "DestinationIp" : "fe80:0:0:0:fe:4466:3069:5588",
            "DestinationIsIpv6" : "true",
            "DestinationPort" : "5353",
            "Image" : "C:\\Program Files (x86)\\Google\\Chrome\\Application\\chrome.exe",
            "Initiated" : "false",
            "ProcessGuid" : "{704248D8-35D4-59F9-0000-0010004D1C00}",
            "ProcessId" : "1884",
            "Protocol" : "udp",
            "SourceIp" : "ff02:0:0:0:0:0:0:fb",
            "SourceIsIpv6" : "true",
            "SourcePort" : "5353",
            "User" : "WIN-U1E6SADQQ7G\\Administrator",
            "UtcTime" : "2017-11-01 17:36:05.447"
          },
          "event_id" : 3,
          "host" : "WIN-U1E6SADQQ7G",
          "level" : "Information",
          "log_name" : "Microsoft-Windows-Sysmon/Operational",
          "message" : "Network connection detected:\nUtcTime: 2017-11-01 17:36:05.447\nProcessGuid: {704248D8-35D4-59F9-0000-0010004D1C00}\nProcessId: 1884\nImage: C:\\Program Files (x86)\\Google\\Chrome\\Application\\chrome.exe\nUser: WIN-U1E6SADQQ7G\\Administrator\nProtocol: udp\nInitiated: false\nSourceIsIpv6: true\nSourceIp: ff02:0:0:0:0:0:0:fb\nSourceHostname: \nSourcePort: 5353\nSourcePortName: \nDestinationIsIpv6: true\nDestinationIp: fe80:0:0:0:fe:4466:3069:5588\nDestinationHostname: \nDestinationPort: 5353\nDestinationPortName: ",
          "opcode" : "Info",
          "process_id" : 520,
          "provider_guid" : "{5770385F-C22A-43E0-BF4C-06F5698FFBD9}",
          "record_number" : "3631",
          "source_name" : "Microsoft-Windows-Sysmon",
          "task" : "Network connection detected (rule: NetworkConnect)",
          "thread_id" : 3416,
          "type" : "wineventlog",
          "user" : {
            "domain" : "NT AUTHORITY",
            "identifier" : "S-1-5-18",
            "name" : "SYSTEM",
            "type" : "User"
          },
          "version" : 5
        }
      },
      {
        "_index" : "analytics",
        "_type" : "wineventlog",
        "_id" : "AWBGviqy2lDISLgezpEM",
        "_score" : 1.0,
        "_source" : {
          "@timestamp" : 1512694275635,
          "@version" : "1",
          "beat" : {
            "hostname" : "WIN-U1E6SADQQ7G",
            "name" : "WIN-U1E6SADQQ7G",
            "version" : "5.6.3"
          },
          "computer_name" : "WIN-U1E6SADQQ7G",
          "event_data" : {
            "DestinationIp" : "239.255.255.250",
            "DestinationIsIpv6" : "false",
            "DestinationPort" : "1900",
            "DestinationPortName" : "ssdp",
            "Image" : "C:\\Program Files (x86)\\Google\\Chrome\\Application\\chrome.exe",
            "Initiated" : "true",
            "ProcessGuid" : "{704248D8-35D4-59F9-0000-0010004D1C00}",
            "ProcessId" : "1884",
            "Protocol" : "udp",
            "SourceHostname" : "WIN-U1E6SADQQ7G.fios-router.home",
            "SourceIp" : "192.168.1.205",
            "SourceIsIpv6" : "false",
            "SourcePort" : "59582",
            "User" : "WIN-U1E6SADQQ7G\\Administrator",
            "UtcTime" : "2017-11-01 17:39:47.192"
          },
          "event_id" : 3,
          "host" : "WIN-U1E6SADQQ7G",
          "level" : "Information",
          "log_name" : "Microsoft-Windows-Sysmon/Operational",
          "message" : "Network connection detected:\nUtcTime: 2017-11-01 17:39:47.192\nProcessGuid: {704248D8-35D4-59F9-0000-0010004D1C00}\nProcessId: 1884\nImage: C:\\Program Files (x86)\\Google\\Chrome\\Application\\chrome.exe\nUser: WIN-U1E6SADQQ7G\\Administrator\nProtocol: udp\nInitiated: true\nSourceIsIpv6: false\nSourceIp: 192.168.1.205\nSourceHostname: WIN-U1E6SADQQ7G.fios-router.home\nSourcePort: 59582\nSourcePortName: \nDestinationIsIpv6: false\nDestinationIp: 239.255.255.250\nDestinationHostname: \nDestinationPort: 1900\nDestinationPortName: ssdp",
          "opcode" : "Info",
          "process_id" : 520,
          "provider_guid" : "{5770385F-C22A-43E0-BF4C-06F5698FFBD9}",
          "record_number" : "3645",
          "source_name" : "Microsoft-Windows-Sysmon",
          "task" : "Network connection detected (rule: NetworkConnect)",
          "thread_id" : 3416,
          "type" : "wineventlog",
          "user" : {
            "domain" : "NT AUTHORITY",
            "identifier" : "S-1-5-18",
            "name" : "SYSTEM",
            "type" : "User"
          },
          "version" : 5
        }
      },
