      {
        "_index" : "test",
        "_type" : "wineventlog",
        "_id" : "AWBHnJR82lDISLgezqxS",
        "_score" : 1.0,
        "_source" : {
          "@timestamp" : 1512730142651,
          "@version" : "1",
          "beat" : {
            "hostname" : "WIN-U1E6SADQQ7G",
            "name" : "WIN-U1E6SADQQ7G",
            "version" : "5.6.3"
          },
          "computer_name" : "WIN-U1E6SADQQ7G",
          "event_data" : {
            "CreationUtcTime" : "2017-12-08 10:49:02.626",
            "Image" : "C:\\Windows\\System32\\spoolsv.exe",
            "PreviousCreationUtcTime" : "2017-12-08 10:49:02.640",
            "ProcessGuid" : "{704248D8-6D77-5A2A-0000-0010AC830100}",
            "ProcessId" : "1020",
            "TargetFilename" : "C:\\Windows\\System32\\spool\\drivers\\x64\\3\\New\\TP PS Driver 378134AF608640bfB4D3830C0F47938F.ppd",
            "UtcTime" : "2017-12-08 10:49:02.641"
          },
          "event_id" : 2,
          "host" : "WIN-U1E6SADQQ7G",
          "level" : "Information",
          "log_name" : "Microsoft-Windows-Sysmon/Operational",
          "message" : "File creation time changed:\nUtcTime: 2017-12-08 10:49:02.641\nProcessGuid: {704248D8-6D77-5A2A-0000-0010AC830100}\nProcessId: 1020\nImage: C:\\Windows\\System32\\spoolsv.exe\nTargetFilename: C:\\Windows\\System32\\spool\\drivers\\x64\\3\\New\\TP PS Driver 378134AF608640bfB4D3830C0F47938F.ppd\nCreationUtcTime: 2017-12-08 10:49:02.626\nPreviousCreationUtcTime: 2017-12-08 10:49:02.640",
          "opcode" : "Info",
          "process_id" : 1328,
          "provider_guid" : "{5770385F-C22A-43E0-BF4C-06F5698FFBD9}",
          "record_number" : "5715",
          "source_name" : "Microsoft-Windows-Sysmon",
          "task" : "File creation time changed (rule: FileCreateTime)",
          "thread_id" : 1960,
          "type" : "wineventlog",
          "user" : {
            "domain" : "NT AUTHORITY",
            "identifier" : "S-1-5-18",
            "name" : "SYSTEM",
            "type" : "User"
          },
          "version" : 4
        }
      },
      {
        "_index" : "test",
        "_type" : "wineventlog",
        "_id" : "AWBHnJR82lDISLgezqxU",
        "_score" : 1.0,
        "_source" : {
          "@timestamp" : 1512731030325,
          "@version" : "1",
          "beat" : {
            "hostname" : "WIN-U1E6SADQQ7G",
            "name" : "WIN-U1E6SADQQ7G",
            "version" : "5.6.3"
          },
          "computer_name" : "WIN-U1E6SADQQ7G",
          "event_data" : {
            "CreationUtcTime" : "2017-12-08 11:03:50.324",
            "Image" : "C:\\Windows\\Explorer.EXE",
            "PreviousCreationUtcTime" : "2017-12-08 11:03:50.324",
            "ProcessGuid" : "{704248D8-6DAF-5A2A-0000-0010833E0400}",
            "ProcessId" : "2740",
            "TargetFilename" : "C:\\Users\\Administrator\\AppData\\Local\\Microsoft\\Windows\\Explorer\\TileCacheDefault-1067531_80.dat",
            "UtcTime" : "2017-12-08 11:03:50.324"
          },
          "event_id" : 2,
          "host" : "WIN-U1E6SADQQ7G",
          "level" : "Information",
          "log_name" : "Microsoft-Windows-Sysmon/Operational",
          "message" : "File creation time changed:\nUtcTime: 2017-12-08 11:03:50.324\nProcessGuid: {704248D8-6DAF-5A2A-0000-0010833E0400}\nProcessId: 2740\nImage: C:\\Windows\\Explorer.EXE\nTargetFilename: C:\\Users\\Administrator\\AppData\\Local\\Microsoft\\Windows\\Explorer\\TileCacheDefault-1067531_80.dat\nCreationUtcTime: 2017-12-08 11:03:50.324\nPreviousCreationUtcTime: 2017-12-08 11:03:50.324",
          "opcode" : "Info",
          "process_id" : 1328,
          "provider_guid" : "{5770385F-C22A-43E0-BF4C-06F5698FFBD9}",
          "record_number" : "5775",
          "source_name" : "Microsoft-Windows-Sysmon",
          "task" : "File creation time changed (rule: FileCreateTime)",
          "thread_id" : 1960,
          "type" : "wineventlog",
          "user" : {
            "domain" : "NT AUTHORITY",
            "identifier" : "S-1-5-18",
            "name" : "SYSTEM",
            "type" : "User"
          },
          "version" : 4
        }
      },
      {
        "_index" : "test",
        "_type" : "wineventlog",
        "_id" : "AWBHnJR82lDISLgezqxW",
        "_score" : 1.0,
        "_source" : {
          "@timestamp" : 1512731030785,
          "@version" : "1",
          "beat" : {
            "hostname" : "WIN-U1E6SADQQ7G",
            "name" : "WIN-U1E6SADQQ7G",
            "version" : "5.6.3"
          },
          "computer_name" : "WIN-U1E6SADQQ7G",
          "event_data" : {
            "CommandLine" : "\"C:\\Windows\\Microsoft.NET\\Framework64\\v4.0.30319\\NGenTask.exe\" /RuntimeWide /StopEvent:856",
            "CurrentDirectory" : "C:\\Windows\\system32\\",
            "Hashes" : "SHA1=28591C4DD228AB1E3C0A372DE962D6974E6564BC",
            "Image" : "C:\\Windows\\Microsoft.NET\\Framework64\\v4.0.30319\\ngentask.exe",
            "IntegrityLevel" : "System",
            "LogonGuid" : "{704248D8-6D75-5A2A-0000-0020E7030000}",
            "LogonId" : "0x3e7",
            "ParentCommandLine" : "taskhost.exe ",
            "ParentImage" : "C:\\Windows\\System32\\taskhost.exe",
            "ParentProcessGuid" : "{704248D8-7196-5A2A-0000-0010097F1500}",
            "ParentProcessId" : "1920",
            "ProcessGuid" : "{704248D8-7196-5A2A-0000-001014A21500}",
            "ProcessId" : "3288",
            "TerminalSessionId" : "0",
            "User" : "NT AUTHORITY\\SYSTEM",
            "UtcTime" : "2017-12-08 11:03:50.780"
          },
          "event_id" : 1,
          "host" : "WIN-U1E6SADQQ7G",
          "level" : "Information",
          "log_name" : "Microsoft-Windows-Sysmon/Operational",
          "message" : "Process Create:\nUtcTime: 2017-12-08 11:03:50.780\nProcessGuid: {704248D8-7196-5A2A-0000-001014A21500}\nProcessId: 3288\nImage: C:\\Windows\\Microsoft.NET\\Framework64\\v4.0.30319\\ngentask.exe\nCommandLine: \"C:\\Windows\\Microsoft.NET\\Framework64\\v4.0.30319\\NGenTask.exe\" /RuntimeWide /StopEvent:856\nCurrentDirectory: C:\\Windows\\system32\\\nUser: NT AUTHORITY\\SYSTEM\nLogonGuid: {704248D8-6D75-5A2A-0000-0020E7030000}\nLogonId: 0x3E7\nTerminalSessionId: 0\nIntegrityLevel: System\nHashes: SHA1=28591C4DD228AB1E3C0A372DE962D6974E6564BC\nParentProcessGuid: {704248D8-7196-5A2A-0000-0010097F1500}\nParentProcessId: 1920\nParentImage: C:\\Windows\\System32\\taskhost.exe\nParentCommandLine: taskhost.exe ",
          "opcode" : "Info",
          "process_id" : 1328,
          "provider_guid" : "{5770385F-C22A-43E0-BF4C-06F5698FFBD9}",
          "record_number" : "5788",
          "source_name" : "Microsoft-Windows-Sysmon",
          "task" : "Process Create (rule: ProcessCreate)",
          "thread_id" : 1960,
          "type" : "wineventlog",
          "user" : {
            "domain" : "NT AUTHORITY",
            "identifier" : "S-1-5-18",
            "name" : "SYSTEM",
            "type" : "User"
          },
          "version" : 5
        }
      },
      {
        "_index" : "test",
        "_type" : "wineventlog",
        "_id" : "AWBHnJR82lDISLgezqxX",
        "_score" : 1.0,
        "_source" : {
          "@timestamp" : 1512730992061,
          "@version" : "1",
          "beat" : {
            "hostname" : "WIN-U1E6SADQQ7G",
            "name" : "WIN-U1E6SADQQ7G",
            "version" : "5.6.3"
          },
          "computer_name" : "WIN-U1E6SADQQ7G",
          "event_data" : {
            "CommandLine" : "\"C:\\Program Files (x86)\\Google\\Update\\GoogleUpdate.exe\" /svc",
            "CurrentDirectory" : "C:\\Windows\\system32\\",
            "Hashes" : "SHA1=290093ED555F56B0896AEBD1E2D498B0E554D697",
            "Image" : "C:\\Program Files (x86)\\Google\\Update\\GoogleUpdate.exe",
            "IntegrityLevel" : "System",
            "LogonGuid" : "{704248D8-6D75-5A2A-0000-0020E7030000}",
            "LogonId" : "0x3e7",
            "ParentCommandLine" : "C:\\Windows\\system32\\services.exe",
            "ParentImage" : "C:\\Windows\\System32\\services.exe",
            "ParentProcessGuid" : "{704248D8-6D75-5A2A-0000-001080A70000}",
            "ParentProcessId" : "468",
            "ProcessGuid" : "{704248D8-7170-5A2A-0000-0010BA5A1500}",
            "ProcessId" : "3608",
            "TerminalSessionId" : "0",
            "User" : "NT AUTHORITY\\SYSTEM",
            "UtcTime" : "2017-12-08 11:03:12.058"
          },
          "event_id" : 1,
          "host" : "WIN-U1E6SADQQ7G",
          "level" : "Information",
          "log_name" : "Microsoft-Windows-Sysmon/Operational",
          "message" : "Process Create:\nUtcTime: 2017-12-08 11:03:12.058\nProcessGuid: {704248D8-7170-5A2A-0000-0010BA5A1500}\nProcessId: 3608\nImage: C:\\Program Files (x86)\\Google\\Update\\GoogleUpdate.exe\nCommandLine: \"C:\\Program Files (x86)\\Google\\Update\\GoogleUpdate.exe\" /svc\nCurrentDirectory: C:\\Windows\\system32\\\nUser: NT AUTHORITY\\SYSTEM\nLogonGuid: {704248D8-6D75-5A2A-0000-0020E7030000}\nLogonId: 0x3E7\nTerminalSessionId: 0\nIntegrityLevel: System\nHashes: SHA1=290093ED555F56B0896AEBD1E2D498B0E554D697\nParentProcessGuid: {704248D8-6D75-5A2A-0000-001080A70000}\nParentProcessId: 468\nParentImage: C:\\Windows\\System32\\services.exe\nParentCommandLine: C:\\Windows\\system32\\services.exe",
          "opcode" : "Info",
          "process_id" : 1328,
          "provider_guid" : "{5770385F-C22A-43E0-BF4C-06F5698FFBD9}",
          "record_number" : "5767",
          "source_name" : "Microsoft-Windows-Sysmon",
          "task" : "Process Create (rule: ProcessCreate)",
          "thread_id" : 1960,
          "type" : "wineventlog",
          "user" : {
            "domain" : "NT AUTHORITY",
            "identifier" : "S-1-5-18",
            "name" : "SYSTEM",
            "type" : "User"
          },
          "version" : 5
        }
      },
      {
        "_index" : "test",
        "_type" : "wineventlog",
        "_id" : "AWBHnJR82lDISLgezqxb",
        "_score" : 1.0,
        "_source" : {
          "@timestamp" : 1512730791986,
          "@version" : "1",
          "beat" : {
            "hostname" : "WIN-U1E6SADQQ7G",
            "name" : "WIN-U1E6SADQQ7G",
            "version" : "5.6.3"
          },
          "computer_name" : "WIN-U1E6SADQQ7G",
          "event_data" : {
            "CommandLine" : "C:\\Windows\\System32\\svchost.exe -k WerSvcGroup",
            "CurrentDirectory" : "C:\\Windows\\system32\\",
            "Hashes" : "SHA1=7052346F46D41BEF29515C89D1EA099197B867B5",
            "Image" : "C:\\Windows\\System32\\svchost.exe",
            "IntegrityLevel" : "System",
            "LogonGuid" : "{704248D8-6D75-5A2A-0000-0020E7030000}",
            "LogonId" : "0x3e7",
            "ParentCommandLine" : "C:\\Windows\\system32\\services.exe",
            "ParentImage" : "C:\\Windows\\System32\\services.exe",
            "ParentProcessGuid" : "{704248D8-6D75-5A2A-0000-001080A70000}",
            "ParentProcessId" : "468",
            "ProcessGuid" : "{704248D8-70A7-5A2A-0000-0010C3E51400}",
            "ProcessId" : "200",
            "TerminalSessionId" : "0",
            "User" : "NT AUTHORITY\\SYSTEM",
            "UtcTime" : "2017-12-08 10:59:51.986"
          },
          "event_id" : 1,
          "host" : "WIN-U1E6SADQQ7G",
          "level" : "Information",
          "log_name" : "Microsoft-Windows-Sysmon/Operational",
          "message" : "Process Create:\nUtcTime: 2017-12-08 10:59:51.986\nProcessGuid: {704248D8-70A7-5A2A-0000-0010C3E51400}\nProcessId: 200\nImage: C:\\Windows\\System32\\svchost.exe\nCommandLine: C:\\Windows\\System32\\svchost.exe -k WerSvcGroup\nCurrentDirectory: C:\\Windows\\system32\\\nUser: NT AUTHORITY\\SYSTEM\nLogonGuid: {704248D8-6D75-5A2A-0000-0020E7030000}\nLogonId: 0x3E7\nTerminalSessionId: 0\nIntegrityLevel: System\nHashes: SHA1=7052346F46D41BEF29515C89D1EA099197B867B5\nParentProcessGuid: {704248D8-6D75-5A2A-0000-001080A70000}\nParentProcessId: 468\nParentImage: C:\\Windows\\System32\\services.exe\nParentCommandLine: C:\\Windows\\system32\\services.exe",
          "opcode" : "Info",
          "process_id" : 1328,
          "provider_guid" : "{5770385F-C22A-43E0-BF4C-06F5698FFBD9}",
          "record_number" : "5744",
          "source_name" : "Microsoft-Windows-Sysmon",
          "task" : "Process Create (rule: ProcessCreate)",
          "thread_id" : 1960,
          "type" : "wineventlog",
          "user" : {
            "domain" : "NT AUTHORITY",
            "identifier" : "S-1-5-18",
            "name" : "SYSTEM",
            "type" : "User"
          },
          "version" : 5
        }
      },
      {
        "_index" : "test",
        "_type" : "wineventlog",
        "_id" : "AWBHnJR82lDISLgezqxg",
        "_score" : 1.0,
        "_source" : {
          "@timestamp" : 1512731393084,
          "@version" : "1",
          "beat" : {
            "hostname" : "WIN-U1E6SADQQ7G",
            "name" : "WIN-U1E6SADQQ7G",
            "version" : "5.6.3"
          },
          "computer_name" : "WIN-U1E6SADQQ7G",
          "event_data" : {
            "Image" : "C:\\Windows\\System32\\wbem\\WmiPrvSE.exe",
            "ProcessGuid" : "{704248D8-72A2-5A2A-0000-0010BB531900}",
            "ProcessId" : "2908",
            "UtcTime" : "2017-12-08 11:09:53.083"
          },
          "event_id" : 5,
          "host" : "WIN-U1E6SADQQ7G",
          "level" : "Information",
          "log_name" : "Microsoft-Windows-Sysmon/Operational",
          "message" : "Process terminated:\nUtcTime: 2017-12-08 11:09:53.083\nProcessGuid: {704248D8-72A2-5A2A-0000-0010BB531900}\nProcessId: 2908\nImage: C:\\Windows\\System32\\wbem\\WmiPrvSE.exe",
          "opcode" : "Info",
          "process_id" : 1328,
          "provider_guid" : "{5770385F-C22A-43E0-BF4C-06F5698FFBD9}",
          "record_number" : "5830",
          "source_name" : "Microsoft-Windows-Sysmon",
          "task" : "Process terminated (rule: ProcessTerminate)",
          "thread_id" : 1960,
          "type" : "wineventlog",
          "user" : {
            "domain" : "NT AUTHORITY",
            "identifier" : "S-1-5-18",
            "name" : "SYSTEM",
            "type" : "User"
          },
          "version" : 3
        }
      },
      {
        "_index" : "test",
        "_type" : "wineventlog",
        "_id" : "AWBHnJYD2lDISLgezqx2",
        "_score" : 1.0,
        "_source" : {
          "@timestamp" : 1512953608136,
          "@version" : "1",
          "beat" : {
            "hostname" : "WIN-U1E6SADQQ7G",
            "name" : "WIN-U1E6SADQQ7G",
            "version" : "5.6.3"
          },
          "computer_name" : "WIN-U1E6SADQQ7G",
          "event_data" : {
            "Image" : "C:\\Windows\\System32\\wbem\\WmiPrvSE.exe",
            "ProcessGuid" : "{704248D8-D6AF-5A2D-0000-00105349C100}",
            "ProcessId" : "3804",
            "UtcTime" : "2017-12-11 00:53:28.136"
          },
          "event_id" : 5,
          "host" : "WIN-U1E6SADQQ7G",
          "level" : "Information",
          "log_name" : "Microsoft-Windows-Sysmon/Operational",
          "message" : "Process terminated:\nUtcTime: 2017-12-11 00:53:28.136\nProcessGuid: {704248D8-D6AF-5A2D-0000-00105349C100}\nProcessId: 3804\nImage: C:\\Windows\\System32\\wbem\\WmiPrvSE.exe",
          "opcode" : "Info",
          "process_id" : 1328,
          "provider_guid" : "{5770385F-C22A-43E0-BF4C-06F5698FFBD9}",
          "record_number" : "8052",
          "source_name" : "Microsoft-Windows-Sysmon",
          "task" : "Process terminated (rule: ProcessTerminate)",
          "thread_id" : 1960,
          "type" : "wineventlog",
          "user" : {
            "domain" : "NT AUTHORITY",
            "identifier" : "S-1-5-18",
            "name" : "SYSTEM",
            "type" : "User"
          },
          "version" : 3
        }
      },
      {
        "_index" : "test",
        "_type" : "wineventlog",
        "_id" : "AWBHnJYD2lDISLgezqx4",
        "_score" : 1.0,
        "_source" : {
          "@timestamp" : 1512957182013,
          "@version" : "1",
          "beat" : {
            "hostname" : "WIN-U1E6SADQQ7G",
            "name" : "WIN-U1E6SADQQ7G",
            "version" : "5.6.3"
          },
          "computer_name" : "WIN-U1E6SADQQ7G",
          "event_data" : {
            "CommandLine" : "\\??\\C:\\Windows\\system32\\conhost.exe 0xffffffff",
            "CurrentDirectory" : "C:\\Windows",
            "Hashes" : "SHA1=0862BAE3DC3A0B5C609867D1A7086F1954F2F556",
            "Image" : "C:\\Windows\\System32\\conhost.exe",
            "IntegrityLevel" : "System",
            "LogonGuid" : "{704248D8-6D75-5A2A-0000-0020E7030000}",
            "LogonId" : "0x3e7",
            "ParentCommandLine" : "C:\\Windows\\system32\\ceipdata.exe -id 1",
            "ParentImage" : "C:\\Windows\\System32\\ceipdata.exe",
            "ParentProcessGuid" : "{704248D8-E4FE-5A2D-0000-00103780CB00}",
            "ParentProcessId" : "2212",
            "ProcessGuid" : "{704248D8-E4FE-5A2D-0000-00106980CB00}",
            "ProcessId" : "1652",
            "TerminalSessionId" : "0",
            "User" : "NT AUTHORITY\\SYSTEM",
            "UtcTime" : "2017-12-11 01:53:02.013"
          },
          "event_id" : 1,
          "host" : "WIN-U1E6SADQQ7G",
          "level" : "Information",
          "log_name" : "Microsoft-Windows-Sysmon/Operational",
          "message" : "Process Create:\nUtcTime: 2017-12-11 01:53:02.013\nProcessGuid: {704248D8-E4FE-5A2D-0000-00106980CB00}\nProcessId: 1652\nImage: C:\\Windows\\System32\\conhost.exe\nCommandLine: \\??\\C:\\Windows\\system32\\conhost.exe 0xffffffff\nCurrentDirectory: C:\\Windows\nUser: NT AUTHORITY\\SYSTEM\nLogonGuid: {704248D8-6D75-5A2A-0000-0020E7030000}\nLogonId: 0x3E7\nTerminalSessionId: 0\nIntegrityLevel: System\nHashes: SHA1=0862BAE3DC3A0B5C609867D1A7086F1954F2F556\nParentProcessGuid: {704248D8-E4FE-5A2D-0000-00103780CB00}\nParentProcessId: 2212\nParentImage: C:\\Windows\\System32\\ceipdata.exe\nParentCommandLine: C:\\Windows\\system32\\ceipdata.exe -id 1",
          "opcode" : "Info",
          "process_id" : 1328,
          "provider_guid" : "{5770385F-C22A-43E0-BF4C-06F5698FFBD9}",
          "record_number" : "8156",
          "source_name" : "Microsoft-Windows-Sysmon",
          "task" : "Process Create (rule: ProcessCreate)",
          "thread_id" : 1960,
          "type" : "wineventlog",
          "user" : {
            "domain" : "NT AUTHORITY",
            "identifier" : "S-1-5-18",
            "name" : "SYSTEM",
            "type" : "User"
          },
          "version" : 5
        }
      },
      {
        "_index" : "test",
        "_type" : "wineventlog",
        "_id" : "AWBHnJYD2lDISLgezqx8",
        "_score" : 1.0,
        "_source" : {
          "@timestamp" : 1512962316530,
          "@version" : "1",
          "beat" : {
            "hostname" : "WIN-U1E6SADQQ7G",
            "name" : "WIN-U1E6SADQQ7G",
            "version" : "5.6.3"
          },
          "computer_name" : "WIN-U1E6SADQQ7G",
          "event_data" : {
            "CommandLine" : "C:\\Windows\\system32\\wbem\\wmiprvse.exe -Embedding",
            "CurrentDirectory" : "C:\\Windows\\system32\\",
            "Hashes" : "SHA1=856754572503074DCD78E5C827734C58DE3CE0D9",
            "Image" : "C:\\Windows\\System32\\wbem\\WmiPrvSE.exe",
            "IntegrityLevel" : "System",
            "LogonGuid" : "{704248D8-6D75-5A2A-0000-0020E7030000}",
            "LogonId" : "0x3e7",
            "ParentCommandLine" : "C:\\Windows\\system32\\svchost.exe -k DcomLaunch",
            "ParentImage" : "C:\\Windows\\System32\\svchost.exe",
            "ParentProcessGuid" : "{704248D8-6D75-5A2A-0000-0010BCB80000}",
            "ParentProcessId" : "532",
            "ProcessGuid" : "{704248D8-F90C-5A2D-0000-0010339FD300}",
            "ProcessId" : "3320",
            "TerminalSessionId" : "0",
            "User" : "NT AUTHORITY\\SYSTEM",
            "UtcTime" : "2017-12-11 03:18:36.529"
          },
          "event_id" : 1,
          "host" : "WIN-U1E6SADQQ7G",
          "level" : "Information",
          "log_name" : "Microsoft-Windows-Sysmon/Operational",
          "message" : "Process Create:\nUtcTime: 2017-12-11 03:18:36.529\nProcessGuid: {704248D8-F90C-5A2D-0000-0010339FD300}\nProcessId: 3320\nImage: C:\\Windows\\System32\\wbem\\WmiPrvSE.exe\nCommandLine: C:\\Windows\\system32\\wbem\\wmiprvse.exe -Embedding\nCurrentDirectory: C:\\Windows\\system32\\\nUser: NT AUTHORITY\\SYSTEM\nLogonGuid: {704248D8-6D75-5A2A-0000-0020E7030000}\nLogonId: 0x3E7\nTerminalSessionId: 0\nIntegrityLevel: System\nHashes: SHA1=856754572503074DCD78E5C827734C58DE3CE0D9\nParentProcessGuid: {704248D8-6D75-5A2A-0000-0010BCB80000}\nParentProcessId: 532\nParentImage: C:\\Windows\\System32\\svchost.exe\nParentCommandLine: C:\\Windows\\system32\\svchost.exe -k DcomLaunch",
          "opcode" : "Info",
          "process_id" : 1328,
          "provider_guid" : "{5770385F-C22A-43E0-BF4C-06F5698FFBD9}",
          "record_number" : "8263",
          "source_name" : "Microsoft-Windows-Sysmon",
          "task" : "Process Create (rule: ProcessCreate)",
          "thread_id" : 1960,
          "type" : "wineventlog",
          "user" : {
            "domain" : "NT AUTHORITY",
            "identifier" : "S-1-5-18",
            "name" : "SYSTEM",
            "type" : "User"
          },
          "version" : 5
        }
      },
      {
        "_index" : "test",
        "_type" : "wineventlog",
        "_id" : "AWBHnJYD2lDISLgezqyB",
        "_score" : 1.0,
        "_source" : {
          "@timestamp" : 1512964950955,
          "@version" : "1",
          "beat" : {
            "hostname" : "WIN-U1E6SADQQ7G",
            "name" : "WIN-U1E6SADQQ7G",
            "version" : "5.6.3"
          },
          "computer_name" : "WIN-U1E6SADQQ7G",
          "event_data" : {
            "CommandLine" : "\"C:\\Program Files (x86)\\Google\\Update\\GoogleUpdate.exe\" /ua /installsource scheduler",
            "CurrentDirectory" : "C:\\Windows\\system32\\",
            "Hashes" : "SHA1=290093ED555F56B0896AEBD1E2D498B0E554D697",
            "Image" : "C:\\Program Files (x86)\\Google\\Update\\GoogleUpdate.exe",
            "IntegrityLevel" : "System",
            "LogonGuid" : "{704248D8-6D75-5A2A-0000-0020E7030000}",
            "LogonId" : "0x3e7",
            "ParentCommandLine" : "taskeng.exe {314DA9C2-02EC-4232-98DC-0A05F2571555} S-1-5-18:NT AUTHORITY\\System:Service:",
            "ParentImage" : "C:\\Windows\\System32\\taskeng.exe",
            "ParentProcessGuid" : "{704248D8-0356-5A2E-0000-0010BD1CDB00}",
            "ParentProcessId" : "3396",
            "ProcessGuid" : "{704248D8-0356-5A2E-0000-0010FF1DDB00}",
            "ProcessId" : "3588",
            "TerminalSessionId" : "0",
            "User" : "NT AUTHORITY\\SYSTEM",
            "UtcTime" : "2017-12-11 04:02:30.954"
          },
          "event_id" : 1,
          "host" : "WIN-U1E6SADQQ7G",
          "level" : "Information",
          "log_name" : "Microsoft-Windows-Sysmon/Operational",
          "message" : "Process Create:\nUtcTime: 2017-12-11 04:02:30.954\nProcessGuid: {704248D8-0356-5A2E-0000-0010FF1DDB00}\nProcessId: 3588\nImage: C:\\Program Files (x86)\\Google\\Update\\GoogleUpdate.exe\nCommandLine: \"C:\\Program Files (x86)\\Google\\Update\\GoogleUpdate.exe\" /ua /installsource scheduler\nCurrentDirectory: C:\\Windows\\system32\\\nUser: NT AUTHORITY\\SYSTEM\nLogonGuid: {704248D8-6D75-5A2A-0000-0020E7030000}\nLogonId: 0x3E7\nTerminalSessionId: 0\nIntegrityLevel: System\nHashes: SHA1=290093ED555F56B0896AEBD1E2D498B0E554D697\nParentProcessGuid: {704248D8-0356-5A2E-0000-0010BD1CDB00}\nParentProcessId: 3396\nParentImage: C:\\Windows\\System32\\taskeng.exe\nParentCommandLine: taskeng.exe {314DA9C2-02EC-4232-98DC-0A05F2571555} S-1-5-18:NT AUTHORITY\\System:Service:",
          "opcode" : "Info",
          "process_id" : 1328,
          "provider_guid" : "{5770385F-C22A-43E0-BF4C-06F5698FFBD9}",
          "record_number" : "8337",
          "source_name" : "Microsoft-Windows-Sysmon",
          "task" : "Process Create (rule: ProcessCreate)",
          "thread_id" : 1960,
          "type" : "wineventlog",
          "user" : {
            "domain" : "NT AUTHORITY",
            "identifier" : "S-1-5-18",
            "name" : "SYSTEM",
            "type" : "User"
          },
          "version" : 5
        }
      },
      {
        "_index" : "test",
        "_type" : "wineventlog",
        "_id" : "AWBHnJYD2lDISLgezqyM",
        "_score" : 1.0,
        "_source" : {
          "@timestamp" : 1512972485578,
          "@version" : "1",
          "beat" : {
            "hostname" : "WIN-U1E6SADQQ7G",
            "name" : "WIN-U1E6SADQQ7G",
            "version" : "5.6.3"
          },
          "computer_name" : "WIN-U1E6SADQQ7G",
          "event_data" : {
            "Image" : "C:\\Windows\\System32\\taskeng.exe",
            "ProcessGuid" : "{704248D8-1F76-5A2E-0000-001092CCEE00}",
            "ProcessId" : "2432",
            "UtcTime" : "2017-12-11 06:08:05.578"
          },
          "event_id" : 5,
          "host" : "WIN-U1E6SADQQ7G",
          "level" : "Information",
          "log_name" : "Microsoft-Windows-Sysmon/Operational",
          "message" : "Process terminated:\nUtcTime: 2017-12-11 06:08:05.578\nProcessGuid: {704248D8-1F76-5A2E-0000-001092CCEE00}\nProcessId: 2432\nImage: C:\\Windows\\System32\\taskeng.exe",
          "opcode" : "Info",
          "process_id" : 1328,
          "provider_guid" : "{5770385F-C22A-43E0-BF4C-06F5698FFBD9}",
          "record_number" : "8556",
          "source_name" : "Microsoft-Windows-Sysmon",
          "task" : "Process terminated (rule: ProcessTerminate)",
          "thread_id" : 1960,
          "type" : "wineventlog",
          "user" : {
            "domain" : "NT AUTHORITY",
            "identifier" : "S-1-5-18",
            "name" : "SYSTEM",
            "type" : "User"
          },
          "version" : 3
        }
      },
      {
        "_index" : "test",
        "_type" : "wineventlog",
        "_id" : "AWBHnJYD2lDISLgezqyU",
        "_score" : 1.0,
        "_source" : {
          "@timestamp" : 1512980916241,
          "@version" : "1",
          "beat" : {
            "hostname" : "WIN-U1E6SADQQ7G",
            "name" : "WIN-U1E6SADQQ7G",
            "version" : "5.6.3"
          },
          "computer_name" : "WIN-U1E6SADQQ7G",
          "event_data" : {
            "CommandLine" : "C:\\Windows\\system32\\wbem\\wmiprvse.exe -Embedding",
            "CurrentDirectory" : "C:\\Windows\\system32\\",
            "Hashes" : "SHA1=856754572503074DCD78E5C827734C58DE3CE0D9",
            "Image" : "C:\\Windows\\System32\\wbem\\WmiPrvSE.exe",
            "IntegrityLevel" : "System",
            "LogonGuid" : "{704248D8-6D75-5A2A-0000-0020E7030000}",
            "LogonId" : "0x3e7",
            "ParentCommandLine" : "C:\\Windows\\system32\\svchost.exe -k DcomLaunch",
            "ParentImage" : "C:\\Windows\\System32\\svchost.exe",
            "ParentProcessGuid" : "{704248D8-6D75-5A2A-0000-0010BCB80000}",
            "ParentProcessId" : "532",
            "ProcessGuid" : "{704248D8-41B4-5A2E-0000-0010D9200701}",
            "ProcessId" : "2908",
            "TerminalSessionId" : "0",
            "User" : "NT AUTHORITY\\SYSTEM",
            "UtcTime" : "2017-12-11 08:28:36.240"
          },
          "event_id" : 1,
          "host" : "WIN-U1E6SADQQ7G",
          "level" : "Information",
          "log_name" : "Microsoft-Windows-Sysmon/Operational",
          "message" : "Process Create:\nUtcTime: 2017-12-11 08:28:36.240\nProcessGuid: {704248D8-41B4-5A2E-0000-0010D9200701}\nProcessId: 2908\nImage: C:\\Windows\\System32\\wbem\\WmiPrvSE.exe\nCommandLine: C:\\Windows\\system32\\wbem\\wmiprvse.exe -Embedding\nCurrentDirectory: C:\\Windows\\system32\\\nUser: NT AUTHORITY\\SYSTEM\nLogonGuid: {704248D8-6D75-5A2A-0000-0020E7030000}\nLogonId: 0x3E7\nTerminalSessionId: 0\nIntegrityLevel: System\nHashes: SHA1=856754572503074DCD78E5C827734C58DE3CE0D9\nParentProcessGuid: {704248D8-6D75-5A2A-0000-0010BCB80000}\nParentProcessId: 532\nParentImage: C:\\Windows\\System32\\svchost.exe\nParentCommandLine: C:\\Windows\\system32\\svchost.exe -k DcomLaunch",
          "opcode" : "Info",
          "process_id" : 1328,
          "provider_guid" : "{5770385F-C22A-43E0-BF4C-06F5698FFBD9}",
          "record_number" : "8796",
          "source_name" : "Microsoft-Windows-Sysmon",
          "task" : "Process Create (rule: ProcessCreate)",
          "thread_id" : 1960,
          "type" : "wineventlog",
          "user" : {
            "domain" : "NT AUTHORITY",
            "identifier" : "S-1-5-18",
            "name" : "SYSTEM",
            "type" : "User"
          },
          "version" : 5
        }
      },
      {
        "_index" : "test",
        "_type" : "wineventlog",
        "_id" : "AWBHnJYD2lDISLgezqyo",
        "_score" : 1.0,
        "_source" : {
          "@timestamp" : 1513015350967,
          "@version" : "1",
          "beat" : {
            "hostname" : "WIN-U1E6SADQQ7G",
            "name" : "WIN-U1E6SADQQ7G",
            "version" : "5.6.3"
          },
          "computer_name" : "WIN-U1E6SADQQ7G",
          "event_data" : {
            "CommandLine" : "\"C:\\Program Files (x86)\\Google\\Update\\GoogleUpdate.exe\" /ua /installsource scheduler",
            "CurrentDirectory" : "C:\\Windows\\system32\\",
            "Hashes" : "SHA1=290093ED555F56B0896AEBD1E2D498B0E554D697",
            "Image" : "C:\\Program Files (x86)\\Google\\Update\\GoogleUpdate.exe",
            "IntegrityLevel" : "System",
            "LogonGuid" : "{704248D8-6D75-5A2A-0000-0020E7030000}",
            "LogonId" : "0x3e7",
            "ParentCommandLine" : "taskeng.exe {09323BEA-B588-4271-BCBA-CF41A58AC499} S-1-5-18:NT AUTHORITY\\System:Service:",
            "ParentImage" : "C:\\Windows\\System32\\taskeng.exe",
            "ParentProcessGuid" : "{704248D8-C836-5A2E-0000-00101F952301}",
            "ParentProcessId" : "1752",
            "ProcessGuid" : "{704248D8-C836-5A2E-0000-00105B962301}",
            "ProcessId" : "3688",
            "TerminalSessionId" : "0",
            "User" : "NT AUTHORITY\\SYSTEM",
            "UtcTime" : "2017-12-11 18:02:30.967"
          },
          "event_id" : 1,
          "host" : "WIN-U1E6SADQQ7G",
          "level" : "Information",
          "log_name" : "Microsoft-Windows-Sysmon/Operational",
          "message" : "Process Create:\nUtcTime: 2017-12-11 18:02:30.967\nProcessGuid: {704248D8-C836-5A2E-0000-00105B962301}\nProcessId: 3688\nImage: C:\\Program Files (x86)\\Google\\Update\\GoogleUpdate.exe\nCommandLine: \"C:\\Program Files (x86)\\Google\\Update\\GoogleUpdate.exe\" /ua /installsource scheduler\nCurrentDirectory: C:\\Windows\\system32\\\nUser: NT AUTHORITY\\SYSTEM\nLogonGuid: {704248D8-6D75-5A2A-0000-0020E7030000}\nLogonId: 0x3E7\nTerminalSessionId: 0\nIntegrityLevel: System\nHashes: SHA1=290093ED555F56B0896AEBD1E2D498B0E554D697\nParentProcessGuid: {704248D8-C836-5A2E-0000-00101F952301}\nParentProcessId: 1752\nParentImage: C:\\Windows\\System32\\taskeng.exe\nParentCommandLine: taskeng.exe {09323BEA-B588-4271-BCBA-CF41A58AC499} S-1-5-18:NT AUTHORITY\\System:Service:",
          "opcode" : "Info",
          "process_id" : 1328,
          "provider_guid" : "{5770385F-C22A-43E0-BF4C-06F5698FFBD9}",
          "record_number" : "9185",
          "source_name" : "Microsoft-Windows-Sysmon",
          "task" : "Process Create (rule: ProcessCreate)",
          "thread_id" : 1960,
          "type" : "wineventlog",
          "user" : {
            "domain" : "NT AUTHORITY",
            "identifier" : "S-1-5-18",
            "name" : "SYSTEM",
            "type" : "User"
          },
          "version" : 5
        }
      },
      {
        "_index" : "test",
        "_type" : "wineventlog",
        "_id" : "AWBHnJYD2lDISLgezqy6",
        "_score" : 1.0,
        "_source" : {
          "@timestamp" : 1513029870114,
          "@version" : "1",
          "beat" : {
            "hostname" : "WIN-U1E6SADQQ7G",
            "name" : "WIN-U1E6SADQQ7G",
            "version" : "5.6.3"
          },
          "computer_name" : "WIN-U1E6SADQQ7G",
          "event_data" : {
            "CommandLine" : "C:\\Windows\\system32\\wbem\\wmiprvse.exe -Embedding",
            "CurrentDirectory" : "C:\\Windows\\system32\\",
            "Hashes" : "SHA1=856754572503074DCD78E5C827734C58DE3CE0D9",
            "Image" : "C:\\Windows\\System32\\wbem\\WmiPrvSE.exe",
            "IntegrityLevel" : "System",
            "LogonGuid" : "{704248D8-6D75-5A2A-0000-0020E7030000}",
            "LogonId" : "0x3e7",
            "ParentCommandLine" : "C:\\Windows\\system32\\svchost.exe -k DcomLaunch",
            "ParentImage" : "C:\\Windows\\System32\\svchost.exe",
            "ParentProcessGuid" : "{704248D8-6D75-5A2A-0000-0010BCB80000}",
            "ParentProcessId" : "532",
            "ProcessGuid" : "{704248D8-00EE-5A2F-0000-0010651D4601}",
            "ProcessId" : "4032",
            "TerminalSessionId" : "0",
            "User" : "NT AUTHORITY\\SYSTEM",
            "UtcTime" : "2017-12-11 22:04:30.114"
          },
          "event_id" : 1,
          "host" : "WIN-U1E6SADQQ7G",
          "level" : "Information",
          "log_name" : "Microsoft-Windows-Sysmon/Operational",
          "message" : "Process Create:\nUtcTime: 2017-12-11 22:04:30.114\nProcessGuid: {704248D8-00EE-5A2F-0000-0010651D4601}\nProcessId: 4032\nImage: C:\\Windows\\System32\\wbem\\WmiPrvSE.exe\nCommandLine: C:\\Windows\\system32\\wbem\\wmiprvse.exe -Embedding\nCurrentDirectory: C:\\Windows\\system32\\\nUser: NT AUTHORITY\\SYSTEM\nLogonGuid: {704248D8-6D75-5A2A-0000-0020E7030000}\nLogonId: 0x3E7\nTerminalSessionId: 0\nIntegrityLevel: System\nHashes: SHA1=856754572503074DCD78E5C827734C58DE3CE0D9\nParentProcessGuid: {704248D8-6D75-5A2A-0000-0010BCB80000}\nParentProcessId: 532\nParentImage: C:\\Windows\\System32\\svchost.exe\nParentCommandLine: C:\\Windows\\system32\\svchost.exe -k DcomLaunch",
          "opcode" : "Info",
          "process_id" : 1328,
          "provider_guid" : "{5770385F-C22A-43E0-BF4C-06F5698FFBD9}",
          "record_number" : "9592",
          "source_name" : "Microsoft-Windows-Sysmon",
          "task" : "Process Create (rule: ProcessCreate)",
          "thread_id" : 1960,
          "type" : "wineventlog",
          "user" : {
            "domain" : "NT AUTHORITY",
            "identifier" : "S-1-5-18",
            "name" : "SYSTEM",
            "type" : "User"
          },
          "version" : 5
        }
      },
      {
        "_index" : "test",
        "_type" : "wineventlog",
        "_id" : "AWBHnJat2lDISLgezqy8",
        "_score" : 1.0,
        "_source" : {
          "@timestamp" : 1512532520275,
          "@version" : "1",
          "beat" : {
            "hostname" : "WIN-U1E6SADQQ7G",
            "name" : "WIN-U1E6SADQQ7G",
            "version" : "5.6.3"
          },
          "computer_name" : "WIN-U1E6SADQQ7G",
          "event_data" : {
            "CommandLine" : "C:\\Windows\\system32\\aitagent.EXE /increment",
            "CurrentDirectory" : "C:\\Windows\\system32\\",
            "Hashes" : "SHA1=9C8E5006A3351852770BBF6CC7FCC1B5FFCCD009",
            "Image" : "C:\\Windows\\System32\\aitagent.exe",
            "IntegrityLevel" : "System",
            "LogonGuid" : "{704248D8-BA39-59F8-0000-0020E7030000}",
            "LogonId" : "0x3e7",
            "ParentCommandLine" : "C:\\Windows\\system32\\svchost.exe -k netsvcs",
            "ParentImage" : "C:\\Windows\\System32\\svchost.exe",
            "ParentProcessGuid" : "{704248D8-BA3A-59F8-0000-00105F1A0100}",
            "ParentProcessId" : "792",
            "ProcessGuid" : "{704248D8-6A28-5A27-0000-00108BFA8F00}",
            "ProcessId" : "4072",
            "TerminalSessionId" : "0",
            "User" : "NT AUTHORITY\\SYSTEM",
            "UtcTime" : "2017-12-06 03:55:20.273"
          },
          "event_id" : 1,
          "host" : "WIN-U1E6SADQQ7G",
          "level" : "Information",
          "log_name" : "Microsoft-Windows-Sysmon/Operational",
          "message" : "Process Create:\nUtcTime: 2017-12-06 03:55:20.273\nProcessGuid: {704248D8-6A28-5A27-0000-00108BFA8F00}\nProcessId: 4072\nImage: C:\\Windows\\System32\\aitagent.exe\nCommandLine: C:\\Windows\\system32\\aitagent.EXE /increment\nCurrentDirectory: C:\\Windows\\system32\\\nUser: NT AUTHORITY\\SYSTEM\nLogonGuid: {704248D8-BA39-59F8-0000-0020E7030000}\nLogonId: 0x3E7\nTerminalSessionId: 0\nIntegrityLevel: System\nHashes: SHA1=9C8E5006A3351852770BBF6CC7FCC1B5FFCCD009\nParentProcessGuid: {704248D8-BA3A-59F8-0000-00105F1A0100}\nParentProcessId: 792\nParentImage: C:\\Windows\\System32\\svchost.exe\nParentCommandLine: C:\\Windows\\system32\\svchost.exe -k netsvcs",
          "opcode" : "Info",
          "process_id" : 520,
          "provider_guid" : "{5770385F-C22A-43E0-BF4C-06F5698FFBD9}",
          "record_number" : "1607",
          "source_name" : "Microsoft-Windows-Sysmon",
          "task" : "Process Create (rule: ProcessCreate)",
          "thread_id" : 3196,
          "type" : "wineventlog",
          "user" : {
            "domain" : "NT AUTHORITY",
            "identifier" : "S-1-5-18",
            "name" : "SYSTEM",
            "type" : "User"
          },
          "version" : 5
        }
      },
      {
        "_index" : "test",
        "_type" : "wineventlog",
        "_id" : "AWBHnJat2lDISLgezqy-",
        "_score" : 1.0,
        "_source" : {
          "@timestamp" : 1512532520383,
          "@version" : "1",
          "beat" : {
            "hostname" : "WIN-U1E6SADQQ7G",
            "name" : "WIN-U1E6SADQQ7G",
            "version" : "5.6.3"
          },
          "computer_name" : "WIN-U1E6SADQQ7G",
          "event_data" : {
            "CommandLine" : "C:\\Windows\\system32\\sc.exe start w32time task_started",
            "CurrentDirectory" : "C:\\Windows\\system32\\",
            "Hashes" : "SHA1=CA71AF6BB7B626333BB923D028CB333DCB153888",
            "Image" : "C:\\Windows\\System32\\sc.exe",
            "IntegrityLevel" : "System",
            "LogonGuid" : "{704248D8-BA3A-59F8-0000-0020E5030000}",
            "LogonId" : "0x3e5",
            "ParentCommandLine" : "C:\\Windows\\system32\\svchost.exe -k netsvcs",
            "ParentImage" : "C:\\Windows\\System32\\svchost.exe",
            "ParentProcessGuid" : "{704248D8-BA3A-59F8-0000-00105F1A0100}",
            "ParentProcessId" : "792",
            "ProcessGuid" : "{704248D8-6A28-5A27-0000-001021FF8F00}",
            "ProcessId" : "152",
            "TerminalSessionId" : "0",
            "User" : "NT AUTHORITY\\LOCAL SERVICE",
            "UtcTime" : "2017-12-06 03:55:20.378"
          },
          "event_id" : 1,
          "host" : "WIN-U1E6SADQQ7G",
          "level" : "Information",
          "log_name" : "Microsoft-Windows-Sysmon/Operational",
          "message" : "Process Create:\nUtcTime: 2017-12-06 03:55:20.378\nProcessGuid: {704248D8-6A28-5A27-0000-001021FF8F00}\nProcessId: 152\nImage: C:\\Windows\\System32\\sc.exe\nCommandLine: C:\\Windows\\system32\\sc.exe start w32time task_started\nCurrentDirectory: C:\\Windows\\system32\\\nUser: NT AUTHORITY\\LOCAL SERVICE\nLogonGuid: {704248D8-BA3A-59F8-0000-0020E5030000}\nLogonId: 0x3E5\nTerminalSessionId: 0\nIntegrityLevel: System\nHashes: SHA1=CA71AF6BB7B626333BB923D028CB333DCB153888\nParentProcessGuid: {704248D8-BA3A-59F8-0000-00105F1A0100}\nParentProcessId: 792\nParentImage: C:\\Windows\\System32\\svchost.exe\nParentCommandLine: C:\\Windows\\system32\\svchost.exe -k netsvcs",
          "opcode" : "Info",
          "process_id" : 520,
          "provider_guid" : "{5770385F-C22A-43E0-BF4C-06F5698FFBD9}",
          "record_number" : "1614",
          "source_name" : "Microsoft-Windows-Sysmon",
          "task" : "Process Create (rule: ProcessCreate)",
          "thread_id" : 3196,
          "type" : "wineventlog",
          "user" : {
            "domain" : "NT AUTHORITY",
            "identifier" : "S-1-5-18",
            "name" : "SYSTEM",
            "type" : "User"
          },
          "version" : 5
        }
      },
      {
        "_index" : "test",
        "_type" : "wineventlog",
        "_id" : "AWBHnJat2lDISLgezqzL",
        "_score" : 1.0,
        "_source" : {
          "@timestamp" : 1512532528232,
          "@version" : "1",
          "beat" : {
            "hostname" : "WIN-U1E6SADQQ7G",
            "name" : "WIN-U1E6SADQQ7G",
            "version" : "5.6.3"
          },
          "computer_name" : "WIN-U1E6SADQQ7G",
          "event_data" : {
            "Image" : "C:\\Windows\\System32\\conhost.exe",
            "ProcessGuid" : "{704248D8-6A30-5A27-0000-0010F4079100}",
            "ProcessId" : "4632",
            "UtcTime" : "2017-12-06 03:55:28.232"
          },
          "event_id" : 5,
          "host" : "WIN-U1E6SADQQ7G",
          "level" : "Information",
          "log_name" : "Microsoft-Windows-Sysmon/Operational",
          "message" : "Process terminated:\nUtcTime: 2017-12-06 03:55:28.232\nProcessGuid: {704248D8-6A30-5A27-0000-0010F4079100}\nProcessId: 4632\nImage: C:\\Windows\\System32\\conhost.exe",
          "opcode" : "Info",
          "process_id" : 520,
          "provider_guid" : "{5770385F-C22A-43E0-BF4C-06F5698FFBD9}",
          "record_number" : "1671",
          "source_name" : "Microsoft-Windows-Sysmon",
          "task" : "Process terminated (rule: ProcessTerminate)",
          "thread_id" : 3196,
          "type" : "wineventlog",
          "user" : {
            "domain" : "NT AUTHORITY",
            "identifier" : "S-1-5-18",
            "name" : "SYSTEM",
            "type" : "User"
          },
          "version" : 3
        }
      },
      {
        "_index" : "test",
        "_type" : "wineventlog",
        "_id" : "AWBHnJat2lDISLgezqzU",
        "_score" : 1.0,
        "_source" : {
          "@timestamp" : 1512532651849,
          "@version" : "1",
          "beat" : {
            "hostname" : "WIN-U1E6SADQQ7G",
            "name" : "WIN-U1E6SADQQ7G",
            "version" : "5.6.3"
          },
          "computer_name" : "WIN-U1E6SADQQ7G",
          "event_data" : {
            "Image" : "C:\\Program Files (x86)\\Google\\Update\\1.3.33.7\\GoogleUpdateComRegisterShell64.exe",
            "ProcessGuid" : "{704248D8-6AAB-5A27-0000-00108A8C9300}",
            "ProcessId" : "2456",
            "UtcTime" : "2017-12-06 03:57:31.849"
          },
          "event_id" : 5,
          "host" : "WIN-U1E6SADQQ7G",
          "level" : "Information",
          "log_name" : "Microsoft-Windows-Sysmon/Operational",
          "message" : "Process terminated:\nUtcTime: 2017-12-06 03:57:31.849\nProcessGuid: {704248D8-6AAB-5A27-0000-00108A8C9300}\nProcessId: 2456\nImage: C:\\Program Files (x86)\\Google\\Update\\1.3.33.7\\GoogleUpdateComRegisterShell64.exe",
          "opcode" : "Info",
          "process_id" : 520,
          "provider_guid" : "{5770385F-C22A-43E0-BF4C-06F5698FFBD9}",
          "record_number" : "1719",
          "source_name" : "Microsoft-Windows-Sysmon",
          "task" : "Process terminated (rule: ProcessTerminate)",
          "thread_id" : 3196,
          "type" : "wineventlog",
          "user" : {
            "domain" : "NT AUTHORITY",
            "identifier" : "S-1-5-18",
            "name" : "SYSTEM",
            "type" : "User"
          },
          "version" : 3
        }
      },
      {
        "_index" : "test",
        "_type" : "wineventlog",
        "_id" : "AWBHnJat2lDISLgezqzV",
        "_score" : 1.0,
        "_source" : {
          "@timestamp" : 1512532652247,
          "@version" : "1",
          "beat" : {
            "hostname" : "WIN-U1E6SADQQ7G",
            "name" : "WIN-U1E6SADQQ7G",
            "version" : "5.6.3"
          },
          "computer_name" : "WIN-U1E6SADQQ7G",
          "event_data" : {
            "CommandLine" : "\"C:\\Program Files (x86)\\Google\\Update\\GoogleUpdate.exe\" /ping PD94bWwgdmVyc2lvbj0iMS4wIiBlbmNvZGluZz0iVVRGLTgiPz48cmVxdWVzdCBwcm90b2NvbD0iMy4wIiB2ZXJzaW9uPSIxLjMuMzMuNyIgc2hlbGxfdmVyc2lvbj0iMS4zLjMzLjUiIGlzbWFjaGluZT0iMSIgc2Vzc2lvbmlkPSJ7NTIzREI0MjMtMzYxQS00MDExLUJBNEMtQkMxMTZCMzBFQUY5fSIgaW5zdGFsbHNvdXJjZT0ic2VsZnVwZGF0ZSIgcmVxdWVzdGlkPSJ7QzVFNkJGRkUtMDU0MC00MzQ5LThDREUtQjMyNThCNjAxMUMxfSIgZGVkdXA9ImNyIj48aHcgcGh5c21lbW9yeT0iMiIgc3NlPSIxIiBzc2UyPSIxIiBzc2UzPSIxIiBzc3NlMz0iMSIgc3NlNDE9IjEiIHNzZTQyPSIxIiBhdng9IjEiLz48b3MgcGxhdGZvcm09IndpbiIgdmVyc2lvbj0iNi4zLjk2MDAuMCIgc3A9IiIgYXJjaD0ieDY0Ii8-PGFwcCBhcHBpZD0iezQzMEZENEQwLUI3MjktNEY2MS1BQTM0LTkxNTI2NDgxNzk5RH0iIHZlcnNpb249IjEuMy4zMy41IiBuZXh0dmVyc2lvbj0iMS4zLjMzLjciIGxhbmc9IiIgYnJhbmQ9IkdHTFMiIGNsaWVudD0iIiBpbnN0YWxsYWdlPSIxNzQiIGluc3RhbGxkYXRlPSIzODE1IiBjb2hvcnQ9IjE6OWNvOiIgY29ob3J0bmFtZT0iRXZlcnlvbmUgRWxzZSI-PGV2ZW50IGV2ZW50dHlwZT0iMyIgZXZlbnRyZXN1bHQ9IjEiIGVycm9yY29kZT0iMCIgZXh0cmFjb2RlMT0iMCIvPjwvYXBwPjwvcmVxdWVzdD4",
            "CurrentDirectory" : "C:\\Program Files (x86)\\GUM8334.tmp\\",
            "Hashes" : "SHA1=290093ED555F56B0896AEBD1E2D498B0E554D697",
            "Image" : "C:\\Program Files (x86)\\Google\\Update\\GoogleUpdate.exe",
            "IntegrityLevel" : "System",
            "LogonGuid" : "{704248D8-BA39-59F8-0000-0020E7030000}",
            "LogonId" : "0x3e7",
            "ParentCommandLine" : "\"C:\\Program Files (x86)\\GUM8334.tmp\\GoogleUpdate.exe\" /update /sessionid \"{523DB423-361A-4011-BA4C-BC116B30EAF9}\"",
            "ParentImage" : "C:\\Program Files (x86)\\GUM8334.tmp\\GoogleUpdate.exe",
            "ParentProcessGuid" : "{704248D8-6AAB-5A27-0000-00103D799300}",
            "ParentProcessId" : "4552",
            "ProcessGuid" : "{704248D8-6AAC-5A27-0000-00103E939300}",
            "ProcessId" : "3720",
            "TerminalSessionId" : "0",
            "User" : "NT AUTHORITY\\SYSTEM",
            "UtcTime" : "2017-12-06 03:57:32.244"
          },
          "event_id" : 1,
          "host" : "WIN-U1E6SADQQ7G",
          "level" : "Information",
          "log_name" : "Microsoft-Windows-Sysmon/Operational",
          "message" : "Process Create:\nUtcTime: 2017-12-06 03:57:32.244\nProcessGuid: {704248D8-6AAC-5A27-0000-00103E939300}\nProcessId: 3720\nImage: C:\\Program Files (x86)\\Google\\Update\\GoogleUpdate.exe\nCommandLine: \"C:\\Program Files (x86)\\Google\\Update\\GoogleUpdate.exe\" /ping PD94bWwgdmVyc2lvbj0iMS4wIiBlbmNvZGluZz0iVVRGLTgiPz48cmVxdWVzdCBwcm90b2NvbD0iMy4wIiB2ZXJzaW9uPSIxLjMuMzMuNyIgc2hlbGxfdmVyc2lvbj0iMS4zLjMzLjUiIGlzbWFjaGluZT0iMSIgc2Vzc2lvbmlkPSJ7NTIzREI0MjMtMzYxQS00MDExLUJBNEMtQkMxMTZCMzBFQUY5fSIgaW5zdGFsbHNvdXJjZT0ic2VsZnVwZGF0ZSIgcmVxdWVzdGlkPSJ7QzVFNkJGRkUtMDU0MC00MzQ5LThDREUtQjMyNThCNjAxMUMxfSIgZGVkdXA9ImNyIj48aHcgcGh5c21lbW9yeT0iMiIgc3NlPSIxIiBzc2UyPSIxIiBzc2UzPSIxIiBzc3NlMz0iMSIgc3NlNDE9IjEiIHNzZTQyPSIxIiBhdng9IjEiLz48b3MgcGxhdGZvcm09IndpbiIgdmVyc2lvbj0iNi4zLjk2MDAuMCIgc3A9IiIgYXJjaD0ieDY0Ii8-PGFwcCBhcHBpZD0iezQzMEZENEQwLUI3MjktNEY2MS1BQTM0LTkxNTI2NDgxNzk5RH0iIHZlcnNpb249IjEuMy4zMy41IiBuZXh0dmVyc2lvbj0iMS4zLjMzLjciIGxhbmc9IiIgYnJhbmQ9IkdHTFMiIGNsaWVudD0iIiBpbnN0YWxsYWdlPSIxNzQiIGluc3RhbGxkYXRlPSIzODE1IiBjb2hvcnQ9IjE6OWNvOiIgY29ob3J0bmFtZT0iRXZlcnlvbmUgRWxzZSI-PGV2ZW50IGV2ZW50dHlwZT0iMyIgZXZlbnRyZXN1bHQ9IjEiIGVycm9yY29kZT0iMCIgZXh0cmFjb2RlMT0iMCIvPjwvYXBwPjwvcmVxdWVzdD4\nCurrentDirectory: C:\\Program Files (x86)\\GUM8334.tmp\\\nUser: NT AUTHORITY\\SYSTEM\nLogonGuid: {704248D8-BA39-59F8-0000-0020E7030000}\nLogonId: 0x3E7\nTerminalSessionId: 0\nIntegrityLevel: System\nHashes: SHA1=290093ED555F56B0896AEBD1E2D498B0E554D697\nParentProcessGuid: {704248D8-6AAB-5A27-0000-00103D799300}\nParentProcessId: 4552\nParentImage: C:\\Program Files (x86)\\GUM8334.tmp\\GoogleUpdate.exe\nParentCommandLine: \"C:\\Program Files (x86)\\GUM8334.tmp\\GoogleUpdate.exe\" /update /sessionid \"{523DB423-361A-4011-BA4C-BC116B30EAF9}\"",
          "opcode" : "Info",
          "process_id" : 520,
          "provider_guid" : "{5770385F-C22A-43E0-BF4C-06F5698FFBD9}",
          "record_number" : "1722",
          "source_name" : "Microsoft-Windows-Sysmon",
          "task" : "Process Create (rule: ProcessCreate)",
          "thread_id" : 3196,
          "type" : "wineventlog",
          "user" : {
            "domain" : "NT AUTHORITY",
            "identifier" : "S-1-5-18",
            "name" : "SYSTEM",
            "type" : "User"
          },
          "version" : 5
        }
      },
      {
        "_index" : "test",
        "_type" : "wineventlog",
        "_id" : "AWBHnJat2lDISLgezqzY",
        "_score" : 1.0,
        "_source" : {
          "@timestamp" : 1512532552257,
          "@version" : "1",
          "beat" : {
            "hostname" : "WIN-U1E6SADQQ7G",
            "name" : "WIN-U1E6SADQQ7G",
            "version" : "5.6.3"
          },
          "computer_name" : "WIN-U1E6SADQQ7G",
          "event_data" : {
            "Image" : "C:\\Windows\\System32\\dllhost.exe",
            "ProcessGuid" : "{704248D8-6A2A-5A27-0000-001077B89000}",
            "ProcessId" : "4268",
            "UtcTime" : "2017-12-06 03:55:52.257"
          },
          "event_id" : 5,
          "host" : "WIN-U1E6SADQQ7G",
          "level" : "Information",
          "log_name" : "Microsoft-Windows-Sysmon/Operational",
          "message" : "Process terminated:\nUtcTime: 2017-12-06 03:55:52.257\nProcessGuid: {704248D8-6A2A-5A27-0000-001077B89000}\nProcessId: 4268\nImage: C:\\Windows\\System32\\dllhost.exe",
          "opcode" : "Info",
          "process_id" : 520,
          "provider_guid" : "{5770385F-C22A-43E0-BF4C-06F5698FFBD9}",
          "record_number" : "1691",
          "source_name" : "Microsoft-Windows-Sysmon",
          "task" : "Process terminated (rule: ProcessTerminate)",
          "thread_id" : 3196,
          "type" : "wineventlog",
          "user" : {
            "domain" : "NT AUTHORITY",
            "identifier" : "S-1-5-18",
            "name" : "SYSTEM",
            "type" : "User"
          },
          "version" : 3
        }
      },
