      {
        "_index" : "test",
        "_type" : "wineventlog",
        "_id" : "AWBHnJz02lDISLgezq12",
        "_score" : 1.0,
        "_source" : {
          "@timestamp" : 1512957209067,
          "@version" : "1",
          "beat" : {
            "hostname" : "WIN-U1E6SADQQ7G",
            "name" : "WIN-U1E6SADQQ7G",
            "version" : "5.6.3"
          },
          "computer_name" : "WIN-U1E6SADQQ7G",
          "event_data" : {
            "Image" : "C:\\Windows\\System32\\wbem\\WmiPrvSE.exe",
            "ProcessGuid" : "{704248D8-E4BF-5A2D-0000-0010634ECB00}",
            "ProcessId" : "1604",
            "UtcTime" : "2017-12-11 01:53:29.067"
          },
          "event_id" : 5,
          "host" : "WIN-U1E6SADQQ7G",
          "level" : "Information",
          "log_name" : "Microsoft-Windows-Sysmon/Operational",
          "message" : "Process terminated:\nUtcTime: 2017-12-11 01:53:29.067\nProcessGuid: {704248D8-E4BF-5A2D-0000-0010634ECB00}\nProcessId: 1604\nImage: C:\\Windows\\System32\\wbem\\WmiPrvSE.exe",
          "opcode" : "Info",
          "process_id" : 1328,
          "provider_guid" : "{5770385F-C22A-43E0-BF4C-06F5698FFBD9}",
          "record_number" : "8159",
          "source_name" : "Microsoft-Windows-Sysmon",
          "task" : "Process terminated (rule: ProcessTerminate)",
          "thread_id" : 1960,
          "type" : "wineventlog",
          "user" : {
            "domain" : "NT AUTHORITY",
            "identifier" : "S-1-5-18",
            "name" : "SYSTEM",
            "type" : "User"
          },
          "version" : 3
        }
      },
      {
        "_index" : "test",
        "_type" : "wineventlog",
        "_id" : "AWBHnJz02lDISLgezq19",
        "_score" : 1.0,
        "_source" : {
          "@timestamp" : 1512967213230,
          "@version" : "1",
          "beat" : {
            "hostname" : "WIN-U1E6SADQQ7G",
            "name" : "WIN-U1E6SADQQ7G",
            "version" : "5.6.3"
          },
          "computer_name" : "WIN-U1E6SADQQ7G",
          "event_data" : {
            "Image" : "C:\\Windows\\System32\\wbem\\WmiPrvSE.exe",
            "ProcessGuid" : "{704248D8-0BCC-5A2E-0000-00105731E100}",
            "ProcessId" : "3216",
            "UtcTime" : "2017-12-11 04:40:13.230"
          },
          "event_id" : 5,
          "host" : "WIN-U1E6SADQQ7G",
          "level" : "Information",
          "log_name" : "Microsoft-Windows-Sysmon/Operational",
          "message" : "Process terminated:\nUtcTime: 2017-12-11 04:40:13.230\nProcessGuid: {704248D8-0BCC-5A2E-0000-00105731E100}\nProcessId: 3216\nImage: C:\\Windows\\System32\\wbem\\WmiPrvSE.exe",
          "opcode" : "Info",
          "process_id" : 1328,
          "provider_guid" : "{5770385F-C22A-43E0-BF4C-06F5698FFBD9}",
          "record_number" : "8405",
          "source_name" : "Microsoft-Windows-Sysmon",
          "task" : "Process terminated (rule: ProcessTerminate)",
          "thread_id" : 1960,
          "type" : "wineventlog",
          "user" : {
            "domain" : "NT AUTHORITY",
            "identifier" : "S-1-5-18",
            "name" : "SYSTEM",
            "type" : "User"
          },
          "version" : 3
        }
      },
      {
        "_index" : "test",
        "_type" : "wineventlog",
        "_id" : "AWBHnJz02lDISLgezq2B",
        "_score" : 1.0,
        "_source" : {
          "@timestamp" : 1512972185199,
          "@version" : "1",
          "beat" : {
            "hostname" : "WIN-U1E6SADQQ7G",
            "name" : "WIN-U1E6SADQQ7G",
            "version" : "5.6.3"
          },
          "computer_name" : "WIN-U1E6SADQQ7G",
          "event_data" : {
            "CommandLine" : "\"C:\\Program Files (x86)\\Google\\Update\\GoogleUpdate.exe\" /svc",
            "CurrentDirectory" : "C:\\Windows\\system32\\",
            "Hashes" : "SHA1=290093ED555F56B0896AEBD1E2D498B0E554D697",
            "Image" : "C:\\Program Files (x86)\\Google\\Update\\GoogleUpdate.exe",
            "IntegrityLevel" : "System",
            "LogonGuid" : "{704248D8-6D75-5A2A-0000-0020E7030000}",
            "LogonId" : "0x3e7",
            "ParentCommandLine" : "C:\\Windows\\system32\\services.exe",
            "ParentImage" : "C:\\Windows\\System32\\services.exe",
            "ParentProcessGuid" : "{704248D8-6D75-5A2A-0000-001080A70000}",
            "ParentProcessId" : "468",
            "ProcessGuid" : "{704248D8-1F99-5A2E-0000-00104BF9EE00}",
            "ProcessId" : "2016",
            "TerminalSessionId" : "0",
            "User" : "NT AUTHORITY\\SYSTEM",
            "UtcTime" : "2017-12-11 06:03:05.197"
          },
          "event_id" : 1,
          "host" : "WIN-U1E6SADQQ7G",
          "level" : "Information",
          "log_name" : "Microsoft-Windows-Sysmon/Operational",
          "message" : "Process Create:\nUtcTime: 2017-12-11 06:03:05.197\nProcessGuid: {704248D8-1F99-5A2E-0000-00104BF9EE00}\nProcessId: 2016\nImage: C:\\Program Files (x86)\\Google\\Update\\GoogleUpdate.exe\nCommandLine: \"C:\\Program Files (x86)\\Google\\Update\\GoogleUpdate.exe\" /svc\nCurrentDirectory: C:\\Windows\\system32\\\nUser: NT AUTHORITY\\SYSTEM\nLogonGuid: {704248D8-6D75-5A2A-0000-0020E7030000}\nLogonId: 0x3E7\nTerminalSessionId: 0\nIntegrityLevel: System\nHashes: SHA1=290093ED555F56B0896AEBD1E2D498B0E554D697\nParentProcessGuid: {704248D8-6D75-5A2A-0000-001080A70000}\nParentProcessId: 468\nParentImage: C:\\Windows\\System32\\services.exe\nParentCommandLine: C:\\Windows\\system32\\services.exe",
          "opcode" : "Info",
          "process_id" : 1328,
          "provider_guid" : "{5770385F-C22A-43E0-BF4C-06F5698FFBD9}",
          "record_number" : "8541",
          "source_name" : "Microsoft-Windows-Sysmon",
          "task" : "Process Create (rule: ProcessCreate)",
          "thread_id" : 1960,
          "type" : "wineventlog",
          "user" : {
            "domain" : "NT AUTHORITY",
            "identifier" : "S-1-5-18",
            "name" : "SYSTEM",
            "type" : "User"
          },
          "version" : 5
        }
      },
      {
        "_index" : "test",
        "_type" : "wineventlog",
        "_id" : "AWBHnJz02lDISLgezq2J",
        "_score" : 1.0,
        "_source" : {
          "@timestamp" : 1512978516239,
          "@version" : "1",
          "beat" : {
            "hostname" : "WIN-U1E6SADQQ7G",
            "name" : "WIN-U1E6SADQQ7G",
            "version" : "5.6.3"
          },
          "computer_name" : "WIN-U1E6SADQQ7G",
          "event_data" : {
            "CommandLine" : "C:\\Windows\\system32\\wbem\\wmiprvse.exe -Embedding",
            "CurrentDirectory" : "C:\\Windows\\system32\\",
            "Hashes" : "SHA1=856754572503074DCD78E5C827734C58DE3CE0D9",
            "Image" : "C:\\Windows\\System32\\wbem\\WmiPrvSE.exe",
            "IntegrityLevel" : "System",
            "LogonGuid" : "{704248D8-6D75-5A2A-0000-0020E7030000}",
            "LogonId" : "0x3e7",
            "ParentCommandLine" : "C:\\Windows\\system32\\svchost.exe -k DcomLaunch",
            "ParentImage" : "C:\\Windows\\System32\\svchost.exe",
            "ParentProcessGuid" : "{704248D8-6D75-5A2A-0000-0010BCB80000}",
            "ParentProcessId" : "532",
            "ProcessGuid" : "{704248D8-3854-5A2E-0000-0010885D0001}",
            "ProcessId" : "2464",
            "TerminalSessionId" : "0",
            "User" : "NT AUTHORITY\\SYSTEM",
            "UtcTime" : "2017-12-11 07:48:36.238"
          },
          "event_id" : 1,
          "host" : "WIN-U1E6SADQQ7G",
          "level" : "Information",
          "log_name" : "Microsoft-Windows-Sysmon/Operational",
          "message" : "Process Create:\nUtcTime: 2017-12-11 07:48:36.238\nProcessGuid: {704248D8-3854-5A2E-0000-0010885D0001}\nProcessId: 2464\nImage: C:\\Windows\\System32\\wbem\\WmiPrvSE.exe\nCommandLine: C:\\Windows\\system32\\wbem\\wmiprvse.exe -Embedding\nCurrentDirectory: C:\\Windows\\system32\\\nUser: NT AUTHORITY\\SYSTEM\nLogonGuid: {704248D8-6D75-5A2A-0000-0020E7030000}\nLogonId: 0x3E7\nTerminalSessionId: 0\nIntegrityLevel: System\nHashes: SHA1=856754572503074DCD78E5C827734C58DE3CE0D9\nParentProcessGuid: {704248D8-6D75-5A2A-0000-0010BCB80000}\nParentProcessId: 532\nParentImage: C:\\Windows\\System32\\svchost.exe\nParentCommandLine: C:\\Windows\\system32\\svchost.exe -k DcomLaunch",
          "opcode" : "Info",
          "process_id" : 1328,
          "provider_guid" : "{5770385F-C22A-43E0-BF4C-06F5698FFBD9}",
          "record_number" : "8716",
          "source_name" : "Microsoft-Windows-Sysmon",
          "task" : "Process Create (rule: ProcessCreate)",
          "thread_id" : 1960,
          "type" : "wineventlog",
          "user" : {
            "domain" : "NT AUTHORITY",
            "identifier" : "S-1-5-18",
            "name" : "SYSTEM",
            "type" : "User"
          },
          "version" : 5
        }
      },
      {
        "_index" : "test",
        "_type" : "wineventlog",
        "_id" : "AWBHnJz02lDISLgezq2L",
        "_score" : 1.0,
        "_source" : {
          "@timestamp" : 1512982951048,
          "@version" : "1",
          "beat" : {
            "hostname" : "WIN-U1E6SADQQ7G",
            "name" : "WIN-U1E6SADQQ7G",
            "version" : "5.6.3"
          },
          "computer_name" : "WIN-U1E6SADQQ7G",
          "event_data" : {
            "CommandLine" : "\"C:\\Program Files (x86)\\Google\\Update\\GoogleUpdate.exe\" /ua /installsource scheduler",
            "CurrentDirectory" : "C:\\Windows\\system32\\",
            "Hashes" : "SHA1=290093ED555F56B0896AEBD1E2D498B0E554D697",
            "Image" : "C:\\Program Files (x86)\\Google\\Update\\GoogleUpdate.exe",
            "IntegrityLevel" : "System",
            "LogonGuid" : "{704248D8-6D75-5A2A-0000-0020E7030000}",
            "LogonId" : "0x3e7",
            "ParentCommandLine" : "taskeng.exe {4461679A-9BA4-4298-B4D8-6A21024B1FDF} S-1-5-18:NT AUTHORITY\\System:Service:",
            "ParentImage" : "C:\\Windows\\System32\\taskeng.exe",
            "ParentProcessGuid" : "{704248D8-49A7-5A2E-0000-00102EFC0C01}",
            "ParentProcessId" : "1572",
            "ProcessGuid" : "{704248D8-49A7-5A2E-0000-001070FD0C01}",
            "ProcessId" : "268",
            "TerminalSessionId" : "0",
            "User" : "NT AUTHORITY\\SYSTEM",
            "UtcTime" : "2017-12-11 09:02:31.048"
          },
          "event_id" : 1,
          "host" : "WIN-U1E6SADQQ7G",
          "level" : "Information",
          "log_name" : "Microsoft-Windows-Sysmon/Operational",
          "message" : "Process Create:\nUtcTime: 2017-12-11 09:02:31.048\nProcessGuid: {704248D8-49A7-5A2E-0000-001070FD0C01}\nProcessId: 268\nImage: C:\\Program Files (x86)\\Google\\Update\\GoogleUpdate.exe\nCommandLine: \"C:\\Program Files (x86)\\Google\\Update\\GoogleUpdate.exe\" /ua /installsource scheduler\nCurrentDirectory: C:\\Windows\\system32\\\nUser: NT AUTHORITY\\SYSTEM\nLogonGuid: {704248D8-6D75-5A2A-0000-0020E7030000}\nLogonId: 0x3E7\nTerminalSessionId: 0\nIntegrityLevel: System\nHashes: SHA1=290093ED555F56B0896AEBD1E2D498B0E554D697\nParentProcessGuid: {704248D8-49A7-5A2E-0000-00102EFC0C01}\nParentProcessId: 1572\nParentImage: C:\\Windows\\System32\\taskeng.exe\nParentCommandLine: taskeng.exe {4461679A-9BA4-4298-B4D8-6A21024B1FDF} S-1-5-18:NT AUTHORITY\\System:Service:",
          "opcode" : "Info",
          "process_id" : 1328,
          "provider_guid" : "{5770385F-C22A-43E0-BF4C-06F5698FFBD9}",
          "record_number" : "8856",
          "source_name" : "Microsoft-Windows-Sysmon",
          "task" : "Process Create (rule: ProcessCreate)",
          "thread_id" : 1960,
          "type" : "wineventlog",
          "user" : {
            "domain" : "NT AUTHORITY",
            "identifier" : "S-1-5-18",
            "name" : "SYSTEM",
            "type" : "User"
          },
          "version" : 5
        }
      },
      {
        "_index" : "test",
        "_type" : "wineventlog",
        "_id" : "AWBHnJz02lDISLgezq2P",
        "_score" : 1.0,
        "_source" : {
          "@timestamp" : 1512983819014,
          "@version" : "1",
          "beat" : {
            "hostname" : "WIN-U1E6SADQQ7G",
            "name" : "WIN-U1E6SADQQ7G",
            "version" : "5.6.3"
          },
          "computer_name" : "WIN-U1E6SADQQ7G",
          "event_data" : {
            "Image" : "C:\\Windows\\System32\\sc.exe",
            "ProcessGuid" : "{704248D8-4D0B-5A2E-0000-00108B070F01}",
            "ProcessId" : "3524",
            "UtcTime" : "2017-12-11 09:16:59.014"
          },
          "event_id" : 5,
          "host" : "WIN-U1E6SADQQ7G",
          "level" : "Information",
          "log_name" : "Microsoft-Windows-Sysmon/Operational",
          "message" : "Process terminated:\nUtcTime: 2017-12-11 09:16:59.014\nProcessGuid: {704248D8-4D0B-5A2E-0000-00108B070F01}\nProcessId: 3524\nImage: C:\\Windows\\System32\\sc.exe",
          "opcode" : "Info",
          "process_id" : 1328,
          "provider_guid" : "{5770385F-C22A-43E0-BF4C-06F5698FFBD9}",
          "record_number" : "8889",
          "source_name" : "Microsoft-Windows-Sysmon",
          "task" : "Process terminated (rule: ProcessTerminate)",
          "thread_id" : 1960,
          "type" : "wineventlog",
          "user" : {
            "domain" : "NT AUTHORITY",
            "identifier" : "S-1-5-18",
            "name" : "SYSTEM",
            "type" : "User"
          },
          "version" : 3
        }
      },
      {
        "_index" : "test",
        "_type" : "wineventlog",
        "_id" : "AWBHnJz02lDISLgezq2Q",
        "_score" : 1.0,
        "_source" : {
          "@timestamp" : 1512996242187,
          "@version" : "1",
          "beat" : {
            "hostname" : "WIN-U1E6SADQQ7G",
            "name" : "WIN-U1E6SADQQ7G",
            "version" : "5.6.3"
          },
          "computer_name" : "WIN-U1E6SADQQ7G",
          "event_data" : {
            "CommandLine" : "C:\\Windows\\system32\\rundll32.exe aepdu.dll,AePduRunUpdate",
            "CurrentDirectory" : "C:\\Windows\\system32\\",
            "Hashes" : "SHA1=D4AC232D507769FFD004439C15302916A40D9831",
            "Image" : "C:\\Windows\\System32\\rundll32.exe",
            "IntegrityLevel" : "System",
            "LogonGuid" : "{704248D8-6D75-5A2A-0000-0020E7030000}",
            "LogonId" : "0x3e7",
            "ParentCommandLine" : "C:\\Windows\\system32\\svchost.exe -k netsvcs",
            "ParentImage" : "C:\\Windows\\System32\\svchost.exe",
            "ParentProcessGuid" : "{704248D8-6D76-5A2A-0000-0010221B0100}",
            "ParentProcessId" : "804",
            "ProcessGuid" : "{704248D8-7D92-5A2E-0000-0010A15D1501}",
            "ProcessId" : "3576",
            "TerminalSessionId" : "0",
            "User" : "NT AUTHORITY\\SYSTEM",
            "UtcTime" : "2017-12-11 12:44:02.186"
          },
          "event_id" : 1,
          "host" : "WIN-U1E6SADQQ7G",
          "level" : "Information",
          "log_name" : "Microsoft-Windows-Sysmon/Operational",
          "message" : "Process Create:\nUtcTime: 2017-12-11 12:44:02.186\nProcessGuid: {704248D8-7D92-5A2E-0000-0010A15D1501}\nProcessId: 3576\nImage: C:\\Windows\\System32\\rundll32.exe\nCommandLine: C:\\Windows\\system32\\rundll32.exe aepdu.dll,AePduRunUpdate\nCurrentDirectory: C:\\Windows\\system32\\\nUser: NT AUTHORITY\\SYSTEM\nLogonGuid: {704248D8-6D75-5A2A-0000-0020E7030000}\nLogonId: 0x3E7\nTerminalSessionId: 0\nIntegrityLevel: System\nHashes: SHA1=D4AC232D507769FFD004439C15302916A40D9831\nParentProcessGuid: {704248D8-6D76-5A2A-0000-0010221B0100}\nParentProcessId: 804\nParentImage: C:\\Windows\\System32\\svchost.exe\nParentCommandLine: C:\\Windows\\system32\\svchost.exe -k netsvcs",
          "opcode" : "Info",
          "process_id" : 1328,
          "provider_guid" : "{5770385F-C22A-43E0-BF4C-06F5698FFBD9}",
          "record_number" : "8959",
          "source_name" : "Microsoft-Windows-Sysmon",
          "task" : "Process Create (rule: ProcessCreate)",
          "thread_id" : 1960,
          "type" : "wineventlog",
          "user" : {
            "domain" : "NT AUTHORITY",
            "identifier" : "S-1-5-18",
            "name" : "SYSTEM",
            "type" : "User"
          },
          "version" : 5
        }
      },
      {
        "_index" : "test",
        "_type" : "wineventlog",
        "_id" : "AWBHnJz02lDISLgezq2U",
        "_score" : 1.0,
        "_source" : {
          "@timestamp" : 1512996245992,
          "@version" : "1",
          "beat" : {
            "hostname" : "WIN-U1E6SADQQ7G",
            "name" : "WIN-U1E6SADQQ7G",
            "version" : "5.6.3"
          },
          "computer_name" : "WIN-U1E6SADQQ7G",
          "event_data" : {
            "CommandLine" : "\\??\\C:\\Windows\\system32\\conhost.exe 0xffffffff",
            "CurrentDirectory" : "C:\\Windows",
            "Hashes" : "SHA1=0862BAE3DC3A0B5C609867D1A7086F1954F2F556",
            "Image" : "C:\\Windows\\System32\\conhost.exe",
            "IntegrityLevel" : "System",
            "LogonGuid" : "{704248D8-6D75-5A2A-0000-0020E7030000}",
            "LogonId" : "0x3e7",
            "ParentCommandLine" : "\"C:\\Windows\\Microsoft.NET\\Framework64\\v4.0.30319\\NGenTask.exe\" /RuntimeWide /StopEvent:912",
            "ParentImage" : "C:\\Windows\\Microsoft.NET\\Framework64\\v4.0.30319\\ngentask.exe",
            "ParentProcessGuid" : "{704248D8-7D95-5A2E-0000-001023961601}",
            "ParentProcessId" : "2604",
            "ProcessGuid" : "{704248D8-7D95-5A2E-0000-001081961601}",
            "ProcessId" : "3736",
            "TerminalSessionId" : "0",
            "User" : "NT AUTHORITY\\SYSTEM",
            "UtcTime" : "2017-12-11 12:44:05.991"
          },
          "event_id" : 1,
          "host" : "WIN-U1E6SADQQ7G",
          "level" : "Information",
          "log_name" : "Microsoft-Windows-Sysmon/Operational",
          "message" : "Process Create:\nUtcTime: 2017-12-11 12:44:05.991\nProcessGuid: {704248D8-7D95-5A2E-0000-001081961601}\nProcessId: 3736\nImage: C:\\Windows\\System32\\conhost.exe\nCommandLine: \\??\\C:\\Windows\\system32\\conhost.exe 0xffffffff\nCurrentDirectory: C:\\Windows\nUser: NT AUTHORITY\\SYSTEM\nLogonGuid: {704248D8-6D75-5A2A-0000-0020E7030000}\nLogonId: 0x3E7\nTerminalSessionId: 0\nIntegrityLevel: System\nHashes: SHA1=0862BAE3DC3A0B5C609867D1A7086F1954F2F556\nParentProcessGuid: {704248D8-7D95-5A2E-0000-001023961601}\nParentProcessId: 2604\nParentImage: C:\\Windows\\Microsoft.NET\\Framework64\\v4.0.30319\\ngentask.exe\nParentCommandLine: \"C:\\Windows\\Microsoft.NET\\Framework64\\v4.0.30319\\NGenTask.exe\" /RuntimeWide /StopEvent:912",
          "opcode" : "Info",
          "process_id" : 1328,
          "provider_guid" : "{5770385F-C22A-43E0-BF4C-06F5698FFBD9}",
          "record_number" : "8974",
          "source_name" : "Microsoft-Windows-Sysmon",
          "task" : "Process Create (rule: ProcessCreate)",
          "thread_id" : 1960,
          "type" : "wineventlog",
          "user" : {
            "domain" : "NT AUTHORITY",
            "identifier" : "S-1-5-18",
            "name" : "SYSTEM",
            "type" : "User"
          },
          "version" : 5
        }
      },
      {
        "_index" : "test",
        "_type" : "wineventlog",
        "_id" : "AWBHnJz02lDISLgezq2W",
        "_score" : 1.0,
        "_source" : {
          "@timestamp" : 1512996247345,
          "@version" : "1",
          "beat" : {
            "hostname" : "WIN-U1E6SADQQ7G",
            "name" : "WIN-U1E6SADQQ7G",
            "version" : "5.6.3"
          },
          "computer_name" : "WIN-U1E6SADQQ7G",
          "event_data" : {
            "Image" : "C:\\Windows\\System32\\conhost.exe",
            "ProcessGuid" : "{704248D8-7D97-5A2E-0000-00108BCF1601}",
            "ProcessId" : "3216",
            "UtcTime" : "2017-12-11 12:44:07.345"
          },
          "event_id" : 5,
          "host" : "WIN-U1E6SADQQ7G",
          "level" : "Information",
          "log_name" : "Microsoft-Windows-Sysmon/Operational",
          "message" : "Process terminated:\nUtcTime: 2017-12-11 12:44:07.345\nProcessGuid: {704248D8-7D97-5A2E-0000-00108BCF1601}\nProcessId: 3216\nImage: C:\\Windows\\System32\\conhost.exe",
          "opcode" : "Info",
          "process_id" : 1328,
          "provider_guid" : "{5770385F-C22A-43E0-BF4C-06F5698FFBD9}",
          "record_number" : "8993",
          "source_name" : "Microsoft-Windows-Sysmon",
          "task" : "Process terminated (rule: ProcessTerminate)",
          "thread_id" : 1960,
          "type" : "wineventlog",
          "user" : {
            "domain" : "NT AUTHORITY",
            "identifier" : "S-1-5-18",
            "name" : "SYSTEM",
            "type" : "User"
          },
          "version" : 3
        }
      },
      {
        "_index" : "test",
        "_type" : "wineventlog",
        "_id" : "AWBHnJz02lDISLgezq2e",
        "_score" : 1.0,
        "_source" : {
          "@timestamp" : 1513014035114,
          "@version" : "1",
          "beat" : {
            "hostname" : "WIN-U1E6SADQQ7G",
            "name" : "WIN-U1E6SADQQ7G",
            "version" : "5.6.3"
          },
          "computer_name" : "WIN-U1E6SADQQ7G",
          "event_data" : {
            "Image" : "C:\\Program Files (x86)\\Google\\Update\\GoogleUpdate.exe",
            "ProcessGuid" : "{704248D8-C313-5A2E-0000-0010AAEC1F01}",
            "ProcessId" : "2068",
            "UtcTime" : "2017-12-11 17:40:35.114"
          },
          "event_id" : 5,
          "host" : "WIN-U1E6SADQQ7G",
          "level" : "Information",
          "log_name" : "Microsoft-Windows-Sysmon/Operational",
          "message" : "Process terminated:\nUtcTime: 2017-12-11 17:40:35.114\nProcessGuid: {704248D8-C313-5A2E-0000-0010AAEC1F01}\nProcessId: 2068\nImage: C:\\Program Files (x86)\\Google\\Update\\GoogleUpdate.exe",
          "opcode" : "Info",
          "process_id" : 1328,
          "provider_guid" : "{5770385F-C22A-43E0-BF4C-06F5698FFBD9}",
          "record_number" : "9148",
          "source_name" : "Microsoft-Windows-Sysmon",
          "task" : "Process terminated (rule: ProcessTerminate)",
          "thread_id" : 1960,
          "type" : "wineventlog",
          "user" : {
            "domain" : "NT AUTHORITY",
            "identifier" : "S-1-5-18",
            "name" : "SYSTEM",
            "type" : "User"
          },
          "version" : 3
        }
      },
      {
        "_index" : "test",
        "_type" : "wineventlog",
        "_id" : "AWBHnJz02lDISLgezq2k",
        "_score" : 1.0,
        "_source" : {
          "@timestamp" : 1513022639626,
          "@version" : "1",
          "beat" : {
            "hostname" : "WIN-U1E6SADQQ7G",
            "name" : "WIN-U1E6SADQQ7G",
            "version" : "5.6.3"
          },
          "computer_name" : "WIN-U1E6SADQQ7G",
          "event_data" : {
            "Image" : "C:\\Windows\\System32\\wbem\\WmiPrvSE.exe",
            "ProcessGuid" : "{704248D8-E451-5A2E-0000-0010C2233601}",
            "ProcessId" : "2992",
            "UtcTime" : "2017-12-11 20:03:59.626"
          },
          "event_id" : 5,
          "host" : "WIN-U1E6SADQQ7G",
          "level" : "Information",
          "log_name" : "Microsoft-Windows-Sysmon/Operational",
          "message" : "Process terminated:\nUtcTime: 2017-12-11 20:03:59.626\nProcessGuid: {704248D8-E451-5A2E-0000-0010C2233601}\nProcessId: 2992\nImage: C:\\Windows\\System32\\wbem\\WmiPrvSE.exe",
          "opcode" : "Info",
          "process_id" : 1328,
          "provider_guid" : "{5770385F-C22A-43E0-BF4C-06F5698FFBD9}",
          "record_number" : "9405",
          "source_name" : "Microsoft-Windows-Sysmon",
          "task" : "Process terminated (rule: ProcessTerminate)",
          "thread_id" : 1960,
          "type" : "wineventlog",
          "user" : {
            "domain" : "NT AUTHORITY",
            "identifier" : "S-1-5-18",
            "name" : "SYSTEM",
            "type" : "User"
          },
          "version" : 3
        }
      },
      {
        "_index" : "test",
        "_type" : "wineventlog",
        "_id" : "AWBHnJz02lDISLgezq2p",
        "_score" : 1.0,
        "_source" : {
          "@timestamp" : 1513029750996,
          "@version" : "1",
          "beat" : {
            "hostname" : "WIN-U1E6SADQQ7G",
            "name" : "WIN-U1E6SADQQ7G",
            "version" : "5.6.3"
          },
          "computer_name" : "WIN-U1E6SADQQ7G",
          "event_data" : {
            "CommandLine" : "\"C:\\Program Files (x86)\\Google\\Update\\GoogleUpdate.exe\" /ua /installsource scheduler",
            "CurrentDirectory" : "C:\\Windows\\system32\\",
            "Hashes" : "SHA1=290093ED555F56B0896AEBD1E2D498B0E554D697",
            "Image" : "C:\\Program Files (x86)\\Google\\Update\\GoogleUpdate.exe",
            "IntegrityLevel" : "System",
            "LogonGuid" : "{704248D8-6D75-5A2A-0000-0020E7030000}",
            "LogonId" : "0x3e7",
            "ParentCommandLine" : "taskeng.exe {C37CC578-7A46-46D3-8592-1E8927E901FC} S-1-5-18:NT AUTHORITY\\System:Service:",
            "ParentImage" : "C:\\Windows\\System32\\taskeng.exe",
            "ParentProcessGuid" : "{704248D8-0076-5A2F-0000-001096AD4501}",
            "ParentProcessId" : "796",
            "ProcessGuid" : "{704248D8-0076-5A2F-0000-0010D5AE4501}",
            "ProcessId" : "3308",
            "TerminalSessionId" : "0",
            "User" : "NT AUTHORITY\\SYSTEM",
            "UtcTime" : "2017-12-11 22:02:30.995"
          },
          "event_id" : 1,
          "host" : "WIN-U1E6SADQQ7G",
          "level" : "Information",
          "log_name" : "Microsoft-Windows-Sysmon/Operational",
          "message" : "Process Create:\nUtcTime: 2017-12-11 22:02:30.995\nProcessGuid: {704248D8-0076-5A2F-0000-0010D5AE4501}\nProcessId: 3308\nImage: C:\\Program Files (x86)\\Google\\Update\\GoogleUpdate.exe\nCommandLine: \"C:\\Program Files (x86)\\Google\\Update\\GoogleUpdate.exe\" /ua /installsource scheduler\nCurrentDirectory: C:\\Windows\\system32\\\nUser: NT AUTHORITY\\SYSTEM\nLogonGuid: {704248D8-6D75-5A2A-0000-0020E7030000}\nLogonId: 0x3E7\nTerminalSessionId: 0\nIntegrityLevel: System\nHashes: SHA1=290093ED555F56B0896AEBD1E2D498B0E554D697\nParentProcessGuid: {704248D8-0076-5A2F-0000-001096AD4501}\nParentProcessId: 796\nParentImage: C:\\Windows\\System32\\taskeng.exe\nParentCommandLine: taskeng.exe {C37CC578-7A46-46D3-8592-1E8927E901FC} S-1-5-18:NT AUTHORITY\\System:Service:",
          "opcode" : "Info",
          "process_id" : 1328,
          "provider_guid" : "{5770385F-C22A-43E0-BF4C-06F5698FFBD9}",
          "record_number" : "9590",
          "source_name" : "Microsoft-Windows-Sysmon",
          "task" : "Process Create (rule: ProcessCreate)",
          "thread_id" : 1960,
          "type" : "wineventlog",
          "user" : {
            "domain" : "NT AUTHORITY",
            "identifier" : "S-1-5-18",
            "name" : "SYSTEM",
            "type" : "User"
          },
          "version" : 5
        }
      },
      {
        "_index" : "test",
        "_type" : "wineventlog",
        "_id" : "AWBHnJ052lDISLgezq2x",
        "_score" : 1.0,
        "_source" : {
          "@timestamp" : 1512532524750,
          "@version" : "1",
          "beat" : {
            "hostname" : "WIN-U1E6SADQQ7G",
            "name" : "WIN-U1E6SADQQ7G",
            "version" : "5.6.3"
          },
          "computer_name" : "WIN-U1E6SADQQ7G",
          "event_data" : {
            "CommandLine" : "\"C:\\Program Files (x86)\\Google\\Update\\GoogleUpdate.exe\" /cr",
            "CurrentDirectory" : "C:\\Program Files (x86)\\Google\\Update\\1.3.33.5\\",
            "Hashes" : "SHA1=290093ED555F56B0896AEBD1E2D498B0E554D697",
            "Image" : "C:\\Program Files (x86)\\Google\\Update\\GoogleUpdate.exe",
            "IntegrityLevel" : "System",
            "LogonGuid" : "{704248D8-BA39-59F8-0000-0020E7030000}",
            "LogonId" : "0x3e7",
            "ParentCommandLine" : "\"C:\\Program Files (x86)\\Google\\Update\\GoogleUpdate.exe\" /c",
            "ParentImage" : "C:\\Program Files (x86)\\Google\\Update\\GoogleUpdate.exe",
            "ParentProcessGuid" : "{704248D8-6A1B-5A27-0000-0010C8B58E00}",
            "ParentProcessId" : "1576",
            "ProcessGuid" : "{704248D8-6A2C-5A27-0000-0010C9C59000}",
            "ProcessId" : "4400",
            "TerminalSessionId" : "0",
            "User" : "NT AUTHORITY\\SYSTEM",
            "UtcTime" : "2017-12-06 03:55:24.729"
          },
          "event_id" : 1,
          "host" : "WIN-U1E6SADQQ7G",
          "level" : "Information",
          "log_name" : "Microsoft-Windows-Sysmon/Operational",
          "message" : "Process Create:\nUtcTime: 2017-12-06 03:55:24.729\nProcessGuid: {704248D8-6A2C-5A27-0000-0010C9C59000}\nProcessId: 4400\nImage: C:\\Program Files (x86)\\Google\\Update\\GoogleUpdate.exe\nCommandLine: \"C:\\Program Files (x86)\\Google\\Update\\GoogleUpdate.exe\" /cr\nCurrentDirectory: C:\\Program Files (x86)\\Google\\Update\\1.3.33.5\\\nUser: NT AUTHORITY\\SYSTEM\nLogonGuid: {704248D8-BA39-59F8-0000-0020E7030000}\nLogonId: 0x3E7\nTerminalSessionId: 0\nIntegrityLevel: System\nHashes: SHA1=290093ED555F56B0896AEBD1E2D498B0E554D697\nParentProcessGuid: {704248D8-6A1B-5A27-0000-0010C8B58E00}\nParentProcessId: 1576\nParentImage: C:\\Program Files (x86)\\Google\\Update\\GoogleUpdate.exe\nParentCommandLine: \"C:\\Program Files (x86)\\Google\\Update\\GoogleUpdate.exe\" /c",
          "opcode" : "Info",
          "process_id" : 520,
          "provider_guid" : "{5770385F-C22A-43E0-BF4C-06F5698FFBD9}",
          "record_number" : "1648",
          "source_name" : "Microsoft-Windows-Sysmon",
          "task" : "Process Create (rule: ProcessCreate)",
          "thread_id" : 3196,
          "type" : "wineventlog",
          "user" : {
            "domain" : "NT AUTHORITY",
            "identifier" : "S-1-5-18",
            "name" : "SYSTEM",
            "type" : "User"
          },
          "version" : 5
        }
      },
      {
        "_index" : "test",
        "_type" : "wineventlog",
        "_id" : "AWBHnJ052lDISLgezq22",
        "_score" : 1.0,
        "_source" : {
          "@timestamp" : 1512532528548,
          "@version" : "1",
          "beat" : {
            "hostname" : "WIN-U1E6SADQQ7G",
            "name" : "WIN-U1E6SADQQ7G",
            "version" : "5.6.3"
          },
          "computer_name" : "WIN-U1E6SADQQ7G",
          "event_data" : {
            "Image" : "C:\\Program Files (x86)\\Google\\Update\\1.3.33.5\\GoogleCrashHandler64.exe",
            "ProcessGuid" : "{704248D8-6A2E-5A27-0000-00103BEF9000}",
            "ProcessId" : "4552",
            "UtcTime" : "2017-12-06 03:55:28.548"
          },
          "event_id" : 5,
          "host" : "WIN-U1E6SADQQ7G",
          "level" : "Information",
          "log_name" : "Microsoft-Windows-Sysmon/Operational",
          "message" : "Process terminated:\nUtcTime: 2017-12-06 03:55:28.548\nProcessGuid: {704248D8-6A2E-5A27-0000-00103BEF9000}\nProcessId: 4552\nImage: C:\\Program Files (x86)\\Google\\Update\\1.3.33.5\\GoogleCrashHandler64.exe",
          "opcode" : "Info",
          "process_id" : 520,
          "provider_guid" : "{5770385F-C22A-43E0-BF4C-06F5698FFBD9}",
          "record_number" : "1682",
          "source_name" : "Microsoft-Windows-Sysmon",
          "task" : "Process terminated (rule: ProcessTerminate)",
          "thread_id" : 3196,
          "type" : "wineventlog",
          "user" : {
            "domain" : "NT AUTHORITY",
            "identifier" : "S-1-5-18",
            "name" : "SYSTEM",
            "type" : "User"
          },
          "version" : 3
        }
      },
      {
        "_index" : "test",
        "_type" : "wineventlog",
        "_id" : "AWBHnJ052lDISLgezq3P",
        "_score" : 1.0,
        "_source" : {
          "@timestamp" : 1512562715573,
          "@version" : "1",
          "beat" : {
            "hostname" : "WIN-U1E6SADQQ7G",
            "name" : "WIN-U1E6SADQQ7G",
            "version" : "5.6.3"
          },
          "computer_name" : "WIN-U1E6SADQQ7G",
          "event_data" : {
            "Image" : "C:\\Windows\\System32\\conhost.exe",
            "ProcessGuid" : "{704248D8-E01B-5A27-0000-0010C181A300}",
            "ProcessId" : "3516",
            "UtcTime" : "2017-12-06 12:18:35.572"
          },
          "event_id" : 5,
          "host" : "WIN-U1E6SADQQ7G",
          "level" : "Information",
          "log_name" : "Microsoft-Windows-Sysmon/Operational",
          "message" : "Process terminated:\nUtcTime: 2017-12-06 12:18:35.572\nProcessGuid: {704248D8-E01B-5A27-0000-0010C181A300}\nProcessId: 3516\nImage: C:\\Windows\\System32\\conhost.exe",
          "opcode" : "Info",
          "process_id" : 520,
          "provider_guid" : "{5770385F-C22A-43E0-BF4C-06F5698FFBD9}",
          "record_number" : "2077",
          "source_name" : "Microsoft-Windows-Sysmon",
          "task" : "Process terminated (rule: ProcessTerminate)",
          "thread_id" : 3196,
          "type" : "wineventlog",
          "user" : {
            "domain" : "NT AUTHORITY",
            "identifier" : "S-1-5-18",
            "name" : "SYSTEM",
            "type" : "User"
          },
          "version" : 3
        }
      },
      {
        "_index" : "test",
        "_type" : "wineventlog",
        "_id" : "AWBHnJ-22lDISLgezq6O",
        "_score" : 1.0,
        "_source" : {
          "@timestamp" : 1512730011196,
          "@version" : "1",
          "beat" : {
            "hostname" : "WIN-U1E6SADQQ7G",
            "name" : "WIN-U1E6SADQQ7G",
            "version" : "5.6.3"
          },
          "computer_name" : "WIN-U1E6SADQQ7G",
          "event_data" : {
            "Hashes" : "SHA1=882298B27278823B4C094BE1E7177C27297F239B",
            "ImageLoaded" : "C:\\Windows\\System32\\drivers\\ndproxy.sys",
            "Signature" : "Microsoft Windows",
            "SignatureStatus" : "Valid",
            "Signed" : "true",
            "UtcTime" : "2017-12-08 10:46:09.201"
          },
          "event_id" : 6,
          "host" : "WIN-U1E6SADQQ7G",
          "level" : "Information",
          "log_name" : "Microsoft-Windows-Sysmon/Operational",
          "message" : "Driver loaded:\nUtcTime: 2017-12-08 10:46:09.201\nImageLoaded: C:\\Windows\\System32\\drivers\\ndproxy.sys\nHashes: SHA1=882298B27278823B4C094BE1E7177C27297F239B\nSigned: true\nSignature: Microsoft Windows\nSignatureStatus: Valid",
          "opcode" : "Info",
          "process_id" : 1328,
          "provider_guid" : "{5770385F-C22A-43E0-BF4C-06F5698FFBD9}",
          "record_number" : "5600",
          "source_name" : "Microsoft-Windows-Sysmon",
          "task" : "Driver loaded (rule: DriverLoad)",
          "thread_id" : 1980,
          "type" : "wineventlog",
          "user" : {
            "domain" : "NT AUTHORITY",
            "identifier" : "S-1-5-18",
            "name" : "SYSTEM",
            "type" : "User"
          },
          "version" : 3
        }
      },
      {
        "_index" : "test",
        "_type" : "wineventlog",
        "_id" : "AWBHnJ-22lDISLgezq6Q",
        "_score" : 1.0,
        "_source" : {
          "@timestamp" : 1512730011264,
          "@version" : "1",
          "beat" : {
            "hostname" : "WIN-U1E6SADQQ7G",
            "name" : "WIN-U1E6SADQQ7G",
            "version" : "5.6.3"
          },
          "computer_name" : "WIN-U1E6SADQQ7G",
          "event_data" : {
            "Hashes" : "SHA1=EE1BC051720837FAD66B108638F1702ED6FB15D8",
            "ImageLoaded" : "C:\\Windows\\System32\\drivers\\HdAudio.sys",
            "Signature" : "Microsoft Windows",
            "SignatureStatus" : "Valid",
            "Signed" : "true",
            "UtcTime" : "2017-12-08 10:46:09.700"
          },
          "event_id" : 6,
          "host" : "WIN-U1E6SADQQ7G",
          "level" : "Information",
          "log_name" : "Microsoft-Windows-Sysmon/Operational",
          "message" : "Driver loaded:\nUtcTime: 2017-12-08 10:46:09.700\nImageLoaded: C:\\Windows\\System32\\drivers\\HdAudio.sys\nHashes: SHA1=EE1BC051720837FAD66B108638F1702ED6FB15D8\nSigned: true\nSignature: Microsoft Windows\nSignatureStatus: Valid",
          "opcode" : "Info",
          "process_id" : 1328,
          "provider_guid" : "{5770385F-C22A-43E0-BF4C-06F5698FFBD9}",
          "record_number" : "5605",
          "source_name" : "Microsoft-Windows-Sysmon",
          "task" : "Driver loaded (rule: DriverLoad)",
          "thread_id" : 1980,
          "type" : "wineventlog",
          "user" : {
            "domain" : "NT AUTHORITY",
            "identifier" : "S-1-5-18",
            "name" : "SYSTEM",
            "type" : "User"
          },
          "version" : 3
        }
      },
      {
        "_index" : "test",
        "_type" : "wineventlog",
        "_id" : "AWBHnJ-22lDISLgezq6T",
        "_score" : 1.0,
        "_source" : {
          "@timestamp" : 1512730011592,
          "@version" : "1",
          "beat" : {
            "hostname" : "WIN-U1E6SADQQ7G",
            "name" : "WIN-U1E6SADQQ7G",
            "version" : "5.6.3"
          },
          "computer_name" : "WIN-U1E6SADQQ7G",
          "event_data" : {
            "Hashes" : "SHA1=23787DBA29786E8ED86D66439F6E982932398409",
            "ImageLoaded" : "C:\\Windows\\System32\\drivers\\bowser.sys",
            "Signature" : "Microsoft Windows",
            "SignatureStatus" : "Valid",
            "Signed" : "true",
            "UtcTime" : "2017-12-08 10:46:15.585"
          },
          "event_id" : 6,
          "host" : "WIN-U1E6SADQQ7G",
          "level" : "Information",
          "log_name" : "Microsoft-Windows-Sysmon/Operational",
          "message" : "Driver loaded:\nUtcTime: 2017-12-08 10:46:15.585\nImageLoaded: C:\\Windows\\System32\\drivers\\bowser.sys\nHashes: SHA1=23787DBA29786E8ED86D66439F6E982932398409\nSigned: true\nSignature: Microsoft Windows\nSignatureStatus: Valid",
          "opcode" : "Info",
          "process_id" : 1328,
          "provider_guid" : "{5770385F-C22A-43E0-BF4C-06F5698FFBD9}",
          "record_number" : "5625",
          "source_name" : "Microsoft-Windows-Sysmon",
          "task" : "Driver loaded (rule: DriverLoad)",
          "thread_id" : 1980,
          "type" : "wineventlog",
          "user" : {
            "domain" : "NT AUTHORITY",
            "identifier" : "S-1-5-18",
            "name" : "SYSTEM",
            "type" : "User"
          },
          "version" : 3
        }
      },
      {
        "_index" : "test",
        "_type" : "wineventlog",
        "_id" : "AWBHnJ-22lDISLgezq6W",
        "_score" : 1.0,
        "_source" : {
          "@timestamp" : 1512730030501,
          "@version" : "1",
          "beat" : {
            "hostname" : "WIN-U1E6SADQQ7G",
            "name" : "WIN-U1E6SADQQ7G",
            "version" : "5.6.3"
          },
          "computer_name" : "WIN-U1E6SADQQ7G",
          "event_data" : {
            "CommandLine" : "taskhostex.exe ",
            "CurrentDirectory" : "C:\\Windows\\system32\\",
            "Hashes" : "SHA1=4762A440FF8D55DD8D8483E408226616FC9FF539",
            "Image" : "C:\\Windows\\System32\\taskhostex.exe",
            "IntegrityLevel" : "High",
            "LogonGuid" : "{704248D8-6DAE-5A2A-0000-002018250400}",
            "LogonId" : "0x42518",
            "ParentCommandLine" : "C:\\Windows\\system32\\svchost.exe -k netsvcs",
            "ParentImage" : "C:\\Windows\\System32\\svchost.exe",
            "ParentProcessGuid" : "{704248D8-6D76-5A2A-0000-0010221B0100}",
            "ParentProcessId" : "804",
            "ProcessGuid" : "{704248D8-6DAE-5A2A-0000-0010062D0400}",
            "ProcessId" : "2624",
            "TerminalSessionId" : "1",
            "User" : "WIN-U1E6SADQQ7G\\Administrator",
            "UtcTime" : "2017-12-08 10:47:10.492"
          },
          "event_id" : 1,
          "host" : "WIN-U1E6SADQQ7G",
          "level" : "Information",
          "log_name" : "Microsoft-Windows-Sysmon/Operational",
          "message" : "Process Create:\nUtcTime: 2017-12-08 10:47:10.492\nProcessGuid: {704248D8-6DAE-5A2A-0000-0010062D0400}\nProcessId: 2624\nImage: C:\\Windows\\System32\\taskhostex.exe\nCommandLine: taskhostex.exe \nCurrentDirectory: C:\\Windows\\system32\\\nUser: WIN-U1E6SADQQ7G\\Administrator\nLogonGuid: {704248D8-6DAE-5A2A-0000-002018250400}\nLogonId: 0x42518\nTerminalSessionId: 1\nIntegrityLevel: High\nHashes: SHA1=4762A440FF8D55DD8D8483E408226616FC9FF539\nParentProcessGuid: {704248D8-6D76-5A2A-0000-0010221B0100}\nParentProcessId: 804\nParentImage: C:\\Windows\\System32\\svchost.exe\nParentCommandLine: C:\\Windows\\system32\\svchost.exe -k netsvcs",
          "opcode" : "Info",
          "process_id" : 1328,
          "provider_guid" : "{5770385F-C22A-43E0-BF4C-06F5698FFBD9}",
          "record_number" : "5659",
          "source_name" : "Microsoft-Windows-Sysmon",
          "task" : "Process Create (rule: ProcessCreate)",
          "thread_id" : 1960,
          "type" : "wineventlog",
          "user" : {
            "domain" : "NT AUTHORITY",
            "identifier" : "S-1-5-18",
            "name" : "SYSTEM",
            "type" : "User"
          },
          "version" : 5
        }
      },
      {
        "_index" : "test",
        "_type" : "wineventlog",
        "_id" : "AWBHnJ-22lDISLgezq6Y",
        "_score" : 1.0,
        "_source" : {
          "@timestamp" : 1512730030904,
          "@version" : "1",
          "beat" : {
            "hostname" : "WIN-U1E6SADQQ7G",
            "name" : "WIN-U1E6SADQQ7G",
            "version" : "5.6.3"
          },
          "computer_name" : "WIN-U1E6SADQQ7G",
          "event_data" : {
            "CommandLine" : "\\??\\C:\\Windows\\system32\\conhost.exe 0xffffffff",
            "CurrentDirectory" : "C:\\Windows",
            "Hashes" : "SHA1=0862BAE3DC3A0B5C609867D1A7086F1954F2F556",
            "Image" : "C:\\Windows\\System32\\conhost.exe",
            "IntegrityLevel" : "High",
            "LogonGuid" : "{704248D8-6DAE-5A2A-0000-002018250400}",
            "LogonId" : "0x42518",
            "ParentCommandLine" : "TPAutoConnect.exe -q -i vmware -a COM1 -F 30",
            "ParentImage" : "C:\\Program Files\\VMware\\VMware Tools\\TPAutoConnect.exe",
            "ParentProcessGuid" : "{704248D8-6DAE-5A2A-0000-0010F8350400}",
            "ParentProcessId" : "2680",
            "ProcessGuid" : "{704248D8-6DAE-5A2A-0000-0010EE380400}",
            "ProcessId" : "2700",
            "TerminalSessionId" : "1",
            "User" : "WIN-U1E6SADQQ7G\\Administrator",
            "UtcTime" : "2017-12-08 10:47:10.903"
          },
          "event_id" : 1,
          "host" : "WIN-U1E6SADQQ7G",
          "level" : "Information",
          "log_name" : "Microsoft-Windows-Sysmon/Operational",
          "message" : "Process Create:\nUtcTime: 2017-12-08 10:47:10.903\nProcessGuid: {704248D8-6DAE-5A2A-0000-0010EE380400}\nProcessId: 2700\nImage: C:\\Windows\\System32\\conhost.exe\nCommandLine: \\??\\C:\\Windows\\system32\\conhost.exe 0xffffffff\nCurrentDirectory: C:\\Windows\nUser: WIN-U1E6SADQQ7G\\Administrator\nLogonGuid: {704248D8-6DAE-5A2A-0000-002018250400}\nLogonId: 0x42518\nTerminalSessionId: 1\nIntegrityLevel: High\nHashes: SHA1=0862BAE3DC3A0B5C609867D1A7086F1954F2F556\nParentProcessGuid: {704248D8-6DAE-5A2A-0000-0010F8350400}\nParentProcessId: 2680\nParentImage: C:\\Program Files\\VMware\\VMware Tools\\TPAutoConnect.exe\nParentCommandLine: TPAutoConnect.exe -q -i vmware -a COM1 -F 30",
          "opcode" : "Info",
          "process_id" : 1328,
          "provider_guid" : "{5770385F-C22A-43E0-BF4C-06F5698FFBD9}",
          "record_number" : "5667",
          "source_name" : "Microsoft-Windows-Sysmon",
          "task" : "Process Create (rule: ProcessCreate)",
          "thread_id" : 1960,
          "type" : "wineventlog",
          "user" : {
            "domain" : "NT AUTHORITY",
            "identifier" : "S-1-5-18",
            "name" : "SYSTEM",
            "type" : "User"
          },
          "version" : 5
        }
      },
      {
        "_index" : "test",
        "_type" : "wineventlog",
        "_id" : "AWBHnJ-22lDISLgezq6b",
        "_score" : 1.0,
        "_source" : {
          "@timestamp" : 1512730040190,
          "@version" : "1",
          "beat" : {
            "hostname" : "WIN-U1E6SADQQ7G",
            "name" : "WIN-U1E6SADQQ7G",
            "version" : "5.6.3"
          },
          "computer_name" : "WIN-U1E6SADQQ7G",
          "event_data" : {
            "Image" : "C:\\Windows\\SysWOW64\\dllhost.exe",
            "ProcessGuid" : "{704248D8-6DB1-5A2A-0000-001066990400}",
            "ProcessId" : "1512",
            "UtcTime" : "2017-12-08 10:47:20.190"
          },
          "event_id" : 5,
          "host" : "WIN-U1E6SADQQ7G",
          "level" : "Information",
          "log_name" : "Microsoft-Windows-Sysmon/Operational",
          "message" : "Process terminated:\nUtcTime: 2017-12-08 10:47:20.190\nProcessGuid: {704248D8-6DB1-5A2A-0000-001066990400}\nProcessId: 1512\nImage: C:\\Windows\\SysWOW64\\dllhost.exe",
          "opcode" : "Info",
          "process_id" : 1328,
          "provider_guid" : "{5770385F-C22A-43E0-BF4C-06F5698FFBD9}",
          "record_number" : "5691",
          "source_name" : "Microsoft-Windows-Sysmon",
          "task" : "Process terminated (rule: ProcessTerminate)",
          "thread_id" : 1960,
          "type" : "wineventlog",
          "user" : {
            "domain" : "NT AUTHORITY",
            "identifier" : "S-1-5-18",
            "name" : "SYSTEM",
            "type" : "User"
          },
          "version" : 3
        }
      },
      {
        "_index" : "test",
        "_type" : "wineventlog",
        "_id" : "AWBHnJ-22lDISLgezq6h",
        "_score" : 1.0,
        "_source" : {
          "@timestamp" : 1512730130828,
          "@version" : "1",
          "beat" : {
            "hostname" : "WIN-U1E6SADQQ7G",
            "name" : "WIN-U1E6SADQQ7G",
            "version" : "5.6.3"
          },
          "computer_name" : "WIN-U1E6SADQQ7G",
          "event_data" : {
            "CommandLine" : "\"C:\\Program Files (x86)\\Google\\Update\\1.3.33.7\\GoogleCrashHandler.exe\"",
            "CurrentDirectory" : "C:\\Program Files (x86)\\Google\\Update\\1.3.33.7\\",
            "Hashes" : "SHA1=CB7E434755C0D932A422D44E7B1602F817C4FC1F",
            "Image" : "C:\\Program Files (x86)\\Google\\Update\\1.3.33.7\\GoogleCrashHandler.exe",
            "IntegrityLevel" : "System",
            "LogonGuid" : "{704248D8-6D75-5A2A-0000-0020E7030000}",
            "LogonId" : "0x3e7",
            "ParentCommandLine" : "\"C:\\Program Files (x86)\\Google\\Update\\GoogleUpdate.exe\" /c",
            "ParentImage" : "C:\\Program Files (x86)\\Google\\Update\\GoogleUpdate.exe",
            "ParentProcessGuid" : "{704248D8-6E12-5A2A-0000-001015A80F00}",
            "ParentProcessId" : "2648",
            "ProcessGuid" : "{704248D8-6E12-5A2A-0000-001038AD0F00}",
            "ProcessId" : "2080",
            "TerminalSessionId" : "0",
            "User" : "NT AUTHORITY\\SYSTEM",
            "UtcTime" : "2017-12-08 10:48:50.827"
          },
          "event_id" : 1,
          "host" : "WIN-U1E6SADQQ7G",
          "level" : "Information",
          "log_name" : "Microsoft-Windows-Sysmon/Operational",
          "message" : "Process Create:\nUtcTime: 2017-12-08 10:48:50.827\nProcessGuid: {704248D8-6E12-5A2A-0000-001038AD0F00}\nProcessId: 2080\nImage: C:\\Program Files (x86)\\Google\\Update\\1.3.33.7\\GoogleCrashHandler.exe\nCommandLine: \"C:\\Program Files (x86)\\Google\\Update\\1.3.33.7\\GoogleCrashHandler.exe\"\nCurrentDirectory: C:\\Program Files (x86)\\Google\\Update\\1.3.33.7\\\nUser: NT AUTHORITY\\SYSTEM\nLogonGuid: {704248D8-6D75-5A2A-0000-0020E7030000}\nLogonId: 0x3E7\nTerminalSessionId: 0\nIntegrityLevel: System\nHashes: SHA1=CB7E434755C0D932A422D44E7B1602F817C4FC1F\nParentProcessGuid: {704248D8-6E12-5A2A-0000-001015A80F00}\nParentProcessId: 2648\nParentImage: C:\\Program Files (x86)\\Google\\Update\\GoogleUpdate.exe\nParentCommandLine: \"C:\\Program Files (x86)\\Google\\Update\\GoogleUpdate.exe\" /c",
          "opcode" : "Info",
          "process_id" : 1328,
          "provider_guid" : "{5770385F-C22A-43E0-BF4C-06F5698FFBD9}",
          "record_number" : "5708",
          "source_name" : "Microsoft-Windows-Sysmon",
          "task" : "Process Create (rule: ProcessCreate)",
          "thread_id" : 1960,
          "type" : "wineventlog",
          "user" : {
            "domain" : "NT AUTHORITY",
            "identifier" : "S-1-5-18",
            "name" : "SYSTEM",
            "type" : "User"
          },
          "version" : 5
        }
      },
