      {
        "_index" : "analytics",
        "_type" : "wineventlog",
        "_id" : "AWBGviqy2lDISLgezpEQ",
        "_score" : 1.0,
        "_source" : {
          "@timestamp" : 1512695986671,
          "@version" : "1",
          "beat" : {
            "hostname" : "WIN-U1E6SADQQ7G",
            "name" : "WIN-U1E6SADQQ7G",
            "version" : "5.6.3"
          },
          "computer_name" : "WIN-U1E6SADQQ7G",
          "event_data" : {
            "DestinationHostname" : "ubuntu.fios-router.home",
            "DestinationIp" : "192.168.1.198",
            "DestinationIsIpv6" : "false",
            "DestinationPort" : "5044",
            "Image" : "C:\\Users\\Administrator\\Downloads\\winlogbeat-5.6.3-windows-x86_64\\winlogbeat-5.6.3-windows-x86_64\\winlogbeat.exe",
            "Initiated" : "true",
            "ProcessGuid" : "{704248D8-5020-59F9-0000-0010F0C94D00}",
            "ProcessId" : "3596",
            "Protocol" : "tcp",
            "SourceHostname" : "WIN-U1E6SADQQ7G.fios-router.home",
            "SourceIp" : "192.168.1.205",
            "SourceIsIpv6" : "false",
            "SourcePort" : "50764",
            "User" : "NT AUTHORITY\\SYSTEM",
            "UtcTime" : "2017-11-01 18:08:18.322"
          },
          "event_id" : 3,
          "host" : "WIN-U1E6SADQQ7G",
          "level" : "Information",
          "log_name" : "Microsoft-Windows-Sysmon/Operational",
          "message" : "Network connection detected:\nUtcTime: 2017-11-01 18:08:18.322\nProcessGuid: {704248D8-5020-59F9-0000-0010F0C94D00}\nProcessId: 3596\nImage: C:\\Users\\Administrator\\Downloads\\winlogbeat-5.6.3-windows-x86_64\\winlogbeat-5.6.3-windows-x86_64\\winlogbeat.exe\nUser: NT AUTHORITY\\SYSTEM\nProtocol: tcp\nInitiated: true\nSourceIsIpv6: false\nSourceIp: 192.168.1.205\nSourceHostname: WIN-U1E6SADQQ7G.fios-router.home\nSourcePort: 50764\nSourcePortName: \nDestinationIsIpv6: false\nDestinationIp: 192.168.1.198\nDestinationHostname: ubuntu.fios-router.home\nDestinationPort: 5044\nDestinationPortName: ",
          "opcode" : "Info",
          "process_id" : 520,
          "provider_guid" : "{5770385F-C22A-43E0-BF4C-06F5698FFBD9}",
          "record_number" : "3723",
          "source_name" : "Microsoft-Windows-Sysmon",
          "task" : "Network connection detected (rule: NetworkConnect)",
          "thread_id" : 3416,
          "type" : "wineventlog",
          "user" : {
            "domain" : "NT AUTHORITY",
            "identifier" : "S-1-5-18",
            "name" : "SYSTEM",
            "type" : "User"
          },
          "version" : 5
        }
      },
      {
        "_index" : "analytics",
        "_type" : "wineventlog",
        "_id" : "AWBGviqy2lDISLgezpET",
        "_score" : 1.0,
        "_source" : {
          "@timestamp" : 1512695832274,
          "@version" : "1",
          "beat" : {
            "hostname" : "WIN-U1E6SADQQ7G",
            "name" : "WIN-U1E6SADQQ7G",
            "version" : "5.6.3"
          },
          "computer_name" : "WIN-U1E6SADQQ7G",
          "event_data" : {
            "DestinationIp" : "192.168.1.255",
            "DestinationIsIpv6" : "false",
            "DestinationPort" : "138",
            "DestinationPortName" : "netbios-dgm",
            "Image" : "System",
            "Initiated" : "true",
            "ProcessGuid" : "{704248D8-BA36-59F8-0000-0010EB030000}",
            "ProcessId" : "4",
            "Protocol" : "udp",
            "SourceHostname" : "WIN-U1E6SADQQ7G.fios-router.home",
            "SourceIp" : "192.168.1.205",
            "SourceIsIpv6" : "false",
            "SourcePort" : "138",
            "SourcePortName" : "netbios-dgm",
            "User" : "NT AUTHORITY\\SYSTEM",
            "UtcTime" : "2017-11-01 18:05:43.880"
          },
          "event_id" : 3,
          "host" : "WIN-U1E6SADQQ7G",
          "level" : "Information",
          "log_name" : "Microsoft-Windows-Sysmon/Operational",
          "message" : "Network connection detected:\nUtcTime: 2017-11-01 18:05:43.880\nProcessGuid: {704248D8-BA36-59F8-0000-0010EB030000}\nProcessId: 4\nImage: System\nUser: NT AUTHORITY\\SYSTEM\nProtocol: udp\nInitiated: true\nSourceIsIpv6: false\nSourceIp: 192.168.1.205\nSourceHostname: WIN-U1E6SADQQ7G.fios-router.home\nSourcePort: 138\nSourcePortName: netbios-dgm\nDestinationIsIpv6: false\nDestinationIp: 192.168.1.255\nDestinationHostname: \nDestinationPort: 138\nDestinationPortName: netbios-dgm",
          "opcode" : "Info",
          "process_id" : 520,
          "provider_guid" : "{5770385F-C22A-43E0-BF4C-06F5698FFBD9}",
          "record_number" : "3710",
          "source_name" : "Microsoft-Windows-Sysmon",
          "task" : "Network connection detected (rule: NetworkConnect)",
          "thread_id" : 3416,
          "type" : "wineventlog",
          "user" : {
            "domain" : "NT AUTHORITY",
            "identifier" : "S-1-5-18",
            "name" : "SYSTEM",
            "type" : "User"
          },
          "version" : 5
        }
      },
      {
        "_index" : "analytics",
        "_type" : "wineventlog",
        "_id" : "AWBGviqy2lDISLgezpDz",
        "_score" : 1.0,
        "_source" : {
          "@timestamp" : 1512691516469,
          "@version" : "1",
          "beat" : {
            "hostname" : "WIN-U1E6SADQQ7G",
            "name" : "WIN-U1E6SADQQ7G",
            "version" : "5.6.3"
          },
          "computer_name" : "WIN-U1E6SADQQ7G",
          "event_data" : {
            "DestinationHostname" : "WIN-U1E6SADQQ7G.fios-router.home",
            "DestinationIp" : "192.168.1.205",
            "DestinationIsIpv6" : "false",
            "DestinationPort" : "138",
            "DestinationPortName" : "netbios-dgm",
            "Image" : "System",
            "Initiated" : "false",
            "ProcessGuid" : "{704248D8-BA36-59F8-0000-0010EB030000}",
            "ProcessId" : "4",
            "Protocol" : "udp",
            "SourceIp" : "192.168.1.255",
            "SourceIsIpv6" : "false",
            "SourcePort" : "138",
            "SourcePortName" : "netbios-dgm",
            "User" : "NT AUTHORITY\\SYSTEM",
            "UtcTime" : "2017-11-01 16:53:47.927"
          },
          "event_id" : 3,
          "host" : "WIN-U1E6SADQQ7G",
          "level" : "Information",
          "log_name" : "Microsoft-Windows-Sysmon/Operational",
          "message" : "Network connection detected:\nUtcTime: 2017-11-01 16:53:47.927\nProcessGuid: {704248D8-BA36-59F8-0000-0010EB030000}\nProcessId: 4\nImage: System\nUser: NT AUTHORITY\\SYSTEM\nProtocol: udp\nInitiated: false\nSourceIsIpv6: false\nSourceIp: 192.168.1.255\nSourceHostname: \nSourcePort: 138\nSourcePortName: netbios-dgm\nDestinationIsIpv6: false\nDestinationIp: 192.168.1.205\nDestinationHostname: WIN-U1E6SADQQ7G.fios-router.home\nDestinationPort: 138\nDestinationPortName: netbios-dgm",
          "opcode" : "Info",
          "process_id" : 520,
          "provider_guid" : "{5770385F-C22A-43E0-BF4C-06F5698FFBD9}",
          "record_number" : "3535",
          "source_name" : "Microsoft-Windows-Sysmon",
          "task" : "Network connection detected (rule: NetworkConnect)",
          "thread_id" : 3416,
          "type" : "wineventlog",
          "user" : {
            "domain" : "NT AUTHORITY",
            "identifier" : "S-1-5-18",
            "name" : "SYSTEM",
            "type" : "User"
          },
          "version" : 5
        }
      },
      {
        "_index" : "analytics",
        "_type" : "wineventlog",
        "_id" : "AWBGviqy2lDISLgezpD2",
        "_score" : 1.0,
        "_source" : {
          "@timestamp" : 1512691524515,
          "@version" : "1",
          "beat" : {
            "hostname" : "WIN-U1E6SADQQ7G",
            "name" : "WIN-U1E6SADQQ7G",
            "version" : "5.6.3"
          },
          "computer_name" : "WIN-U1E6SADQQ7G",
          "event_data" : {
            "DestinationHostname" : "unallocated.barefruit.co.uk",
            "DestinationIp" : "92.242.140.21",
            "DestinationIsIpv6" : "false",
            "DestinationPort" : "3544",
            "DestinationPortName" : "teredo",
            "Image" : "C:\\Windows\\System32\\svchost.exe",
            "Initiated" : "true",
            "ProcessGuid" : "{704248D8-BA3A-59F8-0000-00105F1A0100}",
            "ProcessId" : "792",
            "Protocol" : "udp",
            "SourceHostname" : "WIN-U1E6SADQQ7G.fios-router.home",
            "SourceIp" : "192.168.1.205",
            "SourceIsIpv6" : "false",
            "SourcePort" : "57105",
            "User" : "NT AUTHORITY\\SYSTEM",
            "UtcTime" : "2017-11-01 16:53:55.944"
          },
          "event_id" : 3,
          "host" : "WIN-U1E6SADQQ7G",
          "level" : "Information",
          "log_name" : "Microsoft-Windows-Sysmon/Operational",
          "message" : "Network connection detected:\nUtcTime: 2017-11-01 16:53:55.944\nProcessGuid: {704248D8-BA3A-59F8-0000-00105F1A0100}\nProcessId: 792\nImage: C:\\Windows\\System32\\svchost.exe\nUser: NT AUTHORITY\\SYSTEM\nProtocol: udp\nInitiated: true\nSourceIsIpv6: false\nSourceIp: 192.168.1.205\nSourceHostname: WIN-U1E6SADQQ7G.fios-router.home\nSourcePort: 57105\nSourcePortName: \nDestinationIsIpv6: false\nDestinationIp: 92.242.140.21\nDestinationHostname: unallocated.barefruit.co.uk\nDestinationPort: 3544\nDestinationPortName: teredo",
          "opcode" : "Info",
          "process_id" : 520,
          "provider_guid" : "{5770385F-C22A-43E0-BF4C-06F5698FFBD9}",
          "record_number" : "3538",
          "source_name" : "Microsoft-Windows-Sysmon",
          "task" : "Network connection detected (rule: NetworkConnect)",
          "thread_id" : 3416,
          "type" : "wineventlog",
          "user" : {
            "domain" : "NT AUTHORITY",
            "identifier" : "S-1-5-18",
            "name" : "SYSTEM",
            "type" : "User"
          },
          "version" : 5
        }
      },
      {
        "_index" : "analytics",
        "_type" : "wineventlog",
        "_id" : "AWBGviqy2lDISLgezpD5",
        "_score" : 1.0,
        "_source" : {
          "@timestamp" : 1512692722905,
          "@version" : "1",
          "beat" : {
            "hostname" : "WIN-U1E6SADQQ7G",
            "name" : "WIN-U1E6SADQQ7G",
            "version" : "5.6.3"
          },
          "computer_name" : "WIN-U1E6SADQQ7G",
          "event_data" : {
            "DestinationHostname" : "Ronys-MBP.fios-router.home",
            "DestinationIp" : "192.168.1.154",
            "DestinationIsIpv6" : "false",
            "DestinationPort" : "137",
            "DestinationPortName" : "netbios-ns",
            "Image" : "System",
            "Initiated" : "false",
            "ProcessGuid" : "{704248D8-BA36-59F8-0000-0010EB030000}",
            "ProcessId" : "4",
            "Protocol" : "udp",
            "SourceIp" : "192.168.1.255",
            "SourceIsIpv6" : "false",
            "SourcePort" : "137",
            "SourcePortName" : "netbios-ns",
            "User" : "NT AUTHORITY\\SYSTEM",
            "UtcTime" : "2017-11-01 17:13:54.504"
          },
          "event_id" : 3,
          "host" : "WIN-U1E6SADQQ7G",
          "level" : "Information",
          "log_name" : "Microsoft-Windows-Sysmon/Operational",
          "message" : "Network connection detected:\nUtcTime: 2017-11-01 17:13:54.504\nProcessGuid: {704248D8-BA36-59F8-0000-0010EB030000}\nProcessId: 4\nImage: System\nUser: NT AUTHORITY\\SYSTEM\nProtocol: udp\nInitiated: false\nSourceIsIpv6: false\nSourceIp: 192.168.1.255\nSourceHostname: \nSourcePort: 137\nSourcePortName: netbios-ns\nDestinationIsIpv6: false\nDestinationIp: 192.168.1.154\nDestinationHostname: Ronys-MBP.fios-router.home\nDestinationPort: 137\nDestinationPortName: netbios-ns",
          "opcode" : "Info",
          "process_id" : 520,
          "provider_guid" : "{5770385F-C22A-43E0-BF4C-06F5698FFBD9}",
          "record_number" : "3582",
          "source_name" : "Microsoft-Windows-Sysmon",
          "task" : "Network connection detected (rule: NetworkConnect)",
          "thread_id" : 3416,
          "type" : "wineventlog",
          "user" : {
            "domain" : "NT AUTHORITY",
            "identifier" : "S-1-5-18",
            "name" : "SYSTEM",
            "type" : "User"
          },
          "version" : 5
        }
      },
      {
        "_index" : "analytics",
        "_type" : "wineventlog",
        "_id" : "AWBGviqy2lDISLgezpD9",
        "_score" : 1.0,
        "_source" : {
          "@timestamp" : 1512691351072,
          "@version" : "1",
          "beat" : {
            "hostname" : "WIN-U1E6SADQQ7G",
            "name" : "WIN-U1E6SADQQ7G",
            "version" : "5.6.3"
          },
          "computer_name" : "WIN-U1E6SADQQ7G",
          "event_data" : {
            "Image" : "C:\\Program Files (x86)\\Google\\Update\\GoogleUpdate.exe",
            "ProcessGuid" : "{704248D8-D697-5A29-0000-00107448F400}",
            "ProcessId" : "3464",
            "UtcTime" : "2017-12-08 00:02:31.071"
          },
          "event_id" : 5,
          "host" : "WIN-U1E6SADQQ7G",
          "level" : "Information",
          "log_name" : "Microsoft-Windows-Sysmon/Operational",
          "message" : "Process terminated:\nUtcTime: 2017-12-08 00:02:31.071\nProcessGuid: {704248D8-D697-5A29-0000-00107448F400}\nProcessId: 3464\nImage: C:\\Program Files (x86)\\Google\\Update\\GoogleUpdate.exe",
          "opcode" : "Info",
          "process_id" : 520,
          "provider_guid" : "{5770385F-C22A-43E0-BF4C-06F5698FFBD9}",
          "record_number" : "3532",
          "source_name" : "Microsoft-Windows-Sysmon",
          "task" : "Process terminated (rule: ProcessTerminate)",
          "thread_id" : 3196,
          "type" : "wineventlog",
          "user" : {
            "domain" : "NT AUTHORITY",
            "identifier" : "S-1-5-18",
            "name" : "SYSTEM",
            "type" : "User"
          },
          "version" : 3
        }
      },
      {
        "_index" : "analytics",
        "_type" : "wineventlog",
        "_id" : "AWBGviqy2lDISLgezpEN",
        "_score" : 1.0,
        "_source" : {
          "@timestamp" : 1512694991409,
          "@version" : "1",
          "beat" : {
            "hostname" : "WIN-U1E6SADQQ7G",
            "name" : "WIN-U1E6SADQQ7G",
            "version" : "5.6.3"
          },
          "computer_name" : "WIN-U1E6SADQQ7G",
          "event_data" : {
            "DestinationIp" : "192.168.1.255",
            "DestinationIsIpv6" : "false",
            "DestinationPort" : "137",
            "DestinationPortName" : "netbios-ns",
            "Image" : "System",
            "Initiated" : "true",
            "ProcessGuid" : "{704248D8-BA36-59F8-0000-0010EB030000}",
            "ProcessId" : "4",
            "Protocol" : "udp",
            "SourceHostname" : "WIN-U1E6SADQQ7G.fios-router.home",
            "SourceIp" : "192.168.1.205",
            "SourceIsIpv6" : "false",
            "SourcePort" : "137",
            "SourcePortName" : "netbios-ns",
            "User" : "NT AUTHORITY\\SYSTEM",
            "UtcTime" : "2017-11-01 17:51:42.932"
          },
          "event_id" : 3,
          "host" : "WIN-U1E6SADQQ7G",
          "level" : "Information",
          "log_name" : "Microsoft-Windows-Sysmon/Operational",
          "message" : "Network connection detected:\nUtcTime: 2017-11-01 17:51:42.932\nProcessGuid: {704248D8-BA36-59F8-0000-0010EB030000}\nProcessId: 4\nImage: System\nUser: NT AUTHORITY\\SYSTEM\nProtocol: udp\nInitiated: true\nSourceIsIpv6: false\nSourceIp: 192.168.1.205\nSourceHostname: WIN-U1E6SADQQ7G.fios-router.home\nSourcePort: 137\nSourcePortName: netbios-ns\nDestinationIsIpv6: false\nDestinationIp: 192.168.1.255\nDestinationHostname: \nDestinationPort: 137\nDestinationPortName: netbios-ns",
          "opcode" : "Info",
          "process_id" : 520,
          "provider_guid" : "{5770385F-C22A-43E0-BF4C-06F5698FFBD9}",
          "record_number" : "3677",
          "source_name" : "Microsoft-Windows-Sysmon",
          "task" : "Network connection detected (rule: NetworkConnect)",
          "thread_id" : 3416,
          "type" : "wineventlog",
          "user" : {
            "domain" : "NT AUTHORITY",
            "identifier" : "S-1-5-18",
            "name" : "SYSTEM",
            "type" : "User"
          },
          "version" : 5
        }
      },
      {
        "_index" : "analytics",
        "_type" : "wineventlog",
        "_id" : "AWBGviqy2lDISLgezpEO",
        "_score" : 1.0,
        "_source" : {
          "@timestamp" : 1512694441526,
          "@version" : "1",
          "beat" : {
            "hostname" : "WIN-U1E6SADQQ7G",
            "name" : "WIN-U1E6SADQQ7G",
            "version" : "5.6.3"
          },
          "computer_name" : "WIN-U1E6SADQQ7G",
          "event_data" : {
            "DestinationHostname" : "Libys-MBP.fios-router.home",
            "DestinationIp" : "192.168.1.151",
            "DestinationIsIpv6" : "false",
            "DestinationPort" : "5353",
            "Image" : "C:\\Program Files (x86)\\Google\\Chrome\\Application\\chrome.exe",
            "Initiated" : "false",
            "ProcessGuid" : "{704248D8-35D4-59F9-0000-0010004D1C00}",
            "ProcessId" : "1884",
            "Protocol" : "udp",
            "SourceIp" : "224.0.0.251",
            "SourceIsIpv6" : "false",
            "SourcePort" : "5353",
            "User" : "WIN-U1E6SADQQ7G\\Administrator",
            "UtcTime" : "2017-11-01 17:42:33.223"
          },
          "event_id" : 3,
          "host" : "WIN-U1E6SADQQ7G",
          "level" : "Information",
          "log_name" : "Microsoft-Windows-Sysmon/Operational",
          "message" : "Network connection detected:\nUtcTime: 2017-11-01 17:42:33.223\nProcessGuid: {704248D8-35D4-59F9-0000-0010004D1C00}\nProcessId: 1884\nImage: C:\\Program Files (x86)\\Google\\Chrome\\Application\\chrome.exe\nUser: WIN-U1E6SADQQ7G\\Administrator\nProtocol: udp\nInitiated: false\nSourceIsIpv6: false\nSourceIp: 224.0.0.251\nSourceHostname: \nSourcePort: 5353\nSourcePortName: \nDestinationIsIpv6: false\nDestinationIp: 192.168.1.151\nDestinationHostname: Libys-MBP.fios-router.home\nDestinationPort: 5353\nDestinationPortName: ",
          "opcode" : "Info",
          "process_id" : 520,
          "provider_guid" : "{5770385F-C22A-43E0-BF4C-06F5698FFBD9}",
          "record_number" : "3650",
          "source_name" : "Microsoft-Windows-Sysmon",
          "task" : "Network connection detected (rule: NetworkConnect)",
          "thread_id" : 3416,
          "type" : "wineventlog",
          "user" : {
            "domain" : "NT AUTHORITY",
            "identifier" : "S-1-5-18",
            "name" : "SYSTEM",
            "type" : "User"
          },
          "version" : 5
        }
      },
      {
        "_index" : "analytics",
        "_type" : "wineventlog",
        "_id" : "AWBGviqy2lDISLgezpEP",
        "_score" : 1.0,
        "_source" : {
          "@timestamp" : 1512694964860,
          "@version" : "1",
          "beat" : {
            "hostname" : "WIN-U1E6SADQQ7G",
            "name" : "WIN-U1E6SADQQ7G",
            "version" : "5.6.3"
          },
          "computer_name" : "WIN-U1E6SADQQ7G",
          "event_data" : {
            "DestinationHostname" : "iPhone.fios-router.home",
            "DestinationIp" : "192.168.1.155",
            "DestinationIsIpv6" : "false",
            "DestinationPort" : "5353",
            "Image" : "C:\\Program Files (x86)\\Google\\Chrome\\Application\\chrome.exe",
            "Initiated" : "false",
            "ProcessGuid" : "{704248D8-35D4-59F9-0000-0010004D1C00}",
            "ProcessId" : "1884",
            "Protocol" : "udp",
            "SourceIp" : "224.0.0.251",
            "SourceIsIpv6" : "false",
            "SourcePort" : "5353",
            "User" : "WIN-U1E6SADQQ7G\\Administrator",
            "UtcTime" : "2017-11-01 17:51:16.491"
          },
          "event_id" : 3,
          "host" : "WIN-U1E6SADQQ7G",
          "level" : "Information",
          "log_name" : "Microsoft-Windows-Sysmon/Operational",
          "message" : "Network connection detected:\nUtcTime: 2017-11-01 17:51:16.491\nProcessGuid: {704248D8-35D4-59F9-0000-0010004D1C00}\nProcessId: 1884\nImage: C:\\Program Files (x86)\\Google\\Chrome\\Application\\chrome.exe\nUser: WIN-U1E6SADQQ7G\\Administrator\nProtocol: udp\nInitiated: false\nSourceIsIpv6: false\nSourceIp: 224.0.0.251\nSourceHostname: \nSourcePort: 5353\nSourcePortName: \nDestinationIsIpv6: false\nDestinationIp: 192.168.1.155\nDestinationHostname: iPhone.fios-router.home\nDestinationPort: 5353\nDestinationPortName: ",
          "opcode" : "Info",
          "process_id" : 520,
          "provider_guid" : "{5770385F-C22A-43E0-BF4C-06F5698FFBD9}",
          "record_number" : "3675",
          "source_name" : "Microsoft-Windows-Sysmon",
          "task" : "Network connection detected (rule: NetworkConnect)",
          "thread_id" : 3416,
          "type" : "wineventlog",
          "user" : {
            "domain" : "NT AUTHORITY",
            "identifier" : "S-1-5-18",
            "name" : "SYSTEM",
            "type" : "User"
          },
          "version" : 5
        }
      },
      {
        "_index" : "analytics",
        "_type" : "wineventlog",
        "_id" : "AWBGviqy2lDISLgezpER",
        "_score" : 1.0,
        "_source" : {
          "@timestamp" : 1512695345919,
          "@version" : "1",
          "beat" : {
            "hostname" : "WIN-U1E6SADQQ7G",
            "name" : "WIN-U1E6SADQQ7G",
            "version" : "5.6.3"
          },
          "computer_name" : "WIN-U1E6SADQQ7G",
          "event_data" : {
            "DestinationHostname" : "ubuntu.fios-router.home",
            "DestinationIp" : "192.168.1.198",
            "DestinationIsIpv6" : "false",
            "DestinationPort" : "5044",
            "Image" : "C:\\Users\\Administrator\\Downloads\\winlogbeat-5.6.3-windows-x86_64\\winlogbeat-5.6.3-windows-x86_64\\winlogbeat.exe",
            "Initiated" : "true",
            "ProcessGuid" : "{704248D8-5020-59F9-0000-0010F0C94D00}",
            "ProcessId" : "3596",
            "Protocol" : "tcp",
            "SourceHostname" : "WIN-U1E6SADQQ7G.fios-router.home",
            "SourceIp" : "192.168.1.205",
            "SourceIsIpv6" : "false",
            "SourcePort" : "50749",
            "User" : "NT AUTHORITY\\SYSTEM",
            "UtcTime" : "2017-11-01 17:57:37.616"
          },
          "event_id" : 3,
          "host" : "WIN-U1E6SADQQ7G",
          "level" : "Information",
          "log_name" : "Microsoft-Windows-Sysmon/Operational",
          "message" : "Network connection detected:\nUtcTime: 2017-11-01 17:57:37.616\nProcessGuid: {704248D8-5020-59F9-0000-0010F0C94D00}\nProcessId: 3596\nImage: C:\\Users\\Administrator\\Downloads\\winlogbeat-5.6.3-windows-x86_64\\winlogbeat-5.6.3-windows-x86_64\\winlogbeat.exe\nUser: NT AUTHORITY\\SYSTEM\nProtocol: tcp\nInitiated: true\nSourceIsIpv6: false\nSourceIp: 192.168.1.205\nSourceHostname: WIN-U1E6SADQQ7G.fios-router.home\nSourcePort: 50749\nSourcePortName: \nDestinationIsIpv6: false\nDestinationIp: 192.168.1.198\nDestinationHostname: ubuntu.fios-router.home\nDestinationPort: 5044\nDestinationPortName: ",
          "opcode" : "Info",
          "process_id" : 520,
          "provider_guid" : "{5770385F-C22A-43E0-BF4C-06F5698FFBD9}",
          "record_number" : "3697",
          "source_name" : "Microsoft-Windows-Sysmon",
          "task" : "Network connection detected (rule: NetworkConnect)",
          "thread_id" : 3416,
          "type" : "wineventlog",
          "user" : {
            "domain" : "NT AUTHORITY",
            "identifier" : "S-1-5-18",
            "name" : "SYSTEM",
            "type" : "User"
          },
          "version" : 5
        }
      },
      {
        "_index" : "analytics",
        "_type" : "wineventlog",
        "_id" : "AWBGviqy2lDISLgezpEU",
        "_score" : 1.0,
        "_source" : {
          "@timestamp" : 1512695914464,
          "@version" : "1",
          "beat" : {
            "hostname" : "WIN-U1E6SADQQ7G",
            "name" : "WIN-U1E6SADQQ7G",
            "version" : "5.6.3"
          },
          "computer_name" : "WIN-U1E6SADQQ7G",
          "event_data" : {
            "DestinationHostname" : "WIN-U1E6SADQQ7G.fios-router.home",
            "DestinationIp" : "192.168.1.205",
            "DestinationIsIpv6" : "false",
            "DestinationPort" : "137",
            "DestinationPortName" : "netbios-ns",
            "Image" : "System",
            "Initiated" : "false",
            "ProcessGuid" : "{704248D8-BA36-59F8-0000-0010EB030000}",
            "ProcessId" : "4",
            "Protocol" : "udp",
            "SourceIp" : "192.168.1.255",
            "SourceIsIpv6" : "false",
            "SourcePort" : "137",
            "SourcePortName" : "netbios-ns",
            "User" : "NT AUTHORITY\\SYSTEM",
            "UtcTime" : "2017-11-01 18:07:06.195"
          },
          "event_id" : 3,
          "host" : "WIN-U1E6SADQQ7G",
          "level" : "Information",
          "log_name" : "Microsoft-Windows-Sysmon/Operational",
          "message" : "Network connection detected:\nUtcTime: 2017-11-01 18:07:06.195\nProcessGuid: {704248D8-BA36-59F8-0000-0010EB030000}\nProcessId: 4\nImage: System\nUser: NT AUTHORITY\\SYSTEM\nProtocol: udp\nInitiated: false\nSourceIsIpv6: false\nSourceIp: 192.168.1.255\nSourceHostname: \nSourcePort: 137\nSourcePortName: netbios-ns\nDestinationIsIpv6: false\nDestinationIp: 192.168.1.205\nDestinationHostname: WIN-U1E6SADQQ7G.fios-router.home\nDestinationPort: 137\nDestinationPortName: netbios-ns",
          "opcode" : "Info",
          "process_id" : 520,
          "provider_guid" : "{5770385F-C22A-43E0-BF4C-06F5698FFBD9}",
          "record_number" : "3717",
          "source_name" : "Microsoft-Windows-Sysmon",
          "task" : "Network connection detected (rule: NetworkConnect)",
          "thread_id" : 3416,
          "type" : "wineventlog",
          "user" : {
            "domain" : "NT AUTHORITY",
            "identifier" : "S-1-5-18",
            "name" : "SYSTEM",
            "type" : "User"
          },
          "version" : 5
        }
      },
      {
        "_index" : "analytics",
        "_type" : "wineventlog",
        "_id" : "AWBGviqy2lDISLgezpEX",
        "_score" : 1.0,
        "_source" : {
          "@timestamp" : 1512696047541,
          "@version" : "1",
          "beat" : {
            "hostname" : "WIN-U1E6SADQQ7G",
            "name" : "WIN-U1E6SADQQ7G",
            "version" : "5.6.3"
          },
          "computer_name" : "WIN-U1E6SADQQ7G",
          "event_data" : {
            "DestinationIp" : "c0a8:101:7252:d301:8e9:ab34:7252:d301",
            "DestinationIsIpv6" : "true",
            "DestinationPort" : "53",
            "DestinationPortName" : "domain",
            "Image" : "C:\\Windows\\System32\\svchost.exe",
            "Initiated" : "true",
            "ProcessGuid" : "{704248D8-BA3A-59F8-0000-001033340100}",
            "ProcessId" : "908",
            "Protocol" : "udp",
            "SourceIp" : "c0a8:1cd:0:0:e8b1:495e:1e0:ffff",
            "SourceIsIpv6" : "true",
            "SourcePort" : "64152",
            "User" : "NT AUTHORITY\\NETWORK SERVICE",
            "UtcTime" : "2017-11-01 18:09:19.190"
          },
          "event_id" : 3,
          "host" : "WIN-U1E6SADQQ7G",
          "level" : "Information",
          "log_name" : "Microsoft-Windows-Sysmon/Operational",
          "message" : "Network connection detected:\nUtcTime: 2017-11-01 18:09:19.190\nProcessGuid: {704248D8-BA3A-59F8-0000-001033340100}\nProcessId: 908\nImage: C:\\Windows\\System32\\svchost.exe\nUser: NT AUTHORITY\\NETWORK SERVICE\nProtocol: udp\nInitiated: true\nSourceIsIpv6: true\nSourceIp: c0a8:1cd:0:0:e8b1:495e:1e0:ffff\nSourceHostname: \nSourcePort: 64152\nSourcePortName: \nDestinationIsIpv6: true\nDestinationIp: c0a8:101:7252:d301:8e9:ab34:7252:d301\nDestinationHostname: \nDestinationPort: 53\nDestinationPortName: domain",
          "opcode" : "Info",
          "process_id" : 520,
          "provider_guid" : "{5770385F-C22A-43E0-BF4C-06F5698FFBD9}",
          "record_number" : "3726",
          "source_name" : "Microsoft-Windows-Sysmon",
          "task" : "Network connection detected (rule: NetworkConnect)",
          "thread_id" : 3416,
          "type" : "wineventlog",
          "user" : {
            "domain" : "NT AUTHORITY",
            "identifier" : "S-1-5-18",
            "name" : "SYSTEM",
            "type" : "User"
          },
          "version" : 5
        }
      },
      {
        "_index" : "analytics",
        "_type" : "wineventlog",
        "_id" : "AWBGviqy2lDISLgezpEa",
        "_score" : 1.0,
        "_source" : {
          "@timestamp" : 1512696469860,
          "@version" : "1",
          "beat" : {
            "hostname" : "WIN-U1E6SADQQ7G",
            "name" : "WIN-U1E6SADQQ7G",
            "version" : "5.6.3"
          },
          "computer_name" : "WIN-U1E6SADQQ7G",
          "event_data" : {
            "DestinationHostname" : "Ronys-MBP.fios-router.home",
            "DestinationIp" : "192.168.1.154",
            "DestinationIsIpv6" : "false",
            "DestinationPort" : "137",
            "DestinationPortName" : "netbios-ns",
            "Image" : "System",
            "Initiated" : "false",
            "ProcessGuid" : "{704248D8-BA36-59F8-0000-0010EB030000}",
            "ProcessId" : "4",
            "Protocol" : "udp",
            "SourceIp" : "192.168.1.255",
            "SourceIsIpv6" : "false",
            "SourcePort" : "137",
            "SourcePortName" : "netbios-ns",
            "User" : "NT AUTHORITY\\SYSTEM",
            "UtcTime" : "2017-11-01 18:16:21.418"
          },
          "event_id" : 3,
          "host" : "WIN-U1E6SADQQ7G",
          "level" : "Information",
          "log_name" : "Microsoft-Windows-Sysmon/Operational",
          "message" : "Network connection detected:\nUtcTime: 2017-11-01 18:16:21.418\nProcessGuid: {704248D8-BA36-59F8-0000-0010EB030000}\nProcessId: 4\nImage: System\nUser: NT AUTHORITY\\SYSTEM\nProtocol: udp\nInitiated: false\nSourceIsIpv6: false\nSourceIp: 192.168.1.255\nSourceHostname: \nSourcePort: 137\nSourcePortName: netbios-ns\nDestinationIsIpv6: false\nDestinationIp: 192.168.1.154\nDestinationHostname: Ronys-MBP.fios-router.home\nDestinationPort: 137\nDestinationPortName: netbios-ns",
          "opcode" : "Info",
          "process_id" : 520,
          "provider_guid" : "{5770385F-C22A-43E0-BF4C-06F5698FFBD9}",
          "record_number" : "3740",
          "source_name" : "Microsoft-Windows-Sysmon",
          "task" : "Network connection detected (rule: NetworkConnect)",
          "thread_id" : 3416,
          "type" : "wineventlog",
          "user" : {
            "domain" : "NT AUTHORITY",
            "identifier" : "S-1-5-18",
            "name" : "SYSTEM",
            "type" : "User"
          },
          "version" : 5
        }
      },
      {
        "_index" : "analytics",
        "_type" : "wineventlog",
        "_id" : "AWBGviqy2lDISLgezpEF",
        "_score" : 1.0,
        "_source" : {
          "@timestamp" : 1512692968518,
          "@version" : "1",
          "beat" : {
            "hostname" : "WIN-U1E6SADQQ7G",
            "name" : "WIN-U1E6SADQQ7G",
            "version" : "5.6.3"
          },
          "computer_name" : "WIN-U1E6SADQQ7G",
          "event_data" : {
            "Image" : "C:\\Program Files (x86)\\Google\\Chrome\\Application\\chrome.exe",
            "ProcessGuid" : "{704248D8-35D4-59F9-0000-0010004D1C00}",
            "ProcessId" : "1884",
            "UtcTime" : "2017-12-08 00:29:28.516",
            "CreationUtcTime" : "2017-06-14 16:26:39.756",
            "PreviousCreationUtcTime" : "2017-12-08 00:29:28.511",
            "TargetFilename" : "C:\\Users\\Administrator\\AppData\\Local\\Google\\Chrome\\User Data\\0fdfbf7d-3404-4ed5-adb7-e533e242cb6e.tmp"
          },
          "event_id" : 2,
          "host" : "WIN-U1E6SADQQ7G",
          "level" : "Information",
          "log_name" : "Microsoft-Windows-Sysmon/Operational",
          "message" : "File creation time changed:\nUtcTime: 2017-12-08 00:29:28.516\nProcessGuid: {704248D8-35D4-59F9-0000-0010004D1C00}\nProcessId: 1884\nImage: C:\\Program Files (x86)\\Google\\Chrome\\Application\\chrome.exe\nTargetFilename: C:\\Users\\Administrator\\AppData\\Local\\Google\\Chrome\\User Data\\0fdfbf7d-3404-4ed5-adb7-e533e242cb6e.tmp\nCreationUtcTime: 2017-06-14 16:26:39.756\nPreviousCreationUtcTime: 2017-12-08 00:29:28.511",
          "opcode" : "Info",
          "process_id" : 520,
          "provider_guid" : "{5770385F-C22A-43E0-BF4C-06F5698FFBD9}",
          "record_number" : "3592",
          "source_name" : "Microsoft-Windows-Sysmon",
          "task" : "File creation time changed (rule: FileCreateTime)",
          "thread_id" : 3196,
          "type" : "wineventlog",
          "user" : {
            "domain" : "NT AUTHORITY",
            "identifier" : "S-1-5-18",
            "name" : "SYSTEM",
            "type" : "User"
          },
          "version" : 4
        }
      },
      {
        "_index" : "analytics",
        "_type" : "wineventlog",
        "_id" : "AWBGviqy2lDISLgezpEK",
        "_score" : 1.0,
        "_source" : {
          "@timestamp" : 1512694954587,
          "@version" : "1",
          "beat" : {
            "hostname" : "WIN-U1E6SADQQ7G",
            "name" : "WIN-U1E6SADQQ7G",
            "version" : "5.6.3"
          },
          "computer_name" : "WIN-U1E6SADQQ7G",
          "event_data" : {
            "DestinationHostname" : "ubuntu.fios-router.home",
            "DestinationIp" : "192.168.1.198",
            "DestinationIsIpv6" : "false",
            "DestinationPort" : "5044",
            "Image" : "C:\\Users\\Administrator\\Downloads\\winlogbeat-5.6.3-windows-x86_64\\winlogbeat-5.6.3-windows-x86_64\\winlogbeat.exe",
            "Initiated" : "true",
            "ProcessGuid" : "{704248D8-5020-59F9-0000-0010F0C94D00}",
            "ProcessId" : "3596",
            "Protocol" : "tcp",
            "SourceHostname" : "WIN-U1E6SADQQ7G.fios-router.home",
            "SourceIp" : "192.168.1.205",
            "SourceIsIpv6" : "false",
            "SourcePort" : "50737",
            "User" : "NT AUTHORITY\\SYSTEM",
            "UtcTime" : "2017-11-01 17:51:06.155"
          },
          "event_id" : 3,
          "host" : "WIN-U1E6SADQQ7G",
          "level" : "Information",
          "log_name" : "Microsoft-Windows-Sysmon/Operational",
          "message" : "Network connection detected:\nUtcTime: 2017-11-01 17:51:06.155\nProcessGuid: {704248D8-5020-59F9-0000-0010F0C94D00}\nProcessId: 3596\nImage: C:\\Users\\Administrator\\Downloads\\winlogbeat-5.6.3-windows-x86_64\\winlogbeat-5.6.3-windows-x86_64\\winlogbeat.exe\nUser: NT AUTHORITY\\SYSTEM\nProtocol: tcp\nInitiated: true\nSourceIsIpv6: false\nSourceIp: 192.168.1.205\nSourceHostname: WIN-U1E6SADQQ7G.fios-router.home\nSourcePort: 50737\nSourcePortName: \nDestinationIsIpv6: false\nDestinationIp: 192.168.1.198\nDestinationHostname: ubuntu.fios-router.home\nDestinationPort: 5044\nDestinationPortName: ",
          "opcode" : "Info",
          "process_id" : 520,
          "provider_guid" : "{5770385F-C22A-43E0-BF4C-06F5698FFBD9}",
          "record_number" : "3670",
          "source_name" : "Microsoft-Windows-Sysmon",
          "task" : "Network connection detected (rule: NetworkConnect)",
          "thread_id" : 3416,
          "type" : "wineventlog",
          "user" : {
            "domain" : "NT AUTHORITY",
            "identifier" : "S-1-5-18",
            "name" : "SYSTEM",
            "type" : "User"
          },
          "version" : 5
        }
      },
      {
        "_index" : "analytics",
        "_type" : "wineventlog",
        "_id" : "AWBGviqy2lDISLgezpEV",
        "_score" : 1.0,
        "_source" : {
          "@timestamp" : 1512695436373,
          "@version" : "1",
          "beat" : {
            "hostname" : "WIN-U1E6SADQQ7G",
            "name" : "WIN-U1E6SADQQ7G",
            "version" : "5.6.3"
          },
          "computer_name" : "WIN-U1E6SADQQ7G",
          "event_data" : {
            "DestinationIp" : "ff02:0:0:0:0:0:1:2",
            "DestinationIsIpv6" : "true",
            "DestinationPort" : "547",
            "DestinationPortName" : "dhcpv6-server",
            "Image" : "C:\\Windows\\System32\\svchost.exe",
            "Initiated" : "true",
            "ProcessGuid" : "{704248D8-BA3A-59F8-0000-0010FC160100}",
            "ProcessId" : "756",
            "Protocol" : "udp",
            "SourceIp" : "fe80:0:0:0:803:376b:3f57:fe32",
            "SourceIsIpv6" : "true",
            "SourcePort" : "546",
            "SourcePortName" : "dhcpv6-client",
            "User" : "NT AUTHORITY\\LOCAL SERVICE",
            "UtcTime" : "2017-11-01 17:59:07.953"
          },
          "event_id" : 3,
          "host" : "WIN-U1E6SADQQ7G",
          "level" : "Information",
          "log_name" : "Microsoft-Windows-Sysmon/Operational",
          "message" : "Network connection detected:\nUtcTime: 2017-11-01 17:59:07.953\nProcessGuid: {704248D8-BA3A-59F8-0000-0010FC160100}\nProcessId: 756\nImage: C:\\Windows\\System32\\svchost.exe\nUser: NT AUTHORITY\\LOCAL SERVICE\nProtocol: udp\nInitiated: true\nSourceIsIpv6: true\nSourceIp: fe80:0:0:0:803:376b:3f57:fe32\nSourceHostname: \nSourcePort: 546\nSourcePortName: dhcpv6-client\nDestinationIsIpv6: true\nDestinationIp: ff02:0:0:0:0:0:1:2\nDestinationHostname: \nDestinationPort: 547\nDestinationPortName: dhcpv6-server",
          "opcode" : "Info",
          "process_id" : 520,
          "provider_guid" : "{5770385F-C22A-43E0-BF4C-06F5698FFBD9}",
          "record_number" : "3699",
          "source_name" : "Microsoft-Windows-Sysmon",
          "task" : "Network connection detected (rule: NetworkConnect)",
          "thread_id" : 3416,
          "type" : "wineventlog",
          "user" : {
            "domain" : "NT AUTHORITY",
            "identifier" : "S-1-5-18",
            "name" : "SYSTEM",
            "type" : "User"
          },
          "version" : 5
        }
      },
      {
        "_index" : "analytics",
        "_type" : "wineventlog",
        "_id" : "AWBGviqy2lDISLgezpEb",
        "_score" : 1.0,
        "_source" : {
          "@timestamp" : 1512698551918,
          "@version" : "1",
          "beat" : {
            "hostname" : "WIN-U1E6SADQQ7G",
            "name" : "WIN-U1E6SADQQ7G",
            "version" : "5.6.3"
          },
          "computer_name" : "WIN-U1E6SADQQ7G",
          "event_data" : {
            "CommandLine" : "taskeng.exe {C7EAC1D4-3281-48ED-97DB-C060454C5483} S-1-5-18:NT AUTHORITY\\System:Service:",
            "CurrentDirectory" : "C:\\Windows\\system32\\",
            "Hashes" : "SHA1=6F6959BB113BACAF9D8336BA73F555D97A140085",
            "Image" : "C:\\Windows\\System32\\taskeng.exe",
            "IntegrityLevel" : "System",
            "LogonGuid" : "{704248D8-BA39-59F8-0000-0020E7030000}",
            "LogonId" : "0x3e7",
            "ParentCommandLine" : "C:\\Windows\\system32\\svchost.exe -k netsvcs",
            "ParentImage" : "C:\\Windows\\System32\\svchost.exe",
            "ParentProcessGuid" : "{704248D8-BA3A-59F8-0000-00105F1A0100}",
            "ParentProcessId" : "792",
            "ProcessGuid" : "{704248D8-F2B7-5A29-0000-0010BABB0501}",
            "ProcessId" : "4520",
            "TerminalSessionId" : "0",
            "User" : "NT AUTHORITY\\SYSTEM",
            "UtcTime" : "2017-12-08 02:02:31.917"
          },
          "event_id" : 1,
          "host" : "WIN-U1E6SADQQ7G",
          "level" : "Information",
          "log_name" : "Microsoft-Windows-Sysmon/Operational",
          "message" : "Process Create:\nUtcTime: 2017-12-08 02:02:31.917\nProcessGuid: {704248D8-F2B7-5A29-0000-0010BABB0501}\nProcessId: 4520\nImage: C:\\Windows\\System32\\taskeng.exe\nCommandLine: taskeng.exe {C7EAC1D4-3281-48ED-97DB-C060454C5483} S-1-5-18:NT AUTHORITY\\System:Service:\nCurrentDirectory: C:\\Windows\\system32\\\nUser: NT AUTHORITY\\SYSTEM\nLogonGuid: {704248D8-BA39-59F8-0000-0020E7030000}\nLogonId: 0x3E7\nTerminalSessionId: 0\nIntegrityLevel: System\nHashes: SHA1=6F6959BB113BACAF9D8336BA73F555D97A140085\nParentProcessGuid: {704248D8-BA3A-59F8-0000-00105F1A0100}\nParentProcessId: 792\nParentImage: C:\\Windows\\System32\\svchost.exe\nParentCommandLine: C:\\Windows\\system32\\svchost.exe -k netsvcs",
          "opcode" : "Info",
          "process_id" : 520,
          "provider_guid" : "{5770385F-C22A-43E0-BF4C-06F5698FFBD9}",
          "record_number" : "3800",
          "source_name" : "Microsoft-Windows-Sysmon",
          "task" : "Process Create (rule: ProcessCreate)",
          "thread_id" : 3196,
          "type" : "wineventlog",
          "user" : {
            "domain" : "NT AUTHORITY",
            "identifier" : "S-1-5-18",
            "name" : "SYSTEM",
            "type" : "User"
          },
          "version" : 5
        }
      },
      {
        "_index" : "analytics",
        "_type" : "wineventlog",
        "_id" : "AWBGviqy2lDISLgezpEc",
        "_score" : 1.0,
        "_source" : {
          "@timestamp" : 1512696836224,
          "@version" : "1",
          "beat" : {
            "hostname" : "WIN-U1E6SADQQ7G",
            "name" : "WIN-U1E6SADQQ7G",
            "version" : "5.6.3"
          },
          "computer_name" : "WIN-U1E6SADQQ7G",
          "event_data" : {
            "DestinationIp" : "ff02:0:0:0:0:0:1:3",
            "DestinationIsIpv6" : "true",
            "DestinationPort" : "5355",
            "DestinationPortName" : "llmnr",
            "Image" : "C:\\Windows\\System32\\svchost.exe",
            "Initiated" : "true",
            "ProcessGuid" : "{704248D8-BA3A-59F8-0000-001033340100}",
            "ProcessId" : "908",
            "Protocol" : "udp",
            "SourceHostname" : "WIN-U1E6SADQQ7G.fios-router.home",
            "SourceIp" : "fe80:0:0:0:74b4:adaf:2506:42b1",
            "SourceIsIpv6" : "true",
            "SourcePort" : "65524",
            "User" : "NT AUTHORITY\\NETWORK SERVICE",
            "UtcTime" : "2017-11-01 18:22:27.798"
          },
          "event_id" : 3,
          "host" : "WIN-U1E6SADQQ7G",
          "level" : "Information",
          "log_name" : "Microsoft-Windows-Sysmon/Operational",
          "message" : "Network connection detected:\nUtcTime: 2017-11-01 18:22:27.798\nProcessGuid: {704248D8-BA3A-59F8-0000-001033340100}\nProcessId: 908\nImage: C:\\Windows\\System32\\svchost.exe\nUser: NT AUTHORITY\\NETWORK SERVICE\nProtocol: udp\nInitiated: true\nSourceIsIpv6: true\nSourceIp: fe80:0:0:0:74b4:adaf:2506:42b1\nSourceHostname: WIN-U1E6SADQQ7G.fios-router.home\nSourcePort: 65524\nSourcePortName: \nDestinationIsIpv6: true\nDestinationIp: ff02:0:0:0:0:0:1:3\nDestinationHostname: \nDestinationPort: 5355\nDestinationPortName: llmnr",
          "opcode" : "Info",
          "process_id" : 520,
          "provider_guid" : "{5770385F-C22A-43E0-BF4C-06F5698FFBD9}",
          "record_number" : "3752",
          "source_name" : "Microsoft-Windows-Sysmon",
          "task" : "Network connection detected (rule: NetworkConnect)",
          "thread_id" : 3416,
          "type" : "wineventlog",
          "user" : {
            "domain" : "NT AUTHORITY",
            "identifier" : "S-1-5-18",
            "name" : "SYSTEM",
            "type" : "User"
          },
          "version" : 5
        }
      },
      {
        "_index" : "analytics",
        "_type" : "wineventlog",
        "_id" : "AWBGviqy2lDISLgezpEe",
        "_score" : 1.0,
        "_source" : {
          "@timestamp" : 1512697998812,
          "@version" : "1",
          "beat" : {
            "hostname" : "WIN-U1E6SADQQ7G",
            "name" : "WIN-U1E6SADQQ7G",
            "version" : "5.6.3"
          },
          "computer_name" : "WIN-U1E6SADQQ7G",
          "event_data" : {
            "DestinationIp" : "fe80:0:0:0:182d:344c:1da2:b99b",
            "DestinationIsIpv6" : "true",
            "DestinationPort" : "5353",
            "Image" : "C:\\Program Files (x86)\\Google\\Chrome\\Application\\chrome.exe",
            "Initiated" : "false",
            "ProcessGuid" : "{704248D8-35D4-59F9-0000-0010004D1C00}",
            "ProcessId" : "1884",
            "Protocol" : "udp",
            "SourceIp" : "ff02:0:0:0:0:0:0:fb",
            "SourceIsIpv6" : "true",
            "SourcePort" : "5353",
            "User" : "WIN-U1E6SADQQ7G\\Administrator",
            "UtcTime" : "2017-11-01 18:26:38.259"
          },
          "event_id" : 3,
          "host" : "WIN-U1E6SADQQ7G",
          "level" : "Information",
          "log_name" : "Microsoft-Windows-Sysmon/Operational",
          "message" : "Network connection detected:\nUtcTime: 2017-11-01 18:26:38.259\nProcessGuid: {704248D8-35D4-59F9-0000-0010004D1C00}\nProcessId: 1884\nImage: C:\\Program Files (x86)\\Google\\Chrome\\Application\\chrome.exe\nUser: WIN-U1E6SADQQ7G\\Administrator\nProtocol: udp\nInitiated: false\nSourceIsIpv6: true\nSourceIp: ff02:0:0:0:0:0:0:fb\nSourceHostname: \nSourcePort: 5353\nSourcePortName: \nDestinationIsIpv6: true\nDestinationIp: fe80:0:0:0:182d:344c:1da2:b99b\nDestinationHostname: \nDestinationPort: 5353\nDestinationPortName: ",
          "opcode" : "Info",
          "process_id" : 520,
          "provider_guid" : "{5770385F-C22A-43E0-BF4C-06F5698FFBD9}",
          "record_number" : "3775",
          "source_name" : "Microsoft-Windows-Sysmon",
          "task" : "Network connection detected (rule: NetworkConnect)",
          "thread_id" : 3416,
          "type" : "wineventlog",
          "user" : {
            "domain" : "NT AUTHORITY",
            "identifier" : "S-1-5-18",
            "name" : "SYSTEM",
            "type" : "User"
          },
          "version" : 5
        }
      },
      {
        "_index" : "analytics",
        "_type" : "wineventlog",
        "_id" : "AWBGviqy2lDISLgezpEf",
        "_score" : 1.0,
        "_source" : {
          "@timestamp" : 1512697999063,
          "@version" : "1",
          "beat" : {
            "hostname" : "WIN-U1E6SADQQ7G",
            "name" : "WIN-U1E6SADQQ7G",
            "version" : "5.6.3"
          },
          "computer_name" : "WIN-U1E6SADQQ7G",
          "event_data" : {
            "DestinationHostname" : "Libys-MBP.fios-router.home",
            "DestinationIp" : "192.168.1.151",
            "DestinationIsIpv6" : "false",
            "DestinationPort" : "5353",
            "Image" : "C:\\Program Files (x86)\\Google\\Chrome\\Application\\chrome.exe",
            "Initiated" : "false",
            "ProcessGuid" : "{704248D8-35D4-59F9-0000-0010004D1C00}",
            "ProcessId" : "1884",
            "Protocol" : "udp",
            "SourceIp" : "224.0.0.251",
            "SourceIsIpv6" : "false",
            "SourcePort" : "5353",
            "User" : "WIN-U1E6SADQQ7G\\Administrator",
            "UtcTime" : "2017-11-01 18:26:38.525"
          },
          "event_id" : 3,
          "host" : "WIN-U1E6SADQQ7G",
          "level" : "Information",
          "log_name" : "Microsoft-Windows-Sysmon/Operational",
          "message" : "Network connection detected:\nUtcTime: 2017-11-01 18:26:38.525\nProcessGuid: {704248D8-35D4-59F9-0000-0010004D1C00}\nProcessId: 1884\nImage: C:\\Program Files (x86)\\Google\\Chrome\\Application\\chrome.exe\nUser: WIN-U1E6SADQQ7G\\Administrator\nProtocol: udp\nInitiated: false\nSourceIsIpv6: false\nSourceIp: 224.0.0.251\nSourceHostname: \nSourcePort: 5353\nSourcePortName: \nDestinationIsIpv6: false\nDestinationIp: 192.168.1.151\nDestinationHostname: Libys-MBP.fios-router.home\nDestinationPort: 5353\nDestinationPortName: ",
          "opcode" : "Info",
          "process_id" : 520,
          "provider_guid" : "{5770385F-C22A-43E0-BF4C-06F5698FFBD9}",
          "record_number" : "3776",
          "source_name" : "Microsoft-Windows-Sysmon",
          "task" : "Network connection detected (rule: NetworkConnect)",
          "thread_id" : 3416,
          "type" : "wineventlog",
          "user" : {
            "domain" : "NT AUTHORITY",
            "identifier" : "S-1-5-18",
            "name" : "SYSTEM",
            "type" : "User"
          },
          "version" : 5
        }
      },
