      {
        "_index" : "test",
        "_type" : "wineventlog",
        "_id" : "AWBHnKQk2lDISLgezq-E",
        "_score" : 1.0,
        "_source" : {
          "@timestamp" : 1513008189918,
          "@version" : "1",
          "beat" : {
            "hostname" : "WIN-U1E6SADQQ7G",
            "name" : "WIN-U1E6SADQQ7G",
            "version" : "5.6.3"
          },
          "computer_name" : "WIN-U1E6SADQQ7G",
          "event_data" : {
            "Image" : "C:\\Windows\\System32\\wbem\\WmiPrvSE.exe",
            "ProcessGuid" : "{704248D8-ABE5-5A2E-0000-0010A9F71C01}",
            "ProcessId" : "2304",
            "UtcTime" : "2017-12-11 16:03:09.917"
          },
          "event_id" : 5,
          "host" : "WIN-U1E6SADQQ7G",
          "level" : "Information",
          "log_name" : "Microsoft-Windows-Sysmon/Operational",
          "message" : "Process terminated:\nUtcTime: 2017-12-11 16:03:09.917\nProcessGuid: {704248D8-ABE5-5A2E-0000-0010A9F71C01}\nProcessId: 2304\nImage: C:\\Windows\\System32\\wbem\\WmiPrvSE.exe",
          "opcode" : "Info",
          "process_id" : 1328,
          "provider_guid" : "{5770385F-C22A-43E0-BF4C-06F5698FFBD9}",
          "record_number" : "9107",
          "source_name" : "Microsoft-Windows-Sysmon",
          "task" : "Process terminated (rule: ProcessTerminate)",
          "thread_id" : 1960,
          "type" : "wineventlog",
          "user" : {
            "domain" : "NT AUTHORITY",
            "identifier" : "S-1-5-18",
            "name" : "SYSTEM",
            "type" : "User"
          },
          "version" : 3
        }
      },
      {
        "_index" : "test",
        "_type" : "wineventlog",
        "_id" : "AWBHnKQk2lDISLgezq-G",
        "_score" : 1.0,
        "_source" : {
          "@timestamp" : 1513016634203,
          "@version" : "1",
          "beat" : {
            "hostname" : "WIN-U1E6SADQQ7G",
            "name" : "WIN-U1E6SADQQ7G",
            "version" : "5.6.3"
          },
          "computer_name" : "WIN-U1E6SADQQ7G",
          "event_data" : {
            "Image" : "C:\\Windows\\System32\\wbem\\WmiPrvSE.exe",
            "ProcessGuid" : "{704248D8-CCE1-5A2E-0000-00101A902601}",
            "ProcessId" : "2928",
            "UtcTime" : "2017-12-11 18:23:54.203"
          },
          "event_id" : 5,
          "host" : "WIN-U1E6SADQQ7G",
          "level" : "Information",
          "log_name" : "Microsoft-Windows-Sysmon/Operational",
          "message" : "Process terminated:\nUtcTime: 2017-12-11 18:23:54.203\nProcessGuid: {704248D8-CCE1-5A2E-0000-00101A902601}\nProcessId: 2928\nImage: C:\\Windows\\System32\\wbem\\WmiPrvSE.exe",
          "opcode" : "Info",
          "process_id" : 1328,
          "provider_guid" : "{5770385F-C22A-43E0-BF4C-06F5698FFBD9}",
          "record_number" : "9234",
          "source_name" : "Microsoft-Windows-Sysmon",
          "task" : "Process terminated (rule: ProcessTerminate)",
          "thread_id" : 1960,
          "type" : "wineventlog",
          "user" : {
            "domain" : "NT AUTHORITY",
            "identifier" : "S-1-5-18",
            "name" : "SYSTEM",
            "type" : "User"
          },
          "version" : 3
        }
      },
      {
        "_index" : "test",
        "_type" : "wineventlog",
        "_id" : "AWBHnKQk2lDISLgezq-P",
        "_score" : 1.0,
        "_source" : {
          "@timestamp" : 1513022850961,
          "@version" : "1",
          "beat" : {
            "hostname" : "WIN-U1E6SADQQ7G",
            "name" : "WIN-U1E6SADQQ7G",
            "version" : "5.6.3"
          },
          "computer_name" : "WIN-U1E6SADQQ7G",
          "event_data" : {
            "Image" : "C:\\Windows\\System32\\taskeng.exe",
            "ProcessGuid" : "{704248D8-E456-5A2E-0000-0010E2433601}",
            "ProcessId" : "752",
            "UtcTime" : "2017-12-11 20:07:30.961"
          },
          "event_id" : 5,
          "host" : "WIN-U1E6SADQQ7G",
          "level" : "Information",
          "log_name" : "Microsoft-Windows-Sysmon/Operational",
          "message" : "Process terminated:\nUtcTime: 2017-12-11 20:07:30.961\nProcessGuid: {704248D8-E456-5A2E-0000-0010E2433601}\nProcessId: 752\nImage: C:\\Windows\\System32\\taskeng.exe",
          "opcode" : "Info",
          "process_id" : 1328,
          "provider_guid" : "{5770385F-C22A-43E0-BF4C-06F5698FFBD9}",
          "record_number" : "9417",
          "source_name" : "Microsoft-Windows-Sysmon",
          "task" : "Process terminated (rule: ProcessTerminate)",
          "thread_id" : 1960,
          "type" : "wineventlog",
          "user" : {
            "domain" : "NT AUTHORITY",
            "identifier" : "S-1-5-18",
            "name" : "SYSTEM",
            "type" : "User"
          },
          "version" : 3
        }
      },
      {
        "_index" : "test",
        "_type" : "wineventlog",
        "_id" : "AWBHnKQk2lDISLgezq-U",
        "_score" : 1.0,
        "_source" : {
          "@timestamp" : 1513028780816,
          "@version" : "1",
          "beat" : {
            "hostname" : "WIN-U1E6SADQQ7G",
            "name" : "WIN-U1E6SADQQ7G",
            "version" : "5.6.3"
          },
          "computer_name" : "WIN-U1E6SADQQ7G",
          "event_data" : {
            "Image" : "C:\\Windows\\System32\\wbem\\WmiPrvSE.exe",
            "ProcessGuid" : "{704248D8-FC3E-5A2E-0000-001079AC4201}",
            "ProcessId" : "3556",
            "UtcTime" : "2017-12-11 21:46:20.816"
          },
          "event_id" : 5,
          "host" : "WIN-U1E6SADQQ7G",
          "level" : "Information",
          "log_name" : "Microsoft-Windows-Sysmon/Operational",
          "message" : "Process terminated:\nUtcTime: 2017-12-11 21:46:20.816\nProcessGuid: {704248D8-FC3E-5A2E-0000-001079AC4201}\nProcessId: 3556\nImage: C:\\Windows\\System32\\wbem\\WmiPrvSE.exe",
          "opcode" : "Info",
          "process_id" : 1328,
          "provider_guid" : "{5770385F-C22A-43E0-BF4C-06F5698FFBD9}",
          "record_number" : "9562",
          "source_name" : "Microsoft-Windows-Sysmon",
          "task" : "Process terminated (rule: ProcessTerminate)",
          "thread_id" : 1960,
          "type" : "wineventlog",
          "user" : {
            "domain" : "NT AUTHORITY",
            "identifier" : "S-1-5-18",
            "name" : "SYSTEM",
            "type" : "User"
          },
          "version" : 3
        }
      },
      {
        "_index" : "test",
        "_type" : "wineventlog",
        "_id" : "AWBHnKR02lDISLgezq-V",
        "_score" : 1.0,
        "_source" : {
          "@timestamp" : 1512691351027,
          "@version" : "1",
          "beat" : {
            "hostname" : "WIN-U1E6SADQQ7G",
            "name" : "WIN-U1E6SADQQ7G",
            "version" : "5.6.3"
          },
          "computer_name" : "WIN-U1E6SADQQ7G",
          "event_data" : {
            "CommandLine" : "\"C:\\Program Files (x86)\\Google\\Update\\GoogleUpdate.exe\" /ua /installsource scheduler",
            "CurrentDirectory" : "C:\\Windows\\system32\\",
            "Hashes" : "SHA1=290093ED555F56B0896AEBD1E2D498B0E554D697",
            "Image" : "C:\\Program Files (x86)\\Google\\Update\\GoogleUpdate.exe",
            "IntegrityLevel" : "System",
            "LogonGuid" : "{704248D8-BA39-59F8-0000-0020E7030000}",
            "LogonId" : "0x3e7",
            "ParentCommandLine" : "taskeng.exe {2D8EACDE-A9E9-4893-8921-BFA0FA8DA360} S-1-5-18:NT AUTHORITY\\System:Service:",
            "ParentImage" : "C:\\Windows\\System32\\taskeng.exe",
            "ParentProcessGuid" : "{704248D8-D697-5A29-0000-00103447F400}",
            "ParentProcessId" : "800",
            "ProcessGuid" : "{704248D8-D697-5A29-0000-00107448F400}",
            "ProcessId" : "3464",
            "TerminalSessionId" : "0",
            "User" : "NT AUTHORITY\\SYSTEM",
            "UtcTime" : "2017-12-08 00:02:31.026"
          },
          "event_id" : 1,
          "host" : "WIN-U1E6SADQQ7G",
          "level" : "Information",
          "log_name" : "Microsoft-Windows-Sysmon/Operational",
          "message" : "Process Create:\nUtcTime: 2017-12-08 00:02:31.026\nProcessGuid: {704248D8-D697-5A29-0000-00107448F400}\nProcessId: 3464\nImage: C:\\Program Files (x86)\\Google\\Update\\GoogleUpdate.exe\nCommandLine: \"C:\\Program Files (x86)\\Google\\Update\\GoogleUpdate.exe\" /ua /installsource scheduler\nCurrentDirectory: C:\\Windows\\system32\\\nUser: NT AUTHORITY\\SYSTEM\nLogonGuid: {704248D8-BA39-59F8-0000-0020E7030000}\nLogonId: 0x3E7\nTerminalSessionId: 0\nIntegrityLevel: System\nHashes: SHA1=290093ED555F56B0896AEBD1E2D498B0E554D697\nParentProcessGuid: {704248D8-D697-5A29-0000-00103447F400}\nParentProcessId: 800\nParentImage: C:\\Windows\\System32\\taskeng.exe\nParentCommandLine: taskeng.exe {2D8EACDE-A9E9-4893-8921-BFA0FA8DA360} S-1-5-18:NT AUTHORITY\\System:Service:",
          "opcode" : "Info",
          "process_id" : 520,
          "provider_guid" : "{5770385F-C22A-43E0-BF4C-06F5698FFBD9}",
          "record_number" : "3531",
          "source_name" : "Microsoft-Windows-Sysmon",
          "task" : "Process Create (rule: ProcessCreate)",
          "thread_id" : 3196,
          "type" : "wineventlog",
          "user" : {
            "domain" : "NT AUTHORITY",
            "identifier" : "S-1-5-18",
            "name" : "SYSTEM",
            "type" : "User"
          },
          "version" : 5
        }
      },
      {
        "_index" : "test",
        "_type" : "wineventlog",
        "_id" : "AWBHnKR02lDISLgezq-f",
        "_score" : 1.0,
        "_source" : {
          "@timestamp" : 1512698438107,
          "@version" : "1",
          "beat" : {
            "hostname" : "WIN-U1E6SADQQ7G",
            "name" : "WIN-U1E6SADQQ7G",
            "version" : "5.6.3"
          },
          "computer_name" : "WIN-U1E6SADQQ7G",
          "event_data" : {
            "CommandLine" : "C:\\Windows\\system32\\wbem\\wmiprvse.exe -Embedding",
            "CurrentDirectory" : "C:\\Windows\\system32\\",
            "Hashes" : "SHA1=1AA3FDA50123DD14A055B4D6601BEEDEAD69FE11",
            "Image" : "C:\\Windows\\System32\\wbem\\WmiPrvSE.exe",
            "IntegrityLevel" : "System",
            "LogonGuid" : "{704248D8-BA39-59F8-0000-0020E7030000}",
            "LogonId" : "0x3e7",
            "ParentCommandLine" : "C:\\Windows\\system32\\svchost.exe -k DcomLaunch",
            "ParentImage" : "C:\\Windows\\System32\\svchost.exe",
            "ParentProcessGuid" : "{704248D8-BA39-59F8-0000-00103BBA0000}",
            "ParentProcessId" : "544",
            "ProcessGuid" : "{704248D8-F246-5A29-0000-0010595E0501}",
            "ProcessId" : "4916",
            "TerminalSessionId" : "0",
            "User" : "NT AUTHORITY\\SYSTEM",
            "UtcTime" : "2017-12-08 02:00:38.106"
          },
          "event_id" : 1,
          "host" : "WIN-U1E6SADQQ7G",
          "level" : "Information",
          "log_name" : "Microsoft-Windows-Sysmon/Operational",
          "message" : "Process Create:\nUtcTime: 2017-12-08 02:00:38.106\nProcessGuid: {704248D8-F246-5A29-0000-0010595E0501}\nProcessId: 4916\nImage: C:\\Windows\\System32\\wbem\\WmiPrvSE.exe\nCommandLine: C:\\Windows\\system32\\wbem\\wmiprvse.exe -Embedding\nCurrentDirectory: C:\\Windows\\system32\\\nUser: NT AUTHORITY\\SYSTEM\nLogonGuid: {704248D8-BA39-59F8-0000-0020E7030000}\nLogonId: 0x3E7\nTerminalSessionId: 0\nIntegrityLevel: System\nHashes: SHA1=1AA3FDA50123DD14A055B4D6601BEEDEAD69FE11\nParentProcessGuid: {704248D8-BA39-59F8-0000-00103BBA0000}\nParentProcessId: 544\nParentImage: C:\\Windows\\System32\\svchost.exe\nParentCommandLine: C:\\Windows\\system32\\svchost.exe -k DcomLaunch",
          "opcode" : "Info",
          "process_id" : 520,
          "provider_guid" : "{5770385F-C22A-43E0-BF4C-06F5698FFBD9}",
          "record_number" : "3795",
          "source_name" : "Microsoft-Windows-Sysmon",
          "task" : "Process Create (rule: ProcessCreate)",
          "thread_id" : 3196,
          "type" : "wineventlog",
          "user" : {
            "domain" : "NT AUTHORITY",
            "identifier" : "S-1-5-18",
            "name" : "SYSTEM",
            "type" : "User"
          },
          "version" : 5
        }
      },
      {
        "_index" : "test",
        "_type" : "wineventlog",
        "_id" : "AWBHnKR02lDISLgezq-g",
        "_score" : 1.0,
        "_source" : {
          "@timestamp" : 1512705750998,
          "@version" : "1",
          "beat" : {
            "hostname" : "WIN-U1E6SADQQ7G",
            "name" : "WIN-U1E6SADQQ7G",
            "version" : "5.6.3"
          },
          "computer_name" : "WIN-U1E6SADQQ7G",
          "event_data" : {
            "CommandLine" : "taskeng.exe {A51CDB86-37FD-4146-820A-AC7F1A68EAE6} S-1-5-18:NT AUTHORITY\\System:Service:",
            "CurrentDirectory" : "C:\\Windows\\system32\\",
            "Hashes" : "SHA1=6F6959BB113BACAF9D8336BA73F555D97A140085",
            "Image" : "C:\\Windows\\System32\\taskeng.exe",
            "IntegrityLevel" : "System",
            "LogonGuid" : "{704248D8-BA39-59F8-0000-0020E7030000}",
            "LogonId" : "0x3e7",
            "ParentCommandLine" : "C:\\Windows\\system32\\svchost.exe -k netsvcs",
            "ParentImage" : "C:\\Windows\\System32\\svchost.exe",
            "ParentProcessGuid" : "{704248D8-BA3A-59F8-0000-00105F1A0100}",
            "ParentProcessId" : "792",
            "ProcessGuid" : "{704248D8-0ED6-5A2A-0000-001041FF0701}",
            "ProcessId" : "4804",
            "TerminalSessionId" : "0",
            "User" : "NT AUTHORITY\\SYSTEM",
            "UtcTime" : "2017-12-08 04:02:30.997"
          },
          "event_id" : 1,
          "host" : "WIN-U1E6SADQQ7G",
          "level" : "Information",
          "log_name" : "Microsoft-Windows-Sysmon/Operational",
          "message" : "Process Create:\nUtcTime: 2017-12-08 04:02:30.997\nProcessGuid: {704248D8-0ED6-5A2A-0000-001041FF0701}\nProcessId: 4804\nImage: C:\\Windows\\System32\\taskeng.exe\nCommandLine: taskeng.exe {A51CDB86-37FD-4146-820A-AC7F1A68EAE6} S-1-5-18:NT AUTHORITY\\System:Service:\nCurrentDirectory: C:\\Windows\\system32\\\nUser: NT AUTHORITY\\SYSTEM\nLogonGuid: {704248D8-BA39-59F8-0000-0020E7030000}\nLogonId: 0x3E7\nTerminalSessionId: 0\nIntegrityLevel: System\nHashes: SHA1=6F6959BB113BACAF9D8336BA73F555D97A140085\nParentProcessGuid: {704248D8-BA3A-59F8-0000-00105F1A0100}\nParentProcessId: 792\nParentImage: C:\\Windows\\System32\\svchost.exe\nParentCommandLine: C:\\Windows\\system32\\svchost.exe -k netsvcs",
          "opcode" : "Info",
          "process_id" : 520,
          "provider_guid" : "{5770385F-C22A-43E0-BF4C-06F5698FFBD9}",
          "record_number" : "3863",
          "source_name" : "Microsoft-Windows-Sysmon",
          "task" : "Process Create (rule: ProcessCreate)",
          "thread_id" : 3196,
          "type" : "wineventlog",
          "user" : {
            "domain" : "NT AUTHORITY",
            "identifier" : "S-1-5-18",
            "name" : "SYSTEM",
            "type" : "User"
          },
          "version" : 5
        }
      },
      {
        "_index" : "test",
        "_type" : "wineventlog",
        "_id" : "AWBHnKR02lDISLgezq-i",
        "_score" : 1.0,
        "_source" : {
          "@timestamp" : 1512705492208,
          "@version" : "1",
          "beat" : {
            "hostname" : "WIN-U1E6SADQQ7G",
            "name" : "WIN-U1E6SADQQ7G",
            "version" : "5.6.3"
          },
          "computer_name" : "WIN-U1E6SADQQ7G",
          "event_data" : {
            "CreationUtcTime" : "2017-06-14 16:26:29.761",
            "Image" : "C:\\Program Files (x86)\\Google\\Chrome\\Application\\chrome.exe",
            "PreviousCreationUtcTime" : "2017-12-08 03:58:12.191",
            "ProcessGuid" : "{704248D8-35D4-59F9-0000-0010004D1C00}",
            "ProcessId" : "1884",
            "TargetFilename" : "C:\\Users\\Administrator\\AppData\\Local\\Google\\Chrome\\User Data\\Default\\6ab53201-632d-4d7f-a09f-b98026132b50.tmp",
            "UtcTime" : "2017-12-08 03:58:12.207"
          },
          "event_id" : 2,
          "host" : "WIN-U1E6SADQQ7G",
          "level" : "Information",
          "log_name" : "Microsoft-Windows-Sysmon/Operational",
          "message" : "File creation time changed:\nUtcTime: 2017-12-08 03:58:12.207\nProcessGuid: {704248D8-35D4-59F9-0000-0010004D1C00}\nProcessId: 1884\nImage: C:\\Program Files (x86)\\Google\\Chrome\\Application\\chrome.exe\nTargetFilename: C:\\Users\\Administrator\\AppData\\Local\\Google\\Chrome\\User Data\\Default\\6ab53201-632d-4d7f-a09f-b98026132b50.tmp\nCreationUtcTime: 2017-06-14 16:26:29.761\nPreviousCreationUtcTime: 2017-12-08 03:58:12.191",
          "opcode" : "Info",
          "process_id" : 520,
          "provider_guid" : "{5770385F-C22A-43E0-BF4C-06F5698FFBD9}",
          "record_number" : "3850",
          "source_name" : "Microsoft-Windows-Sysmon",
          "task" : "File creation time changed (rule: FileCreateTime)",
          "thread_id" : 3196,
          "type" : "wineventlog",
          "user" : {
            "domain" : "NT AUTHORITY",
            "identifier" : "S-1-5-18",
            "name" : "SYSTEM",
            "type" : "User"
          },
          "version" : 4
        }
      },
      {
        "_index" : "test",
        "_type" : "wineventlog",
        "_id" : "AWBHnKR02lDISLgezq-m",
        "_score" : 1.0,
        "_source" : {
          "@timestamp" : 1512705257926,
          "@version" : "1",
          "beat" : {
            "hostname" : "WIN-U1E6SADQQ7G",
            "name" : "WIN-U1E6SADQQ7G",
            "version" : "5.6.3"
          },
          "computer_name" : "WIN-U1E6SADQQ7G",
          "event_data" : {
            "Image" : "C:\\Windows\\System32\\taskeng.exe",
            "ProcessGuid" : "{704248D8-F2B7-5A29-0000-0010BABB0501}",
            "ProcessId" : "4520",
            "UtcTime" : "2017-12-08 03:54:17.926"
          },
          "event_id" : 5,
          "host" : "WIN-U1E6SADQQ7G",
          "level" : "Information",
          "log_name" : "Microsoft-Windows-Sysmon/Operational",
          "message" : "Process terminated:\nUtcTime: 2017-12-08 03:54:17.926\nProcessGuid: {704248D8-F2B7-5A29-0000-0010BABB0501}\nProcessId: 4520\nImage: C:\\Windows\\System32\\taskeng.exe",
          "opcode" : "Info",
          "process_id" : 520,
          "provider_guid" : "{5770385F-C22A-43E0-BF4C-06F5698FFBD9}",
          "record_number" : "3834",
          "source_name" : "Microsoft-Windows-Sysmon",
          "task" : "Process terminated (rule: ProcessTerminate)",
          "thread_id" : 3196,
          "type" : "wineventlog",
          "user" : {
            "domain" : "NT AUTHORITY",
            "identifier" : "S-1-5-18",
            "name" : "SYSTEM",
            "type" : "User"
          },
          "version" : 3
        }
      },
      {
        "_index" : "test",
        "_type" : "wineventlog",
        "_id" : "AWBHnKR02lDISLgezq-0",
        "_score" : 1.0,
        "_source" : {
          "@timestamp" : 1512709739931,
          "@version" : "1",
          "beat" : {
            "hostname" : "WIN-U1E6SADQQ7G",
            "name" : "WIN-U1E6SADQQ7G",
            "version" : "5.6.3"
          },
          "computer_name" : "WIN-U1E6SADQQ7G",
          "event_data" : {
            "Image" : "C:\\Windows\\System32\\wbem\\WmiPrvSE.exe",
            "ProcessGuid" : "{704248D8-1E0C-5A2A-0000-00108C9E1601}",
            "ProcessId" : "4496",
            "UtcTime" : "2017-12-08 05:08:59.931"
          },
          "event_id" : 5,
          "host" : "WIN-U1E6SADQQ7G",
          "level" : "Information",
          "log_name" : "Microsoft-Windows-Sysmon/Operational",
          "message" : "Process terminated:\nUtcTime: 2017-12-08 05:08:59.931\nProcessGuid: {704248D8-1E0C-5A2A-0000-00108C9E1601}\nProcessId: 4496\nImage: C:\\Windows\\System32\\wbem\\WmiPrvSE.exe",
          "opcode" : "Info",
          "process_id" : 520,
          "provider_guid" : "{5770385F-C22A-43E0-BF4C-06F5698FFBD9}",
          "record_number" : "4063",
          "source_name" : "Microsoft-Windows-Sysmon",
          "task" : "Process terminated (rule: ProcessTerminate)",
          "thread_id" : 3196,
          "type" : "wineventlog",
          "user" : {
            "domain" : "NT AUTHORITY",
            "identifier" : "S-1-5-18",
            "name" : "SYSTEM",
            "type" : "User"
          },
          "version" : 3
        }
      },
      {
        "_index" : "test",
        "_type" : "wineventlog",
        "_id" : "AWBHnKR02lDISLgezq-2",
        "_score" : 1.0,
        "_source" : {
          "@timestamp" : 1512712955737,
          "@version" : "1",
          "beat" : {
            "hostname" : "WIN-U1E6SADQQ7G",
            "name" : "WIN-U1E6SADQQ7G",
            "version" : "5.6.3"
          },
          "computer_name" : "WIN-U1E6SADQQ7G",
          "event_data" : {
            "Image" : "C:\\Program Files (x86)\\Google\\Update\\GoogleUpdate.exe",
            "ProcessGuid" : "{704248D8-2AF6-5A2A-0000-001079881F01}",
            "ProcessId" : "4172",
            "UtcTime" : "2017-12-08 06:02:35.737"
          },
          "event_id" : 5,
          "host" : "WIN-U1E6SADQQ7G",
          "level" : "Information",
          "log_name" : "Microsoft-Windows-Sysmon/Operational",
          "message" : "Process terminated:\nUtcTime: 2017-12-08 06:02:35.737\nProcessGuid: {704248D8-2AF6-5A2A-0000-001079881F01}\nProcessId: 4172\nImage: C:\\Program Files (x86)\\Google\\Update\\GoogleUpdate.exe",
          "opcode" : "Info",
          "process_id" : 520,
          "provider_guid" : "{5770385F-C22A-43E0-BF4C-06F5698FFBD9}",
          "record_number" : "4192",
          "source_name" : "Microsoft-Windows-Sysmon",
          "task" : "Process terminated (rule: ProcessTerminate)",
          "thread_id" : 3196,
          "type" : "wineventlog",
          "user" : {
            "domain" : "NT AUTHORITY",
            "identifier" : "S-1-5-18",
            "name" : "SYSTEM",
            "type" : "User"
          },
          "version" : 3
        }
      },
      {
        "_index" : "test",
        "_type" : "wineventlog",
        "_id" : "AWBHnKR02lDISLgezq-8",
        "_score" : 1.0,
        "_source" : {
          "@timestamp" : 1512716487307,
          "@version" : "1",
          "beat" : {
            "hostname" : "WIN-U1E6SADQQ7G",
            "name" : "WIN-U1E6SADQQ7G",
            "version" : "5.6.3"
          },
          "computer_name" : "WIN-U1E6SADQQ7G",
          "event_data" : {
            "CreationUtcTime" : "2017-06-14 16:26:39.756",
            "Image" : "C:\\Program Files (x86)\\Google\\Chrome\\Application\\chrome.exe",
            "PreviousCreationUtcTime" : "2017-12-08 07:01:27.303",
            "ProcessGuid" : "{704248D8-35D4-59F9-0000-0010004D1C00}",
            "ProcessId" : "1884",
            "TargetFilename" : "C:\\Users\\Administrator\\AppData\\Local\\Google\\Chrome\\User Data\\9a1a0921-eb2b-4639-998b-995577277ae5.tmp",
            "UtcTime" : "2017-12-08 07:01:27.305"
          },
          "event_id" : 2,
          "host" : "WIN-U1E6SADQQ7G",
          "level" : "Information",
          "log_name" : "Microsoft-Windows-Sysmon/Operational",
          "message" : "File creation time changed:\nUtcTime: 2017-12-08 07:01:27.305\nProcessGuid: {704248D8-35D4-59F9-0000-0010004D1C00}\nProcessId: 1884\nImage: C:\\Program Files (x86)\\Google\\Chrome\\Application\\chrome.exe\nTargetFilename: C:\\Users\\Administrator\\AppData\\Local\\Google\\Chrome\\User Data\\9a1a0921-eb2b-4639-998b-995577277ae5.tmp\nCreationUtcTime: 2017-06-14 16:26:39.756\nPreviousCreationUtcTime: 2017-12-08 07:01:27.303",
          "opcode" : "Info",
          "process_id" : 520,
          "provider_guid" : "{5770385F-C22A-43E0-BF4C-06F5698FFBD9}",
          "record_number" : "4334",
          "source_name" : "Microsoft-Windows-Sysmon",
          "task" : "File creation time changed (rule: FileCreateTime)",
          "thread_id" : 3196,
          "type" : "wineventlog",
          "user" : {
            "domain" : "NT AUTHORITY",
            "identifier" : "S-1-5-18",
            "name" : "SYSTEM",
            "type" : "User"
          },
          "version" : 4
        }
      },
      {
        "_index" : "test",
        "_type" : "wineventlog",
        "_id" : "AWBHnKR02lDISLgezq-_",
        "_score" : 1.0,
        "_source" : {
          "@timestamp" : 1512717443991,
          "@version" : "1",
          "beat" : {
            "hostname" : "WIN-U1E6SADQQ7G",
            "name" : "WIN-U1E6SADQQ7G",
            "version" : "5.6.3"
          },
          "computer_name" : "WIN-U1E6SADQQ7G",
          "event_data" : {
            "CommandLine" : "C:\\Windows\\system32\\wbem\\wmiprvse.exe -Embedding",
            "CurrentDirectory" : "C:\\Windows\\system32\\",
            "Hashes" : "SHA1=1AA3FDA50123DD14A055B4D6601BEEDEAD69FE11",
            "Image" : "C:\\Windows\\System32\\wbem\\WmiPrvSE.exe",
            "IntegrityLevel" : "System",
            "LogonGuid" : "{704248D8-BA39-59F8-0000-0020E7030000}",
            "LogonId" : "0x3e7",
            "ParentCommandLine" : "C:\\Windows\\system32\\svchost.exe -k DcomLaunch",
            "ParentImage" : "C:\\Windows\\System32\\svchost.exe",
            "ParentProcessGuid" : "{704248D8-BA39-59F8-0000-00103BBA0000}",
            "ParentProcessId" : "544",
            "ProcessGuid" : "{704248D8-3C83-5A2A-0000-00105F942B01}",
            "ProcessId" : "3952",
            "TerminalSessionId" : "0",
            "User" : "NT AUTHORITY\\SYSTEM",
            "UtcTime" : "2017-12-08 07:17:23.990"
          },
          "event_id" : 1,
          "host" : "WIN-U1E6SADQQ7G",
          "level" : "Information",
          "log_name" : "Microsoft-Windows-Sysmon/Operational",
          "message" : "Process Create:\nUtcTime: 2017-12-08 07:17:23.990\nProcessGuid: {704248D8-3C83-5A2A-0000-00105F942B01}\nProcessId: 3952\nImage: C:\\Windows\\System32\\wbem\\WmiPrvSE.exe\nCommandLine: C:\\Windows\\system32\\wbem\\wmiprvse.exe -Embedding\nCurrentDirectory: C:\\Windows\\system32\\\nUser: NT AUTHORITY\\SYSTEM\nLogonGuid: {704248D8-BA39-59F8-0000-0020E7030000}\nLogonId: 0x3E7\nTerminalSessionId: 0\nIntegrityLevel: System\nHashes: SHA1=1AA3FDA50123DD14A055B4D6601BEEDEAD69FE11\nParentProcessGuid: {704248D8-BA39-59F8-0000-00103BBA0000}\nParentProcessId: 544\nParentImage: C:\\Windows\\System32\\svchost.exe\nParentCommandLine: C:\\Windows\\system32\\svchost.exe -k DcomLaunch",
          "opcode" : "Info",
          "process_id" : 520,
          "provider_guid" : "{5770385F-C22A-43E0-BF4C-06F5698FFBD9}",
          "record_number" : "4367",
          "source_name" : "Microsoft-Windows-Sysmon",
          "task" : "Process Create (rule: ProcessCreate)",
          "thread_id" : 3196,
          "type" : "wineventlog",
          "user" : {
            "domain" : "NT AUTHORITY",
            "identifier" : "S-1-5-18",
            "name" : "SYSTEM",
            "type" : "User"
          },
          "version" : 5
        }
      },
      {
        "_index" : "test",
        "_type" : "wineventlog",
        "_id" : "AWBHnKR02lDISLgezq_B",
        "_score" : 1.0,
        "_source" : {
          "@timestamp" : 1512719243882,
          "@version" : "1",
          "beat" : {
            "hostname" : "WIN-U1E6SADQQ7G",
            "name" : "WIN-U1E6SADQQ7G",
            "version" : "5.6.3"
          },
          "computer_name" : "WIN-U1E6SADQQ7G",
          "event_data" : {
            "CommandLine" : "C:\\Windows\\system32\\wbem\\wmiprvse.exe -Embedding",
            "CurrentDirectory" : "C:\\Windows\\system32\\",
            "Hashes" : "SHA1=1AA3FDA50123DD14A055B4D6601BEEDEAD69FE11",
            "Image" : "C:\\Windows\\System32\\wbem\\WmiPrvSE.exe",
            "IntegrityLevel" : "System",
            "LogonGuid" : "{704248D8-BA39-59F8-0000-0020E7030000}",
            "LogonId" : "0x3e7",
            "ParentCommandLine" : "C:\\Windows\\system32\\svchost.exe -k DcomLaunch",
            "ParentImage" : "C:\\Windows\\System32\\svchost.exe",
            "ParentProcessGuid" : "{704248D8-BA39-59F8-0000-00103BBA0000}",
            "ParentProcessId" : "544",
            "ProcessGuid" : "{704248D8-438B-5A2A-0000-001049503001}",
            "ProcessId" : "2832",
            "TerminalSessionId" : "0",
            "User" : "NT AUTHORITY\\SYSTEM",
            "UtcTime" : "2017-12-08 07:47:23.882"
          },
          "event_id" : 1,
          "host" : "WIN-U1E6SADQQ7G",
          "level" : "Information",
          "log_name" : "Microsoft-Windows-Sysmon/Operational",
          "message" : "Process Create:\nUtcTime: 2017-12-08 07:47:23.882\nProcessGuid: {704248D8-438B-5A2A-0000-001049503001}\nProcessId: 2832\nImage: C:\\Windows\\System32\\wbem\\WmiPrvSE.exe\nCommandLine: C:\\Windows\\system32\\wbem\\wmiprvse.exe -Embedding\nCurrentDirectory: C:\\Windows\\system32\\\nUser: NT AUTHORITY\\SYSTEM\nLogonGuid: {704248D8-BA39-59F8-0000-0020E7030000}\nLogonId: 0x3E7\nTerminalSessionId: 0\nIntegrityLevel: System\nHashes: SHA1=1AA3FDA50123DD14A055B4D6601BEEDEAD69FE11\nParentProcessGuid: {704248D8-BA39-59F8-0000-00103BBA0000}\nParentProcessId: 544\nParentImage: C:\\Windows\\System32\\svchost.exe\nParentCommandLine: C:\\Windows\\system32\\svchost.exe -k DcomLaunch",
          "opcode" : "Info",
          "process_id" : 520,
          "provider_guid" : "{5770385F-C22A-43E0-BF4C-06F5698FFBD9}",
          "record_number" : "4430",
          "source_name" : "Microsoft-Windows-Sysmon",
          "task" : "Process Create (rule: ProcessCreate)",
          "thread_id" : 3196,
          "type" : "wineventlog",
          "user" : {
            "domain" : "NT AUTHORITY",
            "identifier" : "S-1-5-18",
            "name" : "SYSTEM",
            "type" : "User"
          },
          "version" : 5
        }
      },
      {
        "_index" : "test",
        "_type" : "wineventlog",
        "_id" : "AWBHnKR02lDISLgezq_I",
        "_score" : 1.0,
        "_source" : {
          "@timestamp" : 1512720500704,
          "@version" : "1",
          "beat" : {
            "hostname" : "WIN-U1E6SADQQ7G",
            "name" : "WIN-U1E6SADQQ7G",
            "version" : "5.6.3"
          },
          "computer_name" : "WIN-U1E6SADQQ7G",
          "event_data" : {
            "CreationUtcTime" : "2017-06-14 16:26:45.023",
            "Image" : "C:\\Program Files (x86)\\Google\\Chrome\\Application\\chrome.exe",
            "PreviousCreationUtcTime" : "2017-12-08 08:08:20.702",
            "ProcessGuid" : "{704248D8-35D4-59F9-0000-0010004D1C00}",
            "ProcessId" : "1884",
            "TargetFilename" : "C:\\Users\\Administrator\\AppData\\Local\\Google\\Chrome\\User Data\\Default\\a1d2f5b8-3947-4ec2-b54a-f9347dff789c.tmp",
            "UtcTime" : "2017-12-08 08:08:20.704"
          },
          "event_id" : 2,
          "host" : "WIN-U1E6SADQQ7G",
          "level" : "Information",
          "log_name" : "Microsoft-Windows-Sysmon/Operational",
          "message" : "File creation time changed:\nUtcTime: 2017-12-08 08:08:20.704\nProcessGuid: {704248D8-35D4-59F9-0000-0010004D1C00}\nProcessId: 1884\nImage: C:\\Program Files (x86)\\Google\\Chrome\\Application\\chrome.exe\nTargetFilename: C:\\Users\\Administrator\\AppData\\Local\\Google\\Chrome\\User Data\\Default\\a1d2f5b8-3947-4ec2-b54a-f9347dff789c.tmp\nCreationUtcTime: 2017-06-14 16:26:45.023\nPreviousCreationUtcTime: 2017-12-08 08:08:20.702",
          "opcode" : "Info",
          "process_id" : 520,
          "provider_guid" : "{5770385F-C22A-43E0-BF4C-06F5698FFBD9}",
          "record_number" : "4602",
          "source_name" : "Microsoft-Windows-Sysmon",
          "task" : "File creation time changed (rule: FileCreateTime)",
          "thread_id" : 3196,
          "type" : "wineventlog",
          "user" : {
            "domain" : "NT AUTHORITY",
            "identifier" : "S-1-5-18",
            "name" : "SYSTEM",
            "type" : "User"
          },
          "version" : 4
        }
      },
      {
        "_index" : "test",
        "_type" : "wineventlog",
        "_id" : "AWBHnKR02lDISLgezq_K",
        "_score" : 1.0,
        "_source" : {
          "@timestamp" : 1512720454697,
          "@version" : "1",
          "beat" : {
            "hostname" : "WIN-U1E6SADQQ7G",
            "name" : "WIN-U1E6SADQQ7G",
            "version" : "5.6.3"
          },
          "computer_name" : "WIN-U1E6SADQQ7G",
          "event_data" : {
            "Image" : "C:\\Windows\\System32\\taskeng.exe",
            "ProcessGuid" : "{704248D8-4716-5A2A-0000-0010EFE73201}",
            "ProcessId" : "3904",
            "UtcTime" : "2017-12-08 08:07:34.697"
          },
          "event_id" : 5,
          "host" : "WIN-U1E6SADQQ7G",
          "level" : "Information",
          "log_name" : "Microsoft-Windows-Sysmon/Operational",
          "message" : "Process terminated:\nUtcTime: 2017-12-08 08:07:34.697\nProcessGuid: {704248D8-4716-5A2A-0000-0010EFE73201}\nProcessId: 3904\nImage: C:\\Windows\\System32\\taskeng.exe",
          "opcode" : "Info",
          "process_id" : 520,
          "provider_guid" : "{5770385F-C22A-43E0-BF4C-06F5698FFBD9}",
          "record_number" : "4578",
          "source_name" : "Microsoft-Windows-Sysmon",
          "task" : "Process terminated (rule: ProcessTerminate)",
          "thread_id" : 3196,
          "type" : "wineventlog",
          "user" : {
            "domain" : "NT AUTHORITY",
            "identifier" : "S-1-5-18",
            "name" : "SYSTEM",
            "type" : "User"
          },
          "version" : 3
        }
      },
      {
        "_index" : "test",
        "_type" : "wineventlog",
        "_id" : "AWBHnKR02lDISLgezq_L",
        "_score" : 1.0,
        "_source" : {
          "@timestamp" : 1512720524619,
          "@version" : "1",
          "beat" : {
            "hostname" : "WIN-U1E6SADQQ7G",
            "name" : "WIN-U1E6SADQQ7G",
            "version" : "5.6.3"
          },
          "computer_name" : "WIN-U1E6SADQQ7G",
          "event_data" : {
            "CreationUtcTime" : "2017-06-14 16:26:29.761",
            "Image" : "C:\\Program Files (x86)\\Google\\Chrome\\Application\\chrome.exe",
            "PreviousCreationUtcTime" : "2017-12-08 08:08:44.611",
            "ProcessGuid" : "{704248D8-35D4-59F9-0000-0010004D1C00}",
            "ProcessId" : "1884",
            "TargetFilename" : "C:\\Users\\Administrator\\AppData\\Local\\Google\\Chrome\\User Data\\Default\\5b23e044-d8e9-4d2c-89e7-4b67f48d0e94.tmp",
            "UtcTime" : "2017-12-08 08:08:44.618"
          },
          "event_id" : 2,
          "host" : "WIN-U1E6SADQQ7G",
          "level" : "Information",
          "log_name" : "Microsoft-Windows-Sysmon/Operational",
          "message" : "File creation time changed:\nUtcTime: 2017-12-08 08:08:44.618\nProcessGuid: {704248D8-35D4-59F9-0000-0010004D1C00}\nProcessId: 1884\nImage: C:\\Program Files (x86)\\Google\\Chrome\\Application\\chrome.exe\nTargetFilename: C:\\Users\\Administrator\\AppData\\Local\\Google\\Chrome\\User Data\\Default\\5b23e044-d8e9-4d2c-89e7-4b67f48d0e94.tmp\nCreationUtcTime: 2017-06-14 16:26:29.761\nPreviousCreationUtcTime: 2017-12-08 08:08:44.611",
          "opcode" : "Info",
          "process_id" : 520,
          "provider_guid" : "{5770385F-C22A-43E0-BF4C-06F5698FFBD9}",
          "record_number" : "4683",
          "source_name" : "Microsoft-Windows-Sysmon",
          "task" : "File creation time changed (rule: FileCreateTime)",
          "thread_id" : 3196,
          "type" : "wineventlog",
          "user" : {
            "domain" : "NT AUTHORITY",
            "identifier" : "S-1-5-18",
            "name" : "SYSTEM",
            "type" : "User"
          },
          "version" : 4
        }
      },
      {
        "_index" : "test",
        "_type" : "wineventlog",
        "_id" : "AWBHnKR02lDISLgezq_M",
        "_score" : 1.0,
        "_source" : {
          "@timestamp" : 1512720511696,
          "@version" : "1",
          "beat" : {
            "hostname" : "WIN-U1E6SADQQ7G",
            "name" : "WIN-U1E6SADQQ7G",
            "version" : "5.6.3"
          },
          "computer_name" : "WIN-U1E6SADQQ7G",
          "event_data" : {
            "CreationUtcTime" : "2017-06-14 16:26:45.023",
            "Image" : "C:\\Program Files (x86)\\Google\\Chrome\\Application\\chrome.exe",
            "PreviousCreationUtcTime" : "2017-12-08 08:08:31.691",
            "ProcessGuid" : "{704248D8-35D4-59F9-0000-0010004D1C00}",
            "ProcessId" : "1884",
            "TargetFilename" : "C:\\Users\\Administrator\\AppData\\Local\\Google\\Chrome\\User Data\\Default\\65f14edc-1b98-43b5-be3c-bfabf82c0fca.tmp",
            "UtcTime" : "2017-12-08 08:08:31.695"
          },
          "event_id" : 2,
          "host" : "WIN-U1E6SADQQ7G",
          "level" : "Information",
          "log_name" : "Microsoft-Windows-Sysmon/Operational",
          "message" : "File creation time changed:\nUtcTime: 2017-12-08 08:08:31.695\nProcessGuid: {704248D8-35D4-59F9-0000-0010004D1C00}\nProcessId: 1884\nImage: C:\\Program Files (x86)\\Google\\Chrome\\Application\\chrome.exe\nTargetFilename: C:\\Users\\Administrator\\AppData\\Local\\Google\\Chrome\\User Data\\Default\\65f14edc-1b98-43b5-be3c-bfabf82c0fca.tmp\nCreationUtcTime: 2017-06-14 16:26:45.023\nPreviousCreationUtcTime: 2017-12-08 08:08:31.691",
          "opcode" : "Info",
          "process_id" : 520,
          "provider_guid" : "{5770385F-C22A-43E0-BF4C-06F5698FFBD9}",
          "record_number" : "4673",
          "source_name" : "Microsoft-Windows-Sysmon",
          "task" : "File creation time changed (rule: FileCreateTime)",
          "thread_id" : 3196,
          "type" : "wineventlog",
          "user" : {
            "domain" : "NT AUTHORITY",
            "identifier" : "S-1-5-18",
            "name" : "SYSTEM",
            "type" : "User"
          },
          "version" : 4
        }
      },
      {
        "_index" : "test",
        "_type" : "wineventlog",
        "_id" : "AWBHnKR02lDISLgezq_Q",
        "_score" : 1.0,
        "_source" : {
          "@timestamp" : 1512720868292,
          "@version" : "1",
          "beat" : {
            "hostname" : "WIN-U1E6SADQQ7G",
            "name" : "WIN-U1E6SADQQ7G",
            "version" : "5.6.3"
          },
          "computer_name" : "WIN-U1E6SADQQ7G",
          "event_data" : {
            "Image" : "C:\\Program Files (x86)\\Google\\Chrome\\Application\\chrome.exe",
            "ProcessGuid" : "{704248D8-4874-5A2A-0000-001072223601}",
            "ProcessId" : "3632",
            "UtcTime" : "2017-12-08 08:14:28.279"
          },
          "event_id" : 5,
          "host" : "WIN-U1E6SADQQ7G",
          "level" : "Information",
          "log_name" : "Microsoft-Windows-Sysmon/Operational",
          "message" : "Process terminated:\nUtcTime: 2017-12-08 08:14:28.279\nProcessGuid: {704248D8-4874-5A2A-0000-001072223601}\nProcessId: 3632\nImage: C:\\Program Files (x86)\\Google\\Chrome\\Application\\chrome.exe",
          "opcode" : "Info",
          "process_id" : 520,
          "provider_guid" : "{5770385F-C22A-43E0-BF4C-06F5698FFBD9}",
          "record_number" : "4724",
          "source_name" : "Microsoft-Windows-Sysmon",
          "task" : "Process terminated (rule: ProcessTerminate)",
          "thread_id" : 3196,
          "type" : "wineventlog",
          "user" : {
            "domain" : "NT AUTHORITY",
            "identifier" : "S-1-5-18",
            "name" : "SYSTEM",
            "type" : "User"
          },
          "version" : 3
        }
      },
      {
        "_index" : "test",
        "_type" : "wineventlog",
        "_id" : "AWBHnKR02lDISLgezq_S",
        "_score" : 1.0,
        "_source" : {
          "@timestamp" : 1512720596586,
          "@version" : "1",
          "beat" : {
            "hostname" : "WIN-U1E6SADQQ7G",
            "name" : "WIN-U1E6SADQQ7G",
            "version" : "5.6.3"
          },
          "computer_name" : "WIN-U1E6SADQQ7G",
          "event_data" : {
            "Image" : "C:\\Windows\\System32\\wuauclt.exe",
            "ProcessGuid" : "{704248D8-4890-5A2A-0000-0010887F3601}",
            "ProcessId" : "1016",
            "UtcTime" : "2017-12-08 08:09:56.586"
          },
          "event_id" : 5,
          "host" : "WIN-U1E6SADQQ7G",
          "level" : "Information",
          "log_name" : "Microsoft-Windows-Sysmon/Operational",
          "message" : "Process terminated:\nUtcTime: 2017-12-08 08:09:56.586\nProcessGuid: {704248D8-4890-5A2A-0000-0010887F3601}\nProcessId: 1016\nImage: C:\\Windows\\System32\\wuauclt.exe",
          "opcode" : "Info",
          "process_id" : 520,
          "provider_guid" : "{5770385F-C22A-43E0-BF4C-06F5698FFBD9}",
          "record_number" : "4693",
          "source_name" : "Microsoft-Windows-Sysmon",
          "task" : "Process terminated (rule: ProcessTerminate)",
          "thread_id" : 3196,
          "type" : "wineventlog",
          "user" : {
            "domain" : "NT AUTHORITY",
            "identifier" : "S-1-5-18",
            "name" : "SYSTEM",
            "type" : "User"
          },
          "version" : 3
        }
      },
      {
        "_index" : "test",
        "_type" : "wineventlog",
        "_id" : "AWBHnKR02lDISLgezq_d",
        "_score" : 1.0,
        "_source" : {
          "@timestamp" : 1512726616738,
          "@version" : "1",
          "beat" : {
            "hostname" : "WIN-U1E6SADQQ7G",
            "name" : "WIN-U1E6SADQQ7G",
            "version" : "5.6.3"
          },
          "computer_name" : "WIN-U1E6SADQQ7G",
          "event_data" : {
            "CommandLine" : "C:\\Windows\\system32\\wbem\\wmiprvse.exe -Embedding",
            "CurrentDirectory" : "C:\\Windows\\system32\\",
            "Hashes" : "SHA1=856754572503074DCD78E5C827734C58DE3CE0D9",
            "Image" : "C:\\Windows\\System32\\wbem\\WmiPrvSE.exe",
            "IntegrityLevel" : "System",
            "LogonGuid" : "{704248D8-4A14-5A2A-0000-0020E7030000}",
            "LogonId" : "0x3e7",
            "ParentCommandLine" : "C:\\Windows\\system32\\svchost.exe -k DcomLaunch",
            "ParentImage" : "C:\\Windows\\System32\\svchost.exe",
            "ParentProcessGuid" : "{704248D8-4A15-5A2A-0000-001080BA0000}",
            "ParentProcessId" : "536",
            "ProcessGuid" : "{704248D8-6058-5A2A-0000-001014854200}",
            "ProcessId" : "2024",
            "TerminalSessionId" : "0",
            "User" : "NT AUTHORITY\\SYSTEM",
            "UtcTime" : "2017-12-08 09:50:16.738"
          },
          "event_id" : 1,
          "host" : "WIN-U1E6SADQQ7G",
          "level" : "Information",
          "log_name" : "Microsoft-Windows-Sysmon/Operational",
          "message" : "Process Create:\nUtcTime: 2017-12-08 09:50:16.738\nProcessGuid: {704248D8-6058-5A2A-0000-001014854200}\nProcessId: 2024\nImage: C:\\Windows\\System32\\wbem\\WmiPrvSE.exe\nCommandLine: C:\\Windows\\system32\\wbem\\wmiprvse.exe -Embedding\nCurrentDirectory: C:\\Windows\\system32\\\nUser: NT AUTHORITY\\SYSTEM\nLogonGuid: {704248D8-4A14-5A2A-0000-0020E7030000}\nLogonId: 0x3E7\nTerminalSessionId: 0\nIntegrityLevel: System\nHashes: SHA1=856754572503074DCD78E5C827734C58DE3CE0D9\nParentProcessGuid: {704248D8-4A15-5A2A-0000-001080BA0000}\nParentProcessId: 536\nParentImage: C:\\Windows\\System32\\svchost.exe\nParentCommandLine: C:\\Windows\\system32\\svchost.exe -k DcomLaunch",
          "opcode" : "Info",
          "process_id" : 1984,
          "provider_guid" : "{5770385F-C22A-43E0-BF4C-06F5698FFBD9}",
          "record_number" : "5078",
          "source_name" : "Microsoft-Windows-Sysmon",
          "task" : "Process Create (rule: ProcessCreate)",
          "thread_id" : 2576,
          "type" : "wineventlog",
          "user" : {
            "domain" : "NT AUTHORITY",
            "identifier" : "S-1-5-18",
            "name" : "SYSTEM",
            "type" : "User"
          },
          "version" : 5
        }
      },
      {
        "_index" : "test",
        "_type" : "wineventlog",
        "_id" : "AWBHnKR02lDISLgezq_j",
        "_score" : 1.0,
        "_source" : {
          "@timestamp" : 1512727555249,
          "@version" : "1",
          "beat" : {
            "hostname" : "WIN-U1E6SADQQ7G",
            "name" : "WIN-U1E6SADQQ7G",
            "version" : "5.6.3"
          },
          "computer_name" : "WIN-U1E6SADQQ7G",
          "event_data" : {
            "CreationUtcTime" : "2017-06-14 16:26:45.023",
            "Image" : "C:\\Program Files (x86)\\Google\\Chrome\\Application\\chrome.exe",
            "PreviousCreationUtcTime" : "2017-12-08 10:05:55.245",
            "ProcessGuid" : "{704248D8-5014-5A2A-0000-001017712000}",
            "ProcessId" : "2524",
            "TargetFilename" : "C:\\Users\\Administrator\\AppData\\Local\\Google\\Chrome\\User Data\\Default\\5e57116e-fb7d-446c-a196-78f843147b4d.tmp",
            "UtcTime" : "2017-12-08 10:05:55.248"
          },
          "event_id" : 2,
          "host" : "WIN-U1E6SADQQ7G",
          "level" : "Information",
          "log_name" : "Microsoft-Windows-Sysmon/Operational",
          "message" : "File creation time changed:\nUtcTime: 2017-12-08 10:05:55.248\nProcessGuid: {704248D8-5014-5A2A-0000-001017712000}\nProcessId: 2524\nImage: C:\\Program Files (x86)\\Google\\Chrome\\Application\\chrome.exe\nTargetFilename: C:\\Users\\Administrator\\AppData\\Local\\Google\\Chrome\\User Data\\Default\\5e57116e-fb7d-446c-a196-78f843147b4d.tmp\nCreationUtcTime: 2017-06-14 16:26:45.023\nPreviousCreationUtcTime: 2017-12-08 10:05:55.245",
          "opcode" : "Info",
          "process_id" : 1984,
          "provider_guid" : "{5770385F-C22A-43E0-BF4C-06F5698FFBD9}",
          "record_number" : "5151",
          "source_name" : "Microsoft-Windows-Sysmon",
          "task" : "File creation time changed (rule: FileCreateTime)",
          "thread_id" : 2576,
          "type" : "wineventlog",
          "user" : {
            "domain" : "NT AUTHORITY",
            "identifier" : "S-1-5-18",
            "name" : "SYSTEM",
            "type" : "User"
          },
          "version" : 4
        }
      },
      {
        "_index" : "test",
        "_type" : "wineventlog",
        "_id" : "AWBHnKR02lDISLgezq_q",
        "_score" : 1.0,
        "_source" : {
          "@timestamp" : 1512727760565,
          "@version" : "1",
          "beat" : {
            "hostname" : "WIN-U1E6SADQQ7G",
            "name" : "WIN-U1E6SADQQ7G",
            "version" : "5.6.3"
          },
          "computer_name" : "WIN-U1E6SADQQ7G",
          "event_data" : {
            "Image" : "C:\\Windows\\System32\\dllhost.exe",
            "ProcessGuid" : "{704248D8-64CA-5A2A-0000-0010699F5900}",
            "ProcessId" : "3256",
            "UtcTime" : "2017-12-08 10:09:20.565"
          },
          "event_id" : 5,
          "host" : "WIN-U1E6SADQQ7G",
          "level" : "Information",
          "log_name" : "Microsoft-Windows-Sysmon/Operational",
          "message" : "Process terminated:\nUtcTime: 2017-12-08 10:09:20.565\nProcessGuid: {704248D8-64CA-5A2A-0000-0010699F5900}\nProcessId: 3256\nImage: C:\\Windows\\System32\\dllhost.exe",
          "opcode" : "Info",
          "process_id" : 1984,
          "provider_guid" : "{5770385F-C22A-43E0-BF4C-06F5698FFBD9}",
          "record_number" : "5227",
          "source_name" : "Microsoft-Windows-Sysmon",
          "task" : "Process terminated (rule: ProcessTerminate)",
          "thread_id" : 2576,
          "type" : "wineventlog",
          "user" : {
            "domain" : "NT AUTHORITY",
            "identifier" : "S-1-5-18",
            "name" : "SYSTEM",
            "type" : "User"
          },
          "version" : 3
        }
      },
      {
        "_index" : "test",
        "_type" : "wineventlog",
        "_id" : "AWBHnKR02lDISLgezq_x",
        "_score" : 1.0,
        "_source" : {
          "@timestamp" : 1512727898520,
          "@version" : "1",
          "beat" : {
            "hostname" : "WIN-U1E6SADQQ7G",
            "name" : "WIN-U1E6SADQQ7G",
            "version" : "5.6.3"
          },
          "computer_name" : "WIN-U1E6SADQQ7G",
          "event_data" : {
            "Image" : "C:\\Program Files\\WinRAR\\WinRAR.exe",
            "ProcessGuid" : "{704248D8-64DE-5A2A-0000-001084185D00}",
            "ProcessId" : "3484",
            "UtcTime" : "2017-12-08 10:11:38.520"
          },
          "event_id" : 5,
          "host" : "WIN-U1E6SADQQ7G",
          "level" : "Information",
          "log_name" : "Microsoft-Windows-Sysmon/Operational",
          "message" : "Process terminated:\nUtcTime: 2017-12-08 10:11:38.520\nProcessGuid: {704248D8-64DE-5A2A-0000-001084185D00}\nProcessId: 3484\nImage: C:\\Program Files\\WinRAR\\WinRAR.exe",
          "opcode" : "Info",
          "process_id" : 1984,
          "provider_guid" : "{5770385F-C22A-43E0-BF4C-06F5698FFBD9}",
          "record_number" : "5330",
          "source_name" : "Microsoft-Windows-Sysmon",
          "task" : "Process terminated (rule: ProcessTerminate)",
          "thread_id" : 2576,
          "type" : "wineventlog",
          "user" : {
            "domain" : "NT AUTHORITY",
            "identifier" : "S-1-5-18",
            "name" : "SYSTEM",
            "type" : "User"
          },
          "version" : 3
        }
      },
