      {
        "_index" : "test",
        "_type" : "wineventlog",
        "_id" : "AWBHnKa82lDISLgezrCb",
        "_score" : 1.0,
        "_source" : {
          "@timestamp" : 1512727613604,
          "@version" : "1",
          "beat" : {
            "hostname" : "WIN-U1E6SADQQ7G",
            "name" : "WIN-U1E6SADQQ7G",
            "version" : "5.6.3"
          },
          "computer_name" : "WIN-U1E6SADQQ7G",
          "event_data" : {
            "CommandLine" : "C:\\Windows\\system32\\DllHost.exe /Processid:{AB8902B4-09CA-4BB6-B78D-A8F59079A8D5}",
            "CurrentDirectory" : "C:\\Windows\\system32\\",
            "Hashes" : "SHA1=635D234B72F097105153A8D24080826E404F9273",
            "Image" : "C:\\Windows\\System32\\dllhost.exe",
            "IntegrityLevel" : "High",
            "LogonGuid" : "{704248D8-4D8D-5A2A-0000-00202D861900}",
            "LogonId" : "0x19862d",
            "ParentCommandLine" : "C:\\Windows\\system32\\svchost.exe -k DcomLaunch",
            "ParentImage" : "C:\\Windows\\System32\\svchost.exe",
            "ParentProcessGuid" : "{704248D8-4A15-5A2A-0000-001080BA0000}",
            "ParentProcessId" : "536",
            "ProcessGuid" : "{704248D8-643D-5A2A-0000-00104E624B00}",
            "ProcessId" : "3504",
            "TerminalSessionId" : "1",
            "User" : "WIN-U1E6SADQQ7G\\Administrator",
            "UtcTime" : "2017-12-08 10:06:53.603"
          },
          "event_id" : 1,
          "host" : "WIN-U1E6SADQQ7G",
          "level" : "Information",
          "log_name" : "Microsoft-Windows-Sysmon/Operational",
          "message" : "Process Create:\nUtcTime: 2017-12-08 10:06:53.603\nProcessGuid: {704248D8-643D-5A2A-0000-00104E624B00}\nProcessId: 3504\nImage: C:\\Windows\\System32\\dllhost.exe\nCommandLine: C:\\Windows\\system32\\DllHost.exe /Processid:{AB8902B4-09CA-4BB6-B78D-A8F59079A8D5}\nCurrentDirectory: C:\\Windows\\system32\\\nUser: WIN-U1E6SADQQ7G\\Administrator\nLogonGuid: {704248D8-4D8D-5A2A-0000-00202D861900}\nLogonId: 0x19862D\nTerminalSessionId: 1\nIntegrityLevel: High\nHashes: SHA1=635D234B72F097105153A8D24080826E404F9273\nParentProcessGuid: {704248D8-4A15-5A2A-0000-001080BA0000}\nParentProcessId: 536\nParentImage: C:\\Windows\\System32\\svchost.exe\nParentCommandLine: C:\\Windows\\system32\\svchost.exe -k DcomLaunch",
          "opcode" : "Info",
          "process_id" : 1984,
          "provider_guid" : "{5770385F-C22A-43E0-BF4C-06F5698FFBD9}",
          "record_number" : "5206",
          "source_name" : "Microsoft-Windows-Sysmon",
          "task" : "Process Create (rule: ProcessCreate)",
          "thread_id" : 2576,
          "type" : "wineventlog",
          "user" : {
            "domain" : "NT AUTHORITY",
            "identifier" : "S-1-5-18",
            "name" : "SYSTEM",
            "type" : "User"
          },
          "version" : 5
        }
      },
      {
        "_index" : "test",
        "_type" : "wineventlog",
        "_id" : "AWBHnKa82lDISLgezrCh",
        "_score" : 1.0,
        "_source" : {
          "@timestamp" : 1512727862932,
          "@version" : "1",
          "beat" : {
            "hostname" : "WIN-U1E6SADQQ7G",
            "name" : "WIN-U1E6SADQQ7G",
            "version" : "5.6.3"
          },
          "computer_name" : "WIN-U1E6SADQQ7G",
          "event_data" : {
            "CreationUtcTime" : "2017-06-14 16:26:39.756",
            "Image" : "C:\\Program Files (x86)\\Google\\Chrome\\Application\\chrome.exe",
            "PreviousCreationUtcTime" : "2017-12-08 10:11:02.927",
            "ProcessGuid" : "{704248D8-5014-5A2A-0000-001017712000}",
            "ProcessId" : "2524",
            "TargetFilename" : "C:\\Users\\Administrator\\AppData\\Local\\Google\\Chrome\\User Data\\d65af4bf-686e-4e42-b806-29e4e4bb0fe3.tmp",
            "UtcTime" : "2017-12-08 10:11:02.931"
          },
          "event_id" : 2,
          "host" : "WIN-U1E6SADQQ7G",
          "level" : "Information",
          "log_name" : "Microsoft-Windows-Sysmon/Operational",
          "message" : "File creation time changed:\nUtcTime: 2017-12-08 10:11:02.931\nProcessGuid: {704248D8-5014-5A2A-0000-001017712000}\nProcessId: 2524\nImage: C:\\Program Files (x86)\\Google\\Chrome\\Application\\chrome.exe\nTargetFilename: C:\\Users\\Administrator\\AppData\\Local\\Google\\Chrome\\User Data\\d65af4bf-686e-4e42-b806-29e4e4bb0fe3.tmp\nCreationUtcTime: 2017-06-14 16:26:39.756\nPreviousCreationUtcTime: 2017-12-08 10:11:02.927",
          "opcode" : "Info",
          "process_id" : 1984,
          "provider_guid" : "{5770385F-C22A-43E0-BF4C-06F5698FFBD9}",
          "record_number" : "5294",
          "source_name" : "Microsoft-Windows-Sysmon",
          "task" : "File creation time changed (rule: FileCreateTime)",
          "thread_id" : 2576,
          "type" : "wineventlog",
          "user" : {
            "domain" : "NT AUTHORITY",
            "identifier" : "S-1-5-18",
            "name" : "SYSTEM",
            "type" : "User"
          },
          "version" : 4
        }
      },
      {
        "_index" : "test",
        "_type" : "wineventlog",
        "_id" : "AWBHnKa82lDISLgezrCl",
        "_score" : 1.0,
        "_source" : {
          "@timestamp" : 1512729617065,
          "@version" : "1",
          "beat" : {
            "hostname" : "WIN-U1E6SADQQ7G",
            "name" : "WIN-U1E6SADQQ7G",
            "version" : "5.6.3"
          },
          "computer_name" : "WIN-U1E6SADQQ7G",
          "event_data" : {
            "CommandLine" : "C:\\Windows\\system32\\wbem\\wmiprvse.exe -Embedding",
            "CurrentDirectory" : "C:\\Windows\\system32\\",
            "Hashes" : "SHA1=856754572503074DCD78E5C827734C58DE3CE0D9",
            "Image" : "C:\\Windows\\System32\\wbem\\WmiPrvSE.exe",
            "IntegrityLevel" : "System",
            "LogonGuid" : "{704248D8-4A14-5A2A-0000-0020E7030000}",
            "LogonId" : "0x3e7",
            "ParentCommandLine" : "C:\\Windows\\system32\\svchost.exe -k DcomLaunch",
            "ParentImage" : "C:\\Windows\\System32\\svchost.exe",
            "ParentProcessGuid" : "{704248D8-4A15-5A2A-0000-001080BA0000}",
            "ParentProcessId" : "536",
            "ProcessGuid" : "{704248D8-6C11-5A2A-0000-0010CA587500}",
            "ProcessId" : "1880",
            "TerminalSessionId" : "0",
            "User" : "NT AUTHORITY\\SYSTEM",
            "UtcTime" : "2017-12-08 10:40:17.064"
          },
          "event_id" : 1,
          "host" : "WIN-U1E6SADQQ7G",
          "level" : "Information",
          "log_name" : "Microsoft-Windows-Sysmon/Operational",
          "message" : "Process Create:\nUtcTime: 2017-12-08 10:40:17.064\nProcessGuid: {704248D8-6C11-5A2A-0000-0010CA587500}\nProcessId: 1880\nImage: C:\\Windows\\System32\\wbem\\WmiPrvSE.exe\nCommandLine: C:\\Windows\\system32\\wbem\\wmiprvse.exe -Embedding\nCurrentDirectory: C:\\Windows\\system32\\\nUser: NT AUTHORITY\\SYSTEM\nLogonGuid: {704248D8-4A14-5A2A-0000-0020E7030000}\nLogonId: 0x3E7\nTerminalSessionId: 0\nIntegrityLevel: System\nHashes: SHA1=856754572503074DCD78E5C827734C58DE3CE0D9\nParentProcessGuid: {704248D8-4A15-5A2A-0000-001080BA0000}\nParentProcessId: 536\nParentImage: C:\\Windows\\System32\\svchost.exe\nParentCommandLine: C:\\Windows\\system32\\svchost.exe -k DcomLaunch",
          "opcode" : "Info",
          "process_id" : 1984,
          "provider_guid" : "{5770385F-C22A-43E0-BF4C-06F5698FFBD9}",
          "record_number" : "5425",
          "source_name" : "Microsoft-Windows-Sysmon",
          "task" : "Process Create (rule: ProcessCreate)",
          "thread_id" : 2576,
          "type" : "wineventlog",
          "user" : {
            "domain" : "NT AUTHORITY",
            "identifier" : "S-1-5-18",
            "name" : "SYSTEM",
            "type" : "User"
          },
          "version" : 5
        }
      },
      {
        "_index" : "test",
        "_type" : "wineventlog",
        "_id" : "AWBHnKa82lDISLgezrCm",
        "_score" : 1.0,
        "_source" : {
          "@timestamp" : 1512729441639,
          "@version" : "1",
          "beat" : {
            "hostname" : "WIN-U1E6SADQQ7G",
            "name" : "WIN-U1E6SADQQ7G",
            "version" : "5.6.3"
          },
          "computer_name" : "WIN-U1E6SADQQ7G",
          "event_data" : {
            "CommandLine" : "cmd",
            "CurrentDirectory" : "C:\\Users\\Administrator\\",
            "Hashes" : "SHA1=7C3D7281E1151FE4127923F4B4C3CD36438E1A12",
            "Image" : "C:\\Windows\\System32\\cmd.exe",
            "IntegrityLevel" : "High",
            "LogonGuid" : "{704248D8-4D8D-5A2A-0000-00202D861900}",
            "LogonId" : "0x19862d",
            "ParentCommandLine" : "\"C:\\Windows\\system32\\cmd.exe\" ",
            "ParentImage" : "C:\\Windows\\System32\\cmd.exe",
            "ParentProcessGuid" : "{704248D8-658E-5A2A-0000-0010BAFF6900}",
            "ParentProcessId" : "1520",
            "ProcessGuid" : "{704248D8-6B61-5A2A-0000-001078597400}",
            "ProcessId" : "4024",
            "TerminalSessionId" : "1",
            "User" : "WIN-U1E6SADQQ7G\\Administrator",
            "UtcTime" : "2017-12-08 10:37:21.636"
          },
          "event_id" : 1,
          "host" : "WIN-U1E6SADQQ7G",
          "level" : "Information",
          "log_name" : "Microsoft-Windows-Sysmon/Operational",
          "message" : "Process Create:\nUtcTime: 2017-12-08 10:37:21.636\nProcessGuid: {704248D8-6B61-5A2A-0000-001078597400}\nProcessId: 4024\nImage: C:\\Windows\\System32\\cmd.exe\nCommandLine: cmd\nCurrentDirectory: C:\\Users\\Administrator\\\nUser: WIN-U1E6SADQQ7G\\Administrator\nLogonGuid: {704248D8-4D8D-5A2A-0000-00202D861900}\nLogonId: 0x19862D\nTerminalSessionId: 1\nIntegrityLevel: High\nHashes: SHA1=7C3D7281E1151FE4127923F4B4C3CD36438E1A12\nParentProcessGuid: {704248D8-658E-5A2A-0000-0010BAFF6900}\nParentProcessId: 1520\nParentImage: C:\\Windows\\System32\\cmd.exe\nParentCommandLine: \"C:\\Windows\\system32\\cmd.exe\" ",
          "opcode" : "Info",
          "process_id" : 1984,
          "provider_guid" : "{5770385F-C22A-43E0-BF4C-06F5698FFBD9}",
          "record_number" : "5411",
          "source_name" : "Microsoft-Windows-Sysmon",
          "task" : "Process Create (rule: ProcessCreate)",
          "thread_id" : 2576,
          "type" : "wineventlog",
          "user" : {
            "domain" : "NT AUTHORITY",
            "identifier" : "S-1-5-18",
            "name" : "SYSTEM",
            "type" : "User"
          },
          "version" : 5
        }
      },
      {
        "_index" : "test",
        "_type" : "wineventlog",
        "_id" : "AWBHnKa82lDISLgezrCr",
        "_score" : 1.0,
        "_source" : {
          "@timestamp" : 1512730010681,
          "@version" : "1",
          "beat" : {
            "hostname" : "WIN-U1E6SADQQ7G",
            "name" : "WIN-U1E6SADQQ7G",
            "version" : "5.6.3"
          },
          "computer_name" : "WIN-U1E6SADQQ7G",
          "event_data" : {
            "Hashes" : "SHA1=695F317B5B62939A665D09ADCC8E0921D372C789",
            "ImageLoaded" : "C:\\Windows\\System32\\drivers\\dfsc.sys",
            "Signature" : "Microsoft Windows",
            "SignatureStatus" : "Valid",
            "Signed" : "true",
            "UtcTime" : "2017-12-08 10:46:08.811"
          },
          "event_id" : 6,
          "host" : "WIN-U1E6SADQQ7G",
          "level" : "Information",
          "log_name" : "Microsoft-Windows-Sysmon/Operational",
          "message" : "Driver loaded:\nUtcTime: 2017-12-08 10:46:08.811\nImageLoaded: C:\\Windows\\System32\\drivers\\dfsc.sys\nHashes: SHA1=695F317B5B62939A665D09ADCC8E0921D372C789\nSigned: true\nSignature: Microsoft Windows\nSignatureStatus: Valid",
          "opcode" : "Info",
          "process_id" : 1328,
          "provider_guid" : "{5770385F-C22A-43E0-BF4C-06F5698FFBD9}",
          "record_number" : "5564",
          "source_name" : "Microsoft-Windows-Sysmon",
          "task" : "Driver loaded (rule: DriverLoad)",
          "thread_id" : 1980,
          "type" : "wineventlog",
          "user" : {
            "domain" : "NT AUTHORITY",
            "identifier" : "S-1-5-18",
            "name" : "SYSTEM",
            "type" : "User"
          },
          "version" : 3
        }
      },
      {
        "_index" : "test",
        "_type" : "wineventlog",
        "_id" : "AWBHnKa82lDISLgezrCs",
        "_score" : 1.0,
        "_source" : {
          "@timestamp" : 1512730010689,
          "@version" : "1",
          "beat" : {
            "hostname" : "WIN-U1E6SADQQ7G",
            "name" : "WIN-U1E6SADQQ7G",
            "version" : "5.6.3"
          },
          "computer_name" : "WIN-U1E6SADQQ7G",
          "event_data" : {
            "Hashes" : "SHA1=7A1C35959FF9D8DEBC57CBB0C055E4AFCB44B311",
            "ImageLoaded" : "C:\\Windows\\System32\\drivers\\ahcache.sys",
            "Signature" : "Microsoft Windows",
            "SignatureStatus" : "Valid",
            "Signed" : "true",
            "UtcTime" : "2017-12-08 10:46:08.827"
          },
          "event_id" : 6,
          "host" : "WIN-U1E6SADQQ7G",
          "level" : "Information",
          "log_name" : "Microsoft-Windows-Sysmon/Operational",
          "message" : "Driver loaded:\nUtcTime: 2017-12-08 10:46:08.827\nImageLoaded: C:\\Windows\\System32\\drivers\\ahcache.sys\nHashes: SHA1=7A1C35959FF9D8DEBC57CBB0C055E4AFCB44B311\nSigned: true\nSignature: Microsoft Windows\nSignatureStatus: Valid",
          "opcode" : "Info",
          "process_id" : 1328,
          "provider_guid" : "{5770385F-C22A-43E0-BF4C-06F5698FFBD9}",
          "record_number" : "5565",
          "source_name" : "Microsoft-Windows-Sysmon",
          "task" : "Driver loaded (rule: DriverLoad)",
          "thread_id" : 1980,
          "type" : "wineventlog",
          "user" : {
            "domain" : "NT AUTHORITY",
            "identifier" : "S-1-5-18",
            "name" : "SYSTEM",
            "type" : "User"
          },
          "version" : 3
        }
      },
      {
        "_index" : "test",
        "_type" : "wineventlog",
        "_id" : "AWBHnKa82lDISLgezrCx",
        "_score" : 1.0,
        "_source" : {
          "@timestamp" : 1512730010854,
          "@version" : "1",
          "beat" : {
            "hostname" : "WIN-U1E6SADQQ7G",
            "name" : "WIN-U1E6SADQQ7G",
            "version" : "5.6.3"
          },
          "computer_name" : "WIN-U1E6SADQQ7G",
          "event_data" : {
            "Hashes" : "SHA1=BC69BDDB27166A1BE6D6BE6925E78AD8141C20D5",
            "ImageLoaded" : "C:\\Windows\\System32\\drivers\\vm3dmp.sys",
            "Signature" : "VMware",
            "SignatureStatus" : "Valid",
            "Signed" : "true",
            "UtcTime" : "2017-12-08 10:46:08.936"
          },
          "event_id" : 6,
          "host" : "WIN-U1E6SADQQ7G",
          "level" : "Information",
          "log_name" : "Microsoft-Windows-Sysmon/Operational",
          "message" : "Driver loaded:\nUtcTime: 2017-12-08 10:46:08.936\nImageLoaded: C:\\Windows\\System32\\drivers\\vm3dmp.sys\nHashes: SHA1=BC69BDDB27166A1BE6D6BE6925E78AD8141C20D5\nSigned: true\nSignature: VMware\nSignatureStatus: Valid",
          "opcode" : "Info",
          "process_id" : 1328,
          "provider_guid" : "{5770385F-C22A-43E0-BF4C-06F5698FFBD9}",
          "record_number" : "5579",
          "source_name" : "Microsoft-Windows-Sysmon",
          "task" : "Driver loaded (rule: DriverLoad)",
          "thread_id" : 1980,
          "type" : "wineventlog",
          "user" : {
            "domain" : "NT AUTHORITY",
            "identifier" : "S-1-5-18",
            "name" : "SYSTEM",
            "type" : "User"
          },
          "version" : 3
        }
      },
      {
        "_index" : "test",
        "_type" : "wineventlog",
        "_id" : "AWBHnKa82lDISLgezrCz",
        "_score" : 1.0,
        "_source" : {
          "@timestamp" : 1512730010900,
          "@version" : "1",
          "beat" : {
            "hostname" : "WIN-U1E6SADQQ7G",
            "name" : "WIN-U1E6SADQQ7G",
            "version" : "5.6.3"
          },
          "computer_name" : "WIN-U1E6SADQQ7G",
          "event_data" : {
            "CommandLine" : "C:\\Windows\\system32\\dllhost.exe /Processid:{02D4B3F1-FD88-11D1-960D-00805FC79235}",
            "CurrentDirectory" : "C:\\Windows\\system32\\",
            "Hashes" : "SHA1=635D234B72F097105153A8D24080826E404F9273",
            "Image" : "C:\\Windows\\System32\\dllhost.exe",
            "IntegrityLevel" : "System",
            "LogonGuid" : "{704248D8-6D75-5A2A-0000-0020E7030000}",
            "LogonId" : "0x3e7",
            "ParentCommandLine" : "C:\\Windows\\system32\\services.exe",
            "ParentImage" : "C:\\Windows\\System32\\services.exe",
            "ParentProcessGuid" : "{704248D8-6D75-5A2A-0000-001080A70000}",
            "ParentProcessId" : "468",
            "ProcessGuid" : "{704248D8-6D9A-5A2A-0000-00108D950200}",
            "ProcessId" : "1216",
            "TerminalSessionId" : "0",
            "User" : "NT AUTHORITY\\SYSTEM",
            "UtcTime" : "2017-12-08 10:46:50.897"
          },
          "event_id" : 1,
          "host" : "WIN-U1E6SADQQ7G",
          "level" : "Information",
          "log_name" : "Microsoft-Windows-Sysmon/Operational",
          "message" : "Process Create:\nUtcTime: 2017-12-08 10:46:50.897\nProcessGuid: {704248D8-6D9A-5A2A-0000-00108D950200}\nProcessId: 1216\nImage: C:\\Windows\\System32\\dllhost.exe\nCommandLine: C:\\Windows\\system32\\dllhost.exe /Processid:{02D4B3F1-FD88-11D1-960D-00805FC79235}\nCurrentDirectory: C:\\Windows\\system32\\\nUser: NT AUTHORITY\\SYSTEM\nLogonGuid: {704248D8-6D75-5A2A-0000-0020E7030000}\nLogonId: 0x3E7\nTerminalSessionId: 0\nIntegrityLevel: System\nHashes: SHA1=635D234B72F097105153A8D24080826E404F9273\nParentProcessGuid: {704248D8-6D75-5A2A-0000-001080A70000}\nParentProcessId: 468\nParentImage: C:\\Windows\\System32\\services.exe\nParentCommandLine: C:\\Windows\\system32\\services.exe",
          "opcode" : "Info",
          "process_id" : 1328,
          "provider_guid" : "{5770385F-C22A-43E0-BF4C-06F5698FFBD9}",
          "record_number" : "5584",
          "source_name" : "Microsoft-Windows-Sysmon",
          "task" : "Process Create (rule: ProcessCreate)",
          "thread_id" : 1960,
          "type" : "wineventlog",
          "user" : {
            "domain" : "NT AUTHORITY",
            "identifier" : "S-1-5-18",
            "name" : "SYSTEM",
            "type" : "User"
          },
          "version" : 5
        }
      },
      {
        "_index" : "test",
        "_type" : "wineventlog",
        "_id" : "AWBHnKa82lDISLgezrC2",
        "_score" : 1.0,
        "_source" : {
          "@timestamp" : 1512730011210,
          "@version" : "1",
          "beat" : {
            "hostname" : "WIN-U1E6SADQQ7G",
            "name" : "WIN-U1E6SADQQ7G",
            "version" : "5.6.3"
          },
          "computer_name" : "WIN-U1E6SADQQ7G",
          "event_data" : {
            "Hashes" : "SHA1=466F198BAB169A20FEDC270290087540AF680BB3",
            "ImageLoaded" : "C:\\Windows\\System32\\drivers\\usbhub.sys",
            "Signature" : "Microsoft Windows",
            "SignatureStatus" : "Valid",
            "Signed" : "true",
            "UtcTime" : "2017-12-08 10:46:09.372"
          },
          "event_id" : 6,
          "host" : "WIN-U1E6SADQQ7G",
          "level" : "Information",
          "log_name" : "Microsoft-Windows-Sysmon/Operational",
          "message" : "Driver loaded:\nUtcTime: 2017-12-08 10:46:09.372\nImageLoaded: C:\\Windows\\System32\\drivers\\usbhub.sys\nHashes: SHA1=466F198BAB169A20FEDC270290087540AF680BB3\nSigned: true\nSignature: Microsoft Windows\nSignatureStatus: Valid",
          "opcode" : "Info",
          "process_id" : 1328,
          "provider_guid" : "{5770385F-C22A-43E0-BF4C-06F5698FFBD9}",
          "record_number" : "5602",
          "source_name" : "Microsoft-Windows-Sysmon",
          "task" : "Driver loaded (rule: DriverLoad)",
          "thread_id" : 1980,
          "type" : "wineventlog",
          "user" : {
            "domain" : "NT AUTHORITY",
            "identifier" : "S-1-5-18",
            "name" : "SYSTEM",
            "type" : "User"
          },
          "version" : 3
        }
      },
      {
        "_index" : "test",
        "_type" : "wineventlog",
        "_id" : "AWBHnKa82lDISLgezrC3",
        "_score" : 1.0,
        "_source" : {
          "@timestamp" : 1512730011413,
          "@version" : "1",
          "beat" : {
            "hostname" : "WIN-U1E6SADQQ7G",
            "name" : "WIN-U1E6SADQQ7G",
            "version" : "5.6.3"
          },
          "computer_name" : "WIN-U1E6SADQQ7G",
          "event_data" : {
            "Hashes" : "SHA1=6883CFA15A49C2C4EDCC7522F295FE13F6B1A437",
            "ImageLoaded" : "C:\\Windows\\System32\\drivers\\udfs.sys",
            "Signature" : "Microsoft Windows",
            "SignatureStatus" : "Valid",
            "Signed" : "true",
            "UtcTime" : "2017-12-08 10:46:10.159"
          },
          "event_id" : 6,
          "host" : "WIN-U1E6SADQQ7G",
          "level" : "Information",
          "log_name" : "Microsoft-Windows-Sysmon/Operational",
          "message" : "Driver loaded:\nUtcTime: 2017-12-08 10:46:10.159\nImageLoaded: C:\\Windows\\System32\\drivers\\udfs.sys\nHashes: SHA1=6883CFA15A49C2C4EDCC7522F295FE13F6B1A437\nSigned: true\nSignature: Microsoft Windows\nSignatureStatus: Valid",
          "opcode" : "Info",
          "process_id" : 1328,
          "provider_guid" : "{5770385F-C22A-43E0-BF4C-06F5698FFBD9}",
          "record_number" : "5608",
          "source_name" : "Microsoft-Windows-Sysmon",
          "task" : "Driver loaded (rule: DriverLoad)",
          "thread_id" : 1980,
          "type" : "wineventlog",
          "user" : {
            "domain" : "NT AUTHORITY",
            "identifier" : "S-1-5-18",
            "name" : "SYSTEM",
            "type" : "User"
          },
          "version" : 3
        }
      },
      {
        "_index" : "test",
        "_type" : "wineventlog",
        "_id" : "AWBHnKa82lDISLgezrDE",
        "_score" : 1.0,
        "_source" : {
          "@timestamp" : 1512730010361,
          "@version" : "1",
          "beat" : {
            "hostname" : "WIN-U1E6SADQQ7G",
            "name" : "WIN-U1E6SADQQ7G",
            "version" : "5.6.3"
          },
          "computer_name" : "WIN-U1E6SADQQ7G",
          "event_data" : {
            "Hashes" : "SHA1=89E3DA0D2176FAE41B7779B99A47B869A272790E",
            "ImageLoaded" : "C:\\Windows\\System32\\drivers\\watchdog.sys",
            "Signature" : "Microsoft Windows",
            "SignatureStatus" : "Valid",
            "Signed" : "true",
            "UtcTime" : "2017-12-08 10:46:08.670"
          },
          "event_id" : 6,
          "host" : "WIN-U1E6SADQQ7G",
          "level" : "Information",
          "log_name" : "Microsoft-Windows-Sysmon/Operational",
          "message" : "Driver loaded:\nUtcTime: 2017-12-08 10:46:08.670\nImageLoaded: C:\\Windows\\System32\\drivers\\watchdog.sys\nHashes: SHA1=89E3DA0D2176FAE41B7779B99A47B869A272790E\nSigned: true\nSignature: Microsoft Windows\nSignatureStatus: Valid",
          "opcode" : "Info",
          "process_id" : 1328,
          "provider_guid" : "{5770385F-C22A-43E0-BF4C-06F5698FFBD9}",
          "record_number" : "5544",
          "source_name" : "Microsoft-Windows-Sysmon",
          "task" : "Driver loaded (rule: DriverLoad)",
          "thread_id" : 1980,
          "type" : "wineventlog",
          "user" : {
            "domain" : "NT AUTHORITY",
            "identifier" : "S-1-5-18",
            "name" : "SYSTEM",
            "type" : "User"
          },
          "version" : 3
        }
      },
      {
        "_index" : "test",
        "_type" : "wineventlog",
        "_id" : "AWBHnKa82lDISLgezrDF",
        "_score" : 1.0,
        "_source" : {
          "@timestamp" : 1512730010432,
          "@version" : "1",
          "beat" : {
            "hostname" : "WIN-U1E6SADQQ7G",
            "name" : "WIN-U1E6SADQQ7G",
            "version" : "5.6.3"
          },
          "computer_name" : "WIN-U1E6SADQQ7G",
          "event_data" : {
            "Hashes" : "SHA1=E190D1CD742445A0F0AF8ADC4107E463C942A167",
            "ImageLoaded" : "C:\\Windows\\System32\\drivers\\tdi.sys",
            "Signature" : "Microsoft Windows",
            "SignatureStatus" : "Valid",
            "Signed" : "true",
            "UtcTime" : "2017-12-08 10:46:08.717"
          },
          "event_id" : 6,
          "host" : "WIN-U1E6SADQQ7G",
          "level" : "Information",
          "log_name" : "Microsoft-Windows-Sysmon/Operational",
          "message" : "Driver loaded:\nUtcTime: 2017-12-08 10:46:08.717\nImageLoaded: C:\\Windows\\System32\\drivers\\tdi.sys\nHashes: SHA1=E190D1CD742445A0F0AF8ADC4107E463C942A167\nSigned: true\nSignature: Microsoft Windows\nSignatureStatus: Valid",
          "opcode" : "Info",
          "process_id" : 1328,
          "provider_guid" : "{5770385F-C22A-43E0-BF4C-06F5698FFBD9}",
          "record_number" : "5550",
          "source_name" : "Microsoft-Windows-Sysmon",
          "task" : "Driver loaded (rule: DriverLoad)",
          "thread_id" : 1980,
          "type" : "wineventlog",
          "user" : {
            "domain" : "NT AUTHORITY",
            "identifier" : "S-1-5-18",
            "name" : "SYSTEM",
            "type" : "User"
          },
          "version" : 3
        }
      },
      {
        "_index" : "test",
        "_type" : "wineventlog",
        "_id" : "AWBHnKa82lDISLgezrDP",
        "_score" : 1.0,
        "_source" : {
          "@timestamp" : 1512730030898,
          "@version" : "1",
          "beat" : {
            "hostname" : "WIN-U1E6SADQQ7G",
            "name" : "WIN-U1E6SADQQ7G",
            "version" : "5.6.3"
          },
          "computer_name" : "WIN-U1E6SADQQ7G",
          "event_data" : {
            "CommandLine" : "TPAutoConnect.exe -q -i vmware -a COM1 -F 30",
            "CurrentDirectory" : "C:\\Windows\\system32\\",
            "Hashes" : "SHA1=91A9430C7BFFC2E324EBA914C6F4A01C7FDA814F",
            "Image" : "C:\\Program Files\\VMware\\VMware Tools\\TPAutoConnect.exe",
            "IntegrityLevel" : "High",
            "LogonGuid" : "{704248D8-6DAE-5A2A-0000-002018250400}",
            "LogonId" : "0x42518",
            "ParentCommandLine" : "\"C:\\Program Files\\VMware\\VMware Tools\\TPAutoConnSvc.exe\"",
            "ParentImage" : "C:\\Program Files\\VMware\\VMware Tools\\TPAutoConnSvc.exe",
            "ParentProcessGuid" : "{704248D8-6D99-5A2A-0000-001052490200}",
            "ParentProcessId" : "1984",
            "ProcessGuid" : "{704248D8-6DAE-5A2A-0000-0010F8350400}",
            "ProcessId" : "2680",
            "TerminalSessionId" : "1",
            "User" : "WIN-U1E6SADQQ7G\\Administrator",
            "UtcTime" : "2017-12-08 10:47:10.771"
          },
          "event_id" : 1,
          "host" : "WIN-U1E6SADQQ7G",
          "level" : "Information",
          "log_name" : "Microsoft-Windows-Sysmon/Operational",
          "message" : "Process Create:\nUtcTime: 2017-12-08 10:47:10.771\nProcessGuid: {704248D8-6DAE-5A2A-0000-0010F8350400}\nProcessId: 2680\nImage: C:\\Program Files\\VMware\\VMware Tools\\TPAutoConnect.exe\nCommandLine: TPAutoConnect.exe -q -i vmware -a COM1 -F 30\nCurrentDirectory: C:\\Windows\\system32\\\nUser: WIN-U1E6SADQQ7G\\Administrator\nLogonGuid: {704248D8-6DAE-5A2A-0000-002018250400}\nLogonId: 0x42518\nTerminalSessionId: 1\nIntegrityLevel: High\nHashes: SHA1=91A9430C7BFFC2E324EBA914C6F4A01C7FDA814F\nParentProcessGuid: {704248D8-6D99-5A2A-0000-001052490200}\nParentProcessId: 1984\nParentImage: C:\\Program Files\\VMware\\VMware Tools\\TPAutoConnSvc.exe\nParentCommandLine: \"C:\\Program Files\\VMware\\VMware Tools\\TPAutoConnSvc.exe\"",
          "opcode" : "Info",
          "process_id" : 1328,
          "provider_guid" : "{5770385F-C22A-43E0-BF4C-06F5698FFBD9}",
          "record_number" : "5665",
          "source_name" : "Microsoft-Windows-Sysmon",
          "task" : "Process Create (rule: ProcessCreate)",
          "thread_id" : 1960,
          "type" : "wineventlog",
          "user" : {
            "domain" : "NT AUTHORITY",
            "identifier" : "S-1-5-18",
            "name" : "SYSTEM",
            "type" : "User"
          },
          "version" : 5
        }
      },
      {
        "_index" : "test",
        "_type" : "wineventlog",
        "_id" : "AWBHnKa82lDISLgezrDc",
        "_score" : 1.0,
        "_source" : {
          "@timestamp" : 1512730811463,
          "@version" : "1",
          "beat" : {
            "hostname" : "WIN-U1E6SADQQ7G",
            "name" : "WIN-U1E6SADQQ7G",
            "version" : "5.6.3"
          },
          "computer_name" : "WIN-U1E6SADQQ7G",
          "event_data" : {
            "CommandLine" : "C:\\Windows\\system32\\wermgr.exe -queuereporting",
            "CurrentDirectory" : "C:\\Windows\\system32\\",
            "Hashes" : "SHA1=3A01720B5E763630199E8D46195844986E31B0F0",
            "Image" : "C:\\Windows\\System32\\wermgr.exe",
            "IntegrityLevel" : "High",
            "LogonGuid" : "{704248D8-6DAE-5A2A-0000-002018250400}",
            "LogonId" : "0x42518",
            "ParentCommandLine" : "C:\\Windows\\system32\\svchost.exe -k netsvcs",
            "ParentImage" : "C:\\Windows\\System32\\svchost.exe",
            "ParentProcessGuid" : "{704248D8-6D76-5A2A-0000-0010221B0100}",
            "ParentProcessId" : "804",
            "ProcessGuid" : "{704248D8-70BB-5A2A-0000-001091ED1400}",
            "ProcessId" : "1604",
            "TerminalSessionId" : "1",
            "User" : "WIN-U1E6SADQQ7G\\Administrator",
            "UtcTime" : "2017-12-08 11:00:11.461"
          },
          "event_id" : 1,
          "host" : "WIN-U1E6SADQQ7G",
          "level" : "Information",
          "log_name" : "Microsoft-Windows-Sysmon/Operational",
          "message" : "Process Create:\nUtcTime: 2017-12-08 11:00:11.461\nProcessGuid: {704248D8-70BB-5A2A-0000-001091ED1400}\nProcessId: 1604\nImage: C:\\Windows\\System32\\wermgr.exe\nCommandLine: C:\\Windows\\system32\\wermgr.exe -queuereporting\nCurrentDirectory: C:\\Windows\\system32\\\nUser: WIN-U1E6SADQQ7G\\Administrator\nLogonGuid: {704248D8-6DAE-5A2A-0000-002018250400}\nLogonId: 0x42518\nTerminalSessionId: 1\nIntegrityLevel: High\nHashes: SHA1=3A01720B5E763630199E8D46195844986E31B0F0\nParentProcessGuid: {704248D8-6D76-5A2A-0000-0010221B0100}\nParentProcessId: 804\nParentImage: C:\\Windows\\System32\\svchost.exe\nParentCommandLine: C:\\Windows\\system32\\svchost.exe -k netsvcs",
          "opcode" : "Info",
          "process_id" : 1328,
          "provider_guid" : "{5770385F-C22A-43E0-BF4C-06F5698FFBD9}",
          "record_number" : "5749",
          "source_name" : "Microsoft-Windows-Sysmon",
          "task" : "Process Create (rule: ProcessCreate)",
          "thread_id" : 1960,
          "type" : "wineventlog",
          "user" : {
            "domain" : "NT AUTHORITY",
            "identifier" : "S-1-5-18",
            "name" : "SYSTEM",
            "type" : "User"
          },
          "version" : 5
        }
      },
      {
        "_index" : "test",
        "_type" : "wineventlog",
        "_id" : "AWBHnKa82lDISLgezrDe",
        "_score" : 1.0,
        "_source" : {
          "@timestamp" : 1512731030383,
          "@version" : "1",
          "beat" : {
            "hostname" : "WIN-U1E6SADQQ7G",
            "name" : "WIN-U1E6SADQQ7G",
            "version" : "5.6.3"
          },
          "computer_name" : "WIN-U1E6SADQQ7G",
          "event_data" : {
            "CreationUtcTime" : "2017-12-08 11:03:50.382",
            "Image" : "C:\\Windows\\Explorer.EXE",
            "PreviousCreationUtcTime" : "2017-12-08 11:03:50.382",
            "ProcessGuid" : "{704248D8-6DAF-5A2A-0000-0010833E0400}",
            "ProcessId" : "2740",
            "TargetFilename" : "C:\\Users\\Administrator\\AppData\\Local\\Microsoft\\Windows\\Explorer\\TileCacheLogo-1067593_100.dat",
            "UtcTime" : "2017-12-08 11:03:50.383"
          },
          "event_id" : 2,
          "host" : "WIN-U1E6SADQQ7G",
          "level" : "Information",
          "log_name" : "Microsoft-Windows-Sysmon/Operational",
          "message" : "File creation time changed:\nUtcTime: 2017-12-08 11:03:50.383\nProcessGuid: {704248D8-6DAF-5A2A-0000-0010833E0400}\nProcessId: 2740\nImage: C:\\Windows\\Explorer.EXE\nTargetFilename: C:\\Users\\Administrator\\AppData\\Local\\Microsoft\\Windows\\Explorer\\TileCacheLogo-1067593_100.dat\nCreationUtcTime: 2017-12-08 11:03:50.382\nPreviousCreationUtcTime: 2017-12-08 11:03:50.382",
          "opcode" : "Info",
          "process_id" : 1328,
          "provider_guid" : "{5770385F-C22A-43E0-BF4C-06F5698FFBD9}",
          "record_number" : "5776",
          "source_name" : "Microsoft-Windows-Sysmon",
          "task" : "File creation time changed (rule: FileCreateTime)",
          "thread_id" : 1960,
          "type" : "wineventlog",
          "user" : {
            "domain" : "NT AUTHORITY",
            "identifier" : "S-1-5-18",
            "name" : "SYSTEM",
            "type" : "User"
          },
          "version" : 4
        }
      },
      {
        "_index" : "test",
        "_type" : "wineventlog",
        "_id" : "AWBHnKa82lDISLgezrDj",
        "_score" : 1.0,
        "_source" : {
          "@timestamp" : 1512731037169,
          "@version" : "1",
          "beat" : {
            "hostname" : "WIN-U1E6SADQQ7G",
            "name" : "WIN-U1E6SADQQ7G",
            "version" : "5.6.3"
          },
          "computer_name" : "WIN-U1E6SADQQ7G",
          "event_data" : {
            "CommandLine" : "C:\\Windows\\system32\\lpremove.exe ",
            "CurrentDirectory" : "C:\\Windows\\system32\\",
            "Hashes" : "SHA1=46D6CCFF3FF1338F71C2DB405F0D516FAB7C0CF2",
            "Image" : "C:\\Windows\\System32\\lpremove.exe",
            "IntegrityLevel" : "System",
            "LogonGuid" : "{704248D8-6D75-5A2A-0000-0020E7030000}",
            "LogonId" : "0x3e7",
            "ParentCommandLine" : "C:\\Windows\\system32\\svchost.exe -k netsvcs",
            "ParentImage" : "C:\\Windows\\System32\\svchost.exe",
            "ParentProcessGuid" : "{704248D8-6D76-5A2A-0000-0010221B0100}",
            "ParentProcessId" : "804",
            "ProcessGuid" : "{704248D8-719D-5A2A-0000-001051CB1700}",
            "ProcessId" : "2736",
            "TerminalSessionId" : "0",
            "User" : "NT AUTHORITY\\SYSTEM",
            "UtcTime" : "2017-12-08 11:03:57.166"
          },
          "event_id" : 1,
          "host" : "WIN-U1E6SADQQ7G",
          "level" : "Information",
          "log_name" : "Microsoft-Windows-Sysmon/Operational",
          "message" : "Process Create:\nUtcTime: 2017-12-08 11:03:57.166\nProcessGuid: {704248D8-719D-5A2A-0000-001051CB1700}\nProcessId: 2736\nImage: C:\\Windows\\System32\\lpremove.exe\nCommandLine: C:\\Windows\\system32\\lpremove.exe \nCurrentDirectory: C:\\Windows\\system32\\\nUser: NT AUTHORITY\\SYSTEM\nLogonGuid: {704248D8-6D75-5A2A-0000-0020E7030000}\nLogonId: 0x3E7\nTerminalSessionId: 0\nIntegrityLevel: System\nHashes: SHA1=46D6CCFF3FF1338F71C2DB405F0D516FAB7C0CF2\nParentProcessGuid: {704248D8-6D76-5A2A-0000-0010221B0100}\nParentProcessId: 804\nParentImage: C:\\Windows\\System32\\svchost.exe\nParentCommandLine: C:\\Windows\\system32\\svchost.exe -k netsvcs",
          "opcode" : "Info",
          "process_id" : 1328,
          "provider_guid" : "{5770385F-C22A-43E0-BF4C-06F5698FFBD9}",
          "record_number" : "5810",
          "source_name" : "Microsoft-Windows-Sysmon",
          "task" : "Process Create (rule: ProcessCreate)",
          "thread_id" : 1960,
          "type" : "wineventlog",
          "user" : {
            "domain" : "NT AUTHORITY",
            "identifier" : "S-1-5-18",
            "name" : "SYSTEM",
            "type" : "User"
          },
          "version" : 5
        }
      },
      {
        "_index" : "test",
        "_type" : "wineventlog",
        "_id" : "AWBHnKa82lDISLgezrDt",
        "_score" : 1.0,
        "_source" : {
          "@timestamp" : 1512770214534,
          "@version" : "1",
          "beat" : {
            "hostname" : "WIN-U1E6SADQQ7G",
            "name" : "WIN-U1E6SADQQ7G",
            "version" : "5.6.3"
          },
          "computer_name" : "WIN-U1E6SADQQ7G",
          "event_data" : {
            "Image" : "C:\\Program Files (x86)\\Google\\Update\\GoogleUpdate.exe",
            "ProcessGuid" : "{704248D8-0AA5-5A2B-0000-00105D722500}",
            "ProcessId" : "4076",
            "UtcTime" : "2017-12-08 21:56:54.534"
          },
          "event_id" : 5,
          "host" : "WIN-U1E6SADQQ7G",
          "level" : "Information",
          "log_name" : "Microsoft-Windows-Sysmon/Operational",
          "message" : "Process terminated:\nUtcTime: 2017-12-08 21:56:54.534\nProcessGuid: {704248D8-0AA5-5A2B-0000-00105D722500}\nProcessId: 4076\nImage: C:\\Program Files (x86)\\Google\\Update\\GoogleUpdate.exe",
          "opcode" : "Info",
          "process_id" : 1328,
          "provider_guid" : "{5770385F-C22A-43E0-BF4C-06F5698FFBD9}",
          "record_number" : "6057",
          "source_name" : "Microsoft-Windows-Sysmon",
          "task" : "Process terminated (rule: ProcessTerminate)",
          "thread_id" : 1960,
          "type" : "wineventlog",
          "user" : {
            "domain" : "NT AUTHORITY",
            "identifier" : "S-1-5-18",
            "name" : "SYSTEM",
            "type" : "User"
          },
          "version" : 3
        }
      },
      {
        "_index" : "test",
        "_type" : "wineventlog",
        "_id" : "AWBHnKa82lDISLgezrDu",
        "_score" : 1.0,
        "_source" : {
          "@timestamp" : 1512770601865,
          "@version" : "1",
          "beat" : {
            "hostname" : "WIN-U1E6SADQQ7G",
            "name" : "WIN-U1E6SADQQ7G",
            "version" : "5.6.3"
          },
          "computer_name" : "WIN-U1E6SADQQ7G",
          "event_data" : {
            "Image" : "C:\\Windows\\System32\\wbem\\WmiPrvSE.exe",
            "ProcessGuid" : "{704248D8-0BD0-5A2B-0000-001078402600}",
            "ProcessId" : "3960",
            "UtcTime" : "2017-12-08 22:03:21.865"
          },
          "event_id" : 5,
          "host" : "WIN-U1E6SADQQ7G",
          "level" : "Information",
          "log_name" : "Microsoft-Windows-Sysmon/Operational",
          "message" : "Process terminated:\nUtcTime: 2017-12-08 22:03:21.865\nProcessGuid: {704248D8-0BD0-5A2B-0000-001078402600}\nProcessId: 3960\nImage: C:\\Windows\\System32\\wbem\\WmiPrvSE.exe",
          "opcode" : "Info",
          "process_id" : 1328,
          "provider_guid" : "{5770385F-C22A-43E0-BF4C-06F5698FFBD9}",
          "record_number" : "6074",
          "source_name" : "Microsoft-Windows-Sysmon",
          "task" : "Process terminated (rule: ProcessTerminate)",
          "thread_id" : 1960,
          "type" : "wineventlog",
          "user" : {
            "domain" : "NT AUTHORITY",
            "identifier" : "S-1-5-18",
            "name" : "SYSTEM",
            "type" : "User"
          },
          "version" : 3
        }
      },
      {
        "_index" : "test",
        "_type" : "wineventlog",
        "_id" : "AWBHnIZ92lDISLgezqjI",
        "_score" : 1.0,
        "_source" : {
          "@timestamp" : 1512691351072,
          "@version" : "1",
          "beat" : {
            "hostname" : "WIN-U1E6SADQQ7G",
            "name" : "WIN-U1E6SADQQ7G",
            "version" : "5.6.3"
          },
          "computer_name" : "WIN-U1E6SADQQ7G",
          "event_data" : {
            "Image" : "C:\\Program Files (x86)\\Google\\Update\\GoogleUpdate.exe",
            "ProcessGuid" : "{704248D8-D697-5A29-0000-00107448F400}",
            "ProcessId" : "3464",
            "UtcTime" : "2017-12-08 00:02:31.071"
          },
          "event_id" : 5,
          "host" : "WIN-U1E6SADQQ7G",
          "level" : "Information",
          "log_name" : "Microsoft-Windows-Sysmon/Operational",
          "message" : "Process terminated:\nUtcTime: 2017-12-08 00:02:31.071\nProcessGuid: {704248D8-D697-5A29-0000-00107448F400}\nProcessId: 3464\nImage: C:\\Program Files (x86)\\Google\\Update\\GoogleUpdate.exe",
          "opcode" : "Info",
          "process_id" : 520,
          "provider_guid" : "{5770385F-C22A-43E0-BF4C-06F5698FFBD9}",
          "record_number" : "3532",
          "source_name" : "Microsoft-Windows-Sysmon",
          "task" : "Process terminated (rule: ProcessTerminate)",
          "thread_id" : 3196,
          "type" : "wineventlog",
          "user" : {
            "domain" : "NT AUTHORITY",
            "identifier" : "S-1-5-18",
            "name" : "SYSTEM",
            "type" : "User"
          },
          "version" : 3
        }
      },
      {
        "_index" : "test",
        "_type" : "wineventlog",
        "_id" : "AWBHnIZ92lDISLgezqjS",
        "_score" : 1.0,
        "_source" : {
          "@timestamp" : 1512706721008,
          "@version" : "1",
          "beat" : {
            "hostname" : "WIN-U1E6SADQQ7G",
            "name" : "WIN-U1E6SADQQ7G",
            "version" : "5.6.3"
          },
          "computer_name" : "WIN-U1E6SADQQ7G",
          "event_data" : {
            "Image" : "C:\\Windows\\System32\\wbem\\WmiPrvSE.exe",
            "ProcessGuid" : "{704248D8-1254-5A2A-0000-0010C6610A01}",
            "ProcessId" : "3800",
            "UtcTime" : "2017-12-08 04:18:41.008"
          },
          "event_id" : 5,
          "host" : "WIN-U1E6SADQQ7G",
          "level" : "Information",
          "log_name" : "Microsoft-Windows-Sysmon/Operational",
          "message" : "Process terminated:\nUtcTime: 2017-12-08 04:18:41.008\nProcessGuid: {704248D8-1254-5A2A-0000-0010C6610A01}\nProcessId: 3800\nImage: C:\\Windows\\System32\\wbem\\WmiPrvSE.exe",
          "opcode" : "Info",
          "process_id" : 520,
          "provider_guid" : "{5770385F-C22A-43E0-BF4C-06F5698FFBD9}",
          "record_number" : "3909",
          "source_name" : "Microsoft-Windows-Sysmon",
          "task" : "Process terminated (rule: ProcessTerminate)",
          "thread_id" : 3196,
          "type" : "wineventlog",
          "user" : {
            "domain" : "NT AUTHORITY",
            "identifier" : "S-1-5-18",
            "name" : "SYSTEM",
            "type" : "User"
          },
          "version" : 3
        }
      },
      {
        "_index" : "test",
        "_type" : "wineventlog",
        "_id" : "AWBHnIZ92lDISLgezqjT",
        "_score" : 1.0,
        "_source" : {
          "@timestamp" : 1512707244118,
          "@version" : "1",
          "beat" : {
            "hostname" : "WIN-U1E6SADQQ7G",
            "name" : "WIN-U1E6SADQQ7G",
            "version" : "5.6.3"
          },
          "computer_name" : "WIN-U1E6SADQQ7G",
          "event_data" : {
            "CommandLine" : "C:\\Windows\\system32\\wbem\\wmiprvse.exe -Embedding",
            "CurrentDirectory" : "C:\\Windows\\system32\\",
            "Hashes" : "SHA1=1AA3FDA50123DD14A055B4D6601BEEDEAD69FE11",
            "Image" : "C:\\Windows\\System32\\wbem\\WmiPrvSE.exe",
            "IntegrityLevel" : "System",
            "LogonGuid" : "{704248D8-BA39-59F8-0000-0020E7030000}",
            "LogonId" : "0x3e7",
            "ParentCommandLine" : "C:\\Windows\\system32\\svchost.exe -k DcomLaunch",
            "ParentImage" : "C:\\Windows\\System32\\svchost.exe",
            "ParentProcessGuid" : "{704248D8-BA39-59F8-0000-00103BBA0000}",
            "ParentProcessId" : "544",
            "ProcessGuid" : "{704248D8-14AC-5A2A-0000-001019940C01}",
            "ProcessId" : "3140",
            "TerminalSessionId" : "0",
            "User" : "NT AUTHORITY\\SYSTEM",
            "UtcTime" : "2017-12-08 04:27:24.112"
          },
          "event_id" : 1,
          "host" : "WIN-U1E6SADQQ7G",
          "level" : "Information",
          "log_name" : "Microsoft-Windows-Sysmon/Operational",
          "message" : "Process Create:\nUtcTime: 2017-12-08 04:27:24.112\nProcessGuid: {704248D8-14AC-5A2A-0000-001019940C01}\nProcessId: 3140\nImage: C:\\Windows\\System32\\wbem\\WmiPrvSE.exe\nCommandLine: C:\\Windows\\system32\\wbem\\wmiprvse.exe -Embedding\nCurrentDirectory: C:\\Windows\\system32\\\nUser: NT AUTHORITY\\SYSTEM\nLogonGuid: {704248D8-BA39-59F8-0000-0020E7030000}\nLogonId: 0x3E7\nTerminalSessionId: 0\nIntegrityLevel: System\nHashes: SHA1=1AA3FDA50123DD14A055B4D6601BEEDEAD69FE11\nParentProcessGuid: {704248D8-BA39-59F8-0000-00103BBA0000}\nParentProcessId: 544\nParentImage: C:\\Windows\\System32\\svchost.exe\nParentCommandLine: C:\\Windows\\system32\\svchost.exe -k DcomLaunch",
          "opcode" : "Info",
          "process_id" : 520,
          "provider_guid" : "{5770385F-C22A-43E0-BF4C-06F5698FFBD9}",
          "record_number" : "3946",
          "source_name" : "Microsoft-Windows-Sysmon",
          "task" : "Process Create (rule: ProcessCreate)",
          "thread_id" : 3196,
          "type" : "wineventlog",
          "user" : {
            "domain" : "NT AUTHORITY",
            "identifier" : "S-1-5-18",
            "name" : "SYSTEM",
            "type" : "User"
          },
          "version" : 5
        }
      },
      {
        "_index" : "test",
        "_type" : "wineventlog",
        "_id" : "AWBHnIZ92lDISLgezqjZ",
        "_score" : 1.0,
        "_source" : {
          "@timestamp" : 1512710332429,
          "@version" : "1",
          "beat" : {
            "hostname" : "WIN-U1E6SADQQ7G",
            "name" : "WIN-U1E6SADQQ7G",
            "version" : "5.6.3"
          },
          "computer_name" : "WIN-U1E6SADQQ7G",
          "event_data" : {
            "Image" : "C:\\Windows\\System32\\wbem\\WmiPrvSE.exe",
            "ProcessGuid" : "{704248D8-2064-5A2A-0000-00101C4C1801}",
            "ProcessId" : "4672",
            "UtcTime" : "2017-12-08 05:18:52.429"
          },
          "event_id" : 5,
          "host" : "WIN-U1E6SADQQ7G",
          "level" : "Information",
          "log_name" : "Microsoft-Windows-Sysmon/Operational",
          "message" : "Process terminated:\nUtcTime: 2017-12-08 05:18:52.429\nProcessGuid: {704248D8-2064-5A2A-0000-00101C4C1801}\nProcessId: 4672\nImage: C:\\Windows\\System32\\wbem\\WmiPrvSE.exe",
          "opcode" : "Info",
          "process_id" : 520,
          "provider_guid" : "{5770385F-C22A-43E0-BF4C-06F5698FFBD9}",
          "record_number" : "4085",
          "source_name" : "Microsoft-Windows-Sysmon",
          "task" : "Process terminated (rule: ProcessTerminate)",
          "thread_id" : 3196,
          "type" : "wineventlog",
          "user" : {
            "domain" : "NT AUTHORITY",
            "identifier" : "S-1-5-18",
            "name" : "SYSTEM",
            "type" : "User"
          },
          "version" : 3
        }
      },
      {
        "_index" : "test",
        "_type" : "wineventlog",
        "_id" : "AWBHnIZ92lDISLgezqjg",
        "_score" : 1.0,
        "_source" : {
          "@timestamp" : 1512715643949,
          "@version" : "1",
          "beat" : {
            "hostname" : "WIN-U1E6SADQQ7G",
            "name" : "WIN-U1E6SADQQ7G",
            "version" : "5.6.3"
          },
          "computer_name" : "WIN-U1E6SADQQ7G",
          "event_data" : {
            "CommandLine" : "C:\\Windows\\system32\\wbem\\wmiprvse.exe -Embedding",
            "CurrentDirectory" : "C:\\Windows\\system32\\",
            "Hashes" : "SHA1=1AA3FDA50123DD14A055B4D6601BEEDEAD69FE11",
            "Image" : "C:\\Windows\\System32\\wbem\\WmiPrvSE.exe",
            "IntegrityLevel" : "System",
            "LogonGuid" : "{704248D8-BA39-59F8-0000-0020E7030000}",
            "LogonId" : "0x3e7",
            "ParentCommandLine" : "C:\\Windows\\system32\\svchost.exe -k DcomLaunch",
            "ParentImage" : "C:\\Windows\\System32\\svchost.exe",
            "ParentProcessGuid" : "{704248D8-BA39-59F8-0000-00103BBA0000}",
            "ParentProcessId" : "544",
            "ProcessGuid" : "{704248D8-357B-5A2A-0000-0010C3EB2601}",
            "ProcessId" : "1172",
            "TerminalSessionId" : "0",
            "User" : "NT AUTHORITY\\SYSTEM",
            "UtcTime" : "2017-12-08 06:47:23.948"
          },
          "event_id" : 1,
          "host" : "WIN-U1E6SADQQ7G",
          "level" : "Information",
          "log_name" : "Microsoft-Windows-Sysmon/Operational",
          "message" : "Process Create:\nUtcTime: 2017-12-08 06:47:23.948\nProcessGuid: {704248D8-357B-5A2A-0000-0010C3EB2601}\nProcessId: 1172\nImage: C:\\Windows\\System32\\wbem\\WmiPrvSE.exe\nCommandLine: C:\\Windows\\system32\\wbem\\wmiprvse.exe -Embedding\nCurrentDirectory: C:\\Windows\\system32\\\nUser: NT AUTHORITY\\SYSTEM\nLogonGuid: {704248D8-BA39-59F8-0000-0020E7030000}\nLogonId: 0x3E7\nTerminalSessionId: 0\nIntegrityLevel: System\nHashes: SHA1=1AA3FDA50123DD14A055B4D6601BEEDEAD69FE11\nParentProcessGuid: {704248D8-BA39-59F8-0000-00103BBA0000}\nParentProcessId: 544\nParentImage: C:\\Windows\\System32\\svchost.exe\nParentCommandLine: C:\\Windows\\system32\\svchost.exe -k DcomLaunch",
          "opcode" : "Info",
          "process_id" : 520,
          "provider_guid" : "{5770385F-C22A-43E0-BF4C-06F5698FFBD9}",
          "record_number" : "4291",
          "source_name" : "Microsoft-Windows-Sysmon",
          "task" : "Process Create (rule: ProcessCreate)",
          "thread_id" : 3196,
          "type" : "wineventlog",
          "user" : {
            "domain" : "NT AUTHORITY",
            "identifier" : "S-1-5-18",
            "name" : "SYSTEM",
            "type" : "User"
          },
          "version" : 5
        }
      },
