      {
        "_index" : "test",
        "_type" : "wineventlog",
        "_id" : "AWBHnIZ92lDISLgezqj7",
        "_score" : 1.0,
        "_source" : {
          "@timestamp" : 1512725830818,
          "@version" : "1",
          "beat" : {
            "hostname" : "WIN-U1E6SADQQ7G",
            "name" : "WIN-U1E6SADQQ7G",
            "version" : "5.6.3"
          },
          "computer_name" : "WIN-U1E6SADQQ7G",
          "event_data" : {
            "CommandLine" : "cmd",
            "CurrentDirectory" : "C:\\Users\\Administrator\\Downloads\\Sysmon\\",
            "Hashes" : "SHA1=7C3D7281E1151FE4127923F4B4C3CD36438E1A12",
            "Image" : "C:\\Windows\\System32\\cmd.exe",
            "IntegrityLevel" : "High",
            "LogonGuid" : "{704248D8-4D8D-5A2A-0000-00202D861900}",
            "LogonId" : "0x19862d",
            "ParentCommandLine" : "cmd",
            "ParentImage" : "C:\\Windows\\System32\\cmd.exe",
            "ParentProcessGuid" : "{704248D8-5959-5A2A-0000-001024F02800}",
            "ParentProcessId" : "1308",
            "ProcessGuid" : "{704248D8-5D46-5A2A-0000-001014983800}",
            "ProcessId" : "2760",
            "TerminalSessionId" : "1",
            "User" : "WIN-U1E6SADQQ7G\\Administrator",
            "UtcTime" : "2017-12-08 09:37:10.809"
          },
          "event_id" : 1,
          "host" : "WIN-U1E6SADQQ7G",
          "level" : "Information",
          "log_name" : "Microsoft-Windows-Sysmon/Operational",
          "message" : "Process Create:\nUtcTime: 2017-12-08 09:37:10.809\nProcessGuid: {704248D8-5D46-5A2A-0000-001014983800}\nProcessId: 2760\nImage: C:\\Windows\\System32\\cmd.exe\nCommandLine: cmd\nCurrentDirectory: C:\\Users\\Administrator\\Downloads\\Sysmon\\\nUser: WIN-U1E6SADQQ7G\\Administrator\nLogonGuid: {704248D8-4D8D-5A2A-0000-00202D861900}\nLogonId: 0x19862D\nTerminalSessionId: 1\nIntegrityLevel: High\nHashes: SHA1=7C3D7281E1151FE4127923F4B4C3CD36438E1A12\nParentProcessGuid: {704248D8-5959-5A2A-0000-001024F02800}\nParentProcessId: 1308\nParentImage: C:\\Windows\\System32\\cmd.exe\nParentCommandLine: cmd",
          "opcode" : "Info",
          "process_id" : 1984,
          "provider_guid" : "{5770385F-C22A-43E0-BF4C-06F5698FFBD9}",
          "record_number" : "5047",
          "source_name" : "Microsoft-Windows-Sysmon",
          "task" : "Process Create (rule: ProcessCreate)",
          "thread_id" : 2576,
          "type" : "wineventlog",
          "user" : {
            "domain" : "NT AUTHORITY",
            "identifier" : "S-1-5-18",
            "name" : "SYSTEM",
            "type" : "User"
          },
          "version" : 5
        }
      },
      {
        "_index" : "test",
        "_type" : "wineventlog",
        "_id" : "AWBHnIZ92lDISLgezqj8",
        "_score" : 1.0,
        "_source" : {
          "@timestamp" : 1512725896218,
          "@version" : "1",
          "beat" : {
            "hostname" : "WIN-U1E6SADQQ7G",
            "name" : "WIN-U1E6SADQQ7G",
            "version" : "5.6.3"
          },
          "computer_name" : "WIN-U1E6SADQQ7G",
          "event_data" : {
            "CommandLine" : "C:\\Windows\\system32\\DllHost.exe /Processid:{AB8902B4-09CA-4BB6-B78D-A8F59079A8D5}",
            "CurrentDirectory" : "C:\\Windows\\system32\\",
            "Hashes" : "SHA1=635D234B72F097105153A8D24080826E404F9273",
            "Image" : "C:\\Windows\\System32\\dllhost.exe",
            "IntegrityLevel" : "High",
            "LogonGuid" : "{704248D8-4D8D-5A2A-0000-00202D861900}",
            "LogonId" : "0x19862d",
            "ParentCommandLine" : "C:\\Windows\\system32\\svchost.exe -k DcomLaunch",
            "ParentImage" : "C:\\Windows\\System32\\svchost.exe",
            "ParentProcessGuid" : "{704248D8-4A15-5A2A-0000-001080BA0000}",
            "ParentProcessId" : "536",
            "ProcessGuid" : "{704248D8-5D88-5A2A-0000-0010E2E73900}",
            "ProcessId" : "2956",
            "TerminalSessionId" : "1",
            "User" : "WIN-U1E6SADQQ7G\\Administrator",
            "UtcTime" : "2017-12-08 09:38:16.149"
          },
          "event_id" : 1,
          "host" : "WIN-U1E6SADQQ7G",
          "level" : "Information",
          "log_name" : "Microsoft-Windows-Sysmon/Operational",
          "message" : "Process Create:\nUtcTime: 2017-12-08 09:38:16.149\nProcessGuid: {704248D8-5D88-5A2A-0000-0010E2E73900}\nProcessId: 2956\nImage: C:\\Windows\\System32\\dllhost.exe\nCommandLine: C:\\Windows\\system32\\DllHost.exe /Processid:{AB8902B4-09CA-4BB6-B78D-A8F59079A8D5}\nCurrentDirectory: C:\\Windows\\system32\\\nUser: WIN-U1E6SADQQ7G\\Administrator\nLogonGuid: {704248D8-4D8D-5A2A-0000-00202D861900}\nLogonId: 0x19862D\nTerminalSessionId: 1\nIntegrityLevel: High\nHashes: SHA1=635D234B72F097105153A8D24080826E404F9273\nParentProcessGuid: {704248D8-4A15-5A2A-0000-001080BA0000}\nParentProcessId: 536\nParentImage: C:\\Windows\\System32\\svchost.exe\nParentCommandLine: C:\\Windows\\system32\\svchost.exe -k DcomLaunch",
          "opcode" : "Info",
          "process_id" : 1984,
          "provider_guid" : "{5770385F-C22A-43E0-BF4C-06F5698FFBD9}",
          "record_number" : "5051",
          "source_name" : "Microsoft-Windows-Sysmon",
          "task" : "Process Create (rule: ProcessCreate)",
          "thread_id" : 2576,
          "type" : "wineventlog",
          "user" : {
            "domain" : "NT AUTHORITY",
            "identifier" : "S-1-5-18",
            "name" : "SYSTEM",
            "type" : "User"
          },
          "version" : 5
        }
      },
      {
        "_index" : "test",
        "_type" : "wineventlog",
        "_id" : "AWBHnIZ92lDISLgezqkF",
        "_score" : 1.0,
        "_source" : {
          "@timestamp" : 1512726367050,
          "@version" : "1",
          "beat" : {
            "hostname" : "WIN-U1E6SADQQ7G",
            "name" : "WIN-U1E6SADQQ7G",
            "version" : "5.6.3"
          },
          "computer_name" : "WIN-U1E6SADQQ7G",
          "event_data" : {
            "CommandLine" : "at",
            "CurrentDirectory" : "C:\\Users\\Administrator\\Downloads\\",
            "Hashes" : "SHA1=AB2909A696991B728F42FFB616C77D8CA4A1A798",
            "Image" : "C:\\Windows\\System32\\at.exe",
            "IntegrityLevel" : "High",
            "LogonGuid" : "{704248D8-4D8D-5A2A-0000-00202D861900}",
            "LogonId" : "0x19862d",
            "ParentCommandLine" : "cmd",
            "ParentImage" : "C:\\Windows\\System32\\cmd.exe",
            "ParentProcessGuid" : "{704248D8-5D46-5A2A-0000-001014983800}",
            "ParentProcessId" : "2760",
            "ProcessGuid" : "{704248D8-5F5F-5A2A-0000-001000524100}",
            "ProcessId" : "2464",
            "TerminalSessionId" : "1",
            "User" : "WIN-U1E6SADQQ7G\\Administrator",
            "UtcTime" : "2017-12-08 09:46:07.043"
          },
          "event_id" : 1,
          "host" : "WIN-U1E6SADQQ7G",
          "level" : "Information",
          "log_name" : "Microsoft-Windows-Sysmon/Operational",
          "message" : "Process Create:\nUtcTime: 2017-12-08 09:46:07.043\nProcessGuid: {704248D8-5F5F-5A2A-0000-001000524100}\nProcessId: 2464\nImage: C:\\Windows\\System32\\at.exe\nCommandLine: at\nCurrentDirectory: C:\\Users\\Administrator\\Downloads\\\nUser: WIN-U1E6SADQQ7G\\Administrator\nLogonGuid: {704248D8-4D8D-5A2A-0000-00202D861900}\nLogonId: 0x19862D\nTerminalSessionId: 1\nIntegrityLevel: High\nHashes: SHA1=AB2909A696991B728F42FFB616C77D8CA4A1A798\nParentProcessGuid: {704248D8-5D46-5A2A-0000-001014983800}\nParentProcessId: 2760\nParentImage: C:\\Windows\\System32\\cmd.exe\nParentCommandLine: cmd",
          "opcode" : "Info",
          "process_id" : 1984,
          "provider_guid" : "{5770385F-C22A-43E0-BF4C-06F5698FFBD9}",
          "record_number" : "5074",
          "source_name" : "Microsoft-Windows-Sysmon",
          "task" : "Process Create (rule: ProcessCreate)",
          "thread_id" : 2576,
          "type" : "wineventlog",
          "user" : {
            "domain" : "NT AUTHORITY",
            "identifier" : "S-1-5-18",
            "name" : "SYSTEM",
            "type" : "User"
          },
          "version" : 5
        }
      },
      {
        "_index" : "test",
        "_type" : "wineventlog",
        "_id" : "AWBHnIZ92lDISLgezqkG",
        "_score" : 1.0,
        "_source" : {
          "@timestamp" : 1512726367067,
          "@version" : "1",
          "beat" : {
            "hostname" : "WIN-U1E6SADQQ7G",
            "name" : "WIN-U1E6SADQQ7G",
            "version" : "5.6.3"
          },
          "computer_name" : "WIN-U1E6SADQQ7G",
          "event_data" : {
            "Image" : "C:\\Windows\\System32\\at.exe",
            "ProcessGuid" : "{704248D8-5F5F-5A2A-0000-001000524100}",
            "ProcessId" : "2464",
            "UtcTime" : "2017-12-08 09:46:07.067"
          },
          "event_id" : 5,
          "host" : "WIN-U1E6SADQQ7G",
          "level" : "Information",
          "log_name" : "Microsoft-Windows-Sysmon/Operational",
          "message" : "Process terminated:\nUtcTime: 2017-12-08 09:46:07.067\nProcessGuid: {704248D8-5F5F-5A2A-0000-001000524100}\nProcessId: 2464\nImage: C:\\Windows\\System32\\at.exe",
          "opcode" : "Info",
          "process_id" : 1984,
          "provider_guid" : "{5770385F-C22A-43E0-BF4C-06F5698FFBD9}",
          "record_number" : "5075",
          "source_name" : "Microsoft-Windows-Sysmon",
          "task" : "Process terminated (rule: ProcessTerminate)",
          "thread_id" : 2576,
          "type" : "wineventlog",
          "user" : {
            "domain" : "NT AUTHORITY",
            "identifier" : "S-1-5-18",
            "name" : "SYSTEM",
            "type" : "User"
          },
          "version" : 3
        }
      },
      {
        "_index" : "test",
        "_type" : "wineventlog",
        "_id" : "AWBHnIZ92lDISLgezqkH",
        "_score" : 1.0,
        "_source" : {
          "@timestamp" : 1512727350951,
          "@version" : "1",
          "beat" : {
            "hostname" : "WIN-U1E6SADQQ7G",
            "name" : "WIN-U1E6SADQQ7G",
            "version" : "5.6.3"
          },
          "computer_name" : "WIN-U1E6SADQQ7G",
          "event_data" : {
            "CommandLine" : "\"C:\\Program Files (x86)\\Google\\Update\\GoogleUpdate.exe\" /ua /installsource scheduler",
            "CurrentDirectory" : "C:\\Windows\\system32\\",
            "Hashes" : "SHA1=290093ED555F56B0896AEBD1E2D498B0E554D697",
            "Image" : "C:\\Program Files (x86)\\Google\\Update\\GoogleUpdate.exe",
            "IntegrityLevel" : "System",
            "LogonGuid" : "{704248D8-4A14-5A2A-0000-0020E7030000}",
            "LogonId" : "0x3e7",
            "ParentCommandLine" : "taskeng.exe {47F23879-18C3-4029-AEE3-856C27E2BAD6} S-1-5-18:NT AUTHORITY\\System:Service:",
            "ParentImage" : "C:\\Windows\\System32\\taskeng.exe",
            "ParentProcessGuid" : "{704248D8-6336-5A2A-0000-0010620D4500}",
            "ParentProcessId" : "1772",
            "ProcessGuid" : "{704248D8-6336-5A2A-0000-0010A10E4500}",
            "ProcessId" : "1680",
            "TerminalSessionId" : "0",
            "User" : "NT AUTHORITY\\SYSTEM",
            "UtcTime" : "2017-12-08 10:02:30.948"
          },
          "event_id" : 1,
          "host" : "WIN-U1E6SADQQ7G",
          "level" : "Information",
          "log_name" : "Microsoft-Windows-Sysmon/Operational",
          "message" : "Process Create:\nUtcTime: 2017-12-08 10:02:30.948\nProcessGuid: {704248D8-6336-5A2A-0000-0010A10E4500}\nProcessId: 1680\nImage: C:\\Program Files (x86)\\Google\\Update\\GoogleUpdate.exe\nCommandLine: \"C:\\Program Files (x86)\\Google\\Update\\GoogleUpdate.exe\" /ua /installsource scheduler\nCurrentDirectory: C:\\Windows\\system32\\\nUser: NT AUTHORITY\\SYSTEM\nLogonGuid: {704248D8-4A14-5A2A-0000-0020E7030000}\nLogonId: 0x3E7\nTerminalSessionId: 0\nIntegrityLevel: System\nHashes: SHA1=290093ED555F56B0896AEBD1E2D498B0E554D697\nParentProcessGuid: {704248D8-6336-5A2A-0000-0010620D4500}\nParentProcessId: 1772\nParentImage: C:\\Windows\\System32\\taskeng.exe\nParentCommandLine: taskeng.exe {47F23879-18C3-4029-AEE3-856C27E2BAD6} S-1-5-18:NT AUTHORITY\\System:Service:",
          "opcode" : "Info",
          "process_id" : 1984,
          "provider_guid" : "{5770385F-C22A-43E0-BF4C-06F5698FFBD9}",
          "record_number" : "5112",
          "source_name" : "Microsoft-Windows-Sysmon",
          "task" : "Process Create (rule: ProcessCreate)",
          "thread_id" : 2576,
          "type" : "wineventlog",
          "user" : {
            "domain" : "NT AUTHORITY",
            "identifier" : "S-1-5-18",
            "name" : "SYSTEM",
            "type" : "User"
          },
          "version" : 5
        }
      },
      {
        "_index" : "test",
        "_type" : "wineventlog",
        "_id" : "AWBHnIZ92lDISLgezqkK",
        "_score" : 1.0,
        "_source" : {
          "@timestamp" : 1512727334268,
          "@version" : "1",
          "beat" : {
            "hostname" : "WIN-U1E6SADQQ7G",
            "name" : "WIN-U1E6SADQQ7G",
            "version" : "5.6.3"
          },
          "computer_name" : "WIN-U1E6SADQQ7G",
          "event_data" : {
            "Image" : "C:\\Windows\\System32\\wbem\\WmiPrvSE.exe",
            "ProcessGuid" : "{704248D8-62B0-5A2A-0000-001017AD4400}",
            "ProcessId" : "1100",
            "UtcTime" : "2017-12-08 10:02:14.268"
          },
          "event_id" : 5,
          "host" : "WIN-U1E6SADQQ7G",
          "level" : "Information",
          "log_name" : "Microsoft-Windows-Sysmon/Operational",
          "message" : "Process terminated:\nUtcTime: 2017-12-08 10:02:14.268\nProcessGuid: {704248D8-62B0-5A2A-0000-001017AD4400}\nProcessId: 1100\nImage: C:\\Windows\\System32\\wbem\\WmiPrvSE.exe",
          "opcode" : "Info",
          "process_id" : 1984,
          "provider_guid" : "{5770385F-C22A-43E0-BF4C-06F5698FFBD9}",
          "record_number" : "5110",
          "source_name" : "Microsoft-Windows-Sysmon",
          "task" : "Process terminated (rule: ProcessTerminate)",
          "thread_id" : 2576,
          "type" : "wineventlog",
          "user" : {
            "domain" : "NT AUTHORITY",
            "identifier" : "S-1-5-18",
            "name" : "SYSTEM",
            "type" : "User"
          },
          "version" : 3
        }
      },
      {
        "_index" : "test",
        "_type" : "wineventlog",
        "_id" : "AWBHnIZ92lDISLgezqkM",
        "_score" : 1.0,
        "_source" : {
          "@timestamp" : 1512727581524,
          "@version" : "1",
          "beat" : {
            "hostname" : "WIN-U1E6SADQQ7G",
            "name" : "WIN-U1E6SADQQ7G",
            "version" : "5.6.3"
          },
          "computer_name" : "WIN-U1E6SADQQ7G",
          "event_data" : {
            "CreationUtcTime" : "2017-06-14 16:26:39.756",
            "Image" : "C:\\Program Files (x86)\\Google\\Chrome\\Application\\chrome.exe",
            "PreviousCreationUtcTime" : "2017-12-08 10:06:21.521",
            "ProcessGuid" : "{704248D8-5014-5A2A-0000-001017712000}",
            "ProcessId" : "2524",
            "TargetFilename" : "C:\\Users\\Administrator\\AppData\\Local\\Google\\Chrome\\User Data\\5e45247c-0879-4d37-b8f5-b65bfa5b98f1.tmp",
            "UtcTime" : "2017-12-08 10:06:21.523"
          },
          "event_id" : 2,
          "host" : "WIN-U1E6SADQQ7G",
          "level" : "Information",
          "log_name" : "Microsoft-Windows-Sysmon/Operational",
          "message" : "File creation time changed:\nUtcTime: 2017-12-08 10:06:21.523\nProcessGuid: {704248D8-5014-5A2A-0000-001017712000}\nProcessId: 2524\nImage: C:\\Program Files (x86)\\Google\\Chrome\\Application\\chrome.exe\nTargetFilename: C:\\Users\\Administrator\\AppData\\Local\\Google\\Chrome\\User Data\\5e45247c-0879-4d37-b8f5-b65bfa5b98f1.tmp\nCreationUtcTime: 2017-06-14 16:26:39.756\nPreviousCreationUtcTime: 2017-12-08 10:06:21.521",
          "opcode" : "Info",
          "process_id" : 1984,
          "provider_guid" : "{5770385F-C22A-43E0-BF4C-06F5698FFBD9}",
          "record_number" : "5186",
          "source_name" : "Microsoft-Windows-Sysmon",
          "task" : "File creation time changed (rule: FileCreateTime)",
          "thread_id" : 2576,
          "type" : "wineventlog",
          "user" : {
            "domain" : "NT AUTHORITY",
            "identifier" : "S-1-5-18",
            "name" : "SYSTEM",
            "type" : "User"
          },
          "version" : 4
        }
      },
      {
        "_index" : "test",
        "_type" : "wineventlog",
        "_id" : "AWBHnIZ92lDISLgezqkP",
        "_score" : 1.0,
        "_source" : {
          "@timestamp" : 1512727593679,
          "@version" : "1",
          "beat" : {
            "hostname" : "WIN-U1E6SADQQ7G",
            "name" : "WIN-U1E6SADQQ7G",
            "version" : "5.6.3"
          },
          "computer_name" : "WIN-U1E6SADQQ7G",
          "event_data" : {
            "CreationUtcTime" : "2017-06-14 16:26:44.319",
            "Image" : "C:\\Program Files (x86)\\Google\\Chrome\\Application\\chrome.exe",
            "PreviousCreationUtcTime" : "2017-12-08 10:06:33.677",
            "ProcessGuid" : "{704248D8-5014-5A2A-0000-001017712000}",
            "ProcessId" : "2524",
            "TargetFilename" : "C:\\Users\\Administrator\\AppData\\Local\\Google\\Chrome\\User Data\\Default\\Service Worker\\ScriptCache\\index-dir\\temp-index",
            "UtcTime" : "2017-12-08 10:06:33.678"
          },
          "event_id" : 2,
          "host" : "WIN-U1E6SADQQ7G",
          "level" : "Information",
          "log_name" : "Microsoft-Windows-Sysmon/Operational",
          "message" : "File creation time changed:\nUtcTime: 2017-12-08 10:06:33.678\nProcessGuid: {704248D8-5014-5A2A-0000-001017712000}\nProcessId: 2524\nImage: C:\\Program Files (x86)\\Google\\Chrome\\Application\\chrome.exe\nTargetFilename: C:\\Users\\Administrator\\AppData\\Local\\Google\\Chrome\\User Data\\Default\\Service Worker\\ScriptCache\\index-dir\\temp-index\nCreationUtcTime: 2017-06-14 16:26:44.319\nPreviousCreationUtcTime: 2017-12-08 10:06:33.677",
          "opcode" : "Info",
          "process_id" : 1984,
          "provider_guid" : "{5770385F-C22A-43E0-BF4C-06F5698FFBD9}",
          "record_number" : "5201",
          "source_name" : "Microsoft-Windows-Sysmon",
          "task" : "File creation time changed (rule: FileCreateTime)",
          "thread_id" : 2576,
          "type" : "wineventlog",
          "user" : {
            "domain" : "NT AUTHORITY",
            "identifier" : "S-1-5-18",
            "name" : "SYSTEM",
            "type" : "User"
          },
          "version" : 4
        }
      },
      {
        "_index" : "test",
        "_type" : "wineventlog",
        "_id" : "AWBHnIZ92lDISLgezqkS",
        "_score" : 1.0,
        "_source" : {
          "@timestamp" : 1512727651022,
          "@version" : "1",
          "beat" : {
            "hostname" : "WIN-U1E6SADQQ7G",
            "name" : "WIN-U1E6SADQQ7G",
            "version" : "5.6.3"
          },
          "computer_name" : "WIN-U1E6SADQQ7G",
          "event_data" : {
            "Image" : "C:\\Windows\\System32\\taskeng.exe",
            "ProcessGuid" : "{704248D8-6336-5A2A-0000-0010620D4500}",
            "ProcessId" : "1772",
            "UtcTime" : "2017-12-08 10:07:31.022"
          },
          "event_id" : 5,
          "host" : "WIN-U1E6SADQQ7G",
          "level" : "Information",
          "log_name" : "Microsoft-Windows-Sysmon/Operational",
          "message" : "Process terminated:\nUtcTime: 2017-12-08 10:07:31.022\nProcessGuid: {704248D8-6336-5A2A-0000-0010620D4500}\nProcessId: 1772\nImage: C:\\Windows\\System32\\taskeng.exe",
          "opcode" : "Info",
          "process_id" : 1984,
          "provider_guid" : "{5770385F-C22A-43E0-BF4C-06F5698FFBD9}",
          "record_number" : "5212",
          "source_name" : "Microsoft-Windows-Sysmon",
          "task" : "Process terminated (rule: ProcessTerminate)",
          "thread_id" : 2576,
          "type" : "wineventlog",
          "user" : {
            "domain" : "NT AUTHORITY",
            "identifier" : "S-1-5-18",
            "name" : "SYSTEM",
            "type" : "User"
          },
          "version" : 3
        }
      },
      {
        "_index" : "test",
        "_type" : "wineventlog",
        "_id" : "AWBHnIZ92lDISLgezqkb",
        "_score" : 1.0,
        "_source" : {
          "@timestamp" : 1512727748427,
          "@version" : "1",
          "beat" : {
            "hostname" : "WIN-U1E6SADQQ7G",
            "name" : "WIN-U1E6SADQQ7G",
            "version" : "5.6.3"
          },
          "computer_name" : "WIN-U1E6SADQQ7G",
          "event_data" : {
            "Image" : "C:\\Windows\\System32\\cmd.exe",
            "ProcessGuid" : "{704248D8-54C2-5A2A-0000-0010C2B12500}",
            "ProcessId" : "2976",
            "UtcTime" : "2017-12-08 10:09:08.422"
          },
          "event_id" : 5,
          "host" : "WIN-U1E6SADQQ7G",
          "level" : "Information",
          "log_name" : "Microsoft-Windows-Sysmon/Operational",
          "message" : "Process terminated:\nUtcTime: 2017-12-08 10:09:08.422\nProcessGuid: {704248D8-54C2-5A2A-0000-0010C2B12500}\nProcessId: 2976\nImage: C:\\Windows\\System32\\cmd.exe",
          "opcode" : "Info",
          "process_id" : 1984,
          "provider_guid" : "{5770385F-C22A-43E0-BF4C-06F5698FFBD9}",
          "record_number" : "5219",
          "source_name" : "Microsoft-Windows-Sysmon",
          "task" : "Process terminated (rule: ProcessTerminate)",
          "thread_id" : 2576,
          "type" : "wineventlog",
          "user" : {
            "domain" : "NT AUTHORITY",
            "identifier" : "S-1-5-18",
            "name" : "SYSTEM",
            "type" : "User"
          },
          "version" : 3
        }
      },
      {
        "_index" : "test",
        "_type" : "wineventlog",
        "_id" : "AWBHnIZ92lDISLgezqkc",
        "_score" : 1.0,
        "_source" : {
          "@timestamp" : 1512727748452,
          "@version" : "1",
          "beat" : {
            "hostname" : "WIN-U1E6SADQQ7G",
            "name" : "WIN-U1E6SADQQ7G",
            "version" : "5.6.3"
          },
          "computer_name" : "WIN-U1E6SADQQ7G",
          "event_data" : {
            "Image" : "C:\\Windows\\System32\\conhost.exe",
            "ProcessGuid" : "{704248D8-54C0-5A2A-0000-0010EEAE2500}",
            "ProcessId" : "2884",
            "UtcTime" : "2017-12-08 10:09:08.451"
          },
          "event_id" : 5,
          "host" : "WIN-U1E6SADQQ7G",
          "level" : "Information",
          "log_name" : "Microsoft-Windows-Sysmon/Operational",
          "message" : "Process terminated:\nUtcTime: 2017-12-08 10:09:08.451\nProcessGuid: {704248D8-54C0-5A2A-0000-0010EEAE2500}\nProcessId: 2884\nImage: C:\\Windows\\System32\\conhost.exe",
          "opcode" : "Info",
          "process_id" : 1984,
          "provider_guid" : "{5770385F-C22A-43E0-BF4C-06F5698FFBD9}",
          "record_number" : "5221",
          "source_name" : "Microsoft-Windows-Sysmon",
          "task" : "Process terminated (rule: ProcessTerminate)",
          "thread_id" : 2576,
          "type" : "wineventlog",
          "user" : {
            "domain" : "NT AUTHORITY",
            "identifier" : "S-1-5-18",
            "name" : "SYSTEM",
            "type" : "User"
          },
          "version" : 3
        }
      },
      {
        "_index" : "test",
        "_type" : "wineventlog",
        "_id" : "AWBHnIZ92lDISLgezqkk",
        "_score" : 1.0,
        "_source" : {
          "@timestamp" : 1512729952999,
          "@version" : "1",
          "beat" : {
            "hostname" : "WIN-U1E6SADQQ7G",
            "name" : "WIN-U1E6SADQQ7G",
            "version" : "5.6.3"
          },
          "computer_name" : "WIN-U1E6SADQQ7G",
          "event_data" : {
            "Image" : "C:\\Windows\\System32\\msdtc.exe",
            "ProcessGuid" : "{704248D8-4A3F-5A2A-0000-001077CB0300}",
            "ProcessId" : "2360",
            "UtcTime" : "2017-12-08 10:45:52.999"
          },
          "event_id" : 5,
          "host" : "WIN-U1E6SADQQ7G",
          "level" : "Information",
          "log_name" : "Microsoft-Windows-Sysmon/Operational",
          "message" : "Process terminated:\nUtcTime: 2017-12-08 10:45:52.999\nProcessGuid: {704248D8-4A3F-5A2A-0000-001077CB0300}\nProcessId: 2360\nImage: C:\\Windows\\System32\\msdtc.exe",
          "opcode" : "Info",
          "process_id" : 1984,
          "provider_guid" : "{5770385F-C22A-43E0-BF4C-06F5698FFBD9}",
          "record_number" : "5479",
          "source_name" : "Microsoft-Windows-Sysmon",
          "task" : "Process terminated (rule: ProcessTerminate)",
          "thread_id" : 2576,
          "type" : "wineventlog",
          "user" : {
            "domain" : "NT AUTHORITY",
            "identifier" : "S-1-5-18",
            "name" : "SYSTEM",
            "type" : "User"
          },
          "version" : 3
        }
      },
      {
        "_index" : "test",
        "_type" : "wineventlog",
        "_id" : "AWBHnIZ92lDISLgezqkt",
        "_score" : 1.0,
        "_source" : {
          "@timestamp" : 1512730009846,
          "@version" : "1",
          "beat" : {
            "hostname" : "WIN-U1E6SADQQ7G",
            "name" : "WIN-U1E6SADQQ7G",
            "version" : "5.6.3"
          },
          "computer_name" : "WIN-U1E6SADQQ7G",
          "event_data" : {
            "CommandLine" : "C:\\Windows\\system32\\svchost.exe -k DcomLaunch",
            "CurrentDirectory" : "C:\\Windows\\system32\\",
            "Hashes" : "SHA1=7052346F46D41BEF29515C89D1EA099197B867B5",
            "Image" : "C:\\Windows\\System32\\svchost.exe",
            "IntegrityLevel" : "System",
            "LogonGuid" : "{704248D8-6D75-5A2A-0000-0020E7030000}",
            "LogonId" : "0x3e7",
            "ParentCommandLine" : "C:\\Windows\\system32\\services.exe",
            "ParentImage" : "C:\\Windows\\System32\\services.exe",
            "ParentProcessGuid" : "{704248D8-6D75-5A2A-0000-001080A70000}",
            "ParentProcessId" : "468",
            "ProcessGuid" : "{704248D8-6D75-5A2A-0000-0010BCB80000}",
            "ProcessId" : "532",
            "TerminalSessionId" : "0",
            "User" : "NT AUTHORITY\\SYSTEM",
            "UtcTime" : "2017-12-08 10:46:13.882"
          },
          "event_id" : 1,
          "host" : "WIN-U1E6SADQQ7G",
          "level" : "Information",
          "log_name" : "Microsoft-Windows-Sysmon/Operational",
          "message" : "Process Create:\nUtcTime: 2017-12-08 10:46:13.882\nProcessGuid: {704248D8-6D75-5A2A-0000-0010BCB80000}\nProcessId: 532\nImage: C:\\Windows\\System32\\svchost.exe\nCommandLine: C:\\Windows\\system32\\svchost.exe -k DcomLaunch\nCurrentDirectory: C:\\Windows\\system32\\\nUser: NT AUTHORITY\\SYSTEM\nLogonGuid: {704248D8-6D75-5A2A-0000-0020E7030000}\nLogonId: 0x3E7\nTerminalSessionId: 0\nIntegrityLevel: System\nHashes: SHA1=7052346F46D41BEF29515C89D1EA099197B867B5\nParentProcessGuid: {704248D8-6D75-5A2A-0000-001080A70000}\nParentProcessId: 468\nParentImage: C:\\Windows\\System32\\services.exe\nParentCommandLine: C:\\Windows\\system32\\services.exe",
          "opcode" : "Info",
          "process_id" : 1328,
          "provider_guid" : "{5770385F-C22A-43E0-BF4C-06F5698FFBD9}",
          "record_number" : "5504",
          "source_name" : "Microsoft-Windows-Sysmon",
          "task" : "Process Create (rule: ProcessCreate)",
          "thread_id" : 1960,
          "type" : "wineventlog",
          "user" : {
            "domain" : "NT AUTHORITY",
            "identifier" : "S-1-5-18",
            "name" : "SYSTEM",
            "type" : "User"
          },
          "version" : 5
        }
      },
      {
        "_index" : "test",
        "_type" : "wineventlog",
        "_id" : "AWBHnIZ92lDISLgezqkx",
        "_score" : 1.0,
        "_source" : {
          "@timestamp" : 1512730009853,
          "@version" : "1",
          "beat" : {
            "hostname" : "WIN-U1E6SADQQ7G",
            "name" : "WIN-U1E6SADQQ7G",
            "version" : "5.6.3"
          },
          "computer_name" : "WIN-U1E6SADQQ7G",
          "event_data" : {
            "CommandLine" : "C:\\Windows\\System32\\spoolsv.exe",
            "CurrentDirectory" : "C:\\Windows\\system32\\",
            "Hashes" : "SHA1=D66B159DC9332B48241CAAC688F4F83CBA2E1B27",
            "Image" : "C:\\Windows\\System32\\spoolsv.exe",
            "IntegrityLevel" : "System",
            "LogonGuid" : "{704248D8-6D75-5A2A-0000-0020E7030000}",
            "LogonId" : "0x3e7",
            "ParentCommandLine" : "C:\\Windows\\system32\\services.exe",
            "ParentImage" : "C:\\Windows\\System32\\services.exe",
            "ParentProcessGuid" : "{704248D8-6D75-5A2A-0000-001080A70000}",
            "ParentProcessId" : "468",
            "ProcessGuid" : "{704248D8-6D77-5A2A-0000-0010AC830100}",
            "ProcessId" : "1020",
            "TerminalSessionId" : "0",
            "User" : "NT AUTHORITY\\SYSTEM",
            "UtcTime" : "2017-12-08 10:46:15.897"
          },
          "event_id" : 1,
          "host" : "WIN-U1E6SADQQ7G",
          "level" : "Information",
          "log_name" : "Microsoft-Windows-Sysmon/Operational",
          "message" : "Process Create:\nUtcTime: 2017-12-08 10:46:15.897\nProcessGuid: {704248D8-6D77-5A2A-0000-0010AC830100}\nProcessId: 1020\nImage: C:\\Windows\\System32\\spoolsv.exe\nCommandLine: C:\\Windows\\System32\\spoolsv.exe\nCurrentDirectory: C:\\Windows\\system32\\\nUser: NT AUTHORITY\\SYSTEM\nLogonGuid: {704248D8-6D75-5A2A-0000-0020E7030000}\nLogonId: 0x3E7\nTerminalSessionId: 0\nIntegrityLevel: System\nHashes: SHA1=D66B159DC9332B48241CAAC688F4F83CBA2E1B27\nParentProcessGuid: {704248D8-6D75-5A2A-0000-001080A70000}\nParentProcessId: 468\nParentImage: C:\\Windows\\System32\\services.exe\nParentCommandLine: C:\\Windows\\system32\\services.exe",
          "opcode" : "Info",
          "process_id" : 1328,
          "provider_guid" : "{5770385F-C22A-43E0-BF4C-06F5698FFBD9}",
          "record_number" : "5516",
          "source_name" : "Microsoft-Windows-Sysmon",
          "task" : "Process Create (rule: ProcessCreate)",
          "thread_id" : 1960,
          "type" : "wineventlog",
          "user" : {
            "domain" : "NT AUTHORITY",
            "identifier" : "S-1-5-18",
            "name" : "SYSTEM",
            "type" : "User"
          },
          "version" : 5
        }
      },
      {
        "_index" : "test",
        "_type" : "wineventlog",
        "_id" : "AWBHnIZ92lDISLgezqk1",
        "_score" : 1.0,
        "_source" : {
          "@timestamp" : 1512730009868,
          "@version" : "1",
          "beat" : {
            "hostname" : "WIN-U1E6SADQQ7G",
            "name" : "WIN-U1E6SADQQ7G",
            "version" : "5.6.3"
          },
          "computer_name" : "WIN-U1E6SADQQ7G",
          "event_data" : {
            "CommandLine" : "\"C:\\Program Files\\VMware\\VMware Tools\\TPAutoConnSvc.exe\"",
            "CurrentDirectory" : "C:\\Windows\\system32\\",
            "Hashes" : "SHA1=1A7046798BB9B77E55D58BF05BFB6B5CECDBD67F",
            "Image" : "C:\\Program Files\\VMware\\VMware Tools\\TPAutoConnSvc.exe",
            "IntegrityLevel" : "System",
            "LogonGuid" : "{704248D8-6D75-5A2A-0000-0020E7030000}",
            "LogonId" : "0x3e7",
            "ParentCommandLine" : "C:\\Windows\\system32\\services.exe",
            "ParentImage" : "C:\\Windows\\System32\\services.exe",
            "ParentProcessGuid" : "{704248D8-6D75-5A2A-0000-001080A70000}",
            "ParentProcessId" : "468",
            "ProcessGuid" : "{704248D8-6D99-5A2A-0000-001052490200}",
            "ProcessId" : "1984",
            "TerminalSessionId" : "0",
            "User" : "NT AUTHORITY\\SYSTEM",
            "UtcTime" : "2017-12-08 10:46:49.625"
          },
          "event_id" : 1,
          "host" : "WIN-U1E6SADQQ7G",
          "level" : "Information",
          "log_name" : "Microsoft-Windows-Sysmon/Operational",
          "message" : "Process Create:\nUtcTime: 2017-12-08 10:46:49.625\nProcessGuid: {704248D8-6D99-5A2A-0000-001052490200}\nProcessId: 1984\nImage: C:\\Program Files\\VMware\\VMware Tools\\TPAutoConnSvc.exe\nCommandLine: \"C:\\Program Files\\VMware\\VMware Tools\\TPAutoConnSvc.exe\"\nCurrentDirectory: C:\\Windows\\system32\\\nUser: NT AUTHORITY\\SYSTEM\nLogonGuid: {704248D8-6D75-5A2A-0000-0020E7030000}\nLogonId: 0x3E7\nTerminalSessionId: 0\nIntegrityLevel: System\nHashes: SHA1=1A7046798BB9B77E55D58BF05BFB6B5CECDBD67F\nParentProcessGuid: {704248D8-6D75-5A2A-0000-001080A70000}\nParentProcessId: 468\nParentImage: C:\\Windows\\System32\\services.exe\nParentCommandLine: C:\\Windows\\system32\\services.exe",
          "opcode" : "Info",
          "process_id" : 1328,
          "provider_guid" : "{5770385F-C22A-43E0-BF4C-06F5698FFBD9}",
          "record_number" : "5536",
          "source_name" : "Microsoft-Windows-Sysmon",
          "task" : "Process Create (rule: ProcessCreate)",
          "thread_id" : 1960,
          "type" : "wineventlog",
          "user" : {
            "domain" : "NT AUTHORITY",
            "identifier" : "S-1-5-18",
            "name" : "SYSTEM",
            "type" : "User"
          },
          "version" : 5
        }
      },
      {
        "_index" : "test",
        "_type" : "wineventlog",
        "_id" : "AWBHnIZ92lDISLgezqk4",
        "_score" : 1.0,
        "_source" : {
          "@timestamp" : 1512730010420,
          "@version" : "1",
          "beat" : {
            "hostname" : "WIN-U1E6SADQQ7G",
            "name" : "WIN-U1E6SADQQ7G",
            "version" : "5.6.3"
          },
          "computer_name" : "WIN-U1E6SADQQ7G",
          "event_data" : {
            "Hashes" : "SHA1=6F241D78C09387758D0B8901E319F56B061AAC18",
            "ImageLoaded" : "C:\\Windows\\System32\\drivers\\msfs.sys",
            "Signature" : "Microsoft Windows",
            "SignatureStatus" : "Valid",
            "Signed" : "true",
            "UtcTime" : "2017-12-08 10:46:08.717"
          },
          "event_id" : 6,
          "host" : "WIN-U1E6SADQQ7G",
          "level" : "Information",
          "log_name" : "Microsoft-Windows-Sysmon/Operational",
          "message" : "Driver loaded:\nUtcTime: 2017-12-08 10:46:08.717\nImageLoaded: C:\\Windows\\System32\\drivers\\msfs.sys\nHashes: SHA1=6F241D78C09387758D0B8901E319F56B061AAC18\nSigned: true\nSignature: Microsoft Windows\nSignatureStatus: Valid",
          "opcode" : "Info",
          "process_id" : 1328,
          "provider_guid" : "{5770385F-C22A-43E0-BF4C-06F5698FFBD9}",
          "record_number" : "5549",
          "source_name" : "Microsoft-Windows-Sysmon",
          "task" : "Driver loaded (rule: DriverLoad)",
          "thread_id" : 1980,
          "type" : "wineventlog",
          "user" : {
            "domain" : "NT AUTHORITY",
            "identifier" : "S-1-5-18",
            "name" : "SYSTEM",
            "type" : "User"
          },
          "version" : 3
        }
      },
      {
        "_index" : "test",
        "_type" : "wineventlog",
        "_id" : "AWBHnIZ92lDISLgezqlA",
        "_score" : 1.0,
        "_source" : {
          "@timestamp" : 1512730010889,
          "@version" : "1",
          "beat" : {
            "hostname" : "WIN-U1E6SADQQ7G",
            "name" : "WIN-U1E6SADQQ7G",
            "version" : "5.6.3"
          },
          "computer_name" : "WIN-U1E6SADQQ7G",
          "event_data" : {
            "Hashes" : "SHA1=9EFB8C3815ABDE283598D6EB686BD741E1EF6BF4",
            "ImageLoaded" : "C:\\Windows\\System32\\drivers\\hdaudbus.sys",
            "Signature" : "Microsoft Windows",
            "SignatureStatus" : "Valid",
            "Signed" : "true",
            "UtcTime" : "2017-12-08 10:46:08.983"
          },
          "event_id" : 6,
          "host" : "WIN-U1E6SADQQ7G",
          "level" : "Information",
          "log_name" : "Microsoft-Windows-Sysmon/Operational",
          "message" : "Driver loaded:\nUtcTime: 2017-12-08 10:46:08.983\nImageLoaded: C:\\Windows\\System32\\drivers\\hdaudbus.sys\nHashes: SHA1=9EFB8C3815ABDE283598D6EB686BD741E1EF6BF4\nSigned: true\nSignature: Microsoft Windows\nSignatureStatus: Valid",
          "opcode" : "Info",
          "process_id" : 1328,
          "provider_guid" : "{5770385F-C22A-43E0-BF4C-06F5698FFBD9}",
          "record_number" : "5582",
          "source_name" : "Microsoft-Windows-Sysmon",
          "task" : "Driver loaded (rule: DriverLoad)",
          "thread_id" : 1980,
          "type" : "wineventlog",
          "user" : {
            "domain" : "NT AUTHORITY",
            "identifier" : "S-1-5-18",
            "name" : "SYSTEM",
            "type" : "User"
          },
          "version" : 3
        }
      },
      {
        "_index" : "test",
        "_type" : "wineventlog",
        "_id" : "AWBHnIZ92lDISLgezqlC",
        "_score" : 1.0,
        "_source" : {
          "@timestamp" : 1512730011033,
          "@version" : "1",
          "beat" : {
            "hostname" : "WIN-U1E6SADQQ7G",
            "name" : "WIN-U1E6SADQQ7G",
            "version" : "5.6.3"
          },
          "computer_name" : "WIN-U1E6SADQQ7G",
          "event_data" : {
            "Hashes" : "SHA1=87105F7C47C00B002C0D62E6DA0925C73D13B18D",
            "ImageLoaded" : "C:\\Windows\\System32\\drivers\\vmgencounter.sys",
            "Signature" : "Microsoft Windows",
            "SignatureStatus" : "Valid",
            "Signed" : "true",
            "UtcTime" : "2017-12-08 10:46:09.061"
          },
          "event_id" : 6,
          "host" : "WIN-U1E6SADQQ7G",
          "level" : "Information",
          "log_name" : "Microsoft-Windows-Sysmon/Operational",
          "message" : "Driver loaded:\nUtcTime: 2017-12-08 10:46:09.061\nImageLoaded: C:\\Windows\\System32\\drivers\\vmgencounter.sys\nHashes: SHA1=87105F7C47C00B002C0D62E6DA0925C73D13B18D\nSigned: true\nSignature: Microsoft Windows\nSignatureStatus: Valid",
          "opcode" : "Info",
          "process_id" : 1328,
          "provider_guid" : "{5770385F-C22A-43E0-BF4C-06F5698FFBD9}",
          "record_number" : "5588",
          "source_name" : "Microsoft-Windows-Sysmon",
          "task" : "Driver loaded (rule: DriverLoad)",
          "thread_id" : 1980,
          "type" : "wineventlog",
          "user" : {
            "domain" : "NT AUTHORITY",
            "identifier" : "S-1-5-18",
            "name" : "SYSTEM",
            "type" : "User"
          },
          "version" : 3
        }
      },
      {
        "_index" : "test",
        "_type" : "wineventlog",
        "_id" : "AWBHnIZ92lDISLgezqlI",
        "_score" : 1.0,
        "_source" : {
          "@timestamp" : 1512730012210,
          "@version" : "1",
          "beat" : {
            "hostname" : "WIN-U1E6SADQQ7G",
            "name" : "WIN-U1E6SADQQ7G",
            "version" : "5.6.3"
          },
          "computer_name" : "WIN-U1E6SADQQ7G",
          "event_data" : {
            "Hashes" : "SHA1=AFA7103F9DE5D14B0399D0962C413F6B28D469C8",
            "ImageLoaded" : "C:\\Windows\\System32\\drivers\\PEAuth.sys",
            "Signature" : "Microsoft Windows",
            "SignatureStatus" : "Valid",
            "Signed" : "true",
            "UtcTime" : "2017-12-08 10:46:47.493"
          },
          "event_id" : 6,
          "host" : "WIN-U1E6SADQQ7G",
          "level" : "Information",
          "log_name" : "Microsoft-Windows-Sysmon/Operational",
          "message" : "Driver loaded:\nUtcTime: 2017-12-08 10:46:47.493\nImageLoaded: C:\\Windows\\System32\\drivers\\PEAuth.sys\nHashes: SHA1=AFA7103F9DE5D14B0399D0962C413F6B28D469C8\nSigned: true\nSignature: Microsoft Windows\nSignatureStatus: Valid",
          "opcode" : "Info",
          "process_id" : 1328,
          "provider_guid" : "{5770385F-C22A-43E0-BF4C-06F5698FFBD9}",
          "record_number" : "5633",
          "source_name" : "Microsoft-Windows-Sysmon",
          "task" : "Driver loaded (rule: DriverLoad)",
          "thread_id" : 1980,
          "type" : "wineventlog",
          "user" : {
            "domain" : "NT AUTHORITY",
            "identifier" : "S-1-5-18",
            "name" : "SYSTEM",
            "type" : "User"
          },
          "version" : 3
        }
      },
      {
        "_index" : "test",
        "_type" : "wineventlog",
        "_id" : "AWBHnIZ92lDISLgezqlM",
        "_score" : 1.0,
        "_source" : {
          "@timestamp" : 1512730012529,
          "@version" : "1",
          "beat" : {
            "hostname" : "WIN-U1E6SADQQ7G",
            "name" : "WIN-U1E6SADQQ7G",
            "version" : "5.6.3"
          },
          "computer_name" : "WIN-U1E6SADQQ7G",
          "event_data" : {
            "Hashes" : "SHA1=11D8B3DAD8E407B25E0A811661C8671B2505D820",
            "ImageLoaded" : "C:\\Windows\\System32\\drivers\\rdpdr.sys",
            "Signature" : "Microsoft Windows",
            "SignatureStatus" : "Valid",
            "Signed" : "true",
            "UtcTime" : "2017-12-08 10:46:51.107"
          },
          "event_id" : 6,
          "host" : "WIN-U1E6SADQQ7G",
          "level" : "Information",
          "log_name" : "Microsoft-Windows-Sysmon/Operational",
          "message" : "Driver loaded:\nUtcTime: 2017-12-08 10:46:51.107\nImageLoaded: C:\\Windows\\System32\\drivers\\rdpdr.sys\nHashes: SHA1=11D8B3DAD8E407B25E0A811661C8671B2505D820\nSigned: true\nSignature: Microsoft Windows\nSignatureStatus: Valid",
          "opcode" : "Info",
          "process_id" : 1328,
          "provider_guid" : "{5770385F-C22A-43E0-BF4C-06F5698FFBD9}",
          "record_number" : "5645",
          "source_name" : "Microsoft-Windows-Sysmon",
          "task" : "Driver loaded (rule: DriverLoad)",
          "thread_id" : 1980,
          "type" : "wineventlog",
          "user" : {
            "domain" : "NT AUTHORITY",
            "identifier" : "S-1-5-18",
            "name" : "SYSTEM",
            "type" : "User"
          },
          "version" : 3
        }
      },
      {
        "_index" : "test",
        "_type" : "wineventlog",
        "_id" : "AWBHnIZ92lDISLgezqlN",
        "_score" : 1.0,
        "_source" : {
          "@timestamp" : 1512730035526,
          "@version" : "1",
          "beat" : {
            "hostname" : "WIN-U1E6SADQQ7G",
            "name" : "WIN-U1E6SADQQ7G",
            "version" : "5.6.3"
          },
          "computer_name" : "WIN-U1E6SADQQ7G",
          "event_data" : {
            "CommandLine" : "C:\\Windows\\system32\\cmd.exe /c C:\\Windows\\system32\\reg.exe query hklm\\software\\microsoft\\windows\\softwareinventorylogging /v collectionstate /reg:64",
            "CurrentDirectory" : "C:\\Windows\\system32\\",
            "Hashes" : "SHA1=7C3D7281E1151FE4127923F4B4C3CD36438E1A12",
            "Image" : "C:\\Windows\\System32\\cmd.exe",
            "IntegrityLevel" : "System",
            "LogonGuid" : "{704248D8-6D75-5A2A-0000-0020E7030000}",
            "LogonId" : "0x3e7",
            "ParentCommandLine" : "C:\\Windows\\system32\\cmd.exe /d /c C:\\Windows\\system32\\silcollector.cmd configure",
            "ParentImage" : "C:\\Windows\\System32\\cmd.exe",
            "ParentProcessGuid" : "{704248D8-6DB3-5A2A-0000-0010ACA20400}",
            "ParentProcessId" : "2340",
            "ProcessGuid" : "{704248D8-6DB3-5A2A-0000-001050A50400}",
            "ProcessId" : "2380",
            "TerminalSessionId" : "0",
            "User" : "NT AUTHORITY\\SYSTEM",
            "UtcTime" : "2017-12-08 10:47:15.523"
          },
          "event_id" : 1,
          "host" : "WIN-U1E6SADQQ7G",
          "level" : "Information",
          "log_name" : "Microsoft-Windows-Sysmon/Operational",
          "message" : "Process Create:\nUtcTime: 2017-12-08 10:47:15.523\nProcessGuid: {704248D8-6DB3-5A2A-0000-001050A50400}\nProcessId: 2380\nImage: C:\\Windows\\System32\\cmd.exe\nCommandLine: C:\\Windows\\system32\\cmd.exe /c C:\\Windows\\system32\\reg.exe query hklm\\software\\microsoft\\windows\\softwareinventorylogging /v collectionstate /reg:64\nCurrentDirectory: C:\\Windows\\system32\\\nUser: NT AUTHORITY\\SYSTEM\nLogonGuid: {704248D8-6D75-5A2A-0000-0020E7030000}\nLogonId: 0x3E7\nTerminalSessionId: 0\nIntegrityLevel: System\nHashes: SHA1=7C3D7281E1151FE4127923F4B4C3CD36438E1A12\nParentProcessGuid: {704248D8-6DB3-5A2A-0000-0010ACA20400}\nParentProcessId: 2340\nParentImage: C:\\Windows\\System32\\cmd.exe\nParentCommandLine: C:\\Windows\\system32\\cmd.exe /d /c C:\\Windows\\system32\\silcollector.cmd configure",
          "opcode" : "Info",
          "process_id" : 1328,
          "provider_guid" : "{5770385F-C22A-43E0-BF4C-06F5698FFBD9}",
          "record_number" : "5680",
          "source_name" : "Microsoft-Windows-Sysmon",
          "task" : "Process Create (rule: ProcessCreate)",
          "thread_id" : 1960,
          "type" : "wineventlog",
          "user" : {
            "domain" : "NT AUTHORITY",
            "identifier" : "S-1-5-18",
            "name" : "SYSTEM",
            "type" : "User"
          },
          "version" : 5
        }
      },
      {
        "_index" : "test",
        "_type" : "wineventlog",
        "_id" : "AWBHnIZ92lDISLgezqlO",
        "_score" : 1.0,
        "_source" : {
          "@timestamp" : 1512730035545,
          "@version" : "1",
          "beat" : {
            "hostname" : "WIN-U1E6SADQQ7G",
            "name" : "WIN-U1E6SADQQ7G",
            "version" : "5.6.3"
          },
          "computer_name" : "WIN-U1E6SADQQ7G",
          "event_data" : {
            "Image" : "C:\\Windows\\System32\\cmd.exe",
            "ProcessGuid" : "{704248D8-6DB3-5A2A-0000-001050A50400}",
            "ProcessId" : "2380",
            "UtcTime" : "2017-12-08 10:47:15.545"
          },
          "event_id" : 5,
          "host" : "WIN-U1E6SADQQ7G",
          "level" : "Information",
          "log_name" : "Microsoft-Windows-Sysmon/Operational",
          "message" : "Process terminated:\nUtcTime: 2017-12-08 10:47:15.545\nProcessGuid: {704248D8-6DB3-5A2A-0000-001050A50400}\nProcessId: 2380\nImage: C:\\Windows\\System32\\cmd.exe",
          "opcode" : "Info",
          "process_id" : 1328,
          "provider_guid" : "{5770385F-C22A-43E0-BF4C-06F5698FFBD9}",
          "record_number" : "5683",
          "source_name" : "Microsoft-Windows-Sysmon",
          "task" : "Process terminated (rule: ProcessTerminate)",
          "thread_id" : 1960,
          "type" : "wineventlog",
          "user" : {
            "domain" : "NT AUTHORITY",
            "identifier" : "S-1-5-18",
            "name" : "SYSTEM",
            "type" : "User"
          },
          "version" : 3
        }
      },
      {
        "_index" : "test",
        "_type" : "wineventlog",
        "_id" : "AWBHnIZ92lDISLgezqlR",
        "_score" : 1.0,
        "_source" : {
          "@timestamp" : 1512730038188,
          "@version" : "1",
          "beat" : {
            "hostname" : "WIN-U1E6SADQQ7G",
            "name" : "WIN-U1E6SADQQ7G",
            "version" : "5.6.3"
          },
          "computer_name" : "WIN-U1E6SADQQ7G",
          "event_data" : {
            "Image" : "C:\\Program Files (x86)\\Google\\Update\\1.3.33.7\\GoogleCrashHandler.exe",
            "ProcessGuid" : "{704248D8-6DB5-5A2A-0000-001037B00400}",
            "ProcessId" : "2348",
            "UtcTime" : "2017-12-08 10:47:18.188"
          },
          "event_id" : 5,
          "host" : "WIN-U1E6SADQQ7G",
          "level" : "Information",
          "log_name" : "Microsoft-Windows-Sysmon/Operational",
          "message" : "Process terminated:\nUtcTime: 2017-12-08 10:47:18.188\nProcessGuid: {704248D8-6DB5-5A2A-0000-001037B00400}\nProcessId: 2348\nImage: C:\\Program Files (x86)\\Google\\Update\\1.3.33.7\\GoogleCrashHandler.exe",
          "opcode" : "Info",
          "process_id" : 1328,
          "provider_guid" : "{5770385F-C22A-43E0-BF4C-06F5698FFBD9}",
          "record_number" : "5688",
          "source_name" : "Microsoft-Windows-Sysmon",
          "task" : "Process terminated (rule: ProcessTerminate)",
          "thread_id" : 1960,
          "type" : "wineventlog",
          "user" : {
            "domain" : "NT AUTHORITY",
            "identifier" : "S-1-5-18",
            "name" : "SYSTEM",
            "type" : "User"
          },
          "version" : 3
        }
      },
