      {
        "_index" : "test",
        "_type" : "wineventlog",
        "_id" : "AWBHnKR02lDISLgezrBV",
        "_score" : 1.0,
        "_source" : {
          "@timestamp" : 1512734643934,
          "@version" : "1",
          "beat" : {
            "hostname" : "WIN-U1E6SADQQ7G",
            "name" : "WIN-U1E6SADQQ7G",
            "version" : "5.6.3"
          },
          "computer_name" : "WIN-U1E6SADQQ7G",
          "event_data" : {
            "Image" : "C:\\Program Files (x86)\\Google\\Update\\GoogleUpdate.exe",
            "ProcessGuid" : "{704248D8-7FB3-5A2A-0000-00103CA21E00}",
            "ProcessId" : "4060",
            "UtcTime" : "2017-12-08 12:04:03.933"
          },
          "event_id" : 5,
          "host" : "WIN-U1E6SADQQ7G",
          "level" : "Information",
          "log_name" : "Microsoft-Windows-Sysmon/Operational",
          "message" : "Process terminated:\nUtcTime: 2017-12-08 12:04:03.933\nProcessGuid: {704248D8-7FB3-5A2A-0000-00103CA21E00}\nProcessId: 4060\nImage: C:\\Program Files (x86)\\Google\\Update\\GoogleUpdate.exe",
          "opcode" : "Info",
          "process_id" : 1328,
          "provider_guid" : "{5770385F-C22A-43E0-BF4C-06F5698FFBD9}",
          "record_number" : "5894",
          "source_name" : "Microsoft-Windows-Sysmon",
          "task" : "Process terminated (rule: ProcessTerminate)",
          "thread_id" : 1960,
          "type" : "wineventlog",
          "user" : {
            "domain" : "NT AUTHORITY",
            "identifier" : "S-1-5-18",
            "name" : "SYSTEM",
            "type" : "User"
          },
          "version" : 3
        }
      },
      {
        "_index" : "test",
        "_type" : "wineventlog",
        "_id" : "AWBHnKR02lDISLgezrBc",
        "_score" : 1.0,
        "_source" : {
          "@timestamp" : 1512771112820,
          "@version" : "1",
          "beat" : {
            "hostname" : "WIN-U1E6SADQQ7G",
            "name" : "WIN-U1E6SADQQ7G",
            "version" : "5.6.3"
          },
          "computer_name" : "WIN-U1E6SADQQ7G",
          "event_data" : {
            "CommandLine" : "C:\\Windows\\system32\\wbem\\wmiprvse.exe -Embedding",
            "CurrentDirectory" : "C:\\Windows\\system32\\",
            "Hashes" : "SHA1=856754572503074DCD78E5C827734C58DE3CE0D9",
            "Image" : "C:\\Windows\\System32\\wbem\\WmiPrvSE.exe",
            "IntegrityLevel" : "System",
            "LogonGuid" : "{704248D8-6D75-5A2A-0000-0020E7030000}",
            "LogonId" : "0x3e7",
            "ParentCommandLine" : "C:\\Windows\\system32\\svchost.exe -k DcomLaunch",
            "ParentImage" : "C:\\Windows\\System32\\svchost.exe",
            "ParentProcessGuid" : "{704248D8-6D75-5A2A-0000-0010BCB80000}",
            "ParentProcessId" : "532",
            "ProcessGuid" : "{704248D8-0E28-5A2B-0000-001079C82700}",
            "ProcessId" : "2604",
            "TerminalSessionId" : "0",
            "User" : "NT AUTHORITY\\SYSTEM",
            "UtcTime" : "2017-12-08 22:11:52.815"
          },
          "event_id" : 1,
          "host" : "WIN-U1E6SADQQ7G",
          "level" : "Information",
          "log_name" : "Microsoft-Windows-Sysmon/Operational",
          "message" : "Process Create:\nUtcTime: 2017-12-08 22:11:52.815\nProcessGuid: {704248D8-0E28-5A2B-0000-001079C82700}\nProcessId: 2604\nImage: C:\\Windows\\System32\\wbem\\WmiPrvSE.exe\nCommandLine: C:\\Windows\\system32\\wbem\\wmiprvse.exe -Embedding\nCurrentDirectory: C:\\Windows\\system32\\\nUser: NT AUTHORITY\\SYSTEM\nLogonGuid: {704248D8-6D75-5A2A-0000-0020E7030000}\nLogonId: 0x3E7\nTerminalSessionId: 0\nIntegrityLevel: System\nHashes: SHA1=856754572503074DCD78E5C827734C58DE3CE0D9\nParentProcessGuid: {704248D8-6D75-5A2A-0000-0010BCB80000}\nParentProcessId: 532\nParentImage: C:\\Windows\\System32\\svchost.exe\nParentCommandLine: C:\\Windows\\system32\\svchost.exe -k DcomLaunch",
          "opcode" : "Info",
          "process_id" : 1328,
          "provider_guid" : "{5770385F-C22A-43E0-BF4C-06F5698FFBD9}",
          "record_number" : "6091",
          "source_name" : "Microsoft-Windows-Sysmon",
          "task" : "Process Create (rule: ProcessCreate)",
          "thread_id" : 1960,
          "type" : "wineventlog",
          "user" : {
            "domain" : "NT AUTHORITY",
            "identifier" : "S-1-5-18",
            "name" : "SYSTEM",
            "type" : "User"
          },
          "version" : 5
        }
      },
      {
        "_index" : "test",
        "_type" : "wineventlog",
        "_id" : "AWBHnKR02lDISLgezrBf",
        "_score" : 1.0,
        "_source" : {
          "@timestamp" : 1512771713193,
          "@version" : "1",
          "beat" : {
            "hostname" : "WIN-U1E6SADQQ7G",
            "name" : "WIN-U1E6SADQQ7G",
            "version" : "5.6.3"
          },
          "computer_name" : "WIN-U1E6SADQQ7G",
          "event_data" : {
            "CommandLine" : "C:\\Windows\\system32\\wbem\\wmiprvse.exe -Embedding",
            "CurrentDirectory" : "C:\\Windows\\system32\\",
            "Hashes" : "SHA1=856754572503074DCD78E5C827734C58DE3CE0D9",
            "Image" : "C:\\Windows\\System32\\wbem\\WmiPrvSE.exe",
            "IntegrityLevel" : "System",
            "LogonGuid" : "{704248D8-6D75-5A2A-0000-0020E7030000}",
            "LogonId" : "0x3e7",
            "ParentCommandLine" : "C:\\Windows\\system32\\svchost.exe -k DcomLaunch",
            "ParentImage" : "C:\\Windows\\System32\\svchost.exe",
            "ParentProcessGuid" : "{704248D8-6D75-5A2A-0000-0010BCB80000}",
            "ParentProcessId" : "532",
            "ProcessGuid" : "{704248D8-1081-5A2B-0000-0010ED542900}",
            "ProcessId" : "2852",
            "TerminalSessionId" : "0",
            "User" : "NT AUTHORITY\\SYSTEM",
            "UtcTime" : "2017-12-08 22:21:53.192"
          },
          "event_id" : 1,
          "host" : "WIN-U1E6SADQQ7G",
          "level" : "Information",
          "log_name" : "Microsoft-Windows-Sysmon/Operational",
          "message" : "Process Create:\nUtcTime: 2017-12-08 22:21:53.192\nProcessGuid: {704248D8-1081-5A2B-0000-0010ED542900}\nProcessId: 2852\nImage: C:\\Windows\\System32\\wbem\\WmiPrvSE.exe\nCommandLine: C:\\Windows\\system32\\wbem\\wmiprvse.exe -Embedding\nCurrentDirectory: C:\\Windows\\system32\\\nUser: NT AUTHORITY\\SYSTEM\nLogonGuid: {704248D8-6D75-5A2A-0000-0020E7030000}\nLogonId: 0x3E7\nTerminalSessionId: 0\nIntegrityLevel: System\nHashes: SHA1=856754572503074DCD78E5C827734C58DE3CE0D9\nParentProcessGuid: {704248D8-6D75-5A2A-0000-0010BCB80000}\nParentProcessId: 532\nParentImage: C:\\Windows\\System32\\svchost.exe\nParentCommandLine: C:\\Windows\\system32\\svchost.exe -k DcomLaunch",
          "opcode" : "Info",
          "process_id" : 1328,
          "provider_guid" : "{5770385F-C22A-43E0-BF4C-06F5698FFBD9}",
          "record_number" : "6105",
          "source_name" : "Microsoft-Windows-Sysmon",
          "task" : "Process Create (rule: ProcessCreate)",
          "thread_id" : 1960,
          "type" : "wineventlog",
          "user" : {
            "domain" : "NT AUTHORITY",
            "identifier" : "S-1-5-18",
            "name" : "SYSTEM",
            "type" : "User"
          },
          "version" : 5
        }
      },
      {
        "_index" : "test",
        "_type" : "wineventlog",
        "_id" : "AWBHnKa82lDISLgezrBn",
        "_score" : 1.0,
        "_source" : {
          "@timestamp" : 1512694093922,
          "@version" : "1",
          "beat" : {
            "hostname" : "WIN-U1E6SADQQ7G",
            "name" : "WIN-U1E6SADQQ7G",
            "version" : "5.6.3"
          },
          "computer_name" : "WIN-U1E6SADQQ7G",
          "event_data" : {
            "CreationUtcTime" : "2017-06-14 16:26:29.761",
            "Image" : "C:\\Program Files (x86)\\Google\\Chrome\\Application\\chrome.exe",
            "PreviousCreationUtcTime" : "2017-12-08 00:48:13.914",
            "ProcessGuid" : "{704248D8-35D4-59F9-0000-0010004D1C00}",
            "ProcessId" : "1884",
            "TargetFilename" : "C:\\Users\\Administrator\\AppData\\Local\\Google\\Chrome\\User Data\\Default\\53806df9-b114-4fc8-b512-0127e869549f.tmp",
            "UtcTime" : "2017-12-08 00:48:13.921"
          },
          "event_id" : 2,
          "host" : "WIN-U1E6SADQQ7G",
          "level" : "Information",
          "log_name" : "Microsoft-Windows-Sysmon/Operational",
          "message" : "File creation time changed:\nUtcTime: 2017-12-08 00:48:13.921\nProcessGuid: {704248D8-35D4-59F9-0000-0010004D1C00}\nProcessId: 1884\nImage: C:\\Program Files (x86)\\Google\\Chrome\\Application\\chrome.exe\nTargetFilename: C:\\Users\\Administrator\\AppData\\Local\\Google\\Chrome\\User Data\\Default\\53806df9-b114-4fc8-b512-0127e869549f.tmp\nCreationUtcTime: 2017-06-14 16:26:29.761\nPreviousCreationUtcTime: 2017-12-08 00:48:13.914",
          "opcode" : "Info",
          "process_id" : 520,
          "provider_guid" : "{5770385F-C22A-43E0-BF4C-06F5698FFBD9}",
          "record_number" : "3638",
          "source_name" : "Microsoft-Windows-Sysmon",
          "task" : "File creation time changed (rule: FileCreateTime)",
          "thread_id" : 3196,
          "type" : "wineventlog",
          "user" : {
            "domain" : "NT AUTHORITY",
            "identifier" : "S-1-5-18",
            "name" : "SYSTEM",
            "type" : "User"
          },
          "version" : 4
        }
      },
      {
        "_index" : "test",
        "_type" : "wineventlog",
        "_id" : "AWBHnKa82lDISLgezrBy",
        "_score" : 1.0,
        "_source" : {
          "@timestamp" : 1512707730683,
          "@version" : "1",
          "beat" : {
            "hostname" : "WIN-U1E6SADQQ7G",
            "name" : "WIN-U1E6SADQQ7G",
            "version" : "5.6.3"
          },
          "computer_name" : "WIN-U1E6SADQQ7G",
          "event_data" : {
            "Image" : "C:\\Windows\\System32\\conhost.exe",
            "ProcessGuid" : "{704248D8-41DC-59F9-0000-0010C2783000}",
            "ProcessId" : "3216",
            "UtcTime" : "2017-12-08 04:35:30.649"
          },
          "event_id" : 5,
          "host" : "WIN-U1E6SADQQ7G",
          "level" : "Information",
          "log_name" : "Microsoft-Windows-Sysmon/Operational",
          "message" : "Process terminated:\nUtcTime: 2017-12-08 04:35:30.649\nProcessGuid: {704248D8-41DC-59F9-0000-0010C2783000}\nProcessId: 3216\nImage: C:\\Windows\\System32\\conhost.exe",
          "opcode" : "Info",
          "process_id" : 520,
          "provider_guid" : "{5770385F-C22A-43E0-BF4C-06F5698FFBD9}",
          "record_number" : "3975",
          "source_name" : "Microsoft-Windows-Sysmon",
          "task" : "Process terminated (rule: ProcessTerminate)",
          "thread_id" : 3196,
          "type" : "wineventlog",
          "user" : {
            "domain" : "NT AUTHORITY",
            "identifier" : "S-1-5-18",
            "name" : "SYSTEM",
            "type" : "User"
          },
          "version" : 3
        }
      },
      {
        "_index" : "test",
        "_type" : "wineventlog",
        "_id" : "AWBHnKa82lDISLgezrB0",
        "_score" : 1.0,
        "_source" : {
          "@timestamp" : 1512709092106,
          "@version" : "1",
          "beat" : {
            "hostname" : "WIN-U1E6SADQQ7G",
            "name" : "WIN-U1E6SADQQ7G",
            "version" : "5.6.3"
          },
          "computer_name" : "WIN-U1E6SADQQ7G",
          "event_data" : {
            "CreationUtcTime" : "2017-06-14 16:26:29.761",
            "Image" : "C:\\Program Files (x86)\\Google\\Chrome\\Application\\chrome.exe",
            "PreviousCreationUtcTime" : "2017-12-08 04:58:12.101",
            "ProcessGuid" : "{704248D8-35D4-59F9-0000-0010004D1C00}",
            "ProcessId" : "1884",
            "TargetFilename" : "C:\\Users\\Administrator\\AppData\\Local\\Google\\Chrome\\User Data\\Default\\2edc4e9a-41c0-4948-a2b4-65cdef59d2ba.tmp",
            "UtcTime" : "2017-12-08 04:58:12.104"
          },
          "event_id" : 2,
          "host" : "WIN-U1E6SADQQ7G",
          "level" : "Information",
          "log_name" : "Microsoft-Windows-Sysmon/Operational",
          "message" : "File creation time changed:\nUtcTime: 2017-12-08 04:58:12.104\nProcessGuid: {704248D8-35D4-59F9-0000-0010004D1C00}\nProcessId: 1884\nImage: C:\\Program Files (x86)\\Google\\Chrome\\Application\\chrome.exe\nTargetFilename: C:\\Users\\Administrator\\AppData\\Local\\Google\\Chrome\\User Data\\Default\\2edc4e9a-41c0-4948-a2b4-65cdef59d2ba.tmp\nCreationUtcTime: 2017-06-14 16:26:29.761\nPreviousCreationUtcTime: 2017-12-08 04:58:12.101",
          "opcode" : "Info",
          "process_id" : 520,
          "provider_guid" : "{5770385F-C22A-43E0-BF4C-06F5698FFBD9}",
          "record_number" : "4037",
          "source_name" : "Microsoft-Windows-Sysmon",
          "task" : "File creation time changed (rule: FileCreateTime)",
          "thread_id" : 3196,
          "type" : "wineventlog",
          "user" : {
            "domain" : "NT AUTHORITY",
            "identifier" : "S-1-5-18",
            "name" : "SYSTEM",
            "type" : "User"
          },
          "version" : 4
        }
      },
      {
        "_index" : "test",
        "_type" : "wineventlog",
        "_id" : "AWBHnKa82lDISLgezrB4",
        "_score" : 1.0,
        "_source" : {
          "@timestamp" : 1512712887392,
          "@version" : "1",
          "beat" : {
            "hostname" : "WIN-U1E6SADQQ7G",
            "name" : "WIN-U1E6SADQQ7G",
            "version" : "5.6.3"
          },
          "computer_name" : "WIN-U1E6SADQQ7G",
          "event_data" : {
            "CreationUtcTime" : "2017-06-14 16:26:39.756",
            "Image" : "C:\\Program Files (x86)\\Google\\Chrome\\Application\\chrome.exe",
            "PreviousCreationUtcTime" : "2017-12-08 06:01:27.389",
            "ProcessGuid" : "{704248D8-35D4-59F9-0000-0010004D1C00}",
            "ProcessId" : "1884",
            "TargetFilename" : "C:\\Users\\Administrator\\AppData\\Local\\Google\\Chrome\\User Data\\1691c2cd-64d2-43f4-8e08-e526ccadff0f.tmp",
            "UtcTime" : "2017-12-08 06:01:27.391"
          },
          "event_id" : 2,
          "host" : "WIN-U1E6SADQQ7G",
          "level" : "Information",
          "log_name" : "Microsoft-Windows-Sysmon/Operational",
          "message" : "File creation time changed:\nUtcTime: 2017-12-08 06:01:27.391\nProcessGuid: {704248D8-35D4-59F9-0000-0010004D1C00}\nProcessId: 1884\nImage: C:\\Program Files (x86)\\Google\\Chrome\\Application\\chrome.exe\nTargetFilename: C:\\Users\\Administrator\\AppData\\Local\\Google\\Chrome\\User Data\\1691c2cd-64d2-43f4-8e08-e526ccadff0f.tmp\nCreationUtcTime: 2017-06-14 16:26:39.756\nPreviousCreationUtcTime: 2017-12-08 06:01:27.389",
          "opcode" : "Info",
          "process_id" : 520,
          "provider_guid" : "{5770385F-C22A-43E0-BF4C-06F5698FFBD9}",
          "record_number" : "4184",
          "source_name" : "Microsoft-Windows-Sysmon",
          "task" : "File creation time changed (rule: FileCreateTime)",
          "thread_id" : 3196,
          "type" : "wineventlog",
          "user" : {
            "domain" : "NT AUTHORITY",
            "identifier" : "S-1-5-18",
            "name" : "SYSTEM",
            "type" : "User"
          },
          "version" : 4
        }
      },
      {
        "_index" : "test",
        "_type" : "wineventlog",
        "_id" : "AWBHnKa82lDISLgezrB8",
        "_score" : 1.0,
        "_source" : {
          "@timestamp" : 1512720366513,
          "@version" : "1",
          "beat" : {
            "hostname" : "WIN-U1E6SADQQ7G",
            "name" : "WIN-U1E6SADQQ7G",
            "version" : "5.6.3"
          },
          "computer_name" : "WIN-U1E6SADQQ7G",
          "event_data" : {
            "CommandLine" : "\"C:\\Program Files (x86)\\Google\\Chrome\\Application\\chrome.exe\" --type=renderer --field-trial-handle=1116,9682725140068470363,9597901538313038131,131072 --service-pipe-token=0079CBF2CB62E39ED0C37C1C6F7DE8DC --lang=en-US --enable-offline-auto-reload --enable-offline-auto-reload-visible-only --blink-settings=disallowFetchForDocWrittenScriptsInMainFrame=false,disallowFetchForDocWrittenScriptsInMainFrameOnSlowConnections=true --enable-pinch --device-scale-factor=1 --num-raster-threads=1 --content-image-texture-target=0,0,3553;0,1,3553;0,2,3553;0,3,3553;0,4,3553;0,5,3553;0,6,3553;0,7,3553;0,8,3553;0,9,3553;0,10,3553;0,11,3553;0,12,3553;0,13,3553;0,14,3553;0,15,3553;0,16,3553;0,17,3553;1,0,3553;1,1,3553;1,2,3553;1,3,3553;1,4,3553;1,5,3553;1,6,3553;1,7,3553;1,8,3553;1,9,3553;1,10,3553;1,11,3553;1,12,3553;1,13,3553;1,14,3553;1,15,3553;1,16,3553;1,17,3553;2,0,3553;2,1,3553;2,2,3553;2,3,3553;2,4,3553;2,5,3553;2,6,3553;2,7,3553;2,8,3553;2,9,3553;2,10,3553;2,11,3553;2,12,3553;2,13,3553;2,14,3553;2,15,3553;2,16,3553;2,17,3553;3,0,3553;3,1,3553;3,2,3553;3,3,3553;3,4,3553;3,5,3553;3,6,3553;3,7,3553;3,8,3553;3,9,3553;3,10,3553;3,11,3553;3,12,3553;3,13,3553;3,14,3553;3,15,3553;3,16,3553;3,17,3553;4,0,3553;4,1,3553;4,2,3553;4,3,3553;4,4,3553;4,5,3553;4,6,3553;4,7,3553;4,8,3553;4,9,3553;4,10,3553;4,11,3553;4,12,3553;4,13,3553;4,14,3553;4,15,3553;4,16,3553;4,17,3553 --enable-gpu-async-worker-context --service-request-channel-token=0079CBF2CB62E39ED0C37C1C6F7DE8DC --renderer-client-id=19 --mojo-platform-channel-handle=2656 /prefetch:1",
            "CurrentDirectory" : "C:\\Program Files (x86)\\Google\\Chrome\\Application\\61.0.3163.100\\",
            "Hashes" : "SHA1=367F252E2DDDAB6E2402ED0B288D920472A50580",
            "Image" : "C:\\Program Files (x86)\\Google\\Chrome\\Application\\chrome.exe",
            "IntegrityLevel" : "Low",
            "LogonGuid" : "{704248D8-BA95-59F8-0000-0020BF9C0400}",
            "LogonId" : "0x49cbf",
            "ParentCommandLine" : "\"C:\\Program Files (x86)\\Google\\Chrome\\Application\\chrome.exe\" ",
            "ParentImage" : "C:\\Program Files (x86)\\Google\\Chrome\\Application\\chrome.exe",
            "ParentProcessGuid" : "{704248D8-35D4-59F9-0000-0010004D1C00}",
            "ParentProcessId" : "1884",
            "ProcessGuid" : "{704248D8-47EE-5A2A-0000-0010846B3301}",
            "ProcessId" : "3028",
            "TerminalSessionId" : "1",
            "User" : "WIN-U1E6SADQQ7G\\Administrator",
            "UtcTime" : "2017-12-08 08:06:06.452"
          },
          "event_id" : 1,
          "host" : "WIN-U1E6SADQQ7G",
          "level" : "Information",
          "log_name" : "Microsoft-Windows-Sysmon/Operational",
          "message" : "Process Create:\nUtcTime: 2017-12-08 08:06:06.452\nProcessGuid: {704248D8-47EE-5A2A-0000-0010846B3301}\nProcessId: 3028\nImage: C:\\Program Files (x86)\\Google\\Chrome\\Application\\chrome.exe\nCommandLine: \"C:\\Program Files (x86)\\Google\\Chrome\\Application\\chrome.exe\" --type=renderer --field-trial-handle=1116,9682725140068470363,9597901538313038131,131072 --service-pipe-token=0079CBF2CB62E39ED0C37C1C6F7DE8DC --lang=en-US --enable-offline-auto-reload --enable-offline-auto-reload-visible-only --blink-settings=disallowFetchForDocWrittenScriptsInMainFrame=false,disallowFetchForDocWrittenScriptsInMainFrameOnSlowConnections=true --enable-pinch --device-scale-factor=1 --num-raster-threads=1 --content-image-texture-target=0,0,3553;0,1,3553;0,2,3553;0,3,3553;0,4,3553;0,5,3553;0,6,3553;0,7,3553;0,8,3553;0,9,3553;0,10,3553;0,11,3553;0,12,3553;0,13,3553;0,14,3553;0,15,3553;0,16,3553;0,17,3553;1,0,3553;1,1,3553;1,2,3553;1,3,3553;1,4,3553;1,5,3553;1,6,3553;1,7,3553;1,8,3553;1,9,3553;1,10,3553;1,11,3553;1,12,3553;1,13,3553;1,14,3553;1,15,3553;1,16,3553;1,17,3553;2,0,3553;2,1,3553;2,2,3553;2,3,3553;2,4,3553;2,5,3553;2,6,3553;2,7,3553;2,8,3553;2,9,3553;2,10,3553;2,11,3553;2,12,3553;2,13,3553;2,14,3553;2,15,3553;2,16,3553;2,17,3553;3,0,3553;3,1,3553;3,2,3553;3,3,3553;3,4,3553;3,5,3553;3,6,3553;3,7,3553;3,8,3553;3,9,3553;3,10,3553;3,11,3553;3,12,3553;3,13,3553;3,14,3553;3,15,3553;3,16,3553;3,17,3553;4,0,3553;4,1,3553;4,2,3553;4,3,3553;4,4,3553;4,5,3553;4,6,3553;4,7,3553;4,8,3553;4,9,3553;4,10,3553;4,11,3553;4,12,3553;4,13,3553;4,14,3553;4,15,3553;4,16,3553;4,17,3553 --enable-gpu-async-worker-context --service-request-channel-token=0079CBF2CB62E39ED0C37C1C6F7DE8DC --renderer-client-id=19 --mojo-platform-channel-handle=2656 /prefetch:1\nCurrentDirectory: C:\\Program Files (x86)\\Google\\Chrome\\Application\\61.0.3163.100\\\nUser: WIN-U1E6SADQQ7G\\Administrator\nLogonGuid: {704248D8-BA95-59F8-0000-0020BF9C0400}\nLogonId: 0x49CBF\nTerminalSessionId: 1\nIntegrityLevel: Low\nHashes: SHA1=367F252E2DDDAB6E2402ED0B288D920472A50580\nParentProcessGuid: {704248D8-35D4-59F9-0000-0010004D1C00}\nParentProcessId: 1884\nParentImage: C:\\Program Files (x86)\\Google\\Chrome\\Application\\chrome.exe\nParentCommandLine: \"C:\\Program Files (x86)\\Google\\Chrome\\Application\\chrome.exe\" ",
          "opcode" : "Info",
          "process_id" : 520,
          "provider_guid" : "{5770385F-C22A-43E0-BF4C-06F5698FFBD9}",
          "record_number" : "4474",
          "source_name" : "Microsoft-Windows-Sysmon",
          "task" : "Process Create (rule: ProcessCreate)",
          "thread_id" : 3196,
          "type" : "wineventlog",
          "user" : {
            "domain" : "NT AUTHORITY",
            "identifier" : "S-1-5-18",
            "name" : "SYSTEM",
            "type" : "User"
          },
          "version" : 5
        }
      },
      {
        "_index" : "test",
        "_type" : "wineventlog",
        "_id" : "AWBHnKa82lDISLgezrCF",
        "_score" : 1.0,
        "_source" : {
          "@timestamp" : 1512720579471,
          "@version" : "1",
          "beat" : {
            "hostname" : "WIN-U1E6SADQQ7G",
            "name" : "WIN-U1E6SADQQ7G",
            "version" : "5.6.3"
          },
          "computer_name" : "WIN-U1E6SADQQ7G",
          "event_data" : {
            "CreationUtcTime" : "2017-06-14 16:26:29.761",
            "Image" : "C:\\Program Files (x86)\\Google\\Chrome\\Application\\chrome.exe",
            "PreviousCreationUtcTime" : "2017-12-08 08:09:39.459",
            "ProcessGuid" : "{704248D8-35D4-59F9-0000-0010004D1C00}",
            "ProcessId" : "1884",
            "TargetFilename" : "C:\\Users\\Administrator\\AppData\\Local\\Google\\Chrome\\User Data\\Default\\230a6e45-fc26-47dc-839a-4b14ffc45b7e.tmp",
            "UtcTime" : "2017-12-08 08:09:39.470"
          },
          "event_id" : 2,
          "host" : "WIN-U1E6SADQQ7G",
          "level" : "Information",
          "log_name" : "Microsoft-Windows-Sysmon/Operational",
          "message" : "File creation time changed:\nUtcTime: 2017-12-08 08:09:39.470\nProcessGuid: {704248D8-35D4-59F9-0000-0010004D1C00}\nProcessId: 1884\nImage: C:\\Program Files (x86)\\Google\\Chrome\\Application\\chrome.exe\nTargetFilename: C:\\Users\\Administrator\\AppData\\Local\\Google\\Chrome\\User Data\\Default\\230a6e45-fc26-47dc-839a-4b14ffc45b7e.tmp\nCreationUtcTime: 2017-06-14 16:26:29.761\nPreviousCreationUtcTime: 2017-12-08 08:09:39.459",
          "opcode" : "Info",
          "process_id" : 520,
          "provider_guid" : "{5770385F-C22A-43E0-BF4C-06F5698FFBD9}",
          "record_number" : "4690",
          "source_name" : "Microsoft-Windows-Sysmon",
          "task" : "File creation time changed (rule: FileCreateTime)",
          "thread_id" : 3196,
          "type" : "wineventlog",
          "user" : {
            "domain" : "NT AUTHORITY",
            "identifier" : "S-1-5-18",
            "name" : "SYSTEM",
            "type" : "User"
          },
          "version" : 4
        }
      },
      {
        "_index" : "test",
        "_type" : "wineventlog",
        "_id" : "AWBHnKa82lDISLgezrCG",
        "_score" : 1.0,
        "_source" : {
          "@timestamp" : 1512720715578,
          "@version" : "1",
          "beat" : {
            "hostname" : "WIN-U1E6SADQQ7G",
            "name" : "WIN-U1E6SADQQ7G",
            "version" : "5.6.3"
          },
          "computer_name" : "WIN-U1E6SADQQ7G",
          "event_data" : {
            "Image" : "C:\\Windows\\servicing\\TrustedInstaller.exe",
            "ProcessGuid" : "{704248D8-4812-5A2A-0000-00100BC03301}",
            "ProcessId" : "3268",
            "UtcTime" : "2017-12-08 08:11:55.578"
          },
          "event_id" : 5,
          "host" : "WIN-U1E6SADQQ7G",
          "level" : "Information",
          "log_name" : "Microsoft-Windows-Sysmon/Operational",
          "message" : "Process terminated:\nUtcTime: 2017-12-08 08:11:55.578\nProcessGuid: {704248D8-4812-5A2A-0000-00100BC03301}\nProcessId: 3268\nImage: C:\\Windows\\servicing\\TrustedInstaller.exe",
          "opcode" : "Info",
          "process_id" : 520,
          "provider_guid" : "{5770385F-C22A-43E0-BF4C-06F5698FFBD9}",
          "record_number" : "4697",
          "source_name" : "Microsoft-Windows-Sysmon",
          "task" : "Process terminated (rule: ProcessTerminate)",
          "thread_id" : 3196,
          "type" : "wineventlog",
          "user" : {
            "domain" : "NT AUTHORITY",
            "identifier" : "S-1-5-18",
            "name" : "SYSTEM",
            "type" : "User"
          },
          "version" : 3
        }
      },
      {
        "_index" : "test",
        "_type" : "wineventlog",
        "_id" : "AWBHnKa82lDISLgezrCH",
        "_score" : 1.0,
        "_source" : {
          "@timestamp" : 1512720873821,
          "@version" : "1",
          "beat" : {
            "hostname" : "WIN-U1E6SADQQ7G",
            "name" : "WIN-U1E6SADQQ7G",
            "version" : "5.6.3"
          },
          "computer_name" : "WIN-U1E6SADQQ7G",
          "event_data" : {
            "CommandLine" : "C:\\Windows\\System32\\poqexec.exe /noreboot /transaction 580 /display_progress \\SystemRoot\\WinSxS\\pending.xml",
            "CurrentDirectory" : "C:\\Windows\\system32\\",
            "Hashes" : "SHA1=6A5CA10FA0172B5F6F71C332B8824A0B58302A61",
            "Image" : "C:\\Windows\\System32\\poqexec.exe",
            "IntegrityLevel" : "System",
            "LogonGuid" : "{704248D8-BA39-59F8-0000-0020E7030000}",
            "LogonId" : "0x3e7",
            "ParentCommandLine" : "C:\\Windows\\winsxs\\amd64_microsoft-windows-servicingstack_31bf3856ad364e35_6.3.9600.17246_none_fa4ae8e99b1f603c\\TiWorker.exe -Embedding",
            "ParentImage" : "C:\\Windows\\WinSxS\\amd64_microsoft-windows-servicingstack_31bf3856ad364e35_6.3.9600.17246_none_fa4ae8e99b1f603c\\TiWorker.exe",
            "ParentProcessGuid" : "{704248D8-49E7-5A2A-0000-0010015F3C01}",
            "ParentProcessId" : "4388",
            "ProcessGuid" : "{704248D8-49E9-5A2A-0000-001002863C01}",
            "ProcessId" : "4248",
            "TerminalSessionId" : "0",
            "User" : "NT AUTHORITY\\SYSTEM",
            "UtcTime" : "2017-12-08 08:14:33.815"
          },
          "event_id" : 1,
          "host" : "WIN-U1E6SADQQ7G",
          "level" : "Information",
          "log_name" : "Microsoft-Windows-Sysmon/Operational",
          "message" : "Process Create:\nUtcTime: 2017-12-08 08:14:33.815\nProcessGuid: {704248D8-49E9-5A2A-0000-001002863C01}\nProcessId: 4248\nImage: C:\\Windows\\System32\\poqexec.exe\nCommandLine: C:\\Windows\\System32\\poqexec.exe /noreboot /transaction 580 /display_progress \\SystemRoot\\WinSxS\\pending.xml\nCurrentDirectory: C:\\Windows\\system32\\\nUser: NT AUTHORITY\\SYSTEM\nLogonGuid: {704248D8-BA39-59F8-0000-0020E7030000}\nLogonId: 0x3E7\nTerminalSessionId: 0\nIntegrityLevel: System\nHashes: SHA1=6A5CA10FA0172B5F6F71C332B8824A0B58302A61\nParentProcessGuid: {704248D8-49E7-5A2A-0000-0010015F3C01}\nParentProcessId: 4388\nParentImage: C:\\Windows\\WinSxS\\amd64_microsoft-windows-servicingstack_31bf3856ad364e35_6.3.9600.17246_none_fa4ae8e99b1f603c\\TiWorker.exe\nParentCommandLine: C:\\Windows\\winsxs\\amd64_microsoft-windows-servicingstack_31bf3856ad364e35_6.3.9600.17246_none_fa4ae8e99b1f603c\\TiWorker.exe -Embedding",
          "opcode" : "Info",
          "process_id" : 520,
          "provider_guid" : "{5770385F-C22A-43E0-BF4C-06F5698FFBD9}",
          "record_number" : "4738",
          "source_name" : "Microsoft-Windows-Sysmon",
          "task" : "Process Create (rule: ProcessCreate)",
          "thread_id" : 3196,
          "type" : "wineventlog",
          "user" : {
            "domain" : "NT AUTHORITY",
            "identifier" : "S-1-5-18",
            "name" : "SYSTEM",
            "type" : "User"
          },
          "version" : 5
        }
      },
      {
        "_index" : "test",
        "_type" : "wineventlog",
        "_id" : "AWBHnKa82lDISLgezrCR",
        "_score" : 1.0,
        "_source" : {
          "@timestamp" : 1512725558036,
          "@version" : "1",
          "beat" : {
            "hostname" : "WIN-U1E6SADQQ7G",
            "name" : "WIN-U1E6SADQQ7G",
            "version" : "5.6.3"
          },
          "computer_name" : "WIN-U1E6SADQQ7G",
          "event_data" : {
            "CommandLine" : "C:\\Windows\\Sysmon.exe",
            "CurrentDirectory" : "C:\\Windows\\system32\\",
            "Hashes" : "SHA1=1C426D2D4EA362EBDB9CE5BF10513E28CB3305E3",
            "Image" : "C:\\Windows\\Sysmon.exe",
            "IntegrityLevel" : "System",
            "LogonGuid" : "{704248D8-4A14-5A2A-0000-0020E7030000}",
            "LogonId" : "0x3e7",
            "ParentCommandLine" : "C:\\Windows\\system32\\services.exe",
            "ParentImage" : "C:\\Windows\\System32\\services.exe",
            "ParentProcessGuid" : "{704248D8-4A14-5A2A-0000-001058A50000}",
            "ParentProcessId" : "468",
            "ProcessGuid" : "{704248D8-5C35-5A2A-0000-00109CD13600}",
            "ProcessId" : "92",
            "TerminalSessionId" : "0",
            "User" : "NT AUTHORITY\\SYSTEM",
            "UtcTime" : "2017-12-08 09:32:37.970"
          },
          "event_id" : 1,
          "host" : "WIN-U1E6SADQQ7G",
          "level" : "Information",
          "log_name" : "Microsoft-Windows-Sysmon/Operational",
          "message" : "Process Create:\nUtcTime: 2017-12-08 09:32:37.970\nProcessGuid: {704248D8-5C35-5A2A-0000-00109CD13600}\nProcessId: 92\nImage: C:\\Windows\\Sysmon.exe\nCommandLine: C:\\Windows\\Sysmon.exe\nCurrentDirectory: C:\\Windows\\system32\\\nUser: NT AUTHORITY\\SYSTEM\nLogonGuid: {704248D8-4A14-5A2A-0000-0020E7030000}\nLogonId: 0x3E7\nTerminalSessionId: 0\nIntegrityLevel: System\nHashes: SHA1=1C426D2D4EA362EBDB9CE5BF10513E28CB3305E3\nParentProcessGuid: {704248D8-4A14-5A2A-0000-001058A50000}\nParentProcessId: 468\nParentImage: C:\\Windows\\System32\\services.exe\nParentCommandLine: C:\\Windows\\system32\\services.exe",
          "opcode" : "Info",
          "process_id" : 92,
          "provider_guid" : "{5770385F-C22A-43E0-BF4C-06F5698FFBD9}",
          "record_number" : "4999",
          "source_name" : "Microsoft-Windows-Sysmon",
          "task" : "Process Create (rule: ProcessCreate)",
          "thread_id" : 388,
          "type" : "wineventlog",
          "user" : {
            "domain" : "NT AUTHORITY",
            "identifier" : "S-1-5-18",
            "name" : "SYSTEM",
            "type" : "User"
          },
          "version" : 5
        }
      },
      {
        "_index" : "test",
        "_type" : "wineventlog",
        "_id" : "AWBHnKa82lDISLgezrCV",
        "_score" : 1.0,
        "_source" : {
          "@timestamp" : 1512725901322,
          "@version" : "1",
          "beat" : {
            "hostname" : "WIN-U1E6SADQQ7G",
            "name" : "WIN-U1E6SADQQ7G",
            "version" : "5.6.3"
          },
          "computer_name" : "WIN-U1E6SADQQ7G",
          "event_data" : {
            "Image" : "C:\\Windows\\System32\\dllhost.exe",
            "ProcessGuid" : "{704248D8-5D88-5A2A-0000-0010E2E73900}",
            "ProcessId" : "2956",
            "UtcTime" : "2017-12-08 09:38:21.322"
          },
          "event_id" : 5,
          "host" : "WIN-U1E6SADQQ7G",
          "level" : "Information",
          "log_name" : "Microsoft-Windows-Sysmon/Operational",
          "message" : "Process terminated:\nUtcTime: 2017-12-08 09:38:21.322\nProcessGuid: {704248D8-5D88-5A2A-0000-0010E2E73900}\nProcessId: 2956\nImage: C:\\Windows\\System32\\dllhost.exe",
          "opcode" : "Info",
          "process_id" : 1984,
          "provider_guid" : "{5770385F-C22A-43E0-BF4C-06F5698FFBD9}",
          "record_number" : "5054",
          "source_name" : "Microsoft-Windows-Sysmon",
          "task" : "Process terminated (rule: ProcessTerminate)",
          "thread_id" : 2576,
          "type" : "wineventlog",
          "user" : {
            "domain" : "NT AUTHORITY",
            "identifier" : "S-1-5-18",
            "name" : "SYSTEM",
            "type" : "User"
          },
          "version" : 3
        }
      },
      {
        "_index" : "test",
        "_type" : "wineventlog",
        "_id" : "AWBHnKa82lDISLgezrCY",
        "_score" : 1.0,
        "_source" : {
          "@timestamp" : 1512727571863,
          "@version" : "1",
          "beat" : {
            "hostname" : "WIN-U1E6SADQQ7G",
            "name" : "WIN-U1E6SADQQ7G",
            "version" : "5.6.3"
          },
          "computer_name" : "WIN-U1E6SADQQ7G",
          "event_data" : {
            "CreationUtcTime" : "2017-06-14 16:26:35.532",
            "Image" : "C:\\Program Files (x86)\\Google\\Chrome\\Application\\chrome.exe",
            "PreviousCreationUtcTime" : "2017-06-14 16:26:35.532",
            "ProcessGuid" : "{704248D8-5014-5A2A-0000-001017712000}",
            "ProcessId" : "2524",
            "TargetFilename" : "C:\\Users\\Administrator\\AppData\\Local\\Google\\Chrome\\User Data\\Default\\IndexedDB\\https_www.google.com_0.indexeddb.leveldb\\LOG",
            "UtcTime" : "2017-12-08 10:06:11.857"
          },
          "event_id" : 2,
          "host" : "WIN-U1E6SADQQ7G",
          "level" : "Information",
          "log_name" : "Microsoft-Windows-Sysmon/Operational",
          "message" : "File creation time changed:\nUtcTime: 2017-12-08 10:06:11.857\nProcessGuid: {704248D8-5014-5A2A-0000-001017712000}\nProcessId: 2524\nImage: C:\\Program Files (x86)\\Google\\Chrome\\Application\\chrome.exe\nTargetFilename: C:\\Users\\Administrator\\AppData\\Local\\Google\\Chrome\\User Data\\Default\\IndexedDB\\https_www.google.com_0.indexeddb.leveldb\\LOG\nCreationUtcTime: 2017-06-14 16:26:35.532\nPreviousCreationUtcTime: 2017-06-14 16:26:35.532",
          "opcode" : "Info",
          "process_id" : 1984,
          "provider_guid" : "{5770385F-C22A-43E0-BF4C-06F5698FFBD9}",
          "record_number" : "5169",
          "source_name" : "Microsoft-Windows-Sysmon",
          "task" : "File creation time changed (rule: FileCreateTime)",
          "thread_id" : 2576,
          "type" : "wineventlog",
          "user" : {
            "domain" : "NT AUTHORITY",
            "identifier" : "S-1-5-18",
            "name" : "SYSTEM",
            "type" : "User"
          },
          "version" : 4
        }
      },
      {
        "_index" : "test",
        "_type" : "wineventlog",
        "_id" : "AWBHnKa82lDISLgezrCk",
        "_score" : 1.0,
        "_source" : {
          "@timestamp" : 1512728150367,
          "@version" : "1",
          "beat" : {
            "hostname" : "WIN-U1E6SADQQ7G",
            "name" : "WIN-U1E6SADQQ7G",
            "version" : "5.6.3"
          },
          "computer_name" : "WIN-U1E6SADQQ7G",
          "event_data" : {
            "Image" : "C:\\Program Files\\7-Zip\\7z.exe",
            "ProcessGuid" : "{704248D8-6656-5A2A-0000-001036A06E00}",
            "ProcessId" : "3232",
            "UtcTime" : "2017-12-08 10:15:50.367"
          },
          "event_id" : 5,
          "host" : "WIN-U1E6SADQQ7G",
          "level" : "Information",
          "log_name" : "Microsoft-Windows-Sysmon/Operational",
          "message" : "Process terminated:\nUtcTime: 2017-12-08 10:15:50.367\nProcessGuid: {704248D8-6656-5A2A-0000-001036A06E00}\nProcessId: 3232\nImage: C:\\Program Files\\7-Zip\\7z.exe",
          "opcode" : "Info",
          "process_id" : 1984,
          "provider_guid" : "{5770385F-C22A-43E0-BF4C-06F5698FFBD9}",
          "record_number" : "5356",
          "source_name" : "Microsoft-Windows-Sysmon",
          "task" : "Process terminated (rule: ProcessTerminate)",
          "thread_id" : 2576,
          "type" : "wineventlog",
          "user" : {
            "domain" : "NT AUTHORITY",
            "identifier" : "S-1-5-18",
            "name" : "SYSTEM",
            "type" : "User"
          },
          "version" : 3
        }
      },
      {
        "_index" : "test",
        "_type" : "wineventlog",
        "_id" : "AWBHnKa82lDISLgezrCp",
        "_score" : 1.0,
        "_source" : {
          "@timestamp" : 1512729592978,
          "@version" : "1",
          "beat" : {
            "hostname" : "WIN-U1E6SADQQ7G",
            "name" : "WIN-U1E6SADQQ7G",
            "version" : "5.6.3"
          },
          "computer_name" : "WIN-U1E6SADQQ7G",
          "event_data" : {
            "Image" : "C:\\Windows\\System32\\PING.EXE",
            "ProcessGuid" : "{704248D8-6BF8-5A2A-0000-0010D8107500}",
            "ProcessId" : "4040",
            "UtcTime" : "2017-12-08 10:39:52.978"
          },
          "event_id" : 5,
          "host" : "WIN-U1E6SADQQ7G",
          "level" : "Information",
          "log_name" : "Microsoft-Windows-Sysmon/Operational",
          "message" : "Process terminated:\nUtcTime: 2017-12-08 10:39:52.978\nProcessGuid: {704248D8-6BF8-5A2A-0000-0010D8107500}\nProcessId: 4040\nImage: C:\\Windows\\System32\\PING.EXE",
          "opcode" : "Info",
          "process_id" : 1984,
          "provider_guid" : "{5770385F-C22A-43E0-BF4C-06F5698FFBD9}",
          "record_number" : "5422",
          "source_name" : "Microsoft-Windows-Sysmon",
          "task" : "Process terminated (rule: ProcessTerminate)",
          "thread_id" : 2576,
          "type" : "wineventlog",
          "user" : {
            "domain" : "NT AUTHORITY",
            "identifier" : "S-1-5-18",
            "name" : "SYSTEM",
            "type" : "User"
          },
          "version" : 3
        }
      },
      {
        "_index" : "test",
        "_type" : "wineventlog",
        "_id" : "AWBHnKa82lDISLgezrCv",
        "_score" : 1.0,
        "_source" : {
          "@timestamp" : 1512730010823,
          "@version" : "1",
          "beat" : {
            "hostname" : "WIN-U1E6SADQQ7G",
            "name" : "WIN-U1E6SADQQ7G",
            "version" : "5.6.3"
          },
          "computer_name" : "WIN-U1E6SADQQ7G",
          "event_data" : {
            "Hashes" : "SHA1=7D3CEFE5C8673946DA4734388D0DD58914D2A60E",
            "ImageLoaded" : "C:\\Windows\\System32\\drivers\\vmmouse.sys",
            "Signature" : "VMware",
            "SignatureStatus" : "Valid",
            "Signed" : "true",
            "UtcTime" : "2017-12-08 10:46:08.905"
          },
          "event_id" : 6,
          "host" : "WIN-U1E6SADQQ7G",
          "level" : "Information",
          "log_name" : "Microsoft-Windows-Sysmon/Operational",
          "message" : "Driver loaded:\nUtcTime: 2017-12-08 10:46:08.905\nImageLoaded: C:\\Windows\\System32\\drivers\\vmmouse.sys\nHashes: SHA1=7D3CEFE5C8673946DA4734388D0DD58914D2A60E\nSigned: true\nSignature: VMware\nSignatureStatus: Valid",
          "opcode" : "Info",
          "process_id" : 1328,
          "provider_guid" : "{5770385F-C22A-43E0-BF4C-06F5698FFBD9}",
          "record_number" : "5575",
          "source_name" : "Microsoft-Windows-Sysmon",
          "task" : "Driver loaded (rule: DriverLoad)",
          "thread_id" : 1980,
          "type" : "wineventlog",
          "user" : {
            "domain" : "NT AUTHORITY",
            "identifier" : "S-1-5-18",
            "name" : "SYSTEM",
            "type" : "User"
          },
          "version" : 3
        }
      },
      {
        "_index" : "test",
        "_type" : "wineventlog",
        "_id" : "AWBHnKa82lDISLgezrC0",
        "_score" : 1.0,
        "_source" : {
          "@timestamp" : 1512730010997,
          "@version" : "1",
          "beat" : {
            "hostname" : "WIN-U1E6SADQQ7G",
            "name" : "WIN-U1E6SADQQ7G",
            "version" : "5.6.3"
          },
          "computer_name" : "WIN-U1E6SADQQ7G",
          "event_data" : {
            "Hashes" : "SHA1=BCD8290A9304F877BB35FEB4A63D5E3DFC8109B2",
            "ImageLoaded" : "C:\\Windows\\System32\\drivers\\USBXHCI.SYS",
            "Signature" : "Microsoft Windows",
            "SignatureStatus" : "Valid",
            "Signed" : "true",
            "UtcTime" : "2017-12-08 10:46:09.045"
          },
          "event_id" : 6,
          "host" : "WIN-U1E6SADQQ7G",
          "level" : "Information",
          "log_name" : "Microsoft-Windows-Sysmon/Operational",
          "message" : "Driver loaded:\nUtcTime: 2017-12-08 10:46:09.045\nImageLoaded: C:\\Windows\\System32\\drivers\\USBXHCI.SYS\nHashes: SHA1=BCD8290A9304F877BB35FEB4A63D5E3DFC8109B2\nSigned: true\nSignature: Microsoft Windows\nSignatureStatus: Valid",
          "opcode" : "Info",
          "process_id" : 1328,
          "provider_guid" : "{5770385F-C22A-43E0-BF4C-06F5698FFBD9}",
          "record_number" : "5586",
          "source_name" : "Microsoft-Windows-Sysmon",
          "task" : "Driver loaded (rule: DriverLoad)",
          "thread_id" : 1980,
          "type" : "wineventlog",
          "user" : {
            "domain" : "NT AUTHORITY",
            "identifier" : "S-1-5-18",
            "name" : "SYSTEM",
            "type" : "User"
          },
          "version" : 3
        }
      },
      {
        "_index" : "test",
        "_type" : "wineventlog",
        "_id" : "AWBHnKa82lDISLgezrC7",
        "_score" : 1.0,
        "_source" : {
          "@timestamp" : 1512730011627,
          "@version" : "1",
          "beat" : {
            "hostname" : "WIN-U1E6SADQQ7G",
            "name" : "WIN-U1E6SADQQ7G",
            "version" : "5.6.3"
          },
          "computer_name" : "WIN-U1E6SADQQ7G",
          "event_data" : {
            "Hashes" : "SHA1=15B081CD80E6CE8E966024BED3E90916C9D0B258",
            "ImageLoaded" : "C:\\Windows\\System32\\drivers\\mrxsmb.sys",
            "Signature" : "Microsoft Windows",
            "SignatureStatus" : "Valid",
            "Signed" : "true",
            "UtcTime" : "2017-12-08 10:46:15.679"
          },
          "event_id" : 6,
          "host" : "WIN-U1E6SADQQ7G",
          "level" : "Information",
          "log_name" : "Microsoft-Windows-Sysmon/Operational",
          "message" : "Driver loaded:\nUtcTime: 2017-12-08 10:46:15.679\nImageLoaded: C:\\Windows\\System32\\drivers\\mrxsmb.sys\nHashes: SHA1=15B081CD80E6CE8E966024BED3E90916C9D0B258\nSigned: true\nSignature: Microsoft Windows\nSignatureStatus: Valid",
          "opcode" : "Info",
          "process_id" : 1328,
          "provider_guid" : "{5770385F-C22A-43E0-BF4C-06F5698FFBD9}",
          "record_number" : "5627",
          "source_name" : "Microsoft-Windows-Sysmon",
          "task" : "Driver loaded (rule: DriverLoad)",
          "thread_id" : 1980,
          "type" : "wineventlog",
          "user" : {
            "domain" : "NT AUTHORITY",
            "identifier" : "S-1-5-18",
            "name" : "SYSTEM",
            "type" : "User"
          },
          "version" : 3
        }
      },
      {
        "_index" : "test",
        "_type" : "wineventlog",
        "_id" : "AWBHnKa82lDISLgezrDB",
        "_score" : 1.0,
        "_source" : {
          "@timestamp" : 1512730009867,
          "@version" : "1",
          "beat" : {
            "hostname" : "WIN-U1E6SADQQ7G",
            "name" : "WIN-U1E6SADQQ7G",
            "version" : "5.6.3"
          },
          "computer_name" : "WIN-U1E6SADQQ7G",
          "event_data" : {
            "CommandLine" : "C:\\Windows\\system32\\wbem\\unsecapp.exe -Embedding",
            "CurrentDirectory" : "C:\\Windows\\system32\\",
            "Hashes" : "SHA1=3187C8874FB6D2B0DF1C43A4F8BEAEA365C961F6",
            "Image" : "C:\\Windows\\System32\\wbem\\unsecapp.exe",
            "IntegrityLevel" : "System",
            "LogonGuid" : "{704248D8-6D75-5A2A-0000-0020E7030000}",
            "LogonId" : "0x3e7",
            "ParentCommandLine" : "C:\\Windows\\system32\\svchost.exe -k DcomLaunch",
            "ParentImage" : "C:\\Windows\\System32\\svchost.exe",
            "ParentProcessGuid" : "{704248D8-6D75-5A2A-0000-0010BCB80000}",
            "ParentProcessId" : "532",
            "ProcessGuid" : "{704248D8-6D99-5A2A-0000-0010A23A0200}",
            "ProcessId" : "1828",
            "TerminalSessionId" : "0",
            "User" : "NT AUTHORITY\\SYSTEM",
            "UtcTime" : "2017-12-08 10:46:49.234"
          },
          "event_id" : 1,
          "host" : "WIN-U1E6SADQQ7G",
          "level" : "Information",
          "log_name" : "Microsoft-Windows-Sysmon/Operational",
          "message" : "Process Create:\nUtcTime: 2017-12-08 10:46:49.234\nProcessGuid: {704248D8-6D99-5A2A-0000-0010A23A0200}\nProcessId: 1828\nImage: C:\\Windows\\System32\\wbem\\unsecapp.exe\nCommandLine: C:\\Windows\\system32\\wbem\\unsecapp.exe -Embedding\nCurrentDirectory: C:\\Windows\\system32\\\nUser: NT AUTHORITY\\SYSTEM\nLogonGuid: {704248D8-6D75-5A2A-0000-0020E7030000}\nLogonId: 0x3E7\nTerminalSessionId: 0\nIntegrityLevel: System\nHashes: SHA1=3187C8874FB6D2B0DF1C43A4F8BEAEA365C961F6\nParentProcessGuid: {704248D8-6D75-5A2A-0000-0010BCB80000}\nParentProcessId: 532\nParentImage: C:\\Windows\\System32\\svchost.exe\nParentCommandLine: C:\\Windows\\system32\\svchost.exe -k DcomLaunch",
          "opcode" : "Info",
          "process_id" : 1328,
          "provider_guid" : "{5770385F-C22A-43E0-BF4C-06F5698FFBD9}",
          "record_number" : "5534",
          "source_name" : "Microsoft-Windows-Sysmon",
          "task" : "Process Create (rule: ProcessCreate)",
          "thread_id" : 1960,
          "type" : "wineventlog",
          "user" : {
            "domain" : "NT AUTHORITY",
            "identifier" : "S-1-5-18",
            "name" : "SYSTEM",
            "type" : "User"
          },
          "version" : 5
        }
      },
      {
        "_index" : "test",
        "_type" : "wineventlog",
        "_id" : "AWBHnKa82lDISLgezrDD",
        "_score" : 1.0,
        "_source" : {
          "@timestamp" : 1512730010339,
          "@version" : "1",
          "beat" : {
            "hostname" : "WIN-U1E6SADQQ7G",
            "name" : "WIN-U1E6SADQQ7G",
            "version" : "5.6.3"
          },
          "computer_name" : "WIN-U1E6SADQQ7G",
          "event_data" : {
            "Hashes" : "SHA1=D4E5E710FC1FEE158CBB9214BA42F3561878D6B0",
            "ImageLoaded" : "C:\\Windows\\System32\\drivers\\BasicRender.sys",
            "Signature" : "Microsoft Windows",
            "SignatureStatus" : "Valid",
            "Signed" : "true",
            "UtcTime" : "2017-12-08 10:46:08.639"
          },
          "event_id" : 6,
          "host" : "WIN-U1E6SADQQ7G",
          "level" : "Information",
          "log_name" : "Microsoft-Windows-Sysmon/Operational",
          "message" : "Driver loaded:\nUtcTime: 2017-12-08 10:46:08.639\nImageLoaded: C:\\Windows\\System32\\drivers\\BasicRender.sys\nHashes: SHA1=D4E5E710FC1FEE158CBB9214BA42F3561878D6B0\nSigned: true\nSignature: Microsoft Windows\nSignatureStatus: Valid",
          "opcode" : "Info",
          "process_id" : 1328,
          "provider_guid" : "{5770385F-C22A-43E0-BF4C-06F5698FFBD9}",
          "record_number" : "5542",
          "source_name" : "Microsoft-Windows-Sysmon",
          "task" : "Driver loaded (rule: DriverLoad)",
          "thread_id" : 1980,
          "type" : "wineventlog",
          "user" : {
            "domain" : "NT AUTHORITY",
            "identifier" : "S-1-5-18",
            "name" : "SYSTEM",
            "type" : "User"
          },
          "version" : 3
        }
      },
      {
        "_index" : "test",
        "_type" : "wineventlog",
        "_id" : "AWBHnKa82lDISLgezrDJ",
        "_score" : 1.0,
        "_source" : {
          "@timestamp" : 1512729951618,
          "@version" : "1",
          "beat" : {
            "hostname" : "WIN-U1E6SADQQ7G",
            "name" : "WIN-U1E6SADQQ7G",
            "version" : "5.6.3"
          },
          "computer_name" : "WIN-U1E6SADQQ7G",
          "event_data" : {
            "Image" : "C:\\Windows\\System32\\Taskmgr.exe",
            "ProcessGuid" : "{704248D8-5AC6-5A2A-0000-001065DC3100}",
            "ProcessId" : "1908",
            "UtcTime" : "2017-12-08 10:45:51.618"
          },
          "event_id" : 5,
          "host" : "WIN-U1E6SADQQ7G",
          "level" : "Information",
          "log_name" : "Microsoft-Windows-Sysmon/Operational",
          "message" : "Process terminated:\nUtcTime: 2017-12-08 10:45:51.618\nProcessGuid: {704248D8-5AC6-5A2A-0000-001065DC3100}\nProcessId: 1908\nImage: C:\\Windows\\System32\\Taskmgr.exe",
          "opcode" : "Info",
          "process_id" : 1984,
          "provider_guid" : "{5770385F-C22A-43E0-BF4C-06F5698FFBD9}",
          "record_number" : "5474",
          "source_name" : "Microsoft-Windows-Sysmon",
          "task" : "Process terminated (rule: ProcessTerminate)",
          "thread_id" : 2576,
          "type" : "wineventlog",
          "user" : {
            "domain" : "NT AUTHORITY",
            "identifier" : "S-1-5-18",
            "name" : "SYSTEM",
            "type" : "User"
          },
          "version" : 3
        }
      },
