      {
        "_index" : "test",
        "_type" : "wineventlog",
        "_id" : "AWBHnIus2lDISLgezqop",
        "_score" : 1.0,
        "_source" : {
          "@timestamp" : 1512532994634,
          "@version" : "1",
          "beat" : {
            "hostname" : "WIN-U1E6SADQQ7G",
            "name" : "WIN-U1E6SADQQ7G",
            "version" : "5.6.3"
          },
          "computer_name" : "WIN-U1E6SADQQ7G",
          "event_data" : {
            "CommandLine" : "C:\\Windows\\TEMP\\CR_2700A.tmp\\setup.exe --type=crashpad-handler /prefetch:7 --monitor-self-annotation=ptype=crashpad-handler --database=C:\\Windows\\TEMP\\Crashpad --url=https://clients2.google.com/cr/report --annotation=channel= --annotation=plat=Win64 --annotation=prod=Chrome --annotation=ver=62.0.3202.94 --initial-client-data=0x150,0x154,0x158,0x14c,0x15c,0x7ff78165a958,0x7ff78165a940,0x7ff78165a918",
            "CurrentDirectory" : "C:\\Program Files (x86)\\Google\\Update\\1.3.33.7\\",
            "Hashes" : "SHA1=1AF2B4E9A03BF3BDE7CF238DF0BB8B53FDE78FEA",
            "Image" : "C:\\Windows\\Temp\\CR_2700A.tmp\\setup.exe",
            "IntegrityLevel" : "System",
            "LogonGuid" : "{704248D8-BA39-59F8-0000-0020E7030000}",
            "LogonId" : "0x3e7",
            "ParentCommandLine" : "\"C:\\Windows\\TEMP\\CR_2700A.tmp\\setup.exe\" --install-archive=\"C:\\Windows\\TEMP\\CR_2700A.tmp\\CHROME_PATCH.PACKED.7Z\" --previous-version=\"61.0.3163.100\" --verbose-logging --do-not-launch-chrome --system-level",
            "ParentImage" : "C:\\Windows\\Temp\\CR_2700A.tmp\\setup.exe",
            "ParentProcessGuid" : "{704248D8-6C02-5A27-0000-0010A7019500}",
            "ParentProcessId" : "4936",
            "ProcessGuid" : "{704248D8-6C02-5A27-0000-00107D039500}",
            "ProcessId" : "1908",
            "TerminalSessionId" : "0",
            "User" : "NT AUTHORITY\\SYSTEM",
            "UtcTime" : "2017-12-06 04:03:14.626"
          },
          "event_id" : 1,
          "host" : "WIN-U1E6SADQQ7G",
          "level" : "Information",
          "log_name" : "Microsoft-Windows-Sysmon/Operational",
          "message" : "Process Create:\nUtcTime: 2017-12-06 04:03:14.626\nProcessGuid: {704248D8-6C02-5A27-0000-00107D039500}\nProcessId: 1908\nImage: C:\\Windows\\Temp\\CR_2700A.tmp\\setup.exe\nCommandLine: C:\\Windows\\TEMP\\CR_2700A.tmp\\setup.exe --type=crashpad-handler /prefetch:7 --monitor-self-annotation=ptype=crashpad-handler --database=C:\\Windows\\TEMP\\Crashpad --url=https://clients2.google.com/cr/report --annotation=channel= --annotation=plat=Win64 --annotation=prod=Chrome --annotation=ver=62.0.3202.94 --initial-client-data=0x150,0x154,0x158,0x14c,0x15c,0x7ff78165a958,0x7ff78165a940,0x7ff78165a918\nCurrentDirectory: C:\\Program Files (x86)\\Google\\Update\\1.3.33.7\\\nUser: NT AUTHORITY\\SYSTEM\nLogonGuid: {704248D8-BA39-59F8-0000-0020E7030000}\nLogonId: 0x3E7\nTerminalSessionId: 0\nIntegrityLevel: System\nHashes: SHA1=1AF2B4E9A03BF3BDE7CF238DF0BB8B53FDE78FEA\nParentProcessGuid: {704248D8-6C02-5A27-0000-0010A7019500}\nParentProcessId: 4936\nParentImage: C:\\Windows\\Temp\\CR_2700A.tmp\\setup.exe\nParentCommandLine: \"C:\\Windows\\TEMP\\CR_2700A.tmp\\setup.exe\" --install-archive=\"C:\\Windows\\TEMP\\CR_2700A.tmp\\CHROME_PATCH.PACKED.7Z\" --previous-version=\"61.0.3163.100\" --verbose-logging --do-not-launch-chrome --system-level",
          "opcode" : "Info",
          "process_id" : 520,
          "provider_guid" : "{5770385F-C22A-43E0-BF4C-06F5698FFBD9}",
          "record_number" : "1776",
          "source_name" : "Microsoft-Windows-Sysmon",
          "task" : "Process Create (rule: ProcessCreate)",
          "thread_id" : 3196,
          "type" : "wineventlog",
          "user" : {
            "domain" : "NT AUTHORITY",
            "identifier" : "S-1-5-18",
            "name" : "SYSTEM",
            "type" : "User"
          },
          "version" : 5
        }
      },
      {
        "_index" : "test",
        "_type" : "wineventlog",
        "_id" : "AWBHnIus2lDISLgezqos",
        "_score" : 1.0,
        "_source" : {
          "@timestamp" : 1512533089626,
          "@version" : "1",
          "beat" : {
            "hostname" : "WIN-U1E6SADQQ7G",
            "name" : "WIN-U1E6SADQQ7G",
            "version" : "5.6.3"
          },
          "computer_name" : "WIN-U1E6SADQQ7G",
          "event_data" : {
            "Image" : "C:\\Program Files (x86)\\Google\\Update\\Install\\{71565590-34B5-4163-A735-F67C858032B8}\\62.0.3202.94_61.0.3163.100_chrome_updater.exe",
            "ProcessGuid" : "{704248D8-6C02-5A27-0000-00100CFC9400}",
            "ProcessId" : "728",
            "UtcTime" : "2017-12-06 04:04:49.626"
          },
          "event_id" : 5,
          "host" : "WIN-U1E6SADQQ7G",
          "level" : "Information",
          "log_name" : "Microsoft-Windows-Sysmon/Operational",
          "message" : "Process terminated:\nUtcTime: 2017-12-06 04:04:49.626\nProcessGuid: {704248D8-6C02-5A27-0000-00100CFC9400}\nProcessId: 728\nImage: C:\\Program Files (x86)\\Google\\Update\\Install\\{71565590-34B5-4163-A735-F67C858032B8}\\62.0.3202.94_61.0.3163.100_chrome_updater.exe",
          "opcode" : "Info",
          "process_id" : 520,
          "provider_guid" : "{5770385F-C22A-43E0-BF4C-06F5698FFBD9}",
          "record_number" : "1778",
          "source_name" : "Microsoft-Windows-Sysmon",
          "task" : "Process terminated (rule: ProcessTerminate)",
          "thread_id" : 3196,
          "type" : "wineventlog",
          "user" : {
            "domain" : "NT AUTHORITY",
            "identifier" : "S-1-5-18",
            "name" : "SYSTEM",
            "type" : "User"
          },
          "version" : 3
        }
      },
      {
        "_index" : "test",
        "_type" : "wineventlog",
        "_id" : "AWBHnIus2lDISLgezqoz",
        "_score" : 1.0,
        "_source" : {
          "@timestamp" : 1512535257874,
          "@version" : "1",
          "beat" : {
            "hostname" : "WIN-U1E6SADQQ7G",
            "name" : "WIN-U1E6SADQQ7G",
            "version" : "5.6.3"
          },
          "computer_name" : "WIN-U1E6SADQQ7G",
          "event_data" : {
            "CommandLine" : "\"C:\\Program Files (x86)\\Google\\Chrome\\Application\\chrome.exe\" --type=utility --field-trial-handle=1116,9682725140068470363,9597901538313038131,131072 --lang=en-US --service-request-channel-token=9DA99A70C841802E93F9689081B43AB8 --mojo-platform-channel-handle=2028 --ignored=\" --type=renderer \" /prefetch:8",
            "CurrentDirectory" : "C:\\Program Files (x86)\\Google\\Chrome\\Application\\61.0.3163.100\\",
            "Hashes" : "SHA1=367F252E2DDDAB6E2402ED0B288D920472A50580",
            "Image" : "C:\\Program Files (x86)\\Google\\Chrome\\Application\\chrome.exe",
            "IntegrityLevel" : "Low",
            "LogonGuid" : "{704248D8-BA95-59F8-0000-0020BF9C0400}",
            "LogonId" : "0x49cbf",
            "ParentCommandLine" : "\"C:\\Program Files (x86)\\Google\\Chrome\\Application\\chrome.exe\" ",
            "ParentImage" : "C:\\Program Files (x86)\\Google\\Chrome\\Application\\chrome.exe",
            "ParentProcessGuid" : "{704248D8-35D4-59F9-0000-0010004D1C00}",
            "ParentProcessId" : "1884",
            "ProcessGuid" : "{704248D8-74D9-5A27-0000-0010C6EE9B00}",
            "ProcessId" : "4972",
            "TerminalSessionId" : "1",
            "User" : "WIN-U1E6SADQQ7G\\Administrator",
            "UtcTime" : "2017-12-06 04:40:57.868"
          },
          "event_id" : 1,
          "host" : "WIN-U1E6SADQQ7G",
          "level" : "Information",
          "log_name" : "Microsoft-Windows-Sysmon/Operational",
          "message" : "Process Create:\nUtcTime: 2017-12-06 04:40:57.868\nProcessGuid: {704248D8-74D9-5A27-0000-0010C6EE9B00}\nProcessId: 4972\nImage: C:\\Program Files (x86)\\Google\\Chrome\\Application\\chrome.exe\nCommandLine: \"C:\\Program Files (x86)\\Google\\Chrome\\Application\\chrome.exe\" --type=utility --field-trial-handle=1116,9682725140068470363,9597901538313038131,131072 --lang=en-US --service-request-channel-token=9DA99A70C841802E93F9689081B43AB8 --mojo-platform-channel-handle=2028 --ignored=\" --type=renderer \" /prefetch:8\nCurrentDirectory: C:\\Program Files (x86)\\Google\\Chrome\\Application\\61.0.3163.100\\\nUser: WIN-U1E6SADQQ7G\\Administrator\nLogonGuid: {704248D8-BA95-59F8-0000-0020BF9C0400}\nLogonId: 0x49CBF\nTerminalSessionId: 1\nIntegrityLevel: Low\nHashes: SHA1=367F252E2DDDAB6E2402ED0B288D920472A50580\nParentProcessGuid: {704248D8-35D4-59F9-0000-0010004D1C00}\nParentProcessId: 1884\nParentImage: C:\\Program Files (x86)\\Google\\Chrome\\Application\\chrome.exe\nParentCommandLine: \"C:\\Program Files (x86)\\Google\\Chrome\\Application\\chrome.exe\" ",
          "opcode" : "Info",
          "process_id" : 520,
          "provider_guid" : "{5770385F-C22A-43E0-BF4C-06F5698FFBD9}",
          "record_number" : "1898",
          "source_name" : "Microsoft-Windows-Sysmon",
          "task" : "Process Create (rule: ProcessCreate)",
          "thread_id" : 3196,
          "type" : "wineventlog",
          "user" : {
            "domain" : "NT AUTHORITY",
            "identifier" : "S-1-5-18",
            "name" : "SYSTEM",
            "type" : "User"
          },
          "version" : 5
        }
      },
      {
        "_index" : "test",
        "_type" : "wineventlog",
        "_id" : "AWBHnIus2lDISLgezqo5",
        "_score" : 1.0,
        "_source" : {
          "@timestamp" : 1512537448090,
          "@version" : "1",
          "beat" : {
            "hostname" : "WIN-U1E6SADQQ7G",
            "name" : "WIN-U1E6SADQQ7G",
            "version" : "5.6.3"
          },
          "computer_name" : "WIN-U1E6SADQQ7G",
          "event_data" : {
            "CommandLine" : "C:\\Windows\\system32\\wbem\\wmiprvse.exe -Embedding",
            "CurrentDirectory" : "C:\\Windows\\system32\\",
            "Hashes" : "SHA1=1AA3FDA50123DD14A055B4D6601BEEDEAD69FE11",
            "Image" : "C:\\Windows\\System32\\wbem\\WmiPrvSE.exe",
            "IntegrityLevel" : "System",
            "LogonGuid" : "{704248D8-BA39-59F8-0000-0020E7030000}",
            "LogonId" : "0x3e7",
            "ParentCommandLine" : "C:\\Windows\\system32\\svchost.exe -k DcomLaunch",
            "ParentImage" : "C:\\Windows\\System32\\svchost.exe",
            "ParentProcessGuid" : "{704248D8-BA39-59F8-0000-00103BBA0000}",
            "ParentProcessId" : "544",
            "ProcessGuid" : "{704248D8-7D68-5A27-0000-0010653AA200}",
            "ProcessId" : "3484",
            "TerminalSessionId" : "0",
            "User" : "NT AUTHORITY\\SYSTEM",
            "UtcTime" : "2017-12-06 05:17:28.089"
          },
          "event_id" : 1,
          "host" : "WIN-U1E6SADQQ7G",
          "level" : "Information",
          "log_name" : "Microsoft-Windows-Sysmon/Operational",
          "message" : "Process Create:\nUtcTime: 2017-12-06 05:17:28.089\nProcessGuid: {704248D8-7D68-5A27-0000-0010653AA200}\nProcessId: 3484\nImage: C:\\Windows\\System32\\wbem\\WmiPrvSE.exe\nCommandLine: C:\\Windows\\system32\\wbem\\wmiprvse.exe -Embedding\nCurrentDirectory: C:\\Windows\\system32\\\nUser: NT AUTHORITY\\SYSTEM\nLogonGuid: {704248D8-BA39-59F8-0000-0020E7030000}\nLogonId: 0x3E7\nTerminalSessionId: 0\nIntegrityLevel: System\nHashes: SHA1=1AA3FDA50123DD14A055B4D6601BEEDEAD69FE11\nParentProcessGuid: {704248D8-BA39-59F8-0000-00103BBA0000}\nParentProcessId: 544\nParentImage: C:\\Windows\\System32\\svchost.exe\nParentCommandLine: C:\\Windows\\system32\\svchost.exe -k DcomLaunch",
          "opcode" : "Info",
          "process_id" : 520,
          "provider_guid" : "{5770385F-C22A-43E0-BF4C-06F5698FFBD9}",
          "record_number" : "1989",
          "source_name" : "Microsoft-Windows-Sysmon",
          "task" : "Process Create (rule: ProcessCreate)",
          "thread_id" : 3196,
          "type" : "wineventlog",
          "user" : {
            "domain" : "NT AUTHORITY",
            "identifier" : "S-1-5-18",
            "name" : "SYSTEM",
            "type" : "User"
          },
          "version" : 5
        }
      },
      {
        "_index" : "test",
        "_type" : "wineventlog",
        "_id" : "AWBHnIus2lDISLgezqo6",
        "_score" : 1.0,
        "_source" : {
          "@timestamp" : 1512536848164,
          "@version" : "1",
          "beat" : {
            "hostname" : "WIN-U1E6SADQQ7G",
            "name" : "WIN-U1E6SADQQ7G",
            "version" : "5.6.3"
          },
          "computer_name" : "WIN-U1E6SADQQ7G",
          "event_data" : {
            "CommandLine" : "C:\\Windows\\system32\\wbem\\wmiprvse.exe -Embedding",
            "CurrentDirectory" : "C:\\Windows\\system32\\",
            "Hashes" : "SHA1=1AA3FDA50123DD14A055B4D6601BEEDEAD69FE11",
            "Image" : "C:\\Windows\\System32\\wbem\\WmiPrvSE.exe",
            "IntegrityLevel" : "System",
            "LogonGuid" : "{704248D8-BA39-59F8-0000-0020E7030000}",
            "LogonId" : "0x3e7",
            "ParentCommandLine" : "C:\\Windows\\system32\\svchost.exe -k DcomLaunch",
            "ParentImage" : "C:\\Windows\\System32\\svchost.exe",
            "ParentProcessGuid" : "{704248D8-BA39-59F8-0000-00103BBA0000}",
            "ParentProcessId" : "544",
            "ProcessGuid" : "{704248D8-7B10-5A27-0000-0010EA76A000}",
            "ProcessId" : "152",
            "TerminalSessionId" : "0",
            "User" : "NT AUTHORITY\\SYSTEM",
            "UtcTime" : "2017-12-06 05:07:28.163"
          },
          "event_id" : 1,
          "host" : "WIN-U1E6SADQQ7G",
          "level" : "Information",
          "log_name" : "Microsoft-Windows-Sysmon/Operational",
          "message" : "Process Create:\nUtcTime: 2017-12-06 05:07:28.163\nProcessGuid: {704248D8-7B10-5A27-0000-0010EA76A000}\nProcessId: 152\nImage: C:\\Windows\\System32\\wbem\\WmiPrvSE.exe\nCommandLine: C:\\Windows\\system32\\wbem\\wmiprvse.exe -Embedding\nCurrentDirectory: C:\\Windows\\system32\\\nUser: NT AUTHORITY\\SYSTEM\nLogonGuid: {704248D8-BA39-59F8-0000-0020E7030000}\nLogonId: 0x3E7\nTerminalSessionId: 0\nIntegrityLevel: System\nHashes: SHA1=1AA3FDA50123DD14A055B4D6601BEEDEAD69FE11\nParentProcessGuid: {704248D8-BA39-59F8-0000-00103BBA0000}\nParentProcessId: 544\nParentImage: C:\\Windows\\System32\\svchost.exe\nParentCommandLine: C:\\Windows\\system32\\svchost.exe -k DcomLaunch",
          "opcode" : "Info",
          "process_id" : 520,
          "provider_guid" : "{5770385F-C22A-43E0-BF4C-06F5698FFBD9}",
          "record_number" : "1964",
          "source_name" : "Microsoft-Windows-Sysmon",
          "task" : "Process Create (rule: ProcessCreate)",
          "thread_id" : 3196,
          "type" : "wineventlog",
          "user" : {
            "domain" : "NT AUTHORITY",
            "identifier" : "S-1-5-18",
            "name" : "SYSTEM",
            "type" : "User"
          },
          "version" : 5
        }
      },
      {
        "_index" : "test",
        "_type" : "wineventlog",
        "_id" : "AWBHnIus2lDISLgezqo9",
        "_score" : 1.0,
        "_source" : {
          "@timestamp" : 1512562714740,
          "@version" : "1",
          "beat" : {
            "hostname" : "WIN-U1E6SADQQ7G",
            "name" : "WIN-U1E6SADQQ7G",
            "version" : "5.6.3"
          },
          "computer_name" : "WIN-U1E6SADQQ7G",
          "event_data" : {
            "CommandLine" : "taskhost.exe USER",
            "CurrentDirectory" : "C:\\Windows\\system32\\",
            "Hashes" : "SHA1=5647C86F30318B232B3819DED08FC5A9A171E0D9",
            "Image" : "C:\\Windows\\System32\\taskhost.exe",
            "IntegrityLevel" : "High",
            "LogonGuid" : "{704248D8-BA95-59F8-0000-0020BF9C0400}",
            "LogonId" : "0x49cbf",
            "ParentCommandLine" : "C:\\Windows\\system32\\svchost.exe -k netsvcs",
            "ParentImage" : "C:\\Windows\\System32\\svchost.exe",
            "ParentProcessGuid" : "{704248D8-BA3A-59F8-0000-00105F1A0100}",
            "ParentProcessId" : "792",
            "ProcessGuid" : "{704248D8-E01A-5A27-0000-00101663A300}",
            "ProcessId" : "4420",
            "TerminalSessionId" : "1",
            "User" : "WIN-U1E6SADQQ7G\\Administrator",
            "UtcTime" : "2017-12-06 12:18:34.738"
          },
          "event_id" : 1,
          "host" : "WIN-U1E6SADQQ7G",
          "level" : "Information",
          "log_name" : "Microsoft-Windows-Sysmon/Operational",
          "message" : "Process Create:\nUtcTime: 2017-12-06 12:18:34.738\nProcessGuid: {704248D8-E01A-5A27-0000-00101663A300}\nProcessId: 4420\nImage: C:\\Windows\\System32\\taskhost.exe\nCommandLine: taskhost.exe USER\nCurrentDirectory: C:\\Windows\\system32\\\nUser: WIN-U1E6SADQQ7G\\Administrator\nLogonGuid: {704248D8-BA95-59F8-0000-0020BF9C0400}\nLogonId: 0x49CBF\nTerminalSessionId: 1\nIntegrityLevel: High\nHashes: SHA1=5647C86F30318B232B3819DED08FC5A9A171E0D9\nParentProcessGuid: {704248D8-BA3A-59F8-0000-00105F1A0100}\nParentProcessId: 792\nParentImage: C:\\Windows\\System32\\svchost.exe\nParentCommandLine: C:\\Windows\\system32\\svchost.exe -k netsvcs",
          "opcode" : "Info",
          "process_id" : 520,
          "provider_guid" : "{5770385F-C22A-43E0-BF4C-06F5698FFBD9}",
          "record_number" : "2049",
          "source_name" : "Microsoft-Windows-Sysmon",
          "task" : "Process Create (rule: ProcessCreate)",
          "thread_id" : 3196,
          "type" : "wineventlog",
          "user" : {
            "domain" : "NT AUTHORITY",
            "identifier" : "S-1-5-18",
            "name" : "SYSTEM",
            "type" : "User"
          },
          "version" : 5
        }
      },
      {
        "_index" : "test",
        "_type" : "wineventlog",
        "_id" : "AWBHnInm2lDISLgezqmG",
        "_score" : 1.0,
        "_source" : {
          "@timestamp" : 1512647502135,
          "@version" : "1",
          "beat" : {
            "hostname" : "WIN-U1E6SADQQ7G",
            "name" : "WIN-U1E6SADQQ7G",
            "version" : "5.6.3"
          },
          "computer_name" : "WIN-U1E6SADQQ7G",
          "event_data" : {
            "Image" : "C:\\Windows\\System32\\conhost.exe",
            "ProcessGuid" : "{704248D8-2B4E-5A29-0000-00108A29AB00}",
            "ProcessId" : "2964",
            "UtcTime" : "2017-12-07 11:51:42.135"
          },
          "event_id" : 5,
          "host" : "WIN-U1E6SADQQ7G",
          "level" : "Information",
          "log_name" : "Microsoft-Windows-Sysmon/Operational",
          "message" : "Process terminated:\nUtcTime: 2017-12-07 11:51:42.135\nProcessGuid: {704248D8-2B4E-5A29-0000-00108A29AB00}\nProcessId: 2964\nImage: C:\\Windows\\System32\\conhost.exe",
          "opcode" : "Info",
          "process_id" : 520,
          "provider_guid" : "{5770385F-C22A-43E0-BF4C-06F5698FFBD9}",
          "record_number" : "2462",
          "source_name" : "Microsoft-Windows-Sysmon",
          "task" : "Process terminated (rule: ProcessTerminate)",
          "thread_id" : 3196,
          "type" : "wineventlog",
          "user" : {
            "domain" : "NT AUTHORITY",
            "identifier" : "S-1-5-18",
            "name" : "SYSTEM",
            "type" : "User"
          },
          "version" : 3
        }
      },
      {
        "_index" : "test",
        "_type" : "wineventlog",
        "_id" : "AWBHnInm2lDISLgezqmT",
        "_score" : 1.0,
        "_source" : {
          "@timestamp" : 1512665453211,
          "@version" : "1",
          "beat" : {
            "hostname" : "WIN-U1E6SADQQ7G",
            "name" : "WIN-U1E6SADQQ7G",
            "version" : "5.6.3"
          },
          "computer_name" : "WIN-U1E6SADQQ7G",
          "event_data" : {
            "Image" : "C:\\Windows\\System32\\wbem\\WmiPrvSE.exe",
            "ProcessGuid" : "{704248D8-70F8-5A29-0000-00101C31BF00}",
            "ProcessId" : "4596",
            "UtcTime" : "2017-12-07 16:50:53.210"
          },
          "event_id" : 5,
          "host" : "WIN-U1E6SADQQ7G",
          "level" : "Information",
          "log_name" : "Microsoft-Windows-Sysmon/Operational",
          "message" : "Process terminated:\nUtcTime: 2017-12-07 16:50:53.210\nProcessGuid: {704248D8-70F8-5A29-0000-00101C31BF00}\nProcessId: 4596\nImage: C:\\Windows\\System32\\wbem\\WmiPrvSE.exe",
          "opcode" : "Info",
          "process_id" : 520,
          "provider_guid" : "{5770385F-C22A-43E0-BF4C-06F5698FFBD9}",
          "record_number" : "2771",
          "source_name" : "Microsoft-Windows-Sysmon",
          "task" : "Process terminated (rule: ProcessTerminate)",
          "thread_id" : 3196,
          "type" : "wineventlog",
          "user" : {
            "domain" : "NT AUTHORITY",
            "identifier" : "S-1-5-18",
            "name" : "SYSTEM",
            "type" : "User"
          },
          "version" : 3
        }
      },
      {
        "_index" : "test",
        "_type" : "wineventlog",
        "_id" : "AWBHnInm2lDISLgezqmW",
        "_score" : 1.0,
        "_source" : {
          "@timestamp" : 1512676044153,
          "@version" : "1",
          "beat" : {
            "hostname" : "WIN-U1E6SADQQ7G",
            "name" : "WIN-U1E6SADQQ7G",
            "version" : "5.6.3"
          },
          "computer_name" : "WIN-U1E6SADQQ7G",
          "event_data" : {
            "CommandLine" : "taskeng.exe {AF251E40-F438-4762-B4EF-59616DD74FA5} S-1-5-18:NT AUTHORITY\\System:Service:",
            "CurrentDirectory" : "C:\\Windows\\system32\\",
            "Hashes" : "SHA1=6F6959BB113BACAF9D8336BA73F555D97A140085",
            "Image" : "C:\\Windows\\System32\\taskeng.exe",
            "IntegrityLevel" : "System",
            "LogonGuid" : "{704248D8-BA39-59F8-0000-0020E7030000}",
            "LogonId" : "0x3e7",
            "ParentCommandLine" : "C:\\Windows\\system32\\svchost.exe -k netsvcs",
            "ParentImage" : "C:\\Windows\\System32\\svchost.exe",
            "ParentProcessGuid" : "{704248D8-BA3A-59F8-0000-00105F1A0100}",
            "ParentProcessId" : "792",
            "ProcessGuid" : "{704248D8-9ACC-5A29-0000-00104E2DD000}",
            "ProcessId" : "3336",
            "TerminalSessionId" : "0",
            "User" : "NT AUTHORITY\\SYSTEM",
            "UtcTime" : "2017-12-07 19:47:24.151"
          },
          "event_id" : 1,
          "host" : "WIN-U1E6SADQQ7G",
          "level" : "Information",
          "log_name" : "Microsoft-Windows-Sysmon/Operational",
          "message" : "Process Create:\nUtcTime: 2017-12-07 19:47:24.151\nProcessGuid: {704248D8-9ACC-5A29-0000-00104E2DD000}\nProcessId: 3336\nImage: C:\\Windows\\System32\\taskeng.exe\nCommandLine: taskeng.exe {AF251E40-F438-4762-B4EF-59616DD74FA5} S-1-5-18:NT AUTHORITY\\System:Service:\nCurrentDirectory: C:\\Windows\\system32\\\nUser: NT AUTHORITY\\SYSTEM\nLogonGuid: {704248D8-BA39-59F8-0000-0020E7030000}\nLogonId: 0x3E7\nTerminalSessionId: 0\nIntegrityLevel: System\nHashes: SHA1=6F6959BB113BACAF9D8336BA73F555D97A140085\nParentProcessGuid: {704248D8-BA3A-59F8-0000-00105F1A0100}\nParentProcessId: 792\nParentImage: C:\\Windows\\System32\\svchost.exe\nParentCommandLine: C:\\Windows\\system32\\svchost.exe -k netsvcs",
          "opcode" : "Info",
          "process_id" : 520,
          "provider_guid" : "{5770385F-C22A-43E0-BF4C-06F5698FFBD9}",
          "record_number" : "3013",
          "source_name" : "Microsoft-Windows-Sysmon",
          "task" : "Process Create (rule: ProcessCreate)",
          "thread_id" : 3196,
          "type" : "wineventlog",
          "user" : {
            "domain" : "NT AUTHORITY",
            "identifier" : "S-1-5-18",
            "name" : "SYSTEM",
            "type" : "User"
          },
          "version" : 5
        }
      },
      {
        "_index" : "test",
        "_type" : "wineventlog",
        "_id" : "AWBHnInm2lDISLgezqmZ",
        "_score" : 1.0,
        "_source" : {
          "@timestamp" : 1512676046481,
          "@version" : "1",
          "beat" : {
            "hostname" : "WIN-U1E6SADQQ7G",
            "name" : "WIN-U1E6SADQQ7G",
            "version" : "5.6.3"
          },
          "computer_name" : "WIN-U1E6SADQQ7G",
          "event_data" : {
            "Image" : "C:\\Program Files (x86)\\Google\\Update\\GoogleUpdate.exe",
            "ProcessGuid" : "{704248D8-9ACE-5A29-0000-00105B31D000}",
            "ProcessId" : "1984",
            "UtcTime" : "2017-12-07 19:47:26.481"
          },
          "event_id" : 5,
          "host" : "WIN-U1E6SADQQ7G",
          "level" : "Information",
          "log_name" : "Microsoft-Windows-Sysmon/Operational",
          "message" : "Process terminated:\nUtcTime: 2017-12-07 19:47:26.481\nProcessGuid: {704248D8-9ACE-5A29-0000-00105B31D000}\nProcessId: 1984\nImage: C:\\Program Files (x86)\\Google\\Update\\GoogleUpdate.exe",
          "opcode" : "Info",
          "process_id" : 520,
          "provider_guid" : "{5770385F-C22A-43E0-BF4C-06F5698FFBD9}",
          "record_number" : "3016",
          "source_name" : "Microsoft-Windows-Sysmon",
          "task" : "Process terminated (rule: ProcessTerminate)",
          "thread_id" : 3196,
          "type" : "wineventlog",
          "user" : {
            "domain" : "NT AUTHORITY",
            "identifier" : "S-1-5-18",
            "name" : "SYSTEM",
            "type" : "User"
          },
          "version" : 3
        }
      },
      {
        "_index" : "test",
        "_type" : "wineventlog",
        "_id" : "AWBHnInm2lDISLgezqmc",
        "_score" : 1.0,
        "_source" : {
          "@timestamp" : 1512676730480,
          "@version" : "1",
          "beat" : {
            "hostname" : "WIN-U1E6SADQQ7G",
            "name" : "WIN-U1E6SADQQ7G",
            "version" : "5.6.3"
          },
          "computer_name" : "WIN-U1E6SADQQ7G",
          "event_data" : {
            "CreationUtcTime" : "2017-06-14 16:26:39.975",
            "Image" : "C:\\Program Files (x86)\\Google\\Chrome\\Application\\chrome.exe",
            "PreviousCreationUtcTime" : "2017-12-07 19:58:50.477",
            "ProcessGuid" : "{704248D8-35D4-59F9-0000-0010004D1C00}",
            "ProcessId" : "1884",
            "TargetFilename" : "C:\\Users\\Administrator\\AppData\\Local\\Google\\Chrome\\User Data\\Default\\7924c340-4510-4252-84fc-a3f935691f15.tmp",
            "UtcTime" : "2017-12-07 19:58:50.479"
          },
          "event_id" : 2,
          "host" : "WIN-U1E6SADQQ7G",
          "level" : "Information",
          "log_name" : "Microsoft-Windows-Sysmon/Operational",
          "message" : "File creation time changed:\nUtcTime: 2017-12-07 19:58:50.479\nProcessGuid: {704248D8-35D4-59F9-0000-0010004D1C00}\nProcessId: 1884\nImage: C:\\Program Files (x86)\\Google\\Chrome\\Application\\chrome.exe\nTargetFilename: C:\\Users\\Administrator\\AppData\\Local\\Google\\Chrome\\User Data\\Default\\7924c340-4510-4252-84fc-a3f935691f15.tmp\nCreationUtcTime: 2017-06-14 16:26:39.975\nPreviousCreationUtcTime: 2017-12-07 19:58:50.477",
          "opcode" : "Info",
          "process_id" : 520,
          "provider_guid" : "{5770385F-C22A-43E0-BF4C-06F5698FFBD9}",
          "record_number" : "3054",
          "source_name" : "Microsoft-Windows-Sysmon",
          "task" : "File creation time changed (rule: FileCreateTime)",
          "thread_id" : 3196,
          "type" : "wineventlog",
          "user" : {
            "domain" : "NT AUTHORITY",
            "identifier" : "S-1-5-18",
            "name" : "SYSTEM",
            "type" : "User"
          },
          "version" : 4
        }
      },
      {
        "_index" : "test",
        "_type" : "wineventlog",
        "_id" : "AWBHnInm2lDISLgezqmg",
        "_score" : 1.0,
        "_source" : {
          "@timestamp" : 1512683813493,
          "@version" : "1",
          "beat" : {
            "hostname" : "WIN-U1E6SADQQ7G",
            "name" : "WIN-U1E6SADQQ7G",
            "version" : "5.6.3"
          },
          "computer_name" : "WIN-U1E6SADQQ7G",
          "event_data" : {
            "CreationUtcTime" : "2017-06-14 16:26:29.761",
            "Image" : "C:\\Program Files (x86)\\Google\\Chrome\\Application\\chrome.exe",
            "PreviousCreationUtcTime" : "2017-12-07 21:56:53.485",
            "ProcessGuid" : "{704248D8-35D4-59F9-0000-0010004D1C00}",
            "ProcessId" : "1884",
            "TargetFilename" : "C:\\Users\\Administrator\\AppData\\Local\\Google\\Chrome\\User Data\\Default\\f99714dc-3ff1-4457-b801-82d949de2256.tmp",
            "UtcTime" : "2017-12-07 21:56:53.492"
          },
          "event_id" : 2,
          "host" : "WIN-U1E6SADQQ7G",
          "level" : "Information",
          "log_name" : "Microsoft-Windows-Sysmon/Operational",
          "message" : "File creation time changed:\nUtcTime: 2017-12-07 21:56:53.492\nProcessGuid: {704248D8-35D4-59F9-0000-0010004D1C00}\nProcessId: 1884\nImage: C:\\Program Files (x86)\\Google\\Chrome\\Application\\chrome.exe\nTargetFilename: C:\\Users\\Administrator\\AppData\\Local\\Google\\Chrome\\User Data\\Default\\f99714dc-3ff1-4457-b801-82d949de2256.tmp\nCreationUtcTime: 2017-06-14 16:26:29.761\nPreviousCreationUtcTime: 2017-12-07 21:56:53.485",
          "opcode" : "Info",
          "process_id" : 520,
          "provider_guid" : "{5770385F-C22A-43E0-BF4C-06F5698FFBD9}",
          "record_number" : "3313",
          "source_name" : "Microsoft-Windows-Sysmon",
          "task" : "File creation time changed (rule: FileCreateTime)",
          "thread_id" : 3196,
          "type" : "wineventlog",
          "user" : {
            "domain" : "NT AUTHORITY",
            "identifier" : "S-1-5-18",
            "name" : "SYSTEM",
            "type" : "User"
          },
          "version" : 4
        }
      },
      {
        "_index" : "test",
        "_type" : "wineventlog",
        "_id" : "AWBHnInm2lDISLgezqmm",
        "_score" : 1.0,
        "_source" : {
          "@timestamp" : 1512686924336,
          "@version" : "1",
          "beat" : {
            "hostname" : "WIN-U1E6SADQQ7G",
            "name" : "WIN-U1E6SADQQ7G",
            "version" : "5.6.3"
          },
          "computer_name" : "WIN-U1E6SADQQ7G",
          "event_data" : {
            "Image" : "C:\\Windows\\System32\\taskhost.exe",
            "ProcessGuid" : "{704248D8-C54C-5A29-0000-00105A72EE00}",
            "ProcessId" : "4232",
            "UtcTime" : "2017-12-07 22:48:44.336"
          },
          "event_id" : 5,
          "host" : "WIN-U1E6SADQQ7G",
          "level" : "Information",
          "log_name" : "Microsoft-Windows-Sysmon/Operational",
          "message" : "Process terminated:\nUtcTime: 2017-12-07 22:48:44.336\nProcessGuid: {704248D8-C54C-5A29-0000-00105A72EE00}\nProcessId: 4232\nImage: C:\\Windows\\System32\\taskhost.exe",
          "opcode" : "Info",
          "process_id" : 520,
          "provider_guid" : "{5770385F-C22A-43E0-BF4C-06F5698FFBD9}",
          "record_number" : "3423",
          "source_name" : "Microsoft-Windows-Sysmon",
          "task" : "Process terminated (rule: ProcessTerminate)",
          "thread_id" : 3196,
          "type" : "wineventlog",
          "user" : {
            "domain" : "NT AUTHORITY",
            "identifier" : "S-1-5-18",
            "name" : "SYSTEM",
            "type" : "User"
          },
          "version" : 3
        }
      },
      {
        "_index" : "test",
        "_type" : "wineventlog",
        "_id" : "AWBHnIoN2lDISLgezqms",
        "_score" : 1.0,
        "_source" : {
          "@timestamp" : 1512794772805,
          "@version" : "1",
          "beat" : {
            "hostname" : "WIN-U1E6SADQQ7G",
            "name" : "WIN-U1E6SADQQ7G",
            "version" : "5.6.3"
          },
          "computer_name" : "WIN-U1E6SADQQ7G",
          "event_data" : {
            "Image" : "C:\\Windows\\System32\\taskhost.exe",
            "ProcessGuid" : "{704248D8-6A94-5A2B-0000-0010516A3500}",
            "ProcessId" : "2044",
            "UtcTime" : "2017-12-09 04:46:12.804"
          },
          "event_id" : 5,
          "host" : "WIN-U1E6SADQQ7G",
          "level" : "Information",
          "log_name" : "Microsoft-Windows-Sysmon/Operational",
          "message" : "Process terminated:\nUtcTime: 2017-12-09 04:46:12.804\nProcessGuid: {704248D8-6A94-5A2B-0000-0010516A3500}\nProcessId: 2044\nImage: C:\\Windows\\System32\\taskhost.exe",
          "opcode" : "Info",
          "process_id" : 1328,
          "provider_guid" : "{5770385F-C22A-43E0-BF4C-06F5698FFBD9}",
          "record_number" : "6270",
          "source_name" : "Microsoft-Windows-Sysmon",
          "task" : "Process terminated (rule: ProcessTerminate)",
          "thread_id" : 1960,
          "type" : "wineventlog",
          "user" : {
            "domain" : "NT AUTHORITY",
            "identifier" : "S-1-5-18",
            "name" : "SYSTEM",
            "type" : "User"
          },
          "version" : 3
        }
      },
      {
        "_index" : "test",
        "_type" : "wineventlog",
        "_id" : "AWBHnIoN2lDISLgezqmu",
        "_score" : 1.0,
        "_source" : {
          "@timestamp" : 1512807768536,
          "@version" : "1",
          "beat" : {
            "hostname" : "WIN-U1E6SADQQ7G",
            "name" : "WIN-U1E6SADQQ7G",
            "version" : "5.6.3"
          },
          "computer_name" : "WIN-U1E6SADQQ7G",
          "event_data" : {
            "CommandLine" : "\\??\\C:\\Windows\\system32\\conhost.exe 0xffffffff",
            "CurrentDirectory" : "C:\\Windows",
            "Hashes" : "SHA1=0862BAE3DC3A0B5C609867D1A7086F1954F2F556",
            "Image" : "C:\\Windows\\System32\\conhost.exe",
            "IntegrityLevel" : "System",
            "LogonGuid" : "{704248D8-6D75-5A2A-0000-0020E7030000}",
            "LogonId" : "0x3e7",
            "ParentCommandLine" : "C:\\Windows\\system32\\sc.exe start wuauserv",
            "ParentImage" : "C:\\Windows\\System32\\sc.exe",
            "ParentProcessGuid" : "{704248D8-9D58-5A2B-0000-0010C0A73500}",
            "ParentProcessId" : "2908",
            "ProcessGuid" : "{704248D8-9D58-5A2B-0000-0010EEAA3500}",
            "ProcessId" : "3896",
            "TerminalSessionId" : "0",
            "User" : "NT AUTHORITY\\SYSTEM",
            "UtcTime" : "2017-12-09 08:22:48.535"
          },
          "event_id" : 1,
          "host" : "WIN-U1E6SADQQ7G",
          "level" : "Information",
          "log_name" : "Microsoft-Windows-Sysmon/Operational",
          "message" : "Process Create:\nUtcTime: 2017-12-09 08:22:48.535\nProcessGuid: {704248D8-9D58-5A2B-0000-0010EEAA3500}\nProcessId: 3896\nImage: C:\\Windows\\System32\\conhost.exe\nCommandLine: \\??\\C:\\Windows\\system32\\conhost.exe 0xffffffff\nCurrentDirectory: C:\\Windows\nUser: NT AUTHORITY\\SYSTEM\nLogonGuid: {704248D8-6D75-5A2A-0000-0020E7030000}\nLogonId: 0x3E7\nTerminalSessionId: 0\nIntegrityLevel: System\nHashes: SHA1=0862BAE3DC3A0B5C609867D1A7086F1954F2F556\nParentProcessGuid: {704248D8-9D58-5A2B-0000-0010C0A73500}\nParentProcessId: 2908\nParentImage: C:\\Windows\\System32\\sc.exe\nParentCommandLine: C:\\Windows\\system32\\sc.exe start wuauserv",
          "opcode" : "Info",
          "process_id" : 1328,
          "provider_guid" : "{5770385F-C22A-43E0-BF4C-06F5698FFBD9}",
          "record_number" : "6297",
          "source_name" : "Microsoft-Windows-Sysmon",
          "task" : "Process Create (rule: ProcessCreate)",
          "thread_id" : 1960,
          "type" : "wineventlog",
          "user" : {
            "domain" : "NT AUTHORITY",
            "identifier" : "S-1-5-18",
            "name" : "SYSTEM",
            "type" : "User"
          },
          "version" : 5
        }
      },
      {
        "_index" : "test",
        "_type" : "wineventlog",
        "_id" : "AWBHnIoN2lDISLgezqm2",
        "_score" : 1.0,
        "_source" : {
          "@timestamp" : 1512827276849,
          "@version" : "1",
          "beat" : {
            "hostname" : "WIN-U1E6SADQQ7G",
            "name" : "WIN-U1E6SADQQ7G",
            "version" : "5.6.3"
          },
          "computer_name" : "WIN-U1E6SADQQ7G",
          "event_data" : {
            "Image" : "C:\\Windows\\System32\\wermgr.exe",
            "ProcessGuid" : "{704248D8-E989-5A2B-0000-0010E33F3600}",
            "ProcessId" : "2904",
            "UtcTime" : "2017-12-09 13:47:56.849"
          },
          "event_id" : 5,
          "host" : "WIN-U1E6SADQQ7G",
          "level" : "Information",
          "log_name" : "Microsoft-Windows-Sysmon/Operational",
          "message" : "Process terminated:\nUtcTime: 2017-12-09 13:47:56.849\nProcessGuid: {704248D8-E989-5A2B-0000-0010E33F3600}\nProcessId: 2904\nImage: C:\\Windows\\System32\\wermgr.exe",
          "opcode" : "Info",
          "process_id" : 1328,
          "provider_guid" : "{5770385F-C22A-43E0-BF4C-06F5698FFBD9}",
          "record_number" : "6338",
          "source_name" : "Microsoft-Windows-Sysmon",
          "task" : "Process terminated (rule: ProcessTerminate)",
          "thread_id" : 1960,
          "type" : "wineventlog",
          "user" : {
            "domain" : "NT AUTHORITY",
            "identifier" : "S-1-5-18",
            "name" : "SYSTEM",
            "type" : "User"
          },
          "version" : 3
        }
      },
      {
        "_index" : "test",
        "_type" : "wineventlog",
        "_id" : "AWBHnIoN2lDISLgezqnJ",
        "_score" : 1.0,
        "_source" : {
          "@timestamp" : 1512850051119,
          "@version" : "1",
          "beat" : {
            "hostname" : "WIN-U1E6SADQQ7G",
            "name" : "WIN-U1E6SADQQ7G",
            "version" : "5.6.3"
          },
          "computer_name" : "WIN-U1E6SADQQ7G",
          "event_data" : {
            "Image" : "C:\\Windows\\System32\\taskeng.exe",
            "ProcessGuid" : "{704248D8-4157-5A2C-0000-001057064700}",
            "ProcessId" : "3896",
            "UtcTime" : "2017-12-09 20:07:31.119"
          },
          "event_id" : 5,
          "host" : "WIN-U1E6SADQQ7G",
          "level" : "Information",
          "log_name" : "Microsoft-Windows-Sysmon/Operational",
          "message" : "Process terminated:\nUtcTime: 2017-12-09 20:07:31.119\nProcessGuid: {704248D8-4157-5A2C-0000-001057064700}\nProcessId: 3896\nImage: C:\\Windows\\System32\\taskeng.exe",
          "opcode" : "Info",
          "process_id" : 1328,
          "provider_guid" : "{5770385F-C22A-43E0-BF4C-06F5698FFBD9}",
          "record_number" : "6598",
          "source_name" : "Microsoft-Windows-Sysmon",
          "task" : "Process terminated (rule: ProcessTerminate)",
          "thread_id" : 1960,
          "type" : "wineventlog",
          "user" : {
            "domain" : "NT AUTHORITY",
            "identifier" : "S-1-5-18",
            "name" : "SYSTEM",
            "type" : "User"
          },
          "version" : 3
        }
      },
      {
        "_index" : "test",
        "_type" : "wineventlog",
        "_id" : "AWBHnIoN2lDISLgezqnP",
        "_score" : 1.0,
        "_source" : {
          "@timestamp" : 1512857161560,
          "@version" : "1",
          "beat" : {
            "hostname" : "WIN-U1E6SADQQ7G",
            "name" : "WIN-U1E6SADQQ7G",
            "version" : "5.6.3"
          },
          "computer_name" : "WIN-U1E6SADQQ7G",
          "event_data" : {
            "CommandLine" : "C:\\Windows\\system32\\wbem\\wmiprvse.exe -Embedding",
            "CurrentDirectory" : "C:\\Windows\\system32\\",
            "Hashes" : "SHA1=856754572503074DCD78E5C827734C58DE3CE0D9",
            "Image" : "C:\\Windows\\System32\\wbem\\WmiPrvSE.exe",
            "IntegrityLevel" : "System",
            "LogonGuid" : "{704248D8-6D75-5A2A-0000-0020E7030000}",
            "LogonId" : "0x3e7",
            "ParentCommandLine" : "C:\\Windows\\system32\\svchost.exe -k DcomLaunch",
            "ParentImage" : "C:\\Windows\\System32\\svchost.exe",
            "ParentProcessGuid" : "{704248D8-6D75-5A2A-0000-0010BCB80000}",
            "ParentProcessId" : "532",
            "ProcessGuid" : "{704248D8-5E49-5A2C-0000-001056965B00}",
            "ProcessId" : "1764",
            "TerminalSessionId" : "0",
            "User" : "NT AUTHORITY\\SYSTEM",
            "UtcTime" : "2017-12-09 22:06:01.559"
          },
          "event_id" : 1,
          "host" : "WIN-U1E6SADQQ7G",
          "level" : "Information",
          "log_name" : "Microsoft-Windows-Sysmon/Operational",
          "message" : "Process Create:\nUtcTime: 2017-12-09 22:06:01.559\nProcessGuid: {704248D8-5E49-5A2C-0000-001056965B00}\nProcessId: 1764\nImage: C:\\Windows\\System32\\wbem\\WmiPrvSE.exe\nCommandLine: C:\\Windows\\system32\\wbem\\wmiprvse.exe -Embedding\nCurrentDirectory: C:\\Windows\\system32\\\nUser: NT AUTHORITY\\SYSTEM\nLogonGuid: {704248D8-6D75-5A2A-0000-0020E7030000}\nLogonId: 0x3E7\nTerminalSessionId: 0\nIntegrityLevel: System\nHashes: SHA1=856754572503074DCD78E5C827734C58DE3CE0D9\nParentProcessGuid: {704248D8-6D75-5A2A-0000-0010BCB80000}\nParentProcessId: 532\nParentImage: C:\\Windows\\System32\\svchost.exe\nParentCommandLine: C:\\Windows\\system32\\svchost.exe -k DcomLaunch",
          "opcode" : "Info",
          "process_id" : 1328,
          "provider_guid" : "{5770385F-C22A-43E0-BF4C-06F5698FFBD9}",
          "record_number" : "6795",
          "source_name" : "Microsoft-Windows-Sysmon",
          "task" : "Process Create (rule: ProcessCreate)",
          "thread_id" : 1960,
          "type" : "wineventlog",
          "user" : {
            "domain" : "NT AUTHORITY",
            "identifier" : "S-1-5-18",
            "name" : "SYSTEM",
            "type" : "User"
          },
          "version" : 5
        }
      },
      {
        "_index" : "test",
        "_type" : "wineventlog",
        "_id" : "AWBHnIoN2lDISLgezqnS",
        "_score" : 1.0,
        "_source" : {
          "@timestamp" : 1512857251071,
          "@version" : "1",
          "beat" : {
            "hostname" : "WIN-U1E6SADQQ7G",
            "name" : "WIN-U1E6SADQQ7G",
            "version" : "5.6.3"
          },
          "computer_name" : "WIN-U1E6SADQQ7G",
          "event_data" : {
            "Image" : "C:\\Windows\\System32\\taskeng.exe",
            "ProcessGuid" : "{704248D8-5D77-5A2C-0000-0010FCD25A00}",
            "ProcessId" : "2804",
            "UtcTime" : "2017-12-09 22:07:31.071"
          },
          "event_id" : 5,
          "host" : "WIN-U1E6SADQQ7G",
          "level" : "Information",
          "log_name" : "Microsoft-Windows-Sysmon/Operational",
          "message" : "Process terminated:\nUtcTime: 2017-12-09 22:07:31.071\nProcessGuid: {704248D8-5D77-5A2C-0000-0010FCD25A00}\nProcessId: 2804\nImage: C:\\Windows\\System32\\taskeng.exe",
          "opcode" : "Info",
          "process_id" : 1328,
          "provider_guid" : "{5770385F-C22A-43E0-BF4C-06F5698FFBD9}",
          "record_number" : "6797",
          "source_name" : "Microsoft-Windows-Sysmon",
          "task" : "Process terminated (rule: ProcessTerminate)",
          "thread_id" : 1960,
          "type" : "wineventlog",
          "user" : {
            "domain" : "NT AUTHORITY",
            "identifier" : "S-1-5-18",
            "name" : "SYSTEM",
            "type" : "User"
          },
          "version" : 3
        }
      },
      {
        "_index" : "test",
        "_type" : "wineventlog",
        "_id" : "AWBHnIoN2lDISLgezqnW",
        "_score" : 1.0,
        "_source" : {
          "@timestamp" : 1512861444453,
          "@version" : "1",
          "beat" : {
            "hostname" : "WIN-U1E6SADQQ7G",
            "name" : "WIN-U1E6SADQQ7G",
            "version" : "5.6.3"
          },
          "computer_name" : "WIN-U1E6SADQQ7G",
          "event_data" : {
            "Image" : "C:\\Windows\\System32\\wbem\\WmiPrvSE.exe",
            "ProcessGuid" : "{704248D8-6EB1-5A2C-0000-001094FB6600}",
            "ProcessId" : "3776",
            "UtcTime" : "2017-12-09 23:17:24.453"
          },
          "event_id" : 5,
          "host" : "WIN-U1E6SADQQ7G",
          "level" : "Information",
          "log_name" : "Microsoft-Windows-Sysmon/Operational",
          "message" : "Process terminated:\nUtcTime: 2017-12-09 23:17:24.453\nProcessGuid: {704248D8-6EB1-5A2C-0000-001094FB6600}\nProcessId: 3776\nImage: C:\\Windows\\System32\\wbem\\WmiPrvSE.exe",
          "opcode" : "Info",
          "process_id" : 1328,
          "provider_guid" : "{5770385F-C22A-43E0-BF4C-06F5698FFBD9}",
          "record_number" : "6915",
          "source_name" : "Microsoft-Windows-Sysmon",
          "task" : "Process terminated (rule: ProcessTerminate)",
          "thread_id" : 1960,
          "type" : "wineventlog",
          "user" : {
            "domain" : "NT AUTHORITY",
            "identifier" : "S-1-5-18",
            "name" : "SYSTEM",
            "type" : "User"
          },
          "version" : 3
        }
      },
      {
        "_index" : "test",
        "_type" : "wineventlog",
        "_id" : "AWBHnIoN2lDISLgezqnX",
        "_score" : 1.0,
        "_source" : {
          "@timestamp" : 1512862057511,
          "@version" : "1",
          "beat" : {
            "hostname" : "WIN-U1E6SADQQ7G",
            "name" : "WIN-U1E6SADQQ7G",
            "version" : "5.6.3"
          },
          "computer_name" : "WIN-U1E6SADQQ7G",
          "event_data" : {
            "Image" : "C:\\Windows\\System32\\wbem\\WmiPrvSE.exe",
            "ProcessGuid" : "{704248D8-7109-5A2C-0000-0010B7A96800}",
            "ProcessId" : "3600",
            "UtcTime" : "2017-12-09 23:27:37.511"
          },
          "event_id" : 5,
          "host" : "WIN-U1E6SADQQ7G",
          "level" : "Information",
          "log_name" : "Microsoft-Windows-Sysmon/Operational",
          "message" : "Process terminated:\nUtcTime: 2017-12-09 23:27:37.511\nProcessGuid: {704248D8-7109-5A2C-0000-0010B7A96800}\nProcessId: 3600\nImage: C:\\Windows\\System32\\wbem\\WmiPrvSE.exe",
          "opcode" : "Info",
          "process_id" : 1328,
          "provider_guid" : "{5770385F-C22A-43E0-BF4C-06F5698FFBD9}",
          "record_number" : "6935",
          "source_name" : "Microsoft-Windows-Sysmon",
          "task" : "Process terminated (rule: ProcessTerminate)",
          "thread_id" : 1960,
          "type" : "wineventlog",
          "user" : {
            "domain" : "NT AUTHORITY",
            "identifier" : "S-1-5-18",
            "name" : "SYSTEM",
            "type" : "User"
          },
          "version" : 3
        }
      },
      {
        "_index" : "test",
        "_type" : "wineventlog",
        "_id" : "AWBHnJBP2lDISLgezqrt",
        "_score" : 1.0,
        "_source" : {
          "@timestamp" : 1512807769222,
          "@version" : "1",
          "beat" : {
            "hostname" : "WIN-U1E6SADQQ7G",
            "name" : "WIN-U1E6SADQQ7G",
            "version" : "5.6.3"
          },
          "computer_name" : "WIN-U1E6SADQQ7G",
          "event_data" : {
            "CommandLine" : "C:\\Windows\\winsxs\\amd64_microsoft-windows-servicingstack_31bf3856ad364e35_6.3.9600.17246_none_fa4ae8e99b1f603c\\TiWorker.exe -Embedding",
            "CurrentDirectory" : "C:\\Windows\\system32\\",
            "Hashes" : "SHA1=C1020A14847CCE5A404E226561CB503F5EEC48DB",
            "Image" : "C:\\Windows\\WinSxS\\amd64_microsoft-windows-servicingstack_31bf3856ad364e35_6.3.9600.17246_none_fa4ae8e99b1f603c\\TiWorker.exe",
            "IntegrityLevel" : "System",
            "LogonGuid" : "{704248D8-6D75-5A2A-0000-0020E7030000}",
            "LogonId" : "0x3e7",
            "ParentCommandLine" : "C:\\Windows\\system32\\svchost.exe -k DcomLaunch",
            "ParentImage" : "C:\\Windows\\System32\\svchost.exe",
            "ParentProcessGuid" : "{704248D8-6D75-5A2A-0000-0010BCB80000}",
            "ParentProcessId" : "532",
            "ProcessGuid" : "{704248D8-9D59-5A2B-0000-0010BFB23500}",
            "ProcessId" : "3440",
            "TerminalSessionId" : "0",
            "User" : "NT AUTHORITY\\SYSTEM",
            "UtcTime" : "2017-12-09 08:22:49.216"
          },
          "event_id" : 1,
          "host" : "WIN-U1E6SADQQ7G",
          "level" : "Information",
          "log_name" : "Microsoft-Windows-Sysmon/Operational",
          "message" : "Process Create:\nUtcTime: 2017-12-09 08:22:49.216\nProcessGuid: {704248D8-9D59-5A2B-0000-0010BFB23500}\nProcessId: 3440\nImage: C:\\Windows\\WinSxS\\amd64_microsoft-windows-servicingstack_31bf3856ad364e35_6.3.9600.17246_none_fa4ae8e99b1f603c\\TiWorker.exe\nCommandLine: C:\\Windows\\winsxs\\amd64_microsoft-windows-servicingstack_31bf3856ad364e35_6.3.9600.17246_none_fa4ae8e99b1f603c\\TiWorker.exe -Embedding\nCurrentDirectory: C:\\Windows\\system32\\\nUser: NT AUTHORITY\\SYSTEM\nLogonGuid: {704248D8-6D75-5A2A-0000-0020E7030000}\nLogonId: 0x3E7\nTerminalSessionId: 0\nIntegrityLevel: System\nHashes: SHA1=C1020A14847CCE5A404E226561CB503F5EEC48DB\nParentProcessGuid: {704248D8-6D75-5A2A-0000-0010BCB80000}\nParentProcessId: 532\nParentImage: C:\\Windows\\System32\\svchost.exe\nParentCommandLine: C:\\Windows\\system32\\svchost.exe -k DcomLaunch",
          "opcode" : "Info",
          "process_id" : 1328,
          "provider_guid" : "{5770385F-C22A-43E0-BF4C-06F5698FFBD9}",
          "record_number" : "6304",
          "source_name" : "Microsoft-Windows-Sysmon",
          "task" : "Process Create (rule: ProcessCreate)",
          "thread_id" : 1960,
          "type" : "wineventlog",
          "user" : {
            "domain" : "NT AUTHORITY",
            "identifier" : "S-1-5-18",
            "name" : "SYSTEM",
            "type" : "User"
          },
          "version" : 5
        }
      },
