      {
        "_index" : "analytics",
        "_type" : "wineventlog",
        "_id" : "AWBGviqy2lDISLgezpEi",
        "_score" : 1.0,
        "_source" : {
          "@timestamp" : 1512697035280,
          "@version" : "1",
          "beat" : {
            "hostname" : "WIN-U1E6SADQQ7G",
            "name" : "WIN-U1E6SADQQ7G",
            "version" : "5.6.3"
          },
          "computer_name" : "WIN-U1E6SADQQ7G",
          "event_data" : {
            "DestinationIp" : "fe80:0:0:0:182d:344c:1da2:b99b",
            "DestinationIsIpv6" : "true",
            "DestinationPort" : "5353",
            "Image" : "C:\\Program Files (x86)\\Google\\Chrome\\Application\\chrome.exe",
            "Initiated" : "false",
            "ProcessGuid" : "{704248D8-35D4-59F9-0000-0010004D1C00}",
            "ProcessId" : "1884",
            "Protocol" : "udp",
            "SourceIp" : "ff02:0:0:0:0:0:0:fb",
            "SourceIsIpv6" : "true",
            "SourcePort" : "5353",
            "User" : "WIN-U1E6SADQQ7G\\Administrator",
            "UtcTime" : "2017-11-01 18:25:46.881"
          },
          "event_id" : 3,
          "host" : "WIN-U1E6SADQQ7G",
          "level" : "Information",
          "log_name" : "Microsoft-Windows-Sysmon/Operational",
          "message" : "Network connection detected:\nUtcTime: 2017-11-01 18:25:46.881\nProcessGuid: {704248D8-35D4-59F9-0000-0010004D1C00}\nProcessId: 1884\nImage: C:\\Program Files (x86)\\Google\\Chrome\\Application\\chrome.exe\nUser: WIN-U1E6SADQQ7G\\Administrator\nProtocol: udp\nInitiated: false\nSourceIsIpv6: true\nSourceIp: ff02:0:0:0:0:0:0:fb\nSourceHostname: \nSourcePort: 5353\nSourcePortName: \nDestinationIsIpv6: true\nDestinationIp: fe80:0:0:0:182d:344c:1da2:b99b\nDestinationHostname: \nDestinationPort: 5353\nDestinationPortName: ",
          "opcode" : "Info",
          "process_id" : 520,
          "provider_guid" : "{5770385F-C22A-43E0-BF4C-06F5698FFBD9}",
          "record_number" : "3766",
          "source_name" : "Microsoft-Windows-Sysmon",
          "task" : "Network connection detected (rule: NetworkConnect)",
          "thread_id" : 3416,
          "type" : "wineventlog",
          "user" : {
            "domain" : "NT AUTHORITY",
            "identifier" : "S-1-5-18",
            "name" : "SYSTEM",
            "type" : "User"
          },
          "version" : 5
        }
      },
      {
        "_index" : "analytics",
        "_type" : "wineventlog",
        "_id" : "AWBGviqy2lDISLgezpD6",
        "_score" : 1.0,
        "_source" : {
          "@timestamp" : 1512692225831,
          "@version" : "1",
          "beat" : {
            "hostname" : "WIN-U1E6SADQQ7G",
            "name" : "WIN-U1E6SADQQ7G",
            "version" : "5.6.3"
          },
          "computer_name" : "WIN-U1E6SADQQ7G",
          "event_data" : {
            "DestinationIp" : "e000:fc:6174:735c:7061:636b:6574:6265",
            "DestinationIsIpv6" : "true",
            "DestinationPort" : "5355",
            "DestinationPortName" : "llmnr",
            "Image" : "C:\\Windows\\System32\\svchost.exe",
            "Initiated" : "true",
            "ProcessGuid" : "{704248D8-BA3A-59F8-0000-001033340100}",
            "ProcessId" : "908",
            "Protocol" : "udp",
            "SourceIp" : "c0a8:1cd:0:0:e8b1:495e:1e0:ffff",
            "SourceIsIpv6" : "true",
            "SourcePort" : "56572",
            "User" : "NT AUTHORITY\\NETWORK SERVICE",
            "UtcTime" : "2017-11-01 17:05:37.192"
          },
          "event_id" : 3,
          "host" : "WIN-U1E6SADQQ7G",
          "level" : "Information",
          "log_name" : "Microsoft-Windows-Sysmon/Operational",
          "message" : "Network connection detected:\nUtcTime: 2017-11-01 17:05:37.192\nProcessGuid: {704248D8-BA3A-59F8-0000-001033340100}\nProcessId: 908\nImage: C:\\Windows\\System32\\svchost.exe\nUser: NT AUTHORITY\\NETWORK SERVICE\nProtocol: udp\nInitiated: true\nSourceIsIpv6: true\nSourceIp: c0a8:1cd:0:0:e8b1:495e:1e0:ffff\nSourceHostname: \nSourcePort: 56572\nSourcePortName: \nDestinationIsIpv6: true\nDestinationIp: e000:fc:6174:735c:7061:636b:6574:6265\nDestinationHostname: \nDestinationPort: 5355\nDestinationPortName: llmnr",
          "opcode" : "Info",
          "process_id" : 520,
          "provider_guid" : "{5770385F-C22A-43E0-BF4C-06F5698FFBD9}",
          "record_number" : "3565",
          "source_name" : "Microsoft-Windows-Sysmon",
          "task" : "Network connection detected (rule: NetworkConnect)",
          "thread_id" : 3416,
          "type" : "wineventlog",
          "user" : {
            "domain" : "NT AUTHORITY",
            "identifier" : "S-1-5-18",
            "name" : "SYSTEM",
            "type" : "User"
          },
          "version" : 5
        }
      },
      {
        "_index" : "analytics",
        "_type" : "wineventlog",
        "_id" : "AWBGviqy2lDISLgezpD7",
        "_score" : 1.0,
        "_source" : {
          "@timestamp" : 1512692641229,
          "@version" : "1",
          "beat" : {
            "hostname" : "WIN-U1E6SADQQ7G",
            "name" : "WIN-U1E6SADQQ7G",
            "version" : "5.6.3"
          },
          "computer_name" : "WIN-U1E6SADQQ7G",
          "event_data" : {
            "DestinationHostname" : "Libys-MBP.fios-router.home",
            "DestinationIp" : "192.168.1.151",
            "DestinationIsIpv6" : "false",
            "DestinationPort" : "5353",
            "Image" : "C:\\Program Files (x86)\\Google\\Chrome\\Application\\chrome.exe",
            "Initiated" : "false",
            "ProcessGuid" : "{704248D8-35D4-59F9-0000-0010004D1C00}",
            "ProcessId" : "1884",
            "Protocol" : "udp",
            "SourceIp" : "224.0.0.251",
            "SourceIsIpv6" : "false",
            "SourcePort" : "5353",
            "User" : "WIN-U1E6SADQQ7G\\Administrator",
            "UtcTime" : "2017-11-01 17:12:32.706"
          },
          "event_id" : 3,
          "host" : "WIN-U1E6SADQQ7G",
          "level" : "Information",
          "log_name" : "Microsoft-Windows-Sysmon/Operational",
          "message" : "Network connection detected:\nUtcTime: 2017-11-01 17:12:32.706\nProcessGuid: {704248D8-35D4-59F9-0000-0010004D1C00}\nProcessId: 1884\nImage: C:\\Program Files (x86)\\Google\\Chrome\\Application\\chrome.exe\nUser: WIN-U1E6SADQQ7G\\Administrator\nProtocol: udp\nInitiated: false\nSourceIsIpv6: false\nSourceIp: 224.0.0.251\nSourceHostname: \nSourcePort: 5353\nSourcePortName: \nDestinationIsIpv6: false\nDestinationIp: 192.168.1.151\nDestinationHostname: Libys-MBP.fios-router.home\nDestinationPort: 5353\nDestinationPortName: ",
          "opcode" : "Info",
          "process_id" : 520,
          "provider_guid" : "{5770385F-C22A-43E0-BF4C-06F5698FFBD9}",
          "record_number" : "3577",
          "source_name" : "Microsoft-Windows-Sysmon",
          "task" : "Network connection detected (rule: NetworkConnect)",
          "thread_id" : 3416,
          "type" : "wineventlog",
          "user" : {
            "domain" : "NT AUTHORITY",
            "identifier" : "S-1-5-18",
            "name" : "SYSTEM",
            "type" : "User"
          },
          "version" : 5
        }
      },
      {
        "_index" : "analytics",
        "_type" : "wineventlog",
        "_id" : "AWBGviqy2lDISLgezpD-",
        "_score" : 1.0,
        "_source" : {
          "@timestamp" : 1512693242582,
          "@version" : "1",
          "beat" : {
            "hostname" : "WIN-U1E6SADQQ7G",
            "name" : "WIN-U1E6SADQQ7G",
            "version" : "5.6.3"
          },
          "computer_name" : "WIN-U1E6SADQQ7G",
          "event_data" : {
            "DestinationHostname" : "ubuntu.fios-router.home",
            "DestinationIp" : "192.168.1.198",
            "DestinationIsIpv6" : "false",
            "DestinationPort" : "5044",
            "Image" : "C:\\Users\\Administrator\\Downloads\\winlogbeat-5.6.3-windows-x86_64\\winlogbeat-5.6.3-windows-x86_64\\winlogbeat.exe",
            "Initiated" : "true",
            "ProcessGuid" : "{704248D8-5020-59F9-0000-0010F0C94D00}",
            "ProcessId" : "3596",
            "Protocol" : "tcp",
            "SourceHostname" : "WIN-U1E6SADQQ7G.fios-router.home",
            "SourceIp" : "192.168.1.205",
            "SourceIsIpv6" : "false",
            "SourcePort" : "50700",
            "User" : "NT AUTHORITY\\SYSTEM",
            "UtcTime" : "2017-11-01 17:22:34.241"
          },
          "event_id" : 3,
          "host" : "WIN-U1E6SADQQ7G",
          "level" : "Information",
          "log_name" : "Microsoft-Windows-Sysmon/Operational",
          "message" : "Network connection detected:\nUtcTime: 2017-11-01 17:22:34.241\nProcessGuid: {704248D8-5020-59F9-0000-0010F0C94D00}\nProcessId: 3596\nImage: C:\\Users\\Administrator\\Downloads\\winlogbeat-5.6.3-windows-x86_64\\winlogbeat-5.6.3-windows-x86_64\\winlogbeat.exe\nUser: NT AUTHORITY\\SYSTEM\nProtocol: tcp\nInitiated: true\nSourceIsIpv6: false\nSourceIp: 192.168.1.205\nSourceHostname: WIN-U1E6SADQQ7G.fios-router.home\nSourcePort: 50700\nSourcePortName: \nDestinationIsIpv6: false\nDestinationIp: 192.168.1.198\nDestinationHostname: ubuntu.fios-router.home\nDestinationPort: 5044\nDestinationPortName: ",
          "opcode" : "Info",
          "process_id" : 520,
          "provider_guid" : "{5770385F-C22A-43E0-BF4C-06F5698FFBD9}",
          "record_number" : "3604",
          "source_name" : "Microsoft-Windows-Sysmon",
          "task" : "Network connection detected (rule: NetworkConnect)",
          "thread_id" : 3416,
          "type" : "wineventlog",
          "user" : {
            "domain" : "NT AUTHORITY",
            "identifier" : "S-1-5-18",
            "name" : "SYSTEM",
            "type" : "User"
          },
          "version" : 5
        }
      },
      {
        "_index" : "analytics",
        "_type" : "wineventlog",
        "_id" : "AWBGviqy2lDISLgezpD_",
        "_score" : 1.0,
        "_source" : {
          "@timestamp" : 1512694084983,
          "@version" : "1",
          "beat" : {
            "hostname" : "WIN-U1E6SADQQ7G",
            "name" : "WIN-U1E6SADQQ7G",
            "version" : "5.6.3"
          },
          "computer_name" : "WIN-U1E6SADQQ7G",
          "event_data" : {
            "DestinationIp" : "192.168.1.255",
            "DestinationIsIpv6" : "false",
            "DestinationPort" : "137",
            "DestinationPortName" : "netbios-ns",
            "Image" : "System",
            "Initiated" : "true",
            "ProcessGuid" : "{704248D8-BA36-59F8-0000-0010EB030000}",
            "ProcessId" : "4",
            "Protocol" : "udp",
            "SourceHostname" : "WIN-U1E6SADQQ7G.fios-router.home",
            "SourceIp" : "192.168.1.205",
            "SourceIsIpv6" : "false",
            "SourcePort" : "137",
            "SourcePortName" : "netbios-ns",
            "User" : "NT AUTHORITY\\SYSTEM",
            "UtcTime" : "2017-11-01 17:36:36.541"
          },
          "event_id" : 3,
          "host" : "WIN-U1E6SADQQ7G",
          "level" : "Information",
          "log_name" : "Microsoft-Windows-Sysmon/Operational",
          "message" : "Network connection detected:\nUtcTime: 2017-11-01 17:36:36.541\nProcessGuid: {704248D8-BA36-59F8-0000-0010EB030000}\nProcessId: 4\nImage: System\nUser: NT AUTHORITY\\SYSTEM\nProtocol: udp\nInitiated: true\nSourceIsIpv6: false\nSourceIp: 192.168.1.205\nSourceHostname: WIN-U1E6SADQQ7G.fios-router.home\nSourcePort: 137\nSourcePortName: netbios-ns\nDestinationIsIpv6: false\nDestinationIp: 192.168.1.255\nDestinationHostname: \nDestinationPort: 137\nDestinationPortName: netbios-ns",
          "opcode" : "Info",
          "process_id" : 520,
          "provider_guid" : "{5770385F-C22A-43E0-BF4C-06F5698FFBD9}",
          "record_number" : "3633",
          "source_name" : "Microsoft-Windows-Sysmon",
          "task" : "Network connection detected (rule: NetworkConnect)",
          "thread_id" : 3416,
          "type" : "wineventlog",
          "user" : {
            "domain" : "NT AUTHORITY",
            "identifier" : "S-1-5-18",
            "name" : "SYSTEM",
            "type" : "User"
          },
          "version" : 5
        }
      },
      {
        "_index" : "analytics",
        "_type" : "wineventlog",
        "_id" : "AWBGviqy2lDISLgezpEB",
        "_score" : 1.0,
        "_source" : {
          "@timestamp" : 1512693032838,
          "@version" : "1",
          "beat" : {
            "hostname" : "WIN-U1E6SADQQ7G",
            "name" : "WIN-U1E6SADQQ7G",
            "version" : "5.6.3"
          },
          "computer_name" : "WIN-U1E6SADQQ7G",
          "event_data" : {
            "DestinationIp" : "ff02:0:0:0:0:0:1:2",
            "DestinationIsIpv6" : "true",
            "DestinationPort" : "547",
            "DestinationPortName" : "dhcpv6-server",
            "Image" : "C:\\Windows\\System32\\svchost.exe",
            "Initiated" : "true",
            "ProcessGuid" : "{704248D8-BA3A-59F8-0000-0010FC160100}",
            "ProcessId" : "756",
            "Protocol" : "udp",
            "SourceIp" : "fe80:0:0:0:380f:2bcb:3f57:fe32",
            "SourceIsIpv6" : "true",
            "SourcePort" : "546",
            "SourcePortName" : "dhcpv6-client",
            "User" : "NT AUTHORITY\\LOCAL SERVICE",
            "UtcTime" : "2017-11-01 17:19:04.394"
          },
          "event_id" : 3,
          "host" : "WIN-U1E6SADQQ7G",
          "level" : "Information",
          "log_name" : "Microsoft-Windows-Sysmon/Operational",
          "message" : "Network connection detected:\nUtcTime: 2017-11-01 17:19:04.394\nProcessGuid: {704248D8-BA3A-59F8-0000-0010FC160100}\nProcessId: 756\nImage: C:\\Windows\\System32\\svchost.exe\nUser: NT AUTHORITY\\LOCAL SERVICE\nProtocol: udp\nInitiated: true\nSourceIsIpv6: true\nSourceIp: fe80:0:0:0:380f:2bcb:3f57:fe32\nSourceHostname: \nSourcePort: 546\nSourcePortName: dhcpv6-client\nDestinationIsIpv6: true\nDestinationIp: ff02:0:0:0:0:0:1:2\nDestinationHostname: \nDestinationPort: 547\nDestinationPortName: dhcpv6-server",
          "opcode" : "Info",
          "process_id" : 520,
          "provider_guid" : "{5770385F-C22A-43E0-BF4C-06F5698FFBD9}",
          "record_number" : "3594",
          "source_name" : "Microsoft-Windows-Sysmon",
          "task" : "Network connection detected (rule: NetworkConnect)",
          "thread_id" : 3416,
          "type" : "wineventlog",
          "user" : {
            "domain" : "NT AUTHORITY",
            "identifier" : "S-1-5-18",
            "name" : "SYSTEM",
            "type" : "User"
          },
          "version" : 5
        }
      },
      {
        "_index" : "analytics",
        "_type" : "wineventlog",
        "_id" : "AWBGviqy2lDISLgezpEG",
        "_score" : 1.0,
        "_source" : {
          "@timestamp" : 1512693413660,
          "@version" : "1",
          "beat" : {
            "hostname" : "WIN-U1E6SADQQ7G",
            "name" : "WIN-U1E6SADQQ7G",
            "version" : "5.6.3"
          },
          "computer_name" : "WIN-U1E6SADQQ7G",
          "event_data" : {
            "Image" : "C:\\Windows\\System32\\wbem\\WmiPrvSE.exe",
            "ProcessGuid" : "{704248D8-DE4D-5A29-0000-00101FDAF900}",
            "ProcessId" : "3812",
            "UtcTime" : "2017-12-08 00:36:53.660"
          },
          "event_id" : 5,
          "host" : "WIN-U1E6SADQQ7G",
          "level" : "Information",
          "log_name" : "Microsoft-Windows-Sysmon/Operational",
          "message" : "Process terminated:\nUtcTime: 2017-12-08 00:36:53.660\nProcessGuid: {704248D8-DE4D-5A29-0000-00101FDAF900}\nProcessId: 3812\nImage: C:\\Windows\\System32\\wbem\\WmiPrvSE.exe",
          "opcode" : "Info",
          "process_id" : 520,
          "provider_guid" : "{5770385F-C22A-43E0-BF4C-06F5698FFBD9}",
          "record_number" : "3609",
          "source_name" : "Microsoft-Windows-Sysmon",
          "task" : "Process terminated (rule: ProcessTerminate)",
          "thread_id" : 3196,
          "type" : "wineventlog",
          "user" : {
            "domain" : "NT AUTHORITY",
            "identifier" : "S-1-5-18",
            "name" : "SYSTEM",
            "type" : "User"
          },
          "version" : 3
        }
      },
      {
        "_index" : "analytics",
        "_type" : "wineventlog",
        "_id" : "AWBGviqy2lDISLgezpEJ",
        "_score" : 1.0,
        "_source" : {
          "@timestamp" : 1512694763340,
          "@version" : "1",
          "beat" : {
            "hostname" : "WIN-U1E6SADQQ7G",
            "name" : "WIN-U1E6SADQQ7G",
            "version" : "5.6.3"
          },
          "computer_name" : "WIN-U1E6SADQQ7G",
          "event_data" : {
            "DestinationHostname" : "ubuntu.fios-router.home",
            "DestinationIp" : "192.168.1.198",
            "DestinationIsIpv6" : "false",
            "DestinationPort" : "5044",
            "Image" : "C:\\Users\\Administrator\\Downloads\\winlogbeat-5.6.3-windows-x86_64\\winlogbeat-5.6.3-windows-x86_64\\winlogbeat.exe",
            "Initiated" : "true",
            "ProcessGuid" : "{704248D8-5020-59F9-0000-0010F0C94D00}",
            "ProcessId" : "3596",
            "Protocol" : "tcp",
            "SourceHostname" : "WIN-U1E6SADQQ7G.fios-router.home",
            "SourceIp" : "192.168.1.205",
            "SourceIsIpv6" : "false",
            "SourcePort" : "50732",
            "User" : "NT AUTHORITY\\SYSTEM",
            "UtcTime" : "2017-11-01 17:47:54.996"
          },
          "event_id" : 3,
          "host" : "WIN-U1E6SADQQ7G",
          "level" : "Information",
          "log_name" : "Microsoft-Windows-Sysmon/Operational",
          "message" : "Network connection detected:\nUtcTime: 2017-11-01 17:47:54.996\nProcessGuid: {704248D8-5020-59F9-0000-0010F0C94D00}\nProcessId: 3596\nImage: C:\\Users\\Administrator\\Downloads\\winlogbeat-5.6.3-windows-x86_64\\winlogbeat-5.6.3-windows-x86_64\\winlogbeat.exe\nUser: NT AUTHORITY\\SYSTEM\nProtocol: tcp\nInitiated: true\nSourceIsIpv6: false\nSourceIp: 192.168.1.205\nSourceHostname: WIN-U1E6SADQQ7G.fios-router.home\nSourcePort: 50732\nSourcePortName: \nDestinationIsIpv6: false\nDestinationIp: 192.168.1.198\nDestinationHostname: ubuntu.fios-router.home\nDestinationPort: 5044\nDestinationPortName: ",
          "opcode" : "Info",
          "process_id" : 520,
          "provider_guid" : "{5770385F-C22A-43E0-BF4C-06F5698FFBD9}",
          "record_number" : "3663",
          "source_name" : "Microsoft-Windows-Sysmon",
          "task" : "Network connection detected (rule: NetworkConnect)",
          "thread_id" : 3416,
          "type" : "wineventlog",
          "user" : {
            "domain" : "NT AUTHORITY",
            "identifier" : "S-1-5-18",
            "name" : "SYSTEM",
            "type" : "User"
          },
          "version" : 5
        }
      },
      {
        "_index" : "analytics",
        "_type" : "wineventlog",
        "_id" : "AWBGviqy2lDISLgezpEL",
        "_score" : 1.0,
        "_source" : {
          "@timestamp" : 1512695216882,
          "@version" : "1",
          "beat" : {
            "hostname" : "WIN-U1E6SADQQ7G",
            "name" : "WIN-U1E6SADQQ7G",
            "version" : "5.6.3"
          },
          "computer_name" : "WIN-U1E6SADQQ7G",
          "event_data" : {
            "DestinationHostname" : "ubuntu.fios-router.home",
            "DestinationIp" : "192.168.1.198",
            "DestinationIsIpv6" : "false",
            "DestinationPort" : "5044",
            "Image" : "C:\\Users\\Administrator\\Downloads\\winlogbeat-5.6.3-windows-x86_64\\winlogbeat-5.6.3-windows-x86_64\\winlogbeat.exe",
            "Initiated" : "true",
            "ProcessGuid" : "{704248D8-5020-59F9-0000-0010F0C94D00}",
            "ProcessId" : "3596",
            "Protocol" : "tcp",
            "SourceHostname" : "WIN-U1E6SADQQ7G.fios-router.home",
            "SourceIp" : "192.168.1.205",
            "SourceIsIpv6" : "false",
            "SourcePort" : "50746",
            "User" : "NT AUTHORITY\\SYSTEM",
            "UtcTime" : "2017-11-01 17:55:28.488"
          },
          "event_id" : 3,
          "host" : "WIN-U1E6SADQQ7G",
          "level" : "Information",
          "log_name" : "Microsoft-Windows-Sysmon/Operational",
          "message" : "Network connection detected:\nUtcTime: 2017-11-01 17:55:28.488\nProcessGuid: {704248D8-5020-59F9-0000-0010F0C94D00}\nProcessId: 3596\nImage: C:\\Users\\Administrator\\Downloads\\winlogbeat-5.6.3-windows-x86_64\\winlogbeat-5.6.3-windows-x86_64\\winlogbeat.exe\nUser: NT AUTHORITY\\SYSTEM\nProtocol: tcp\nInitiated: true\nSourceIsIpv6: false\nSourceIp: 192.168.1.205\nSourceHostname: WIN-U1E6SADQQ7G.fios-router.home\nSourcePort: 50746\nSourcePortName: \nDestinationIsIpv6: false\nDestinationIp: 192.168.1.198\nDestinationHostname: ubuntu.fios-router.home\nDestinationPort: 5044\nDestinationPortName: ",
          "opcode" : "Info",
          "process_id" : 520,
          "provider_guid" : "{5770385F-C22A-43E0-BF4C-06F5698FFBD9}",
          "record_number" : "3691",
          "source_name" : "Microsoft-Windows-Sysmon",
          "task" : "Network connection detected (rule: NetworkConnect)",
          "thread_id" : 3416,
          "type" : "wineventlog",
          "user" : {
            "domain" : "NT AUTHORITY",
            "identifier" : "S-1-5-18",
            "name" : "SYSTEM",
            "type" : "User"
          },
          "version" : 5
        }
      },
      {
        "_index" : "analytics",
        "_type" : "wineventlog",
        "_id" : "AWBGviqy2lDISLgezpEY",
        "_score" : 1.0,
        "_source" : {
          "@timestamp" : 1512696244728,
          "@version" : "1",
          "beat" : {
            "hostname" : "WIN-U1E6SADQQ7G",
            "name" : "WIN-U1E6SADQQ7G",
            "version" : "5.6.3"
          },
          "computer_name" : "WIN-U1E6SADQQ7G",
          "event_data" : {
            "DestinationIp" : "fe80:0:0:0:8bd:15a7:5c92:c29",
            "DestinationIsIpv6" : "true",
            "DestinationPort" : "5353",
            "Image" : "C:\\Program Files (x86)\\Google\\Chrome\\Application\\chrome.exe",
            "Initiated" : "false",
            "ProcessGuid" : "{704248D8-35D4-59F9-0000-0010004D1C00}",
            "ProcessId" : "1884",
            "Protocol" : "udp",
            "SourceIp" : "ff02:0:0:0:0:0:0:fb",
            "SourceIsIpv6" : "true",
            "SourcePort" : "5353",
            "User" : "WIN-U1E6SADQQ7G\\Administrator",
            "UtcTime" : "2017-11-01 18:12:36.271"
          },
          "event_id" : 3,
          "host" : "WIN-U1E6SADQQ7G",
          "level" : "Information",
          "log_name" : "Microsoft-Windows-Sysmon/Operational",
          "message" : "Network connection detected:\nUtcTime: 2017-11-01 18:12:36.271\nProcessGuid: {704248D8-35D4-59F9-0000-0010004D1C00}\nProcessId: 1884\nImage: C:\\Program Files (x86)\\Google\\Chrome\\Application\\chrome.exe\nUser: WIN-U1E6SADQQ7G\\Administrator\nProtocol: udp\nInitiated: false\nSourceIsIpv6: true\nSourceIp: ff02:0:0:0:0:0:0:fb\nSourceHostname: \nSourcePort: 5353\nSourcePortName: \nDestinationIsIpv6: true\nDestinationIp: fe80:0:0:0:8bd:15a7:5c92:c29\nDestinationHostname: \nDestinationPort: 5353\nDestinationPortName: ",
          "opcode" : "Info",
          "process_id" : 520,
          "provider_guid" : "{5770385F-C22A-43E0-BF4C-06F5698FFBD9}",
          "record_number" : "3732",
          "source_name" : "Microsoft-Windows-Sysmon",
          "task" : "Network connection detected (rule: NetworkConnect)",
          "thread_id" : 3416,
          "type" : "wineventlog",
          "user" : {
            "domain" : "NT AUTHORITY",
            "identifier" : "S-1-5-18",
            "name" : "SYSTEM",
            "type" : "User"
          },
          "version" : 5
        }
      },
      {
        "_index" : "analytics",
        "_type" : "wineventlog",
        "_id" : "AWBGviqy2lDISLgezpEZ",
        "_score" : 1.0,
        "_source" : {
          "@timestamp" : 1512696469360,
          "@version" : "1",
          "beat" : {
            "hostname" : "WIN-U1E6SADQQ7G",
            "name" : "WIN-U1E6SADQQ7G",
            "version" : "5.6.3"
          },
          "computer_name" : "WIN-U1E6SADQQ7G",
          "event_data" : {
            "DestinationHostname" : "unallocated.barefruit.co.uk",
            "DestinationIp" : "92.242.140.21",
            "DestinationIsIpv6" : "false",
            "DestinationPort" : "3544",
            "DestinationPortName" : "teredo",
            "Image" : "C:\\Windows\\System32\\svchost.exe",
            "Initiated" : "true",
            "ProcessGuid" : "{704248D8-BA3A-59F8-0000-00105F1A0100}",
            "ProcessId" : "792",
            "Protocol" : "udp",
            "SourceHostname" : "WIN-U1E6SADQQ7G.fios-router.home",
            "SourceIp" : "192.168.1.205",
            "SourceIsIpv6" : "false",
            "SourcePort" : "52167",
            "User" : "NT AUTHORITY\\SYSTEM",
            "UtcTime" : "2017-11-01 18:16:21.052"
          },
          "event_id" : 3,
          "host" : "WIN-U1E6SADQQ7G",
          "level" : "Information",
          "log_name" : "Microsoft-Windows-Sysmon/Operational",
          "message" : "Network connection detected:\nUtcTime: 2017-11-01 18:16:21.052\nProcessGuid: {704248D8-BA3A-59F8-0000-00105F1A0100}\nProcessId: 792\nImage: C:\\Windows\\System32\\svchost.exe\nUser: NT AUTHORITY\\SYSTEM\nProtocol: udp\nInitiated: true\nSourceIsIpv6: false\nSourceIp: 192.168.1.205\nSourceHostname: WIN-U1E6SADQQ7G.fios-router.home\nSourcePort: 52167\nSourcePortName: \nDestinationIsIpv6: false\nDestinationIp: 92.242.140.21\nDestinationHostname: unallocated.barefruit.co.uk\nDestinationPort: 3544\nDestinationPortName: teredo",
          "opcode" : "Info",
          "process_id" : 520,
          "provider_guid" : "{5770385F-C22A-43E0-BF4C-06F5698FFBD9}",
          "record_number" : "3738",
          "source_name" : "Microsoft-Windows-Sysmon",
          "task" : "Network connection detected (rule: NetworkConnect)",
          "thread_id" : 3416,
          "type" : "wineventlog",
          "user" : {
            "domain" : "NT AUTHORITY",
            "identifier" : "S-1-5-18",
            "name" : "SYSTEM",
            "type" : "User"
          },
          "version" : 5
        }
      },
      {
        "_index" : "analytics",
        "_type" : "wineventlog",
        "_id" : "AWBGviqy2lDISLgezpEg",
        "_score" : 1.0,
        "_source" : {
          "@timestamp" : 1512698184416,
          "@version" : "1",
          "beat" : {
            "hostname" : "WIN-U1E6SADQQ7G",
            "name" : "WIN-U1E6SADQQ7G",
            "version" : "5.6.3"
          },
          "computer_name" : "WIN-U1E6SADQQ7G",
          "event_data" : {
            "DestinationIp" : "192.168.1.255",
            "DestinationIsIpv6" : "false",
            "DestinationPort" : "138",
            "DestinationPortName" : "netbios-dgm",
            "Image" : "System",
            "Initiated" : "true",
            "ProcessGuid" : "{704248D8-BA36-59F8-0000-0010EB030000}",
            "ProcessId" : "4",
            "Protocol" : "udp",
            "SourceHostname" : "WIN-U1E6SADQQ7G.fios-router.home",
            "SourceIp" : "192.168.1.205",
            "SourceIsIpv6" : "false",
            "SourcePort" : "138",
            "SourcePortName" : "netbios-dgm",
            "User" : "NT AUTHORITY\\SYSTEM",
            "UtcTime" : "2017-11-01 18:29:42.964"
          },
          "event_id" : 3,
          "host" : "WIN-U1E6SADQQ7G",
          "level" : "Information",
          "log_name" : "Microsoft-Windows-Sysmon/Operational",
          "message" : "Network connection detected:\nUtcTime: 2017-11-01 18:29:42.964\nProcessGuid: {704248D8-BA36-59F8-0000-0010EB030000}\nProcessId: 4\nImage: System\nUser: NT AUTHORITY\\SYSTEM\nProtocol: udp\nInitiated: true\nSourceIsIpv6: false\nSourceIp: 192.168.1.205\nSourceHostname: WIN-U1E6SADQQ7G.fios-router.home\nSourcePort: 138\nSourcePortName: netbios-dgm\nDestinationIsIpv6: false\nDestinationIp: 192.168.1.255\nDestinationHostname: \nDestinationPort: 138\nDestinationPortName: netbios-dgm",
          "opcode" : "Info",
          "process_id" : 520,
          "provider_guid" : "{5770385F-C22A-43E0-BF4C-06F5698FFBD9}",
          "record_number" : "3787",
          "source_name" : "Microsoft-Windows-Sysmon",
          "task" : "Network connection detected (rule: NetworkConnect)",
          "thread_id" : 3416,
          "type" : "wineventlog",
          "user" : {
            "domain" : "NT AUTHORITY",
            "identifier" : "S-1-5-18",
            "name" : "SYSTEM",
            "type" : "User"
          },
          "version" : 5
        }
      }
    ]