      {
        "_index" : "test",
        "_type" : "wineventlog",
        "_id" : "AWBHnIus2lDISLgezqo-",
        "_score" : 1.0,
        "_source" : {
          "@timestamp" : 1512562714981,
          "@version" : "1",
          "beat" : {
            "hostname" : "WIN-U1E6SADQQ7G",
            "name" : "WIN-U1E6SADQQ7G",
            "version" : "5.6.3"
          },
          "computer_name" : "WIN-U1E6SADQQ7G",
          "event_data" : {
            "Image" : "C:\\Windows\\System32\\taskhost.exe",
            "ProcessGuid" : "{704248D8-E01A-5A27-0000-0010CC71A300}",
            "ProcessId" : "4700",
            "UtcTime" : "2017-12-06 12:18:34.981"
          },
          "event_id" : 5,
          "host" : "WIN-U1E6SADQQ7G",
          "level" : "Information",
          "log_name" : "Microsoft-Windows-Sysmon/Operational",
          "message" : "Process terminated:\nUtcTime: 2017-12-06 12:18:34.981\nProcessGuid: {704248D8-E01A-5A27-0000-0010CC71A300}\nProcessId: 4700\nImage: C:\\Windows\\System32\\taskhost.exe",
          "opcode" : "Info",
          "process_id" : 520,
          "provider_guid" : "{5770385F-C22A-43E0-BF4C-06F5698FFBD9}",
          "record_number" : "2054",
          "source_name" : "Microsoft-Windows-Sysmon",
          "task" : "Process terminated (rule: ProcessTerminate)",
          "thread_id" : 3196,
          "type" : "wineventlog",
          "user" : {
            "domain" : "NT AUTHORITY",
            "identifier" : "S-1-5-18",
            "name" : "SYSTEM",
            "type" : "User"
          },
          "version" : 3
        }
      },
      {
        "_index" : "test",
        "_type" : "wineventlog",
        "_id" : "AWBHnJR82lDISLgezqvG",
        "_score" : 1.0,
        "_source" : {
          "@timestamp" : 1512692213450,
          "@version" : "1",
          "beat" : {
            "hostname" : "WIN-U1E6SADQQ7G",
            "name" : "WIN-U1E6SADQQ7G",
            "version" : "5.6.3"
          },
          "computer_name" : "WIN-U1E6SADQQ7G",
          "event_data" : {
            "Image" : "C:\\Windows\\System32\\wbem\\WmiPrvSE.exe",
            "ProcessGuid" : "{704248D8-D99D-5A29-0000-001055A1F600}",
            "ProcessId" : "4716",
            "UtcTime" : "2017-12-08 00:16:53.450"
          },
          "event_id" : 5,
          "host" : "WIN-U1E6SADQQ7G",
          "level" : "Information",
          "log_name" : "Microsoft-Windows-Sysmon/Operational",
          "message" : "Process terminated:\nUtcTime: 2017-12-08 00:16:53.450\nProcessGuid: {704248D8-D99D-5A29-0000-001055A1F600}\nProcessId: 4716\nImage: C:\\Windows\\System32\\wbem\\WmiPrvSE.exe",
          "opcode" : "Info",
          "process_id" : 520,
          "provider_guid" : "{5770385F-C22A-43E0-BF4C-06F5698FFBD9}",
          "record_number" : "3560",
          "source_name" : "Microsoft-Windows-Sysmon",
          "task" : "Process terminated (rule: ProcessTerminate)",
          "thread_id" : 3196,
          "type" : "wineventlog",
          "user" : {
            "domain" : "NT AUTHORITY",
            "identifier" : "S-1-5-18",
            "name" : "SYSTEM",
            "type" : "User"
          },
          "version" : 3
        }
      },
      {
        "_index" : "test",
        "_type" : "wineventlog",
        "_id" : "AWBHnJR82lDISLgezqvI",
        "_score" : 1.0,
        "_source" : {
          "@timestamp" : 1512693555861,
          "@version" : "1",
          "beat" : {
            "hostname" : "WIN-U1E6SADQQ7G",
            "name" : "WIN-U1E6SADQQ7G",
            "version" : "5.6.3"
          },
          "computer_name" : "WIN-U1E6SADQQ7G",
          "event_data" : {
            "CreationUtcTime" : "2017-06-14 16:26:29.761",
            "Image" : "C:\\Program Files (x86)\\Google\\Chrome\\Application\\chrome.exe",
            "PreviousCreationUtcTime" : "2017-12-08 00:39:15.842",
            "ProcessGuid" : "{704248D8-35D4-59F9-0000-0010004D1C00}",
            "ProcessId" : "1884",
            "TargetFilename" : "C:\\Users\\Administrator\\AppData\\Local\\Google\\Chrome\\User Data\\Default\\545081a9-03c5-4204-a718-f7a6e05a26a7.tmp",
            "UtcTime" : "2017-12-08 00:39:15.859"
          },
          "event_id" : 2,
          "host" : "WIN-U1E6SADQQ7G",
          "level" : "Information",
          "log_name" : "Microsoft-Windows-Sysmon/Operational",
          "message" : "File creation time changed:\nUtcTime: 2017-12-08 00:39:15.859\nProcessGuid: {704248D8-35D4-59F9-0000-0010004D1C00}\nProcessId: 1884\nImage: C:\\Program Files (x86)\\Google\\Chrome\\Application\\chrome.exe\nTargetFilename: C:\\Users\\Administrator\\AppData\\Local\\Google\\Chrome\\User Data\\Default\\545081a9-03c5-4204-a718-f7a6e05a26a7.tmp\nCreationUtcTime: 2017-06-14 16:26:29.761\nPreviousCreationUtcTime: 2017-12-08 00:39:15.842",
          "opcode" : "Info",
          "process_id" : 520,
          "provider_guid" : "{5770385F-C22A-43E0-BF4C-06F5698FFBD9}",
          "record_number" : "3618",
          "source_name" : "Microsoft-Windows-Sysmon",
          "task" : "File creation time changed (rule: FileCreateTime)",
          "thread_id" : 3196,
          "type" : "wineventlog",
          "user" : {
            "domain" : "NT AUTHORITY",
            "identifier" : "S-1-5-18",
            "name" : "SYSTEM",
            "type" : "User"
          },
          "version" : 4
        }
      },
      {
        "_index" : "test",
        "_type" : "wineventlog",
        "_id" : "AWBHnJR82lDISLgezqvJ",
        "_score" : 1.0,
        "_source" : {
          "@timestamp" : 1512695983299,
          "@version" : "1",
          "beat" : {
            "hostname" : "WIN-U1E6SADQQ7G",
            "name" : "WIN-U1E6SADQQ7G",
            "version" : "5.6.3"
          },
          "computer_name" : "WIN-U1E6SADQQ7G",
          "event_data" : {
            "CommandLine" : "\"C:\\Program Files (x86)\\Google\\Chrome\\Application\\chrome.exe\" --type=utility --field-trial-handle=1116,9682725140068470363,9597901538313038131,131072 --lang=en-US --service-request-channel-token=7EB8855821EFA6D143EC4B16310EBFD9 --mojo-platform-channel-handle=2656 --ignored=\" --type=renderer \" /prefetch:8",
            "CurrentDirectory" : "C:\\Program Files (x86)\\Google\\Chrome\\Application\\61.0.3163.100\\",
            "Hashes" : "SHA1=367F252E2DDDAB6E2402ED0B288D920472A50580",
            "Image" : "C:\\Program Files (x86)\\Google\\Chrome\\Application\\chrome.exe",
            "IntegrityLevel" : "Low",
            "LogonGuid" : "{704248D8-BA95-59F8-0000-0020BF9C0400}",
            "LogonId" : "0x49cbf",
            "ParentCommandLine" : "\"C:\\Program Files (x86)\\Google\\Chrome\\Application\\chrome.exe\" ",
            "ParentImage" : "C:\\Program Files (x86)\\Google\\Chrome\\Application\\chrome.exe",
            "ParentProcessGuid" : "{704248D8-35D4-59F9-0000-0010004D1C00}",
            "ParentProcessId" : "1884",
            "ProcessGuid" : "{704248D8-E8AF-5A29-0000-0010700F0101}",
            "ProcessId" : "4660",
            "TerminalSessionId" : "1",
            "User" : "WIN-U1E6SADQQ7G\\Administrator",
            "UtcTime" : "2017-12-08 01:19:43.291"
          },
          "event_id" : 1,
          "host" : "WIN-U1E6SADQQ7G",
          "level" : "Information",
          "log_name" : "Microsoft-Windows-Sysmon/Operational",
          "message" : "Process Create:\nUtcTime: 2017-12-08 01:19:43.291\nProcessGuid: {704248D8-E8AF-5A29-0000-0010700F0101}\nProcessId: 4660\nImage: C:\\Program Files (x86)\\Google\\Chrome\\Application\\chrome.exe\nCommandLine: \"C:\\Program Files (x86)\\Google\\Chrome\\Application\\chrome.exe\" --type=utility --field-trial-handle=1116,9682725140068470363,9597901538313038131,131072 --lang=en-US --service-request-channel-token=7EB8855821EFA6D143EC4B16310EBFD9 --mojo-platform-channel-handle=2656 --ignored=\" --type=renderer \" /prefetch:8\nCurrentDirectory: C:\\Program Files (x86)\\Google\\Chrome\\Application\\61.0.3163.100\\\nUser: WIN-U1E6SADQQ7G\\Administrator\nLogonGuid: {704248D8-BA95-59F8-0000-0020BF9C0400}\nLogonId: 0x49CBF\nTerminalSessionId: 1\nIntegrityLevel: Low\nHashes: SHA1=367F252E2DDDAB6E2402ED0B288D920472A50580\nParentProcessGuid: {704248D8-35D4-59F9-0000-0010004D1C00}\nParentProcessId: 1884\nParentImage: C:\\Program Files (x86)\\Google\\Chrome\\Application\\chrome.exe\nParentCommandLine: \"C:\\Program Files (x86)\\Google\\Chrome\\Application\\chrome.exe\" ",
          "opcode" : "Info",
          "process_id" : 520,
          "provider_guid" : "{5770385F-C22A-43E0-BF4C-06F5698FFBD9}",
          "record_number" : "3720",
          "source_name" : "Microsoft-Windows-Sysmon",
          "task" : "Process Create (rule: ProcessCreate)",
          "thread_id" : 3196,
          "type" : "wineventlog",
          "user" : {
            "domain" : "NT AUTHORITY",
            "identifier" : "S-1-5-18",
            "name" : "SYSTEM",
            "type" : "User"
          },
          "version" : 5
        }
      },
      {
        "_index" : "test",
        "_type" : "wineventlog",
        "_id" : "AWBHnJR82lDISLgezqvN",
        "_score" : 1.0,
        "_source" : {
          "@timestamp" : 1512698551975,
          "@version" : "1",
          "beat" : {
            "hostname" : "WIN-U1E6SADQQ7G",
            "name" : "WIN-U1E6SADQQ7G",
            "version" : "5.6.3"
          },
          "computer_name" : "WIN-U1E6SADQQ7G",
          "event_data" : {
            "Image" : "C:\\Program Files (x86)\\Google\\Update\\GoogleUpdate.exe",
            "ProcessGuid" : "{704248D8-F2B7-5A29-0000-0010FABC0501}",
            "ProcessId" : "4420",
            "UtcTime" : "2017-12-08 02:02:31.975"
          },
          "event_id" : 5,
          "host" : "WIN-U1E6SADQQ7G",
          "level" : "Information",
          "log_name" : "Microsoft-Windows-Sysmon/Operational",
          "message" : "Process terminated:\nUtcTime: 2017-12-08 02:02:31.975\nProcessGuid: {704248D8-F2B7-5A29-0000-0010FABC0501}\nProcessId: 4420\nImage: C:\\Program Files (x86)\\Google\\Update\\GoogleUpdate.exe",
          "opcode" : "Info",
          "process_id" : 520,
          "provider_guid" : "{5770385F-C22A-43E0-BF4C-06F5698FFBD9}",
          "record_number" : "3802",
          "source_name" : "Microsoft-Windows-Sysmon",
          "task" : "Process terminated (rule: ProcessTerminate)",
          "thread_id" : 3196,
          "type" : "wineventlog",
          "user" : {
            "domain" : "NT AUTHORITY",
            "identifier" : "S-1-5-18",
            "name" : "SYSTEM",
            "type" : "User"
          },
          "version" : 3
        }
      },
      {
        "_index" : "test",
        "_type" : "wineventlog",
        "_id" : "AWBHnJR82lDISLgezqve",
        "_score" : 1.0,
        "_source" : {
          "@timestamp" : 1512707933048,
          "@version" : "1",
          "beat" : {
            "hostname" : "WIN-U1E6SADQQ7G",
            "name" : "WIN-U1E6SADQQ7G",
            "version" : "5.6.3"
          },
          "computer_name" : "WIN-U1E6SADQQ7G",
          "event_data" : {
            "Image" : "C:\\Windows\\System32\\wbem\\WmiPrvSE.exe",
            "ProcessGuid" : "{704248D8-1704-5A2A-0000-001079791101}",
            "ProcessId" : "4808",
            "UtcTime" : "2017-12-08 04:38:53.048"
          },
          "event_id" : 5,
          "host" : "WIN-U1E6SADQQ7G",
          "level" : "Information",
          "log_name" : "Microsoft-Windows-Sysmon/Operational",
          "message" : "Process terminated:\nUtcTime: 2017-12-08 04:38:53.048\nProcessGuid: {704248D8-1704-5A2A-0000-001079791101}\nProcessId: 4808\nImage: C:\\Windows\\System32\\wbem\\WmiPrvSE.exe",
          "opcode" : "Info",
          "process_id" : 520,
          "provider_guid" : "{5770385F-C22A-43E0-BF4C-06F5698FFBD9}",
          "record_number" : "3988",
          "source_name" : "Microsoft-Windows-Sysmon",
          "task" : "Process terminated (rule: ProcessTerminate)",
          "thread_id" : 3196,
          "type" : "wineventlog",
          "user" : {
            "domain" : "NT AUTHORITY",
            "identifier" : "S-1-5-18",
            "name" : "SYSTEM",
            "type" : "User"
          },
          "version" : 3
        }
      },
      {
        "_index" : "test",
        "_type" : "wineventlog",
        "_id" : "AWBHnJR82lDISLgezqvg",
        "_score" : 1.0,
        "_source" : {
          "@timestamp" : 1512708543505,
          "@version" : "1",
          "beat" : {
            "hostname" : "WIN-U1E6SADQQ7G",
            "name" : "WIN-U1E6SADQQ7G",
            "version" : "5.6.3"
          },
          "computer_name" : "WIN-U1E6SADQQ7G",
          "event_data" : {
            "Image" : "C:\\Windows\\System32\\wbem\\WmiPrvSE.exe",
            "ProcessGuid" : "{704248D8-195C-5A2A-0000-0010313D1301}",
            "ProcessId" : "4792",
            "UtcTime" : "2017-12-08 04:49:03.505"
          },
          "event_id" : 5,
          "host" : "WIN-U1E6SADQQ7G",
          "level" : "Information",
          "log_name" : "Microsoft-Windows-Sysmon/Operational",
          "message" : "Process terminated:\nUtcTime: 2017-12-08 04:49:03.505\nProcessGuid: {704248D8-195C-5A2A-0000-0010313D1301}\nProcessId: 4792\nImage: C:\\Windows\\System32\\wbem\\WmiPrvSE.exe",
          "opcode" : "Info",
          "process_id" : 520,
          "provider_guid" : "{5770385F-C22A-43E0-BF4C-06F5698FFBD9}",
          "record_number" : "4012",
          "source_name" : "Microsoft-Windows-Sysmon",
          "task" : "Process terminated (rule: ProcessTerminate)",
          "thread_id" : 3196,
          "type" : "wineventlog",
          "user" : {
            "domain" : "NT AUTHORITY",
            "identifier" : "S-1-5-18",
            "name" : "SYSTEM",
            "type" : "User"
          },
          "version" : 3
        }
      },
      {
        "_index" : "test",
        "_type" : "wineventlog",
        "_id" : "AWBHnJR82lDISLgezqvh",
        "_score" : 1.0,
        "_source" : {
          "@timestamp" : 1512709145437,
          "@version" : "1",
          "beat" : {
            "hostname" : "WIN-U1E6SADQQ7G",
            "name" : "WIN-U1E6SADQQ7G",
            "version" : "5.6.3"
          },
          "computer_name" : "WIN-U1E6SADQQ7G",
          "event_data" : {
            "Image" : "C:\\Windows\\System32\\wbem\\WmiPrvSE.exe",
            "ProcessGuid" : "{704248D8-1BB4-5A2A-0000-001030EC1401}",
            "ProcessId" : "3940",
            "UtcTime" : "2017-12-08 04:59:05.437"
          },
          "event_id" : 5,
          "host" : "WIN-U1E6SADQQ7G",
          "level" : "Information",
          "log_name" : "Microsoft-Windows-Sysmon/Operational",
          "message" : "Process terminated:\nUtcTime: 2017-12-08 04:59:05.437\nProcessGuid: {704248D8-1BB4-5A2A-0000-001030EC1401}\nProcessId: 3940\nImage: C:\\Windows\\System32\\wbem\\WmiPrvSE.exe",
          "opcode" : "Info",
          "process_id" : 520,
          "provider_guid" : "{5770385F-C22A-43E0-BF4C-06F5698FFBD9}",
          "record_number" : "4040",
          "source_name" : "Microsoft-Windows-Sysmon",
          "task" : "Process terminated (rule: ProcessTerminate)",
          "thread_id" : 3196,
          "type" : "wineventlog",
          "user" : {
            "domain" : "NT AUTHORITY",
            "identifier" : "S-1-5-18",
            "name" : "SYSTEM",
            "type" : "User"
          },
          "version" : 3
        }
      },
      {
        "_index" : "test",
        "_type" : "wineventlog",
        "_id" : "AWBHnJR82lDISLgezqvn",
        "_score" : 1.0,
        "_source" : {
          "@timestamp" : 1512714532354,
          "@version" : "1",
          "beat" : {
            "hostname" : "WIN-U1E6SADQQ7G",
            "name" : "WIN-U1E6SADQQ7G",
            "version" : "5.6.3"
          },
          "computer_name" : "WIN-U1E6SADQQ7G",
          "event_data" : {
            "Image" : "C:\\Windows\\System32\\wbem\\WmiPrvSE.exe",
            "ProcessGuid" : "{704248D8-30CB-5A2A-0000-001045A62301}",
            "ProcessId" : "3812",
            "UtcTime" : "2017-12-08 06:28:52.354"
          },
          "event_id" : 5,
          "host" : "WIN-U1E6SADQQ7G",
          "level" : "Information",
          "log_name" : "Microsoft-Windows-Sysmon/Operational",
          "message" : "Process terminated:\nUtcTime: 2017-12-08 06:28:52.354\nProcessGuid: {704248D8-30CB-5A2A-0000-001045A62301}\nProcessId: 3812\nImage: C:\\Windows\\System32\\wbem\\WmiPrvSE.exe",
          "opcode" : "Info",
          "process_id" : 520,
          "provider_guid" : "{5770385F-C22A-43E0-BF4C-06F5698FFBD9}",
          "record_number" : "4257",
          "source_name" : "Microsoft-Windows-Sysmon",
          "task" : "Process terminated (rule: ProcessTerminate)",
          "thread_id" : 3196,
          "type" : "wineventlog",
          "user" : {
            "domain" : "NT AUTHORITY",
            "identifier" : "S-1-5-18",
            "name" : "SYSTEM",
            "type" : "User"
          },
          "version" : 3
        }
      },
      {
        "_index" : "test",
        "_type" : "wineventlog",
        "_id" : "AWBHnJR82lDISLgezqvo",
        "_score" : 1.0,
        "_source" : {
          "@timestamp" : 1512716859172,
          "@version" : "1",
          "beat" : {
            "hostname" : "WIN-U1E6SADQQ7G",
            "name" : "WIN-U1E6SADQQ7G",
            "version" : "5.6.3"
          },
          "computer_name" : "WIN-U1E6SADQQ7G",
          "event_data" : {
            "CreationUtcTime" : "2017-06-14 16:26:29.761",
            "Image" : "C:\\Program Files (x86)\\Google\\Chrome\\Application\\chrome.exe",
            "PreviousCreationUtcTime" : "2017-12-08 07:07:39.169",
            "ProcessGuid" : "{704248D8-35D4-59F9-0000-0010004D1C00}",
            "ProcessId" : "1884",
            "TargetFilename" : "C:\\Users\\Administrator\\AppData\\Local\\Google\\Chrome\\User Data\\Default\\85b92969-f8d8-4e55-bf0c-adc4894ed635.tmp",
            "UtcTime" : "2017-12-08 07:07:39.172"
          },
          "event_id" : 2,
          "host" : "WIN-U1E6SADQQ7G",
          "level" : "Information",
          "log_name" : "Microsoft-Windows-Sysmon/Operational",
          "message" : "File creation time changed:\nUtcTime: 2017-12-08 07:07:39.172\nProcessGuid: {704248D8-35D4-59F9-0000-0010004D1C00}\nProcessId: 1884\nImage: C:\\Program Files (x86)\\Google\\Chrome\\Application\\chrome.exe\nTargetFilename: C:\\Users\\Administrator\\AppData\\Local\\Google\\Chrome\\User Data\\Default\\85b92969-f8d8-4e55-bf0c-adc4894ed635.tmp\nCreationUtcTime: 2017-06-14 16:26:29.761\nPreviousCreationUtcTime: 2017-12-08 07:07:39.169",
          "opcode" : "Info",
          "process_id" : 520,
          "provider_guid" : "{5770385F-C22A-43E0-BF4C-06F5698FFBD9}",
          "record_number" : "4347",
          "source_name" : "Microsoft-Windows-Sysmon",
          "task" : "File creation time changed (rule: FileCreateTime)",
          "thread_id" : 3196,
          "type" : "wineventlog",
          "user" : {
            "domain" : "NT AUTHORITY",
            "identifier" : "S-1-5-18",
            "name" : "SYSTEM",
            "type" : "User"
          },
          "version" : 4
        }
      },
      {
        "_index" : "test",
        "_type" : "wineventlog",
        "_id" : "AWBHnJR82lDISLgezqvs",
        "_score" : 1.0,
        "_source" : {
          "@timestamp" : 1512720400894,
          "@version" : "1",
          "beat" : {
            "hostname" : "WIN-U1E6SADQQ7G",
            "name" : "WIN-U1E6SADQQ7G",
            "version" : "5.6.3"
          },
          "computer_name" : "WIN-U1E6SADQQ7G",
          "event_data" : {
            "CommandLine" : "\"C:\\Windows\\system32\\wusa.exe\" \"C:\\Users\\Administrator\\Downloads\\Win7AndW2K8R2-KB3134760-x64.msu\" ",
            "CurrentDirectory" : "C:\\Users\\Administrator\\Downloads\\",
            "Hashes" : "SHA1=58C69D6FF2EC90977E42AE45C0F7E2A9E8C1E65E",
            "Image" : "C:\\Windows\\System32\\wusa.exe",
            "IntegrityLevel" : "High",
            "LogonGuid" : "{704248D8-BA95-59F8-0000-0020BF9C0400}",
            "LogonId" : "0x49cbf",
            "ParentCommandLine" : "C:\\Windows\\Explorer.EXE",
            "ParentImage" : "C:\\Windows\\explorer.exe",
            "ParentProcessGuid" : "{704248D8-BA95-59F8-0000-001032B10400}",
            "ParentProcessId" : "2624",
            "ProcessGuid" : "{704248D8-4810-5A2A-0000-0010E5A33301}",
            "ProcessId" : "1524",
            "TerminalSessionId" : "1",
            "User" : "WIN-U1E6SADQQ7G\\Administrator",
            "UtcTime" : "2017-12-08 08:06:40.841"
          },
          "event_id" : 1,
          "host" : "WIN-U1E6SADQQ7G",
          "level" : "Information",
          "log_name" : "Microsoft-Windows-Sysmon/Operational",
          "message" : "Process Create:\nUtcTime: 2017-12-08 08:06:40.841\nProcessGuid: {704248D8-4810-5A2A-0000-0010E5A33301}\nProcessId: 1524\nImage: C:\\Windows\\System32\\wusa.exe\nCommandLine: \"C:\\Windows\\system32\\wusa.exe\" \"C:\\Users\\Administrator\\Downloads\\Win7AndW2K8R2-KB3134760-x64.msu\" \nCurrentDirectory: C:\\Users\\Administrator\\Downloads\\\nUser: WIN-U1E6SADQQ7G\\Administrator\nLogonGuid: {704248D8-BA95-59F8-0000-0020BF9C0400}\nLogonId: 0x49CBF\nTerminalSessionId: 1\nIntegrityLevel: High\nHashes: SHA1=58C69D6FF2EC90977E42AE45C0F7E2A9E8C1E65E\nParentProcessGuid: {704248D8-BA95-59F8-0000-001032B10400}\nParentProcessId: 2624\nParentImage: C:\\Windows\\explorer.exe\nParentCommandLine: C:\\Windows\\Explorer.EXE",
          "opcode" : "Info",
          "process_id" : 520,
          "provider_guid" : "{5770385F-C22A-43E0-BF4C-06F5698FFBD9}",
          "record_number" : "4554",
          "source_name" : "Microsoft-Windows-Sysmon",
          "task" : "Process Create (rule: ProcessCreate)",
          "thread_id" : 3196,
          "type" : "wineventlog",
          "user" : {
            "domain" : "NT AUTHORITY",
            "identifier" : "S-1-5-18",
            "name" : "SYSTEM",
            "type" : "User"
          },
          "version" : 5
        }
      },
      {
        "_index" : "test",
        "_type" : "wineventlog",
        "_id" : "AWBHnJR82lDISLgezqvt",
        "_score" : 1.0,
        "_source" : {
          "@timestamp" : 1512720401177,
          "@version" : "1",
          "beat" : {
            "hostname" : "WIN-U1E6SADQQ7G",
            "name" : "WIN-U1E6SADQQ7G",
            "version" : "5.6.3"
          },
          "computer_name" : "WIN-U1E6SADQQ7G",
          "event_data" : {
            "CreationUtcTime" : "2017-06-14 16:26:39.756",
            "Image" : "C:\\Program Files (x86)\\Google\\Chrome\\Application\\chrome.exe",
            "PreviousCreationUtcTime" : "2017-12-08 08:06:41.154",
            "ProcessGuid" : "{704248D8-35D4-59F9-0000-0010004D1C00}",
            "ProcessId" : "1884",
            "TargetFilename" : "C:\\Users\\Administrator\\AppData\\Local\\Google\\Chrome\\User Data\\bfd8a784-9291-4e54-be51-d25ae400ca1f.tmp",
            "UtcTime" : "2017-12-08 08:06:41.175"
          },
          "event_id" : 2,
          "host" : "WIN-U1E6SADQQ7G",
          "level" : "Information",
          "log_name" : "Microsoft-Windows-Sysmon/Operational",
          "message" : "File creation time changed:\nUtcTime: 2017-12-08 08:06:41.175\nProcessGuid: {704248D8-35D4-59F9-0000-0010004D1C00}\nProcessId: 1884\nImage: C:\\Program Files (x86)\\Google\\Chrome\\Application\\chrome.exe\nTargetFilename: C:\\Users\\Administrator\\AppData\\Local\\Google\\Chrome\\User Data\\bfd8a784-9291-4e54-be51-d25ae400ca1f.tmp\nCreationUtcTime: 2017-06-14 16:26:39.756\nPreviousCreationUtcTime: 2017-12-08 08:06:41.154",
          "opcode" : "Info",
          "process_id" : 520,
          "provider_guid" : "{5770385F-C22A-43E0-BF4C-06F5698FFBD9}",
          "record_number" : "4555",
          "source_name" : "Microsoft-Windows-Sysmon",
          "task" : "File creation time changed (rule: FileCreateTime)",
          "thread_id" : 3196,
          "type" : "wineventlog",
          "user" : {
            "domain" : "NT AUTHORITY",
            "identifier" : "S-1-5-18",
            "name" : "SYSTEM",
            "type" : "User"
          },
          "version" : 4
        }
      },
      {
        "_index" : "test",
        "_type" : "wineventlog",
        "_id" : "AWBHnJR82lDISLgezqv1",
        "_score" : 1.0,
        "_source" : {
          "@timestamp" : 1512720715664,
          "@version" : "1",
          "beat" : {
            "hostname" : "WIN-U1E6SADQQ7G",
            "name" : "WIN-U1E6SADQQ7G",
            "version" : "5.6.3"
          },
          "computer_name" : "WIN-U1E6SADQQ7G",
          "event_data" : {
            "Image" : "C:\\Windows\\WinSxS\\amd64_microsoft-windows-servicingstack_31bf3856ad364e35_6.3.9600.17246_none_fa4ae8e99b1f603c\\TiWorker.exe",
            "ProcessGuid" : "{704248D8-4812-5A2A-0000-0010E5C13301}",
            "ProcessId" : "1572",
            "UtcTime" : "2017-12-08 08:11:55.664"
          },
          "event_id" : 5,
          "host" : "WIN-U1E6SADQQ7G",
          "level" : "Information",
          "log_name" : "Microsoft-Windows-Sysmon/Operational",
          "message" : "Process terminated:\nUtcTime: 2017-12-08 08:11:55.664\nProcessGuid: {704248D8-4812-5A2A-0000-0010E5C13301}\nProcessId: 1572\nImage: C:\\Windows\\WinSxS\\amd64_microsoft-windows-servicingstack_31bf3856ad364e35_6.3.9600.17246_none_fa4ae8e99b1f603c\\TiWorker.exe",
          "opcode" : "Info",
          "process_id" : 520,
          "provider_guid" : "{5770385F-C22A-43E0-BF4C-06F5698FFBD9}",
          "record_number" : "4698",
          "source_name" : "Microsoft-Windows-Sysmon",
          "task" : "Process terminated (rule: ProcessTerminate)",
          "thread_id" : 3196,
          "type" : "wineventlog",
          "user" : {
            "domain" : "NT AUTHORITY",
            "identifier" : "S-1-5-18",
            "name" : "SYSTEM",
            "type" : "User"
          },
          "version" : 3
        }
      },
      {
        "_index" : "test",
        "_type" : "wineventlog",
        "_id" : "AWBHnJR82lDISLgezqv9",
        "_score" : 1.0,
        "_source" : {
          "@timestamp" : 1512725574846,
          "@version" : "1",
          "beat" : {
            "hostname" : "WIN-U1E6SADQQ7G",
            "name" : "WIN-U1E6SADQQ7G",
            "version" : "5.6.3"
          },
          "computer_name" : "WIN-U1E6SADQQ7G",
          "event_data" : {
            "Image" : "C:\\Users\\ADMINI~1\\AppData\\Local\\Temp\\1\\Sysmon.exe",
            "ProcessGuid" : "{704248D8-5C45-5A2A-0000-0010EEF33600}",
            "ProcessId" : "2560",
            "UtcTime" : "2017-12-08 09:32:54.846"
          },
          "event_id" : 5,
          "host" : "WIN-U1E6SADQQ7G",
          "level" : "Information",
          "log_name" : "Microsoft-Windows-Sysmon/Operational",
          "message" : "Process terminated:\nUtcTime: 2017-12-08 09:32:54.846\nProcessGuid: {704248D8-5C45-5A2A-0000-0010EEF33600}\nProcessId: 2560\nImage: C:\\Users\\ADMINI~1\\AppData\\Local\\Temp\\1\\Sysmon.exe",
          "opcode" : "Info",
          "process_id" : 2684,
          "provider_guid" : "{5770385F-C22A-43E0-BF4C-06F5698FFBD9}",
          "record_number" : "5013",
          "source_name" : "Microsoft-Windows-Sysmon",
          "task" : "Process terminated (rule: ProcessTerminate)",
          "thread_id" : 1624,
          "type" : "wineventlog",
          "user" : {
            "domain" : "NT AUTHORITY",
            "identifier" : "S-1-5-18",
            "name" : "SYSTEM",
            "type" : "User"
          },
          "version" : 3
        }
      },
      {
        "_index" : "test",
        "_type" : "wineventlog",
        "_id" : "AWBHnJR82lDISLgezqv-",
        "_score" : 1.0,
        "_source" : {
          "@timestamp" : 1512725574852,
          "@version" : "1",
          "beat" : {
            "hostname" : "WIN-U1E6SADQQ7G",
            "name" : "WIN-U1E6SADQQ7G",
            "version" : "5.6.3"
          },
          "computer_name" : "WIN-U1E6SADQQ7G",
          "event_data" : {
            "Image" : "C:\\Users\\Administrator\\Downloads\\Sysmon\\Sysmon.exe",
            "ProcessGuid" : "{704248D8-5C45-5A2A-0000-00100EF33600}",
            "ProcessId" : "2992",
            "UtcTime" : "2017-12-08 09:32:54.849"
          },
          "event_id" : 5,
          "host" : "WIN-U1E6SADQQ7G",
          "level" : "Information",
          "log_name" : "Microsoft-Windows-Sysmon/Operational",
          "message" : "Process terminated:\nUtcTime: 2017-12-08 09:32:54.849\nProcessGuid: {704248D8-5C45-5A2A-0000-00100EF33600}\nProcessId: 2992\nImage: C:\\Users\\Administrator\\Downloads\\Sysmon\\Sysmon.exe",
          "opcode" : "Info",
          "process_id" : 2684,
          "provider_guid" : "{5770385F-C22A-43E0-BF4C-06F5698FFBD9}",
          "record_number" : "5014",
          "source_name" : "Microsoft-Windows-Sysmon",
          "task" : "Process terminated (rule: ProcessTerminate)",
          "thread_id" : 1624,
          "type" : "wineventlog",
          "user" : {
            "domain" : "NT AUTHORITY",
            "identifier" : "S-1-5-18",
            "name" : "SYSTEM",
            "type" : "User"
          },
          "version" : 3
        }
      },
      {
        "_index" : "test",
        "_type" : "wineventlog",
        "_id" : "AWBHnJR82lDISLgezqwB",
        "_score" : 1.0,
        "_source" : {
          "@timestamp" : 1512725891955,
          "@version" : "1",
          "beat" : {
            "hostname" : "WIN-U1E6SADQQ7G",
            "name" : "WIN-U1E6SADQQ7G",
            "version" : "5.6.3"
          },
          "computer_name" : "WIN-U1E6SADQQ7G",
          "event_data" : {
            "Image" : "C:\\Windows\\System32\\mmc.exe",
            "ProcessGuid" : "{704248D8-5980-5A2A-0000-0010EBF32A00}",
            "ProcessId" : "2532",
            "UtcTime" : "2017-12-08 09:38:11.955"
          },
          "event_id" : 5,
          "host" : "WIN-U1E6SADQQ7G",
          "level" : "Information",
          "log_name" : "Microsoft-Windows-Sysmon/Operational",
          "message" : "Process terminated:\nUtcTime: 2017-12-08 09:38:11.955\nProcessGuid: {704248D8-5980-5A2A-0000-0010EBF32A00}\nProcessId: 2532\nImage: C:\\Windows\\System32\\mmc.exe",
          "opcode" : "Info",
          "process_id" : 1984,
          "provider_guid" : "{5770385F-C22A-43E0-BF4C-06F5698FFBD9}",
          "record_number" : "5050",
          "source_name" : "Microsoft-Windows-Sysmon",
          "task" : "Process terminated (rule: ProcessTerminate)",
          "thread_id" : 2576,
          "type" : "wineventlog",
          "user" : {
            "domain" : "NT AUTHORITY",
            "identifier" : "S-1-5-18",
            "name" : "SYSTEM",
            "type" : "User"
          },
          "version" : 3
        }
      },
      {
        "_index" : "test",
        "_type" : "wineventlog",
        "_id" : "AWBHnJR82lDISLgezqwC",
        "_score" : 1.0,
        "_source" : {
          "@timestamp" : 1512726235533,
          "@version" : "1",
          "beat" : {
            "hostname" : "WIN-U1E6SADQQ7G",
            "name" : "WIN-U1E6SADQQ7G",
            "version" : "5.6.3"
          },
          "computer_name" : "WIN-U1E6SADQQ7G",
          "event_data" : {
            "CommandLine" : "\"C:\\Windows\\system32\\mmc.exe\" \"C:\\Windows\\system32\\services.msc\" ",
            "CurrentDirectory" : "C:\\Users\\Administrator\\",
            "Hashes" : "SHA1=7EE0B4FC777C9782DB9229CB4B2ADCF570902CD4",
            "Image" : "C:\\Windows\\System32\\mmc.exe",
            "IntegrityLevel" : "High",
            "LogonGuid" : "{704248D8-4D8D-5A2A-0000-00202D861900}",
            "LogonId" : "0x19862d",
            "ParentCommandLine" : "C:\\Windows\\Explorer.EXE",
            "ParentImage" : "C:\\Windows\\explorer.exe",
            "ParentProcessGuid" : "{704248D8-4D8E-5A2A-0000-0010729A1900}",
            "ParentProcessId" : "660",
            "ProcessGuid" : "{704248D8-5EDB-5A2A-0000-00104D8D4000}",
            "ProcessId" : "848",
            "TerminalSessionId" : "1",
            "User" : "WIN-U1E6SADQQ7G\\Administrator",
            "UtcTime" : "2017-12-08 09:43:55.527"
          },
          "event_id" : 1,
          "host" : "WIN-U1E6SADQQ7G",
          "level" : "Information",
          "log_name" : "Microsoft-Windows-Sysmon/Operational",
          "message" : "Process Create:\nUtcTime: 2017-12-08 09:43:55.527\nProcessGuid: {704248D8-5EDB-5A2A-0000-00104D8D4000}\nProcessId: 848\nImage: C:\\Windows\\System32\\mmc.exe\nCommandLine: \"C:\\Windows\\system32\\mmc.exe\" \"C:\\Windows\\system32\\services.msc\" \nCurrentDirectory: C:\\Users\\Administrator\\\nUser: WIN-U1E6SADQQ7G\\Administrator\nLogonGuid: {704248D8-4D8D-5A2A-0000-00202D861900}\nLogonId: 0x19862D\nTerminalSessionId: 1\nIntegrityLevel: High\nHashes: SHA1=7EE0B4FC777C9782DB9229CB4B2ADCF570902CD4\nParentProcessGuid: {704248D8-4D8E-5A2A-0000-0010729A1900}\nParentProcessId: 660\nParentImage: C:\\Windows\\explorer.exe\nParentCommandLine: C:\\Windows\\Explorer.EXE",
          "opcode" : "Info",
          "process_id" : 1984,
          "provider_guid" : "{5770385F-C22A-43E0-BF4C-06F5698FFBD9}",
          "record_number" : "5068",
          "source_name" : "Microsoft-Windows-Sysmon",
          "task" : "Process Create (rule: ProcessCreate)",
          "thread_id" : 2576,
          "type" : "wineventlog",
          "user" : {
            "domain" : "NT AUTHORITY",
            "identifier" : "S-1-5-18",
            "name" : "SYSTEM",
            "type" : "User"
          },
          "version" : 5
        }
      },
      {
        "_index" : "test",
        "_type" : "wineventlog",
        "_id" : "AWBHnJR82lDISLgezqwD",
        "_score" : 1.0,
        "_source" : {
          "@timestamp" : 1512725561399,
          "@version" : "1",
          "beat" : {
            "hostname" : "WIN-U1E6SADQQ7G",
            "name" : "WIN-U1E6SADQQ7G",
            "version" : "5.6.3"
          },
          "computer_name" : "WIN-U1E6SADQQ7G",
          "event_data" : {
            "CommandLine" : "Sysmon.exe  -i -n",
            "CurrentDirectory" : "C:\\Users\\Administrator\\Downloads\\Sysmon\\",
            "Hashes" : "SHA1=D47DBC98CB8637EE30903B5CCD34F84A1077AC1C",
            "Image" : "C:\\Users\\Administrator\\Downloads\\Sysmon\\Sysmon.exe",
            "IntegrityLevel" : "High",
            "LogonGuid" : "{704248D8-4D8D-5A2A-0000-00202D861900}",
            "LogonId" : "0x19862d",
            "ParentCommandLine" : "cmd",
            "ParentImage" : "C:\\Windows\\System32\\cmd.exe",
            "ParentProcessGuid" : "{704248D8-5959-5A2A-0000-001024F02800}",
            "ParentProcessId" : "1308",
            "ProcessGuid" : "{704248D8-5C39-5A2A-0000-001007D93600}",
            "ProcessId" : "2968",
            "TerminalSessionId" : "1",
            "User" : "WIN-U1E6SADQQ7G\\Administrator",
            "UtcTime" : "2017-12-08 09:32:41.390"
          },
          "event_id" : 1,
          "host" : "WIN-U1E6SADQQ7G",
          "level" : "Information",
          "log_name" : "Microsoft-Windows-Sysmon/Operational",
          "message" : "Process Create:\nUtcTime: 2017-12-08 09:32:41.390\nProcessGuid: {704248D8-5C39-5A2A-0000-001007D93600}\nProcessId: 2968\nImage: C:\\Users\\Administrator\\Downloads\\Sysmon\\Sysmon.exe\nCommandLine: Sysmon.exe  -i -n\nCurrentDirectory: C:\\Users\\Administrator\\Downloads\\Sysmon\\\nUser: WIN-U1E6SADQQ7G\\Administrator\nLogonGuid: {704248D8-4D8D-5A2A-0000-00202D861900}\nLogonId: 0x19862D\nTerminalSessionId: 1\nIntegrityLevel: High\nHashes: SHA1=D47DBC98CB8637EE30903B5CCD34F84A1077AC1C\nParentProcessGuid: {704248D8-5959-5A2A-0000-001024F02800}\nParentProcessId: 1308\nParentImage: C:\\Windows\\System32\\cmd.exe\nParentCommandLine: cmd",
          "opcode" : "Info",
          "process_id" : 92,
          "provider_guid" : "{5770385F-C22A-43E0-BF4C-06F5698FFBD9}",
          "record_number" : "5002",
          "source_name" : "Microsoft-Windows-Sysmon",
          "task" : "Process Create (rule: ProcessCreate)",
          "thread_id" : 388,
          "type" : "wineventlog",
          "user" : {
            "domain" : "NT AUTHORITY",
            "identifier" : "S-1-5-18",
            "name" : "SYSTEM",
            "type" : "User"
          },
          "version" : 5
        }
      },
      {
        "_index" : "test",
        "_type" : "wineventlog",
        "_id" : "AWBHnJR82lDISLgezqwK",
        "_score" : 1.0,
        "_source" : {
          "@timestamp" : 1512727604990,
          "@version" : "1",
          "beat" : {
            "hostname" : "WIN-U1E6SADQQ7G",
            "name" : "WIN-U1E6SADQQ7G",
            "version" : "5.6.3"
          },
          "computer_name" : "WIN-U1E6SADQQ7G",
          "event_data" : {
            "CommandLine" : "C:\\Windows\\system32\\DllHost.exe /Processid:{AB8902B4-09CA-4BB6-B78D-A8F59079A8D5}",
            "CurrentDirectory" : "C:\\Windows\\system32\\",
            "Hashes" : "SHA1=635D234B72F097105153A8D24080826E404F9273",
            "Image" : "C:\\Windows\\System32\\dllhost.exe",
            "IntegrityLevel" : "High",
            "LogonGuid" : "{704248D8-4D8D-5A2A-0000-00202D861900}",
            "LogonId" : "0x19862d",
            "ParentCommandLine" : "C:\\Windows\\system32\\svchost.exe -k DcomLaunch",
            "ParentImage" : "C:\\Windows\\System32\\svchost.exe",
            "ParentProcessGuid" : "{704248D8-4A15-5A2A-0000-001080BA0000}",
            "ParentProcessId" : "536",
            "ProcessGuid" : "{704248D8-6434-5A2A-0000-0010B94A4800}",
            "ProcessId" : "3428",
            "TerminalSessionId" : "1",
            "User" : "WIN-U1E6SADQQ7G\\Administrator",
            "UtcTime" : "2017-12-08 10:06:44.990"
          },
          "event_id" : 1,
          "host" : "WIN-U1E6SADQQ7G",
          "level" : "Information",
          "log_name" : "Microsoft-Windows-Sysmon/Operational",
          "message" : "Process Create:\nUtcTime: 2017-12-08 10:06:44.990\nProcessGuid: {704248D8-6434-5A2A-0000-0010B94A4800}\nProcessId: 3428\nImage: C:\\Windows\\System32\\dllhost.exe\nCommandLine: C:\\Windows\\system32\\DllHost.exe /Processid:{AB8902B4-09CA-4BB6-B78D-A8F59079A8D5}\nCurrentDirectory: C:\\Windows\\system32\\\nUser: WIN-U1E6SADQQ7G\\Administrator\nLogonGuid: {704248D8-4D8D-5A2A-0000-00202D861900}\nLogonId: 0x19862D\nTerminalSessionId: 1\nIntegrityLevel: High\nHashes: SHA1=635D234B72F097105153A8D24080826E404F9273\nParentProcessGuid: {704248D8-4A15-5A2A-0000-001080BA0000}\nParentProcessId: 536\nParentImage: C:\\Windows\\System32\\svchost.exe\nParentCommandLine: C:\\Windows\\system32\\svchost.exe -k DcomLaunch",
          "opcode" : "Info",
          "process_id" : 1984,
          "provider_guid" : "{5770385F-C22A-43E0-BF4C-06F5698FFBD9}",
          "record_number" : "5203",
          "source_name" : "Microsoft-Windows-Sysmon",
          "task" : "Process Create (rule: ProcessCreate)",
          "thread_id" : 2576,
          "type" : "wineventlog",
          "user" : {
            "domain" : "NT AUTHORITY",
            "identifier" : "S-1-5-18",
            "name" : "SYSTEM",
            "type" : "User"
          },
          "version" : 5
        }
      },
      {
        "_index" : "test",
        "_type" : "wineventlog",
        "_id" : "AWBHnJR82lDISLgezqwL",
        "_score" : 1.0,
        "_source" : {
          "@timestamp" : 1512727754954,
          "@version" : "1",
          "beat" : {
            "hostname" : "WIN-U1E6SADQQ7G",
            "name" : "WIN-U1E6SADQQ7G",
            "version" : "5.6.3"
          },
          "computer_name" : "WIN-U1E6SADQQ7G",
          "event_data" : {
            "CommandLine" : "C:\\Windows\\system32\\DllHost.exe /Processid:{AB8902B4-09CA-4BB6-B78D-A8F59079A8D5}",
            "CurrentDirectory" : "C:\\Windows\\system32\\",
            "Hashes" : "SHA1=635D234B72F097105153A8D24080826E404F9273",
            "Image" : "C:\\Windows\\System32\\dllhost.exe",
            "IntegrityLevel" : "High",
            "LogonGuid" : "{704248D8-4D8D-5A2A-0000-00202D861900}",
            "LogonId" : "0x19862d",
            "ParentCommandLine" : "C:\\Windows\\system32\\svchost.exe -k DcomLaunch",
            "ParentImage" : "C:\\Windows\\System32\\svchost.exe",
            "ParentProcessGuid" : "{704248D8-4A15-5A2A-0000-001080BA0000}",
            "ParentProcessId" : "536",
            "ProcessGuid" : "{704248D8-64CA-5A2A-0000-0010699F5900}",
            "ProcessId" : "3256",
            "TerminalSessionId" : "1",
            "User" : "WIN-U1E6SADQQ7G\\Administrator",
            "UtcTime" : "2017-12-08 10:09:14.954"
          },
          "event_id" : 1,
          "host" : "WIN-U1E6SADQQ7G",
          "level" : "Information",
          "log_name" : "Microsoft-Windows-Sysmon/Operational",
          "message" : "Process Create:\nUtcTime: 2017-12-08 10:09:14.954\nProcessGuid: {704248D8-64CA-5A2A-0000-0010699F5900}\nProcessId: 3256\nImage: C:\\Windows\\System32\\dllhost.exe\nCommandLine: C:\\Windows\\system32\\DllHost.exe /Processid:{AB8902B4-09CA-4BB6-B78D-A8F59079A8D5}\nCurrentDirectory: C:\\Windows\\system32\\\nUser: WIN-U1E6SADQQ7G\\Administrator\nLogonGuid: {704248D8-4D8D-5A2A-0000-00202D861900}\nLogonId: 0x19862D\nTerminalSessionId: 1\nIntegrityLevel: High\nHashes: SHA1=635D234B72F097105153A8D24080826E404F9273\nParentProcessGuid: {704248D8-4A15-5A2A-0000-001080BA0000}\nParentProcessId: 536\nParentImage: C:\\Windows\\System32\\svchost.exe\nParentCommandLine: C:\\Windows\\system32\\svchost.exe -k DcomLaunch",
          "opcode" : "Info",
          "process_id" : 1984,
          "provider_guid" : "{5770385F-C22A-43E0-BF4C-06F5698FFBD9}",
          "record_number" : "5224",
          "source_name" : "Microsoft-Windows-Sysmon",
          "task" : "Process Create (rule: ProcessCreate)",
          "thread_id" : 2576,
          "type" : "wineventlog",
          "user" : {
            "domain" : "NT AUTHORITY",
            "identifier" : "S-1-5-18",
            "name" : "SYSTEM",
            "type" : "User"
          },
          "version" : 5
        }
      },
      {
        "_index" : "test",
        "_type" : "wineventlog",
        "_id" : "AWBHnJR82lDISLgezqwP",
        "_score" : 1.0,
        "_source" : {
          "@timestamp" : 1512727830443,
          "@version" : "1",
          "beat" : {
            "hostname" : "WIN-U1E6SADQQ7G",
            "name" : "WIN-U1E6SADQQ7G",
            "version" : "5.6.3"
          },
          "computer_name" : "WIN-U1E6SADQQ7G",
          "event_data" : {
            "CommandLine" : "\"C:\\Program Files (x86)\\Google\\Chrome\\Application\\chrome.exe\" --type=renderer --field-trial-handle=1932,6371819761656120254,1539822227267054966,131072 --service-pipe-token=9164865AEB4EC54076C1373032B72144 --lang=en-US --enable-offline-auto-reload --enable-offline-auto-reload-visible-only --blink-settings=disallowFetchForDocWrittenScriptsInMainFrame=false,disallowFetchForDocWrittenScriptsInMainFrameOnSlowConnections=true --enable-pinch --device-scale-factor=1 --num-raster-threads=1 --content-image-texture-target=0,0,3553;0,1,3553;0,2,3553;0,3,3553;0,4,3553;0,5,3553;0,6,3553;0,7,3553;0,8,3553;0,9,3553;0,10,3553;0,11,3553;0,12,3553;0,13,3553;0,14,3553;0,15,3553;0,16,3553;0,17,3553;1,0,3553;1,1,3553;1,2,3553;1,3,3553;1,4,3553;1,5,3553;1,6,3553;1,7,3553;1,8,3553;1,9,3553;1,10,3553;1,11,3553;1,12,3553;1,13,3553;1,14,3553;1,15,3553;1,16,3553;1,17,3553;2,0,3553;2,1,3553;2,2,3553;2,3,3553;2,4,3553;2,5,3553;2,6,3553;2,7,3553;2,8,3553;2,9,3553;2,10,3553;2,11,3553;2,12,3553;2,13,3553;2,14,3553;2,15,3553;2,16,3553;2,17,3553;3,0,3553;3,1,3553;3,2,3553;3,3,3553;3,4,3553;3,5,3553;3,6,3553;3,7,3553;3,8,3553;3,9,3553;3,10,3553;3,11,3553;3,12,3553;3,13,3553;3,14,3553;3,15,3553;3,16,3553;3,17,3553;4,0,3553;4,1,3553;4,2,3553;4,3,3553;4,4,3553;4,5,3553;4,6,3553;4,7,3553;4,8,3553;4,9,3553;4,10,3553;4,11,3553;4,12,3553;4,13,3553;4,14,3553;4,15,3553;4,16,3553;4,17,3553;5,0,3553;5,1,3553;5,2,3553;5,3,3553;5,4,3553;5,5,3553;5,6,3553;5,7,3553;5,8,3553;5,9,3553;5,10,3553;5,11,3553;5,12,3553;5,13,3553;5,14,3553;5,15,3553;5,16,3553;5,17,3553;6,0,3553;6,1,3553;6,2,3553;6,3,3553;6,4,3553;6,5,3553;6,6,3553;6,7,3553;6,8,3553;6,9,3553;6,10,3553;6,11,3553;6,12,3553;6,13,3553;6,14,3553;6,15,3553;6,16,3553;6,17,3553 --disable-accelerated-video-decode --disable-gpu-compositing --enable-gpu-async-worker-context --service-request-channel-token=9164865AEB4EC54076C1373032B72144 --renderer-client-id=18 --mojo-platform-channel-handle=1412 /prefetch:1",
            "CurrentDirectory" : "C:\\Program Files (x86)\\Google\\Chrome\\Application\\62.0.3202.94\\",
            "Hashes" : "SHA1=968EE5DC9BA0B650CB2CFD52591B735AD19B2A5E",
            "Image" : "C:\\Program Files (x86)\\Google\\Chrome\\Application\\chrome.exe",
            "IntegrityLevel" : "Low",
            "LogonGuid" : "{704248D8-4D8D-5A2A-0000-00202D861900}",
            "LogonId" : "0x19862d",
            "ParentCommandLine" : "\"C:\\Program Files (x86)\\Google\\Chrome\\Application\\chrome.exe\" --flag-switches-begin --flag-switches-end",
            "ParentImage" : "C:\\Program Files (x86)\\Google\\Chrome\\Application\\chrome.exe",
            "ParentProcessGuid" : "{704248D8-5014-5A2A-0000-001017712000}",
            "ParentProcessId" : "2524",
            "ProcessGuid" : "{704248D8-6516-5A2A-0000-0010B8475E00}",
            "ProcessId" : "2980",
            "TerminalSessionId" : "1",
            "User" : "WIN-U1E6SADQQ7G\\Administrator",
            "UtcTime" : "2017-12-08 10:10:30.410"
          },
          "event_id" : 1,
          "host" : "WIN-U1E6SADQQ7G",
          "level" : "Information",
          "log_name" : "Microsoft-Windows-Sysmon/Operational",
          "message" : "Process Create:\nUtcTime: 2017-12-08 10:10:30.410\nProcessGuid: {704248D8-6516-5A2A-0000-0010B8475E00}\nProcessId: 2980\nImage: C:\\Program Files (x86)\\Google\\Chrome\\Application\\chrome.exe\nCommandLine: \"C:\\Program Files (x86)\\Google\\Chrome\\Application\\chrome.exe\" --type=renderer --field-trial-handle=1932,6371819761656120254,1539822227267054966,131072 --service-pipe-token=9164865AEB4EC54076C1373032B72144 --lang=en-US --enable-offline-auto-reload --enable-offline-auto-reload-visible-only --blink-settings=disallowFetchForDocWrittenScriptsInMainFrame=false,disallowFetchForDocWrittenScriptsInMainFrameOnSlowConnections=true --enable-pinch --device-scale-factor=1 --num-raster-threads=1 --content-image-texture-target=0,0,3553;0,1,3553;0,2,3553;0,3,3553;0,4,3553;0,5,3553;0,6,3553;0,7,3553;0,8,3553;0,9,3553;0,10,3553;0,11,3553;0,12,3553;0,13,3553;0,14,3553;0,15,3553;0,16,3553;0,17,3553;1,0,3553;1,1,3553;1,2,3553;1,3,3553;1,4,3553;1,5,3553;1,6,3553;1,7,3553;1,8,3553;1,9,3553;1,10,3553;1,11,3553;1,12,3553;1,13,3553;1,14,3553;1,15,3553;1,16,3553;1,17,3553;2,0,3553;2,1,3553;2,2,3553;2,3,3553;2,4,3553;2,5,3553;2,6,3553;2,7,3553;2,8,3553;2,9,3553;2,10,3553;2,11,3553;2,12,3553;2,13,3553;2,14,3553;2,15,3553;2,16,3553;2,17,3553;3,0,3553;3,1,3553;3,2,3553;3,3,3553;3,4,3553;3,5,3553;3,6,3553;3,7,3553;3,8,3553;3,9,3553;3,10,3553;3,11,3553;3,12,3553;3,13,3553;3,14,3553;3,15,3553;3,16,3553;3,17,3553;4,0,3553;4,1,3553;4,2,3553;4,3,3553;4,4,3553;4,5,3553;4,6,3553;4,7,3553;4,8,3553;4,9,3553;4,10,3553;4,11,3553;4,12,3553;4,13,3553;4,14,3553;4,15,3553;4,16,3553;4,17,3553;5,0,3553;5,1,3553;5,2,3553;5,3,3553;5,4,3553;5,5,3553;5,6,3553;5,7,3553;5,8,3553;5,9,3553;5,10,3553;5,11,3553;5,12,3553;5,13,3553;5,14,3553;5,15,3553;5,16,3553;5,17,3553;6,0,3553;6,1,3553;6,2,3553;6,3,3553;6,4,3553;6,5,3553;6,6,3553;6,7,3553;6,8,3553;6,9,3553;6,10,3553;6,11,3553;6,12,3553;6,13,3553;6,14,3553;6,15,3553;6,16,3553;6,17,3553 --disable-accelerated-video-decode --disable-gpu-compositing --enable-gpu-async-worker-context --service-request-channel-token=9164865AEB4EC54076C1373032B72144 --renderer-client-id=18 --mojo-platform-channel-handle=1412 /prefetch:1\nCurrentDirectory: C:\\Program Files (x86)\\Google\\Chrome\\Application\\62.0.3202.94\\\nUser: WIN-U1E6SADQQ7G\\Administrator\nLogonGuid: {704248D8-4D8D-5A2A-0000-00202D861900}\nLogonId: 0x19862D\nTerminalSessionId: 1\nIntegrityLevel: Low\nHashes: SHA1=968EE5DC9BA0B650CB2CFD52591B735AD19B2A5E\nParentProcessGuid: {704248D8-5014-5A2A-0000-001017712000}\nParentProcessId: 2524\nParentImage: C:\\Program Files (x86)\\Google\\Chrome\\Application\\chrome.exe\nParentCommandLine: \"C:\\Program Files (x86)\\Google\\Chrome\\Application\\chrome.exe\" --flag-switches-begin --flag-switches-end",
          "opcode" : "Info",
          "process_id" : 1984,
          "provider_guid" : "{5770385F-C22A-43E0-BF4C-06F5698FFBD9}",
          "record_number" : "5270",
          "source_name" : "Microsoft-Windows-Sysmon",
          "task" : "Process Create (rule: ProcessCreate)",
          "thread_id" : 2576,
          "type" : "wineventlog",
          "user" : {
            "domain" : "NT AUTHORITY",
            "identifier" : "S-1-5-18",
            "name" : "SYSTEM",
            "type" : "User"
          },
          "version" : 5
        }
      },
