      {
        "_index" : "test",
        "_type" : "wineventlog",
        "_id" : "AWBHnKR02lDISLgezq_0",
        "_score" : 1.0,
        "_source" : {
          "@timestamp" : 1512728150355,
          "@version" : "1",
          "beat" : {
            "hostname" : "WIN-U1E6SADQQ7G",
            "name" : "WIN-U1E6SADQQ7G",
            "version" : "5.6.3"
          },
          "computer_name" : "WIN-U1E6SADQQ7G",
          "event_data" : {
            "CommandLine" : "7z",
            "CurrentDirectory" : "C:\\Users\\Administrator\\",
            "Hashes" : "SHA1=B0973B9290818A986C4DEF29DA3B9E2FCFAC601E",
            "Image" : "C:\\Program Files\\7-Zip\\7z.exe",
            "IntegrityLevel" : "High",
            "LogonGuid" : "{704248D8-4D8D-5A2A-0000-00202D861900}",
            "LogonId" : "0x19862d",
            "ParentCommandLine" : "\"C:\\Windows\\system32\\cmd.exe\" ",
            "ParentImage" : "C:\\Windows\\System32\\cmd.exe",
            "ParentProcessGuid" : "{704248D8-658E-5A2A-0000-0010BAFF6900}",
            "ParentProcessId" : "1520",
            "ProcessGuid" : "{704248D8-6656-5A2A-0000-001036A06E00}",
            "ProcessId" : "3232",
            "TerminalSessionId" : "1",
            "User" : "WIN-U1E6SADQQ7G\\Administrator",
            "UtcTime" : "2017-12-08 10:15:50.351"
          },
          "event_id" : 1,
          "host" : "WIN-U1E6SADQQ7G",
          "level" : "Information",
          "log_name" : "Microsoft-Windows-Sysmon/Operational",
          "message" : "Process Create:\nUtcTime: 2017-12-08 10:15:50.351\nProcessGuid: {704248D8-6656-5A2A-0000-001036A06E00}\nProcessId: 3232\nImage: C:\\Program Files\\7-Zip\\7z.exe\nCommandLine: 7z\nCurrentDirectory: C:\\Users\\Administrator\\\nUser: WIN-U1E6SADQQ7G\\Administrator\nLogonGuid: {704248D8-4D8D-5A2A-0000-00202D861900}\nLogonId: 0x19862D\nTerminalSessionId: 1\nIntegrityLevel: High\nHashes: SHA1=B0973B9290818A986C4DEF29DA3B9E2FCFAC601E\nParentProcessGuid: {704248D8-658E-5A2A-0000-0010BAFF6900}\nParentProcessId: 1520\nParentImage: C:\\Windows\\System32\\cmd.exe\nParentCommandLine: \"C:\\Windows\\system32\\cmd.exe\" ",
          "opcode" : "Info",
          "process_id" : 1984,
          "provider_guid" : "{5770385F-C22A-43E0-BF4C-06F5698FFBD9}",
          "record_number" : "5355",
          "source_name" : "Microsoft-Windows-Sysmon",
          "task" : "Process Create (rule: ProcessCreate)",
          "thread_id" : 2576,
          "type" : "wineventlog",
          "user" : {
            "domain" : "NT AUTHORITY",
            "identifier" : "S-1-5-18",
            "name" : "SYSTEM",
            "type" : "User"
          },
          "version" : 5
        }
      },
      {
        "_index" : "test",
        "_type" : "wineventlog",
        "_id" : "AWBHnKR02lDISLgezq_7",
        "_score" : 1.0,
        "_source" : {
          "@timestamp" : 1512729121758,
          "@version" : "1",
          "beat" : {
            "hostname" : "WIN-U1E6SADQQ7G",
            "name" : "WIN-U1E6SADQQ7G",
            "version" : "5.6.3"
          },
          "computer_name" : "WIN-U1E6SADQQ7G",
          "event_data" : {
            "Image" : "C:\\Windows\\System32\\wbem\\WmiPrvSE.exe",
            "ProcessGuid" : "{704248D8-69B8-5A2A-0000-0010A39A7200}",
            "ProcessId" : "3780",
            "UtcTime" : "2017-12-08 10:32:01.758"
          },
          "event_id" : 5,
          "host" : "WIN-U1E6SADQQ7G",
          "level" : "Information",
          "log_name" : "Microsoft-Windows-Sysmon/Operational",
          "message" : "Process terminated:\nUtcTime: 2017-12-08 10:32:01.758\nProcessGuid: {704248D8-69B8-5A2A-0000-0010A39A7200}\nProcessId: 3780\nImage: C:\\Windows\\System32\\wbem\\WmiPrvSE.exe",
          "opcode" : "Info",
          "process_id" : 1984,
          "provider_guid" : "{5770385F-C22A-43E0-BF4C-06F5698FFBD9}",
          "record_number" : "5398",
          "source_name" : "Microsoft-Windows-Sysmon",
          "task" : "Process terminated (rule: ProcessTerminate)",
          "thread_id" : 2576,
          "type" : "wineventlog",
          "user" : {
            "domain" : "NT AUTHORITY",
            "identifier" : "S-1-5-18",
            "name" : "SYSTEM",
            "type" : "User"
          },
          "version" : 3
        }
      },
      {
        "_index" : "test",
        "_type" : "wineventlog",
        "_id" : "AWBHnKR02lDISLgezrAD",
        "_score" : 1.0,
        "_source" : {
          "@timestamp" : 1512729949186,
          "@version" : "1",
          "beat" : {
            "hostname" : "WIN-U1E6SADQQ7G",
            "name" : "WIN-U1E6SADQQ7G",
            "version" : "5.6.3"
          },
          "computer_name" : "WIN-U1E6SADQQ7G",
          "event_data" : {
            "Image" : "C:\\Windows\\System32\\WindowsPowerShell\\v1.0\\powershell.exe",
            "ProcessGuid" : "{704248D8-6564-5A2A-0000-001033096600}",
            "ProcessId" : "3692",
            "UtcTime" : "2017-12-08 10:45:49.186"
          },
          "event_id" : 5,
          "host" : "WIN-U1E6SADQQ7G",
          "level" : "Information",
          "log_name" : "Microsoft-Windows-Sysmon/Operational",
          "message" : "Process terminated:\nUtcTime: 2017-12-08 10:45:49.186\nProcessGuid: {704248D8-6564-5A2A-0000-001033096600}\nProcessId: 3692\nImage: C:\\Windows\\System32\\WindowsPowerShell\\v1.0\\powershell.exe",
          "opcode" : "Info",
          "process_id" : 1984,
          "provider_guid" : "{5770385F-C22A-43E0-BF4C-06F5698FFBD9}",
          "record_number" : "5447",
          "source_name" : "Microsoft-Windows-Sysmon",
          "task" : "Process terminated (rule: ProcessTerminate)",
          "thread_id" : 2576,
          "type" : "wineventlog",
          "user" : {
            "domain" : "NT AUTHORITY",
            "identifier" : "S-1-5-18",
            "name" : "SYSTEM",
            "type" : "User"
          },
          "version" : 3
        }
      },
      {
        "_index" : "test",
        "_type" : "wineventlog",
        "_id" : "AWBHnKR02lDISLgezrAJ",
        "_score" : 1.0,
        "_source" : {
          "@timestamp" : 1512730009766,
          "@version" : "1",
          "beat" : {
            "hostname" : "WIN-U1E6SADQQ7G",
            "name" : "WIN-U1E6SADQQ7G",
            "version" : "5.6.3"
          },
          "computer_name" : "WIN-U1E6SADQQ7G",
          "event_data" : {
            "CommandLine" : "\\??\\C:\\Windows\\system32\\autochk.exe /q /v *",
            "CurrentDirectory" : "C:\\Windows\\system32\\",
            "Hashes" : "SHA1=B80DEFCE4D019832BF018E41D6C43BDC679CA9E5",
            "Image" : "C:\\Windows\\System32\\autochk.exe",
            "IntegrityLevel" : "System",
            "LogonGuid" : "{704248D8-6D75-5A2A-0000-0020E7030000}",
            "LogonId" : "0x3e7",
            "ParentCommandLine" : "\\SystemRoot\\System32\\smss.exe",
            "ParentImage" : "C:\\Windows\\System32\\smss.exe",
            "ParentProcessGuid" : "{704248D8-6D70-5A2A-0000-0010DF770000}",
            "ParentProcessId" : "224",
            "ProcessGuid" : "{704248D8-6D72-5A2A-0000-0010798C0000}",
            "ProcessId" : "252",
            "TerminalSessionId" : "0",
            "User" : "NT AUTHORITY\\SYSTEM",
            "UtcTime" : "2017-12-08 10:46:10.015"
          },
          "event_id" : 1,
          "host" : "WIN-U1E6SADQQ7G",
          "level" : "Information",
          "log_name" : "Microsoft-Windows-Sysmon/Operational",
          "message" : "Process Create:\nUtcTime: 2017-12-08 10:46:10.015\nProcessGuid: {704248D8-6D72-5A2A-0000-0010798C0000}\nProcessId: 252\nImage: C:\\Windows\\System32\\autochk.exe\nCommandLine: \\??\\C:\\Windows\\system32\\autochk.exe /q /v *\nCurrentDirectory: C:\\Windows\\system32\\\nUser: NT AUTHORITY\\SYSTEM\nLogonGuid: {704248D8-6D75-5A2A-0000-0020E7030000}\nLogonId: 0x3E7\nTerminalSessionId: 0\nIntegrityLevel: System\nHashes: SHA1=B80DEFCE4D019832BF018E41D6C43BDC679CA9E5\nParentProcessGuid: {704248D8-6D70-5A2A-0000-0010DF770000}\nParentProcessId: 224\nParentImage: C:\\Windows\\System32\\smss.exe\nParentCommandLine: \\SystemRoot\\System32\\smss.exe",
          "opcode" : "Info",
          "process_id" : 1328,
          "provider_guid" : "{5770385F-C22A-43E0-BF4C-06F5698FFBD9}",
          "record_number" : "5487",
          "source_name" : "Microsoft-Windows-Sysmon",
          "task" : "Process Create (rule: ProcessCreate)",
          "thread_id" : 1960,
          "type" : "wineventlog",
          "user" : {
            "domain" : "NT AUTHORITY",
            "identifier" : "S-1-5-18",
            "name" : "SYSTEM",
            "type" : "User"
          },
          "version" : 5
        }
      },
      {
        "_index" : "test",
        "_type" : "wineventlog",
        "_id" : "AWBHnKR02lDISLgezrAP",
        "_score" : 1.0,
        "_source" : {
          "@timestamp" : 1512730009858,
          "@version" : "1",
          "beat" : {
            "hostname" : "WIN-U1E6SADQQ7G",
            "name" : "WIN-U1E6SADQQ7G",
            "version" : "5.6.3"
          },
          "computer_name" : "WIN-U1E6SADQQ7G",
          "event_data" : {
            "CommandLine" : "\"C:\\Users\\Administrator\\Documents\\Beats\\packetbeat-5.4.1-windows-x86_64\\\\packetbeat.exe\" -c \"C:\\Users\\Administrator\\Documents\\Beats\\packetbeat-5.4.1-windows-x86_64\\\\packetbeat.yml\" -path.home \"C:\\Users\\Administrator\\Documents\\Beats\\packetbeat-5.4.1-windows-x86_64\" -path.data \"C:\\\\ProgramData\\\\packetbeat\"",
            "CurrentDirectory" : "C:\\Windows\\system32\\",
            "Hashes" : "SHA1=BAD556EFFFF99740CBE7D7DCF808BE8777E0FB5C",
            "Image" : "C:\\Users\\Administrator\\Documents\\Beats\\packetbeat-5.4.1-windows-x86_64\\packetbeat.exe",
            "IntegrityLevel" : "System",
            "LogonGuid" : "{704248D8-6D75-5A2A-0000-0020E7030000}",
            "LogonId" : "0x3e7",
            "ParentCommandLine" : "C:\\Windows\\system32\\services.exe",
            "ParentImage" : "C:\\Windows\\System32\\services.exe",
            "ParentProcessGuid" : "{704248D8-6D75-5A2A-0000-001080A70000}",
            "ParentProcessId" : "468",
            "ProcessGuid" : "{704248D8-6D97-5A2A-0000-0010E6BC0100}",
            "ProcessId" : "1260",
            "TerminalSessionId" : "0",
            "User" : "NT AUTHORITY\\SYSTEM",
            "UtcTime" : "2017-12-08 10:46:47.009"
          },
          "event_id" : 1,
          "host" : "WIN-U1E6SADQQ7G",
          "level" : "Information",
          "log_name" : "Microsoft-Windows-Sysmon/Operational",
          "message" : "Process Create:\nUtcTime: 2017-12-08 10:46:47.009\nProcessGuid: {704248D8-6D97-5A2A-0000-0010E6BC0100}\nProcessId: 1260\nImage: C:\\Users\\Administrator\\Documents\\Beats\\packetbeat-5.4.1-windows-x86_64\\packetbeat.exe\nCommandLine: \"C:\\Users\\Administrator\\Documents\\Beats\\packetbeat-5.4.1-windows-x86_64\\\\packetbeat.exe\" -c \"C:\\Users\\Administrator\\Documents\\Beats\\packetbeat-5.4.1-windows-x86_64\\\\packetbeat.yml\" -path.home \"C:\\Users\\Administrator\\Documents\\Beats\\packetbeat-5.4.1-windows-x86_64\" -path.data \"C:\\\\ProgramData\\\\packetbeat\"\nCurrentDirectory: C:\\Windows\\system32\\\nUser: NT AUTHORITY\\SYSTEM\nLogonGuid: {704248D8-6D75-5A2A-0000-0020E7030000}\nLogonId: 0x3E7\nTerminalSessionId: 0\nIntegrityLevel: System\nHashes: SHA1=BAD556EFFFF99740CBE7D7DCF808BE8777E0FB5C\nParentProcessGuid: {704248D8-6D75-5A2A-0000-001080A70000}\nParentProcessId: 468\nParentImage: C:\\Windows\\System32\\services.exe\nParentCommandLine: C:\\Windows\\system32\\services.exe",
          "opcode" : "Info",
          "process_id" : 1328,
          "provider_guid" : "{5770385F-C22A-43E0-BF4C-06F5698FFBD9}",
          "record_number" : "5524",
          "source_name" : "Microsoft-Windows-Sysmon",
          "task" : "Process Create (rule: ProcessCreate)",
          "thread_id" : 1960,
          "type" : "wineventlog",
          "user" : {
            "domain" : "NT AUTHORITY",
            "identifier" : "S-1-5-18",
            "name" : "SYSTEM",
            "type" : "User"
          },
          "version" : 5
        }
      },
      {
        "_index" : "test",
        "_type" : "wineventlog",
        "_id" : "AWBHnKR02lDISLgezrAX",
        "_score" : 1.0,
        "_source" : {
          "@timestamp" : 1512730010662,
          "@version" : "1",
          "beat" : {
            "hostname" : "WIN-U1E6SADQQ7G",
            "name" : "WIN-U1E6SADQQ7G",
            "version" : "5.6.3"
          },
          "computer_name" : "WIN-U1E6SADQQ7G",
          "event_data" : {
            "Hashes" : "SHA1=3EC27128F71A894E641C2A0DDD009F6EBF62618D",
            "ImageLoaded" : "C:\\Windows\\System32\\drivers\\npsvctrig.sys",
            "Signature" : "Microsoft Windows",
            "SignatureStatus" : "Valid",
            "Signed" : "true",
            "UtcTime" : "2017-12-08 10:46:08.811"
          },
          "event_id" : 6,
          "host" : "WIN-U1E6SADQQ7G",
          "level" : "Information",
          "log_name" : "Microsoft-Windows-Sysmon/Operational",
          "message" : "Driver loaded:\nUtcTime: 2017-12-08 10:46:08.811\nImageLoaded: C:\\Windows\\System32\\drivers\\npsvctrig.sys\nHashes: SHA1=3EC27128F71A894E641C2A0DDD009F6EBF62618D\nSigned: true\nSignature: Microsoft Windows\nSignatureStatus: Valid",
          "opcode" : "Info",
          "process_id" : 1328,
          "provider_guid" : "{5770385F-C22A-43E0-BF4C-06F5698FFBD9}",
          "record_number" : "5562",
          "source_name" : "Microsoft-Windows-Sysmon",
          "task" : "Driver loaded (rule: DriverLoad)",
          "thread_id" : 1980,
          "type" : "wineventlog",
          "user" : {
            "domain" : "NT AUTHORITY",
            "identifier" : "S-1-5-18",
            "name" : "SYSTEM",
            "type" : "User"
          },
          "version" : 3
        }
      },
      {
        "_index" : "test",
        "_type" : "wineventlog",
        "_id" : "AWBHnKR02lDISLgezrAY",
        "_score" : 1.0,
        "_source" : {
          "@timestamp" : 1512730010713,
          "@version" : "1",
          "beat" : {
            "hostname" : "WIN-U1E6SADQQ7G",
            "name" : "WIN-U1E6SADQQ7G",
            "version" : "5.6.3"
          },
          "computer_name" : "WIN-U1E6SADQQ7G",
          "event_data" : {
            "Hashes" : "SHA1=184BDBD789543AB7D4E31C54957B9CD972ABC9DB",
            "ImageLoaded" : "C:\\Windows\\System32\\drivers\\ndiswan.sys",
            "Signature" : "Microsoft Windows",
            "SignatureStatus" : "Valid",
            "Signed" : "true",
            "UtcTime" : "2017-12-08 10:46:08.842"
          },
          "event_id" : 6,
          "host" : "WIN-U1E6SADQQ7G",
          "level" : "Information",
          "log_name" : "Microsoft-Windows-Sysmon/Operational",
          "message" : "Driver loaded:\nUtcTime: 2017-12-08 10:46:08.842\nImageLoaded: C:\\Windows\\System32\\drivers\\ndiswan.sys\nHashes: SHA1=184BDBD789543AB7D4E31C54957B9CD972ABC9DB\nSigned: true\nSignature: Microsoft Windows\nSignatureStatus: Valid",
          "opcode" : "Info",
          "process_id" : 1328,
          "provider_guid" : "{5770385F-C22A-43E0-BF4C-06F5698FFBD9}",
          "record_number" : "5567",
          "source_name" : "Microsoft-Windows-Sysmon",
          "task" : "Driver loaded (rule: DriverLoad)",
          "thread_id" : 1980,
          "type" : "wineventlog",
          "user" : {
            "domain" : "NT AUTHORITY",
            "identifier" : "S-1-5-18",
            "name" : "SYSTEM",
            "type" : "User"
          },
          "version" : 3
        }
      },
      {
        "_index" : "test",
        "_type" : "wineventlog",
        "_id" : "AWBHnKR02lDISLgezrAc",
        "_score" : 1.0,
        "_source" : {
          "@timestamp" : 1512730010894,
          "@version" : "1",
          "beat" : {
            "hostname" : "WIN-U1E6SADQQ7G",
            "name" : "WIN-U1E6SADQQ7G",
            "version" : "5.6.3"
          },
          "computer_name" : "WIN-U1E6SADQQ7G",
          "event_data" : {
            "Hashes" : "SHA1=E8907A4BD7B6689C6DFDA322E46DD03D77EDC020",
            "ImageLoaded" : "C:\\Windows\\System32\\drivers\\usbehci.sys",
            "Signature" : "Microsoft Windows",
            "SignatureStatus" : "Valid",
            "Signed" : "true",
            "UtcTime" : "2017-12-08 10:46:08.998"
          },
          "event_id" : 6,
          "host" : "WIN-U1E6SADQQ7G",
          "level" : "Information",
          "log_name" : "Microsoft-Windows-Sysmon/Operational",
          "message" : "Driver loaded:\nUtcTime: 2017-12-08 10:46:08.998\nImageLoaded: C:\\Windows\\System32\\drivers\\usbehci.sys\nHashes: SHA1=E8907A4BD7B6689C6DFDA322E46DD03D77EDC020\nSigned: true\nSignature: Microsoft Windows\nSignatureStatus: Valid",
          "opcode" : "Info",
          "process_id" : 1328,
          "provider_guid" : "{5770385F-C22A-43E0-BF4C-06F5698FFBD9}",
          "record_number" : "5583",
          "source_name" : "Microsoft-Windows-Sysmon",
          "task" : "Driver loaded (rule: DriverLoad)",
          "thread_id" : 1980,
          "type" : "wineventlog",
          "user" : {
            "domain" : "NT AUTHORITY",
            "identifier" : "S-1-5-18",
            "name" : "SYSTEM",
            "type" : "User"
          },
          "version" : 3
        }
      },
      {
        "_index" : "test",
        "_type" : "wineventlog",
        "_id" : "AWBHnKR02lDISLgezrAe",
        "_score" : 1.0,
        "_source" : {
          "@timestamp" : 1512730011040,
          "@version" : "1",
          "beat" : {
            "hostname" : "WIN-U1E6SADQQ7G",
            "name" : "WIN-U1E6SADQQ7G",
            "version" : "5.6.3"
          },
          "computer_name" : "WIN-U1E6SADQQ7G",
          "event_data" : {
            "Hashes" : "SHA1=BDEE78F43719D8801FE8360793EF88EF7356D1B6",
            "ImageLoaded" : "C:\\Windows\\System32\\drivers\\battc.sys",
            "Signature" : "Microsoft Windows",
            "SignatureStatus" : "Valid",
            "Signed" : "true",
            "UtcTime" : "2017-12-08 10:46:09.077"
          },
          "event_id" : 6,
          "host" : "WIN-U1E6SADQQ7G",
          "level" : "Information",
          "log_name" : "Microsoft-Windows-Sysmon/Operational",
          "message" : "Driver loaded:\nUtcTime: 2017-12-08 10:46:09.077\nImageLoaded: C:\\Windows\\System32\\drivers\\battc.sys\nHashes: SHA1=BDEE78F43719D8801FE8360793EF88EF7356D1B6\nSigned: true\nSignature: Microsoft Windows\nSignatureStatus: Valid",
          "opcode" : "Info",
          "process_id" : 1328,
          "provider_guid" : "{5770385F-C22A-43E0-BF4C-06F5698FFBD9}",
          "record_number" : "5589",
          "source_name" : "Microsoft-Windows-Sysmon",
          "task" : "Driver loaded (rule: DriverLoad)",
          "thread_id" : 1980,
          "type" : "wineventlog",
          "user" : {
            "domain" : "NT AUTHORITY",
            "identifier" : "S-1-5-18",
            "name" : "SYSTEM",
            "type" : "User"
          },
          "version" : 3
        }
      },
      {
        "_index" : "test",
        "_type" : "wineventlog",
        "_id" : "AWBHnKR02lDISLgezrAk",
        "_score" : 1.0,
        "_source" : {
          "@timestamp" : 1512730011467,
          "@version" : "1",
          "beat" : {
            "hostname" : "WIN-U1E6SADQQ7G",
            "name" : "WIN-U1E6SADQQ7G",
            "version" : "5.6.3"
          },
          "computer_name" : "WIN-U1E6SADQQ7G",
          "event_data" : {
            "Hashes" : "SHA1=1DE265E0AC48AF39EBF903B89A07FAF217F61298",
            "ImageLoaded" : "C:\\Windows\\System32\\drivers\\mouhid.sys",
            "Signature" : "Microsoft Windows",
            "SignatureStatus" : "Valid",
            "Signed" : "true",
            "UtcTime" : "2017-12-08 10:46:10.213"
          },
          "event_id" : 6,
          "host" : "WIN-U1E6SADQQ7G",
          "level" : "Information",
          "log_name" : "Microsoft-Windows-Sysmon/Operational",
          "message" : "Driver loaded:\nUtcTime: 2017-12-08 10:46:10.213\nImageLoaded: C:\\Windows\\System32\\drivers\\mouhid.sys\nHashes: SHA1=1DE265E0AC48AF39EBF903B89A07FAF217F61298\nSigned: true\nSignature: Microsoft Windows\nSignatureStatus: Valid",
          "opcode" : "Info",
          "process_id" : 1328,
          "provider_guid" : "{5770385F-C22A-43E0-BF4C-06F5698FFBD9}",
          "record_number" : "5613",
          "source_name" : "Microsoft-Windows-Sysmon",
          "task" : "Driver loaded (rule: DriverLoad)",
          "thread_id" : 1980,
          "type" : "wineventlog",
          "user" : {
            "domain" : "NT AUTHORITY",
            "identifier" : "S-1-5-18",
            "name" : "SYSTEM",
            "type" : "User"
          },
          "version" : 3
        }
      },
      {
        "_index" : "test",
        "_type" : "wineventlog",
        "_id" : "AWBHnKR02lDISLgezrAq",
        "_score" : 1.0,
        "_source" : {
          "@timestamp" : 1512730011602,
          "@version" : "1",
          "beat" : {
            "hostname" : "WIN-U1E6SADQQ7G",
            "name" : "WIN-U1E6SADQQ7G",
            "version" : "5.6.3"
          },
          "computer_name" : "WIN-U1E6SADQQ7G",
          "event_data" : {
            "Hashes" : "SHA1=4EB5A38AF7A16387E036BE7E4F0D1800E9735CFA",
            "ImageLoaded" : "C:\\Windows\\System32\\drivers\\mpsdrv.sys",
            "Signature" : "Microsoft Windows",
            "SignatureStatus" : "Valid",
            "Signed" : "true",
            "UtcTime" : "2017-12-08 10:46:15.616"
          },
          "event_id" : 6,
          "host" : "WIN-U1E6SADQQ7G",
          "level" : "Information",
          "log_name" : "Microsoft-Windows-Sysmon/Operational",
          "message" : "Driver loaded:\nUtcTime: 2017-12-08 10:46:15.616\nImageLoaded: C:\\Windows\\System32\\drivers\\mpsdrv.sys\nHashes: SHA1=4EB5A38AF7A16387E036BE7E4F0D1800E9735CFA\nSigned: true\nSignature: Microsoft Windows\nSignatureStatus: Valid",
          "opcode" : "Info",
          "process_id" : 1328,
          "provider_guid" : "{5770385F-C22A-43E0-BF4C-06F5698FFBD9}",
          "record_number" : "5626",
          "source_name" : "Microsoft-Windows-Sysmon",
          "task" : "Driver loaded (rule: DriverLoad)",
          "thread_id" : 1980,
          "type" : "wineventlog",
          "user" : {
            "domain" : "NT AUTHORITY",
            "identifier" : "S-1-5-18",
            "name" : "SYSTEM",
            "type" : "User"
          },
          "version" : 3
        }
      },
      {
        "_index" : "test",
        "_type" : "wineventlog",
        "_id" : "AWBHnKR02lDISLgezrA0",
        "_score" : 1.0,
        "_source" : {
          "@timestamp" : 1512730033548,
          "@version" : "1",
          "beat" : {
            "hostname" : "WIN-U1E6SADQQ7G",
            "name" : "WIN-U1E6SADQQ7G",
            "version" : "5.6.3"
          },
          "computer_name" : "WIN-U1E6SADQQ7G",
          "event_data" : {
            "Image" : "C:\\Windows\\System32\\ServerManagerLauncher.exe",
            "ProcessGuid" : "{704248D8-6DAE-5A2A-0000-0010472F0400}",
            "ProcessId" : "2644",
            "UtcTime" : "2017-12-08 10:47:13.548"
          },
          "event_id" : 5,
          "host" : "WIN-U1E6SADQQ7G",
          "level" : "Information",
          "log_name" : "Microsoft-Windows-Sysmon/Operational",
          "message" : "Process terminated:\nUtcTime: 2017-12-08 10:47:13.548\nProcessGuid: {704248D8-6DAE-5A2A-0000-0010472F0400}\nProcessId: 2644\nImage: C:\\Windows\\System32\\ServerManagerLauncher.exe",
          "opcode" : "Info",
          "process_id" : 1328,
          "provider_guid" : "{5770385F-C22A-43E0-BF4C-06F5698FFBD9}",
          "record_number" : "5676",
          "source_name" : "Microsoft-Windows-Sysmon",
          "task" : "Process terminated (rule: ProcessTerminate)",
          "thread_id" : 1960,
          "type" : "wineventlog",
          "user" : {
            "domain" : "NT AUTHORITY",
            "identifier" : "S-1-5-18",
            "name" : "SYSTEM",
            "type" : "User"
          },
          "version" : 3
        }
      },
      {
        "_index" : "test",
        "_type" : "wineventlog",
        "_id" : "AWBHnKR02lDISLgezrA1",
        "_score" : 1.0,
        "_source" : {
          "@timestamp" : 1512730033676,
          "@version" : "1",
          "beat" : {
            "hostname" : "WIN-U1E6SADQQ7G",
            "name" : "WIN-U1E6SADQQ7G",
            "version" : "5.6.3"
          },
          "computer_name" : "WIN-U1E6SADQQ7G",
          "event_data" : {
            "CommandLine" : "C:\\Windows\\SysWOW64\\DllHost.exe /Processid:{06622D85-6856-4460-8DE1-A81921B41C4B}",
            "CurrentDirectory" : "C:\\Windows\\system32\\",
            "Hashes" : "SHA1=2BB3A1C63CC3B09AE7C8AD45FF2F437CAD4B7A97",
            "Image" : "C:\\Windows\\SysWOW64\\dllhost.exe",
            "IntegrityLevel" : "High",
            "LogonGuid" : "{704248D8-6DAE-5A2A-0000-002018250400}",
            "LogonId" : "0x42518",
            "ParentCommandLine" : "C:\\Windows\\system32\\svchost.exe -k DcomLaunch",
            "ParentImage" : "C:\\Windows\\System32\\svchost.exe",
            "ParentProcessGuid" : "{704248D8-6D75-5A2A-0000-0010BCB80000}",
            "ParentProcessId" : "532",
            "ProcessGuid" : "{704248D8-6DB1-5A2A-0000-001066990400}",
            "ProcessId" : "1512",
            "TerminalSessionId" : "1",
            "User" : "WIN-U1E6SADQQ7G\\Administrator",
            "UtcTime" : "2017-12-08 10:47:13.675"
          },
          "event_id" : 1,
          "host" : "WIN-U1E6SADQQ7G",
          "level" : "Information",
          "log_name" : "Microsoft-Windows-Sysmon/Operational",
          "message" : "Process Create:\nUtcTime: 2017-12-08 10:47:13.675\nProcessGuid: {704248D8-6DB1-5A2A-0000-001066990400}\nProcessId: 1512\nImage: C:\\Windows\\SysWOW64\\dllhost.exe\nCommandLine: C:\\Windows\\SysWOW64\\DllHost.exe /Processid:{06622D85-6856-4460-8DE1-A81921B41C4B}\nCurrentDirectory: C:\\Windows\\system32\\\nUser: WIN-U1E6SADQQ7G\\Administrator\nLogonGuid: {704248D8-6DAE-5A2A-0000-002018250400}\nLogonId: 0x42518\nTerminalSessionId: 1\nIntegrityLevel: High\nHashes: SHA1=2BB3A1C63CC3B09AE7C8AD45FF2F437CAD4B7A97\nParentProcessGuid: {704248D8-6D75-5A2A-0000-0010BCB80000}\nParentProcessId: 532\nParentImage: C:\\Windows\\System32\\svchost.exe\nParentCommandLine: C:\\Windows\\system32\\svchost.exe -k DcomLaunch",
          "opcode" : "Info",
          "process_id" : 1328,
          "provider_guid" : "{5770385F-C22A-43E0-BF4C-06F5698FFBD9}",
          "record_number" : "5677",
          "source_name" : "Microsoft-Windows-Sysmon",
          "task" : "Process Create (rule: ProcessCreate)",
          "thread_id" : 1960,
          "type" : "wineventlog",
          "user" : {
            "domain" : "NT AUTHORITY",
            "identifier" : "S-1-5-18",
            "name" : "SYSTEM",
            "type" : "User"
          },
          "version" : 5
        }
      },
      {
        "_index" : "test",
        "_type" : "wineventlog",
        "_id" : "AWBHnKR02lDISLgezrA4",
        "_score" : 1.0,
        "_source" : {
          "@timestamp" : 1512730037652,
          "@version" : "1",
          "beat" : {
            "hostname" : "WIN-U1E6SADQQ7G",
            "name" : "WIN-U1E6SADQQ7G",
            "version" : "5.6.3"
          },
          "computer_name" : "WIN-U1E6SADQQ7G",
          "event_data" : {
            "CommandLine" : "\"C:\\Program Files (x86)\\Google\\Update\\1.3.33.7\\GoogleCrashHandler64.exe\"",
            "CurrentDirectory" : "C:\\Program Files (x86)\\Google\\Update\\1.3.33.7\\",
            "Hashes" : "SHA1=B4062055EAFAA66E466F1932782DDE32E85EC395",
            "Image" : "C:\\Program Files (x86)\\Google\\Update\\1.3.33.7\\GoogleCrashHandler64.exe",
            "IntegrityLevel" : "System",
            "LogonGuid" : "{704248D8-6D75-5A2A-0000-0020E7030000}",
            "LogonId" : "0x3e7",
            "ParentCommandLine" : "\"C:\\Program Files (x86)\\Google\\Update\\GoogleUpdate.exe\" /c",
            "ParentImage" : "C:\\Program Files (x86)\\Google\\Update\\GoogleUpdate.exe",
            "ParentProcessGuid" : "{704248D8-6DAE-5A2A-0000-00100A2D0400}",
            "ParentProcessId" : "2632",
            "ProcessGuid" : "{704248D8-6DB5-5A2A-0000-00107BB30400}",
            "ProcessId" : "2396",
            "TerminalSessionId" : "0",
            "User" : "NT AUTHORITY\\SYSTEM",
            "UtcTime" : "2017-12-08 10:47:17.640"
          },
          "event_id" : 1,
          "host" : "WIN-U1E6SADQQ7G",
          "level" : "Information",
          "log_name" : "Microsoft-Windows-Sysmon/Operational",
          "message" : "Process Create:\nUtcTime: 2017-12-08 10:47:17.640\nProcessGuid: {704248D8-6DB5-5A2A-0000-00107BB30400}\nProcessId: 2396\nImage: C:\\Program Files (x86)\\Google\\Update\\1.3.33.7\\GoogleCrashHandler64.exe\nCommandLine: \"C:\\Program Files (x86)\\Google\\Update\\1.3.33.7\\GoogleCrashHandler64.exe\"\nCurrentDirectory: C:\\Program Files (x86)\\Google\\Update\\1.3.33.7\\\nUser: NT AUTHORITY\\SYSTEM\nLogonGuid: {704248D8-6D75-5A2A-0000-0020E7030000}\nLogonId: 0x3E7\nTerminalSessionId: 0\nIntegrityLevel: System\nHashes: SHA1=B4062055EAFAA66E466F1932782DDE32E85EC395\nParentProcessGuid: {704248D8-6DAE-5A2A-0000-00100A2D0400}\nParentProcessId: 2632\nParentImage: C:\\Program Files (x86)\\Google\\Update\\GoogleUpdate.exe\nParentCommandLine: \"C:\\Program Files (x86)\\Google\\Update\\GoogleUpdate.exe\" /c",
          "opcode" : "Info",
          "process_id" : 1328,
          "provider_guid" : "{5770385F-C22A-43E0-BF4C-06F5698FFBD9}",
          "record_number" : "5687",
          "source_name" : "Microsoft-Windows-Sysmon",
          "task" : "Process Create (rule: ProcessCreate)",
          "thread_id" : 1960,
          "type" : "wineventlog",
          "user" : {
            "domain" : "NT AUTHORITY",
            "identifier" : "S-1-5-18",
            "name" : "SYSTEM",
            "type" : "User"
          },
          "version" : 5
        }
      },
      {
        "_index" : "test",
        "_type" : "wineventlog",
        "_id" : "AWBHnKR02lDISLgezrA6",
        "_score" : 1.0,
        "_source" : {
          "@timestamp" : 1512730032581,
          "@version" : "1",
          "beat" : {
            "hostname" : "WIN-U1E6SADQQ7G",
            "name" : "WIN-U1E6SADQQ7G",
            "version" : "5.6.3"
          },
          "computer_name" : "WIN-U1E6SADQQ7G",
          "event_data" : {
            "Image" : "C:\\Windows\\System32\\conhost.exe",
            "ProcessGuid" : "{704248D8-6DB0-5A2A-0000-00106A760400}",
            "ProcessId" : "3008",
            "UtcTime" : "2017-12-08 10:47:12.580"
          },
          "event_id" : 5,
          "host" : "WIN-U1E6SADQQ7G",
          "level" : "Information",
          "log_name" : "Microsoft-Windows-Sysmon/Operational",
          "message" : "Process terminated:\nUtcTime: 2017-12-08 10:47:12.580\nProcessGuid: {704248D8-6DB0-5A2A-0000-00106A760400}\nProcessId: 3008\nImage: C:\\Windows\\System32\\conhost.exe",
          "opcode" : "Info",
          "process_id" : 1328,
          "provider_guid" : "{5770385F-C22A-43E0-BF4C-06F5698FFBD9}",
          "record_number" : "5673",
          "source_name" : "Microsoft-Windows-Sysmon",
          "task" : "Process terminated (rule: ProcessTerminate)",
          "thread_id" : 1960,
          "type" : "wineventlog",
          "user" : {
            "domain" : "NT AUTHORITY",
            "identifier" : "S-1-5-18",
            "name" : "SYSTEM",
            "type" : "User"
          },
          "version" : 3
        }
      },
      {
        "_index" : "test",
        "_type" : "wineventlog",
        "_id" : "AWBHnKR02lDISLgezrBD",
        "_score" : 1.0,
        "_source" : {
          "@timestamp" : 1512731037170,
          "@version" : "1",
          "beat" : {
            "hostname" : "WIN-U1E6SADQQ7G",
            "name" : "WIN-U1E6SADQQ7G",
            "version" : "5.6.3"
          },
          "computer_name" : "WIN-U1E6SADQQ7G",
          "event_data" : {
            "Image" : "C:\\Windows\\System32\\conhost.exe",
            "ProcessGuid" : "{704248D8-7196-5A2A-0000-00106D8B1500}",
            "ProcessId" : "1256",
            "UtcTime" : "2017-12-08 11:03:57.170"
          },
          "event_id" : 5,
          "host" : "WIN-U1E6SADQQ7G",
          "level" : "Information",
          "log_name" : "Microsoft-Windows-Sysmon/Operational",
          "message" : "Process terminated:\nUtcTime: 2017-12-08 11:03:57.170\nProcessGuid: {704248D8-7196-5A2A-0000-00106D8B1500}\nProcessId: 1256\nImage: C:\\Windows\\System32\\conhost.exe",
          "opcode" : "Info",
          "process_id" : 1328,
          "provider_guid" : "{5770385F-C22A-43E0-BF4C-06F5698FFBD9}",
          "record_number" : "5811",
          "source_name" : "Microsoft-Windows-Sysmon",
          "task" : "Process terminated (rule: ProcessTerminate)",
          "thread_id" : 1960,
          "type" : "wineventlog",
          "user" : {
            "domain" : "NT AUTHORITY",
            "identifier" : "S-1-5-18",
            "name" : "SYSTEM",
            "type" : "User"
          },
          "version" : 3
        }
      },
      {
        "_index" : "test",
        "_type" : "wineventlog",
        "_id" : "AWBHnKR02lDISLgezrBM",
        "_score" : 1.0,
        "_source" : {
          "@timestamp" : 1512731030813,
          "@version" : "1",
          "beat" : {
            "hostname" : "WIN-U1E6SADQQ7G",
            "name" : "WIN-U1E6SADQQ7G",
            "version" : "5.6.3"
          },
          "computer_name" : "WIN-U1E6SADQQ7G",
          "event_data" : {
            "CommandLine" : "\\??\\C:\\Windows\\system32\\conhost.exe 0xffffffff",
            "CurrentDirectory" : "C:\\Windows",
            "Hashes" : "SHA1=0862BAE3DC3A0B5C609867D1A7086F1954F2F556",
            "Image" : "C:\\Windows\\System32\\conhost.exe",
            "IntegrityLevel" : "System",
            "LogonGuid" : "{704248D8-6D75-5A2A-0000-0020E7030000}",
            "LogonId" : "0x3e7",
            "ParentCommandLine" : "\"C:\\Windows\\Microsoft.NET\\Framework\\v4.0.30319\\NGenTask.exe\" /RuntimeWide /StopEvent:836",
            "ParentImage" : "C:\\Windows\\Microsoft.NET\\Framework\\v4.0.30319\\ngentask.exe",
            "ParentProcessGuid" : "{704248D8-7196-5A2A-0000-00104FA11500}",
            "ParentProcessId" : "3416",
            "ProcessGuid" : "{704248D8-7196-5A2A-0000-00104CA41500}",
            "ProcessId" : "3468",
            "TerminalSessionId" : "0",
            "User" : "NT AUTHORITY\\SYSTEM",
            "UtcTime" : "2017-12-08 11:03:50.812"
          },
          "event_id" : 1,
          "host" : "WIN-U1E6SADQQ7G",
          "level" : "Information",
          "log_name" : "Microsoft-Windows-Sysmon/Operational",
          "message" : "Process Create:\nUtcTime: 2017-12-08 11:03:50.812\nProcessGuid: {704248D8-7196-5A2A-0000-00104CA41500}\nProcessId: 3468\nImage: C:\\Windows\\System32\\conhost.exe\nCommandLine: \\??\\C:\\Windows\\system32\\conhost.exe 0xffffffff\nCurrentDirectory: C:\\Windows\nUser: NT AUTHORITY\\SYSTEM\nLogonGuid: {704248D8-6D75-5A2A-0000-0020E7030000}\nLogonId: 0x3E7\nTerminalSessionId: 0\nIntegrityLevel: System\nHashes: SHA1=0862BAE3DC3A0B5C609867D1A7086F1954F2F556\nParentProcessGuid: {704248D8-7196-5A2A-0000-00104FA11500}\nParentProcessId: 3416\nParentImage: C:\\Windows\\Microsoft.NET\\Framework\\v4.0.30319\\ngentask.exe\nParentCommandLine: \"C:\\Windows\\Microsoft.NET\\Framework\\v4.0.30319\\NGenTask.exe\" /RuntimeWide /StopEvent:836",
          "opcode" : "Info",
          "process_id" : 1328,
          "provider_guid" : "{5770385F-C22A-43E0-BF4C-06F5698FFBD9}",
          "record_number" : "5790",
          "source_name" : "Microsoft-Windows-Sysmon",
          "task" : "Process Create (rule: ProcessCreate)",
          "thread_id" : 1960,
          "type" : "wineventlog",
          "user" : {
            "domain" : "NT AUTHORITY",
            "identifier" : "S-1-5-18",
            "name" : "SYSTEM",
            "type" : "User"
          },
          "version" : 5
        }
      },
      {
        "_index" : "test",
        "_type" : "wineventlog",
        "_id" : "AWBHnKR02lDISLgezrBY",
        "_score" : 1.0,
        "_source" : {
          "@timestamp" : 1512741701834,
          "@version" : "1",
          "beat" : {
            "hostname" : "WIN-U1E6SADQQ7G",
            "name" : "WIN-U1E6SADQQ7G",
            "version" : "5.6.3"
          },
          "computer_name" : "WIN-U1E6SADQQ7G",
          "event_data" : {
            "CommandLine" : "\"C:\\Program Files (x86)\\Google\\Update\\GoogleUpdate.exe\" /ua /installsource scheduler",
            "CurrentDirectory" : "C:\\Windows\\system32\\",
            "Hashes" : "SHA1=290093ED555F56B0896AEBD1E2D498B0E554D697",
            "Image" : "C:\\Program Files (x86)\\Google\\Update\\GoogleUpdate.exe",
            "IntegrityLevel" : "System",
            "LogonGuid" : "{704248D8-6D75-5A2A-0000-0020E7030000}",
            "LogonId" : "0x3e7",
            "ParentCommandLine" : "taskeng.exe {A26F4D39-65A3-44F1-A7ED-3CCCB692CD0D} S-1-5-18:NT AUTHORITY\\System:Service:",
            "ParentImage" : "C:\\Windows\\System32\\taskeng.exe",
            "ParentProcessGuid" : "{704248D8-9B45-5A2A-0000-001093102200}",
            "ParentProcessId" : "2540",
            "ProcessGuid" : "{704248D8-9B45-5A2A-0000-0010CE112200}",
            "ProcessId" : "3948",
            "TerminalSessionId" : "0",
            "User" : "NT AUTHORITY\\SYSTEM",
            "UtcTime" : "2017-12-08 14:01:41.833"
          },
          "event_id" : 1,
          "host" : "WIN-U1E6SADQQ7G",
          "level" : "Information",
          "log_name" : "Microsoft-Windows-Sysmon/Operational",
          "message" : "Process Create:\nUtcTime: 2017-12-08 14:01:41.833\nProcessGuid: {704248D8-9B45-5A2A-0000-0010CE112200}\nProcessId: 3948\nImage: C:\\Program Files (x86)\\Google\\Update\\GoogleUpdate.exe\nCommandLine: \"C:\\Program Files (x86)\\Google\\Update\\GoogleUpdate.exe\" /ua /installsource scheduler\nCurrentDirectory: C:\\Windows\\system32\\\nUser: NT AUTHORITY\\SYSTEM\nLogonGuid: {704248D8-6D75-5A2A-0000-0020E7030000}\nLogonId: 0x3E7\nTerminalSessionId: 0\nIntegrityLevel: System\nHashes: SHA1=290093ED555F56B0896AEBD1E2D498B0E554D697\nParentProcessGuid: {704248D8-9B45-5A2A-0000-001093102200}\nParentProcessId: 2540\nParentImage: C:\\Windows\\System32\\taskeng.exe\nParentCommandLine: taskeng.exe {A26F4D39-65A3-44F1-A7ED-3CCCB692CD0D} S-1-5-18:NT AUTHORITY\\System:Service:",
          "opcode" : "Info",
          "process_id" : 1328,
          "provider_guid" : "{5770385F-C22A-43E0-BF4C-06F5698FFBD9}",
          "record_number" : "5945",
          "source_name" : "Microsoft-Windows-Sysmon",
          "task" : "Process Create (rule: ProcessCreate)",
          "thread_id" : 1960,
          "type" : "wineventlog",
          "user" : {
            "domain" : "NT AUTHORITY",
            "identifier" : "S-1-5-18",
            "name" : "SYSTEM",
            "type" : "User"
          },
          "version" : 5
        }
      },
      {
        "_index" : "test",
        "_type" : "wineventlog",
        "_id" : "AWBHnKR02lDISLgezrBa",
        "_score" : 1.0,
        "_source" : {
          "@timestamp" : 1512748472243,
          "@version" : "1",
          "beat" : {
            "hostname" : "WIN-U1E6SADQQ7G",
            "name" : "WIN-U1E6SADQQ7G",
            "version" : "5.6.3"
          },
          "computer_name" : "WIN-U1E6SADQQ7G",
          "event_data" : {
            "CommandLine" : "C:\\Windows\\System32\\svchost.exe -k WerSvcGroup",
            "CurrentDirectory" : "C:\\Windows\\system32\\",
            "Hashes" : "SHA1=7052346F46D41BEF29515C89D1EA099197B867B5",
            "Image" : "C:\\Windows\\System32\\svchost.exe",
            "IntegrityLevel" : "System",
            "LogonGuid" : "{704248D8-6D75-5A2A-0000-0020E7030000}",
            "LogonId" : "0x3e7",
            "ParentCommandLine" : "C:\\Windows\\system32\\services.exe",
            "ParentImage" : "C:\\Windows\\System32\\services.exe",
            "ParentProcessGuid" : "{704248D8-6D75-5A2A-0000-001080A70000}",
            "ParentProcessId" : "468",
            "ProcessGuid" : "{704248D8-B5B8-5A2A-0000-00102E672300}",
            "ProcessId" : "3580",
            "TerminalSessionId" : "0",
            "User" : "NT AUTHORITY\\SYSTEM",
            "UtcTime" : "2017-12-08 15:54:32.242"
          },
          "event_id" : 1,
          "host" : "WIN-U1E6SADQQ7G",
          "level" : "Information",
          "log_name" : "Microsoft-Windows-Sysmon/Operational",
          "message" : "Process Create:\nUtcTime: 2017-12-08 15:54:32.242\nProcessGuid: {704248D8-B5B8-5A2A-0000-00102E672300}\nProcessId: 3580\nImage: C:\\Windows\\System32\\svchost.exe\nCommandLine: C:\\Windows\\System32\\svchost.exe -k WerSvcGroup\nCurrentDirectory: C:\\Windows\\system32\\\nUser: NT AUTHORITY\\SYSTEM\nLogonGuid: {704248D8-6D75-5A2A-0000-0020E7030000}\nLogonId: 0x3E7\nTerminalSessionId: 0\nIntegrityLevel: System\nHashes: SHA1=7052346F46D41BEF29515C89D1EA099197B867B5\nParentProcessGuid: {704248D8-6D75-5A2A-0000-001080A70000}\nParentProcessId: 468\nParentImage: C:\\Windows\\System32\\services.exe\nParentCommandLine: C:\\Windows\\system32\\services.exe",
          "opcode" : "Info",
          "process_id" : 1328,
          "provider_guid" : "{5770385F-C22A-43E0-BF4C-06F5698FFBD9}",
          "record_number" : "5979",
          "source_name" : "Microsoft-Windows-Sysmon",
          "task" : "Process Create (rule: ProcessCreate)",
          "thread_id" : 1960,
          "type" : "wineventlog",
          "user" : {
            "domain" : "NT AUTHORITY",
            "identifier" : "S-1-5-18",
            "name" : "SYSTEM",
            "type" : "User"
          },
          "version" : 5
        }
      },
      {
        "_index" : "test",
        "_type" : "wineventlog",
        "_id" : "AWBHnKR02lDISLgezrBe",
        "_score" : 1.0,
        "_source" : {
          "@timestamp" : 1512771202945,
          "@version" : "1",
          "beat" : {
            "hostname" : "WIN-U1E6SADQQ7G",
            "name" : "WIN-U1E6SADQQ7G",
            "version" : "5.6.3"
          },
          "computer_name" : "WIN-U1E6SADQQ7G",
          "event_data" : {
            "Image" : "C:\\Windows\\System32\\wbem\\WmiPrvSE.exe",
            "ProcessGuid" : "{704248D8-0E28-5A2B-0000-001079C82700}",
            "ProcessId" : "2604",
            "UtcTime" : "2017-12-08 22:13:22.945"
          },
          "event_id" : 5,
          "host" : "WIN-U1E6SADQQ7G",
          "level" : "Information",
          "log_name" : "Microsoft-Windows-Sysmon/Operational",
          "message" : "Process terminated:\nUtcTime: 2017-12-08 22:13:22.945\nProcessGuid: {704248D8-0E28-5A2B-0000-001079C82700}\nProcessId: 2604\nImage: C:\\Windows\\System32\\wbem\\WmiPrvSE.exe",
          "opcode" : "Info",
          "process_id" : 1328,
          "provider_guid" : "{5770385F-C22A-43E0-BF4C-06F5698FFBD9}",
          "record_number" : "6093",
          "source_name" : "Microsoft-Windows-Sysmon",
          "task" : "Process terminated (rule: ProcessTerminate)",
          "thread_id" : 1960,
          "type" : "wineventlog",
          "user" : {
            "domain" : "NT AUTHORITY",
            "identifier" : "S-1-5-18",
            "name" : "SYSTEM",
            "type" : "User"
          },
          "version" : 3
        }
      },
      {
        "_index" : "test",
        "_type" : "wineventlog",
        "_id" : "AWBHnKR02lDISLgezrBi",
        "_score" : 1.0,
        "_source" : {
          "@timestamp" : 1512774208133,
          "@version" : "1",
          "beat" : {
            "hostname" : "WIN-U1E6SADQQ7G",
            "name" : "WIN-U1E6SADQQ7G",
            "version" : "5.6.3"
          },
          "computer_name" : "WIN-U1E6SADQQ7G",
          "event_data" : {
            "CommandLine" : "taskeng.exe {E18607C4-53CF-4222-9446-9875627BD3BA} S-1-5-18:NT AUTHORITY\\System:Service:",
            "CurrentDirectory" : "C:\\Windows\\system32\\",
            "Hashes" : "SHA1=6F6959BB113BACAF9D8336BA73F555D97A140085",
            "Image" : "C:\\Windows\\System32\\taskeng.exe",
            "IntegrityLevel" : "System",
            "LogonGuid" : "{704248D8-6D75-5A2A-0000-0020E7030000}",
            "LogonId" : "0x3e7",
            "ParentCommandLine" : "C:\\Windows\\system32\\svchost.exe -k netsvcs",
            "ParentImage" : "C:\\Windows\\System32\\svchost.exe",
            "ParentProcessGuid" : "{704248D8-6D76-5A2A-0000-0010221B0100}",
            "ParentProcessId" : "804",
            "ProcessGuid" : "{704248D8-1A40-5A2B-0000-001001BE2D00}",
            "ProcessId" : "3364",
            "TerminalSessionId" : "0",
            "User" : "NT AUTHORITY\\SYSTEM",
            "UtcTime" : "2017-12-08 23:03:28.131"
          },
          "event_id" : 1,
          "host" : "WIN-U1E6SADQQ7G",
          "level" : "Information",
          "log_name" : "Microsoft-Windows-Sysmon/Operational",
          "message" : "Process Create:\nUtcTime: 2017-12-08 23:03:28.131\nProcessGuid: {704248D8-1A40-5A2B-0000-001001BE2D00}\nProcessId: 3364\nImage: C:\\Windows\\System32\\taskeng.exe\nCommandLine: taskeng.exe {E18607C4-53CF-4222-9446-9875627BD3BA} S-1-5-18:NT AUTHORITY\\System:Service:\nCurrentDirectory: C:\\Windows\\system32\\\nUser: NT AUTHORITY\\SYSTEM\nLogonGuid: {704248D8-6D75-5A2A-0000-0020E7030000}\nLogonId: 0x3E7\nTerminalSessionId: 0\nIntegrityLevel: System\nHashes: SHA1=6F6959BB113BACAF9D8336BA73F555D97A140085\nParentProcessGuid: {704248D8-6D76-5A2A-0000-0010221B0100}\nParentProcessId: 804\nParentImage: C:\\Windows\\System32\\svchost.exe\nParentCommandLine: C:\\Windows\\system32\\svchost.exe -k netsvcs",
          "opcode" : "Info",
          "process_id" : 1328,
          "provider_guid" : "{5770385F-C22A-43E0-BF4C-06F5698FFBD9}",
          "record_number" : "6151",
          "source_name" : "Microsoft-Windows-Sysmon",
          "task" : "Process Create (rule: ProcessCreate)",
          "thread_id" : 1960,
          "type" : "wineventlog",
          "user" : {
            "domain" : "NT AUTHORITY",
            "identifier" : "S-1-5-18",
            "name" : "SYSTEM",
            "type" : "User"
          },
          "version" : 5
        }
      },
      {
        "_index" : "test",
        "_type" : "wineventlog",
        "_id" : "AWBHnJzz2lDISLgezq1t",
        "_score" : 1.0,
        "_source" : {
          "@timestamp" : 1512950614733,
          "@version" : "1",
          "beat" : {
            "hostname" : "WIN-U1E6SADQQ7G",
            "name" : "WIN-U1E6SADQQ7G",
            "version" : "5.6.3"
          },
          "computer_name" : "WIN-U1E6SADQQ7G",
          "event_data" : {
            "Image" : "C:\\Windows\\System32\\wbem\\WmiPrvSE.exe",
            "ProcessGuid" : "{704248D8-CAF7-5A2D-0000-00101235B900}",
            "ProcessId" : "2304",
            "UtcTime" : "2017-12-11 00:03:34.733"
          },
          "event_id" : 5,
          "host" : "WIN-U1E6SADQQ7G",
          "level" : "Information",
          "log_name" : "Microsoft-Windows-Sysmon/Operational",
          "message" : "Process terminated:\nUtcTime: 2017-12-11 00:03:34.733\nProcessGuid: {704248D8-CAF7-5A2D-0000-00101235B900}\nProcessId: 2304\nImage: C:\\Windows\\System32\\wbem\\WmiPrvSE.exe",
          "opcode" : "Info",
          "process_id" : 1328,
          "provider_guid" : "{5770385F-C22A-43E0-BF4C-06F5698FFBD9}",
          "record_number" : "7963",
          "source_name" : "Microsoft-Windows-Sysmon",
          "task" : "Process terminated (rule: ProcessTerminate)",
          "thread_id" : 1960,
          "type" : "wineventlog",
          "user" : {
            "domain" : "NT AUTHORITY",
            "identifier" : "S-1-5-18",
            "name" : "SYSTEM",
            "type" : "User"
          },
          "version" : 3
        }
      },
      {
        "_index" : "test",
        "_type" : "wineventlog",
        "_id" : "AWBHnJz02lDISLgezq1v",
        "_score" : 1.0,
        "_source" : {
          "@timestamp" : 1512952250053,
          "@version" : "1",
          "beat" : {
            "hostname" : "WIN-U1E6SADQQ7G",
            "name" : "WIN-U1E6SADQQ7G",
            "version" : "5.6.3"
          },
          "computer_name" : "WIN-U1E6SADQQ7G",
          "event_data" : {
            "Image" : "C:\\Windows\\System32\\taskhost.exe",
            "ProcessGuid" : "{704248D8-D1B9-5A2D-0000-00108C99BD00}",
            "ProcessId" : "3460",
            "UtcTime" : "2017-12-11 00:30:50.053"
          },
          "event_id" : 5,
          "host" : "WIN-U1E6SADQQ7G",
          "level" : "Information",
          "log_name" : "Microsoft-Windows-Sysmon/Operational",
          "message" : "Process terminated:\nUtcTime: 2017-12-11 00:30:50.053\nProcessGuid: {704248D8-D1B9-5A2D-0000-00108C99BD00}\nProcessId: 3460\nImage: C:\\Windows\\System32\\taskhost.exe",
          "opcode" : "Info",
          "process_id" : 1328,
          "provider_guid" : "{5770385F-C22A-43E0-BF4C-06F5698FFBD9}",
          "record_number" : "8014",
          "source_name" : "Microsoft-Windows-Sysmon",
          "task" : "Process terminated (rule: ProcessTerminate)",
          "thread_id" : 1960,
          "type" : "wineventlog",
          "user" : {
            "domain" : "NT AUTHORITY",
            "identifier" : "S-1-5-18",
            "name" : "SYSTEM",
            "type" : "User"
          },
          "version" : 3
        }
      },
